C51 COMPILER V9.52.0.0   EX14                                                              11/16/2019 14:38:27 PAGE 1   


C51 COMPILER V9.52.0.0, COMPILATION OF MODULE EX14
OBJECT MODULE PLACED IN ex14.OBJ
COMPILER INVOKED BY: C:\Keil_51\C51\BIN\C51.EXE ex14.c BROWSE DEFINE(STC12) DEBUG OBJECTEXTEND

line level    source

   1          /*******************************************************************************  
   2          * 文件名称：DS18B20温度传感器实验-小数点处理
   3          * 实验目的：1.掌握常用的字符串处理函数
   4          *           2.掌握DS18B20温度传感器的操作方法
   5          * 程序说明：1.通过串口输出实时温度数据，使用串口调试工具调试程序
   6          *           2.串口通讯波特率设定为2400
   7          *           3.DS18B20数据线引脚DQ与单片机P2.7引脚连接
   8          * 硬件环境：IAP15F2K61S2@11.0592MHz
   9          * 日期版本：2012-9-6/V1.0a 
  10          *******************************************************************************/
  11          
  12          #include "reg52.h"  //定义51单片机特殊功能寄存器
  13          #include "onewire.h"  //单总线函数库
  14          #include <stdio.h>
  15          #include "intrins.h"
  16          #include "ds18b20.h"
  17          
  18          sfr AUXR  = 0x8e;               
  19          
  20          #define BAUD         2400  //波特率
  21          #define SYSTEMCLOCK  11059200L  //系统时钟频率
  22          
  23          unsigned char intr;
  24          
  25          void uart_sendstring(unsigned char *str);
  26          
  27          void delay()            //@11.0592MHz  300ms
  28          {
  29   1              unsigned char i, j, k;
  30   1      
  31   1              _nop_();
  32   1              _nop_();
  33   1              i = 13;
  34   1              j = 156;
  35   1              k = 83;
  36   1              do
  37   1              {
  38   2                      do
  39   2                      {
  40   3                              while (--k);
  41   3                      } while (--j);
  42   2              } while (--i);
  43   1      }
  44          
  45          //主函数
  46          void main(void)
  47          { 
  48   1          float temperature;
  49   1              unsigned char str[40];
  50   1      
  51   1          SCON = 0x50;                
  52   1      
  53   1          AUXR = 0x40;                //1T
  54   1          TMOD = 0x00;                //
  55   1          TL1 = (65536 - (SYSTEMCLOCK/4/BAUD));   //
C51 COMPILER V9.52.0.0   EX14                                                              11/16/2019 14:38:27 PAGE 2   

  56   1          TH1 = (65536 - (SYSTEMCLOCK/4/BAUD))>>8;
  57   1          TR1 = 1;                    
  58   1              
  59   1          while(1)
  60   1          {
  61   2                      sprintf(str,"%s%6.3f%c%c","temperature:",temperature,'\r','\n');
  62   2                      
  63   2                      temperature = temget();  //读温度         
  64   2                      uart_sendstring(str);
  65   2                      delay();
  66   2                      delay();
  67   2          }
  68   1      }
  69          
  70          //通过串口发送字符串
  71          void uart_sendstring(unsigned char *str)
  72          {
  73   1          unsigned char *p;
  74   1          
  75   1          p = str;
  76   1          while(*p != '\0')
  77   1          {
  78   2              SBUF = *p;
  79   2                      while(TI == 0);  //等待发送标志位置位
  80   2                      TI = 0;
  81   2              p++;
  82   2          }
  83   1      }


MODULE INFORMATION:   STATIC OVERLAYABLE
   CODE SIZE        =    133    ----
   CONSTANT SIZE    =     25    ----
   XDATA SIZE       =   ----    ----
   PDATA SIZE       =   ----    ----
   DATA SIZE        =      1      44
   IDATA SIZE       =   ----    ----
   BIT SIZE         =   ----    ----
END OF MODULE INFORMATION.


C51 COMPILATION COMPLETE.  0 WARNING(S),  0 ERROR(S)
