C51 COMPILER V9.54   DELAY                                                                 12/19/2017 21:56:25 PAGE 1   


C51 COMPILER V9.54, COMPILATION OF MODULE DELAY
OBJECT MODULE PLACED IN .\Objects\delay.obj
COMPILER INVOKED BY: C:\keil   55\C51\BIN\C51.EXE delay.c OPTIMIZE(8,SPEED) BROWSE DEBUG OBJECTEXTEND PRINT(.\Listings\d
                    -elay.lst) TABS(2) OBJECT(.\Objects\delay.obj)

line level    source

   1          #include<delay.h>
   2          
   3          void Delay5us()   //@11.0592MHz
   4          {
   5   1        unsigned char i;
   6   1      
   7   1        _nop_();
   8   1        i = 11;
   9   1        while (--i);
  10   1      }
  11          


MODULE INFORMATION:   STATIC OVERLAYABLE
   CODE SIZE        =      6    ----
   CONSTANT SIZE    =   ----    ----
   XDATA SIZE       =   ----    ----
   PDATA SIZE       =   ----    ----
   DATA SIZE        =   ----    ----
   IDATA SIZE       =   ----    ----
   BIT SIZE         =   ----    ----
END OF MODULE INFORMATION.


C51 COMPILATION COMPLETE.  0 WARNING(S),  0 ERROR(S)
