C51 COMPILER V9.54   MAIN                                                                  12/19/2017 21:58:00 PAGE 1   


C51 COMPILER V9.54, COMPILATION OF MODULE MAIN
OBJECT MODULE PLACED IN .\Objects\main.obj
COMPILER INVOKED BY: C:\keil   55\C51\BIN\C51.EXE main.c OPTIMIZE(8,SPEED) BROWSE DEBUG OBJECTEXTEND PRINT(.\Listings\ma
                    -in.lst) TABS(2) OBJECT(.\Objects\main.obj)

line level    source

   1          #include <STC15F2K60S2.h>
   2          #include <delay.h>
   3          #include <iic.h>
   4          
   5          #define uchar unsigned char 
   6          #define uint unsigned int
   7          
   8          uchar dsbuff[]={11,11,11,11,11,11,11,11};
   9          unsigned char code tab[]={0XC0,0XF9,0XA4,0XB0,0X99,0X92,0X82,0XF8,0X80,0X90,0XBF,0XFF};
  10          uchar discount = 0;
  11          uchar num_1 =0;
  12          
  13          void allinit()
  14          {
  15   1        P2=0x80;P0=0xff;
  16   1        P2=0xa0;P0=0x00;
  17   1        P2=0xc0;P0=0xff;
  18   1        P2=0xe0;P0=0xff;
  19   1      }
  20          
  21          void display()
  22          {
  23   1        P2=0xef;
  24   1        P0=0xff;
  25   1        P2=0x1f;
  26   1          
  27   1        P2=0xcf;
  28   1        P0=1<<discount;
  29   1        P2=0x1f;
  30   1      
  31   1        P2=0xef;
  32   1        P0=tab[dsbuff[discount]];
  33   1        P2=0x1f;
  34   1        
  35   1        if(++discount==8) discount=0; 
  36   1      }
  37          
  38          void Timer0Init(void)   //2毫秒@11.0592MHz
  39          {
  40   1        AUXR |= 0x80;   //定时器时钟1T模式
  41   1        TMOD &= 0xF0;   //设置定时器模式
  42   1        TL0 = 0x9A;   //设置定时初值
  43   1        TH0 = 0xA9;   //设置定时初值
  44   1        TF0 = 0;    //清除TF0标志
  45   1        TR0 = 1;    //定时器0开始计时
  46   1        EA=1;
  47   1        ET0=1;
  48   1      }
  49          
  50          void  main()
  51          {
  52   1        allinit();
  53   1        Timer0Init();
  54   1        while(1)
C51 COMPILER V9.54   MAIN                                                                  12/19/2017 21:58:00 PAGE 2   

  55   1        {
  56   2               num_1 = iic_read(0x03);
  57   2               dsbuff[7]=num_1%10;
  58   2               dsbuff[6]=num_1/10;
  59   2               dsbuff[4]=11;
  60   2               dsbuff[3]=11;
  61   2               dsbuff[1]=11;
  62   2               dsbuff[0]=11;
  63   2           }
  64   1      }
  65          
  66          void Time_0() interrupt 1
  67          {
  68   1        display();
  69   1      }
  70          
  71          
  72          
  73          


MODULE INFORMATION:   STATIC OVERLAYABLE
   CODE SIZE        =    180    ----
   CONSTANT SIZE    =     12    ----
   XDATA SIZE       =   ----    ----
   PDATA SIZE       =   ----    ----
   DATA SIZE        =     10    ----
   IDATA SIZE       =   ----    ----
   BIT SIZE         =   ----    ----
END OF MODULE INFORMATION.


C51 COMPILATION COMPLETE.  0 WARNING(S),  0 ERROR(S)
