[2023-10-05 11:22:06] : Begin
--------------------
*MCUTYPE* : STC89C58RD+/LE58RD+
*MCUID* : F108C62407905F
*FILENAME* : C:\Users\asus\Desktop\教育机器人车\教育机器人车\Objects\fireout_car_2.hex
*FILETIME* : 2023年10月05日, 11:21:49
*FILESIZE* : 29795 (0x007463)
*CODESIZE* : 10468 (0x0028E4)
*CHECKSUM* : 0x001364CA
*ISPMODE* : 2
*ISPRESULT* : 0
--------------------
[2023-10-05 11:22:21] : End
--------------------------------------------------
[2023-10-05 11:25:39] : Begin
--------------------
*MCUTYPE* : STC89C58RD+/LE58RD+
*MCUID* : F108C62407905F
*FILENAME* : C:\Users\asus\Desktop\教育机器人车\教育机器人车\Objects\fireout_car_2.hex
*FILETIME* : 2023年10月05日, 11:25:39
*FILESIZE* : 29795 (0x007463)
*CODESIZE* : 10468 (0x0028E4)
*CHECKSUM* : 0x001364B6
*ISPMODE* : 2
*ISPRESULT* : 0
--------------------
[2023-10-05 11:25:53] : End
--------------------------------------------------
[2023-10-05 11:25:53] : Begin
[2023-10-05 16:07:48] : Begin
--------------------
*MCUTYPE* : STC89C58RD+/LE58RD+
*MCUID* : F108C62407905F
*FILENAME* : C:\Users\asus\Desktop\教育机器人车\教育机器人车\Objects\fireout_car_2.hex
*FILETIME* : 2023年10月05日, 16:05:59
*FILESIZE* : 29795 (0x007463)
*CODESIZE* : 10468 (0x0028E4)
*CHECKSUM* : 0x00136495
*ISPMODE* : 2
*ISPRESULT* : 0
--------------------
[2023-10-05 16:07:56] : End
--------------------------------------------------
[2023-10-05 16:11:55] : Begin
--------------------
*MCUTYPE* : STC89C58RD+/LE58RD+
*MCUID* : F108C62407905F
*FILENAME* : C:\Users\asus\Desktop\教育机器人车\教育机器人车\Objects\fireout_car_2.hex
*FILETIME* : 2023年10月05日, 16:11:55
*FILESIZE* : 29795 (0x007463)
*CODESIZE* : 10468 (0x0028E4)
*CHECKSUM* : 0x00136427
*ISPMODE* : 2
*ISPRESULT* : 0
--------------------
[2023-10-05 16:12:33] : End
--------------------------------------------------
[2023-10-05 16:16:56] : Begin
--------------------
*MCUTYPE* : STC89C58RD+/LE58RD+
*MCUID* : F108C62407905F
*FILENAME* : C:\Users\asus\Desktop\教育机器人车\教育机器人车\Objects\fireout_car_2.hex
*FILETIME* : 2023年10月05日, 16:16:55
*FILESIZE* : 29795 (0x007463)
*CODESIZE* : 10468 (0x0028E4)
*CHECKSUM* : 0x00136440
*ISPMODE* : 2
*ISPRESULT* : 0
--------------------
[2023-10-05 16:17:35] : End
--------------------------------------------------
[2023-10-05 16:25:44] : Begin
--------------------
*MCUTYPE* : STC89C58RD+/LE58RD+
*FILENAME* : C:\Users\asus\Desktop\教育机器人车\教育机器人车\Objects\fireout_car_2.hex
*FILETIME* : 2023年10月05日, 16:25:43
*FILESIZE* : 29795 (0x007463)
*CODESIZE* : 10468 (0x0028E4)
*CHECKSUM* : 0x001364C0
*ISPMODE* : 2
*ISPRESULT* : 3
--------------------
[2023-10-05 16:26:17] : End
--------------------------------------------------
[2023-10-05 16:26:23] : Begin
--------------------
*MCUTYPE* : STC89C58RD+/LE58RD+
*MCUID* : F108C62407905F
*FILENAME* : C:\Users\asus\Desktop\教育机器人车\教育机器人车\Objects\fireout_car_2.hex
*FILETIME* : 2023年10月05日, 16:25:43
*FILESIZE* : 29795 (0x007463)
*CODESIZE* : 10468 (0x0028E4)
*CHECKSUM* : 0x001364C0
*ISPMODE* : 2
*ISPRESULT* : 0
--------------------
[2023-10-05 16:26:32] : End
--------------------------------------------------
