[2023-08-29 20:45:52] : Begin
--------------------
*MCUTYPE* : STC89C52RC/LE52RC
*FILENAME* : C:\Codefield\code_c\Embedded learning_C51\13.串口通信\Objects\串口通信.hex
*FILETIME* : 2023年08月29日, 20:45:34
*FILESIZE* : 284 (0x00011C)
*CODESIZE* : 77 (0x00004D)
*CHECKSUM* : 0x000022DD
*ISPMODE* : 2
*ISPRESULT* : -1
--------------------
[2023-08-29 20:45:59] : End
--------------------------------------------------
[2023-08-29 20:46:35] : Begin
--------------------
*MCUTYPE* : STC89C52RC/LE52RC
*MCUID* : F002C62E11E89E
*FILENAME* : C:\Codefield\code_c\Embedded learning_C51\13.串口通信\Objects\串口通信.hex
*FILETIME* : 2023年08月29日, 20:45:34
*FILESIZE* : 284 (0x00011C)
*CODESIZE* : 77 (0x00004D)
*CHECKSUM* : 0x000022DD
*ISPMODE* : 2
*ISPRESULT* : 0
--------------------
[2023-08-29 20:46:50] : End
--------------------------------------------------
[2023-08-29 20:50:36] : Begin
--------------------
*MCUTYPE* : STC89C52RC/LE52RC
*MCUID* : F002C62E11E89E
*FILENAME* : C:\Codefield\code_c\Embedded learning_C51\13.串口通信\Objects\串口通信.hex
*FILETIME* : 2023年08月29日, 20:45:34
*FILESIZE* : 284 (0x00011C)
*CODESIZE* : 77 (0x00004D)
*CHECKSUM* : 0x000022DD
*ISPMODE* : 2
*ISPRESULT* : 0
--------------------
[2023-08-29 20:51:20] : End
--------------------------------------------------
[2023-08-29 20:51:55] : Begin
--------------------
*MCUTYPE* : STC89C52RC/LE52RC
*MCUID* : F002C62E11E89E
*FILENAME* : C:\Codefield\code_c\Embedded learning_C51\13.串口通信\Objects\串口通信.hex
*FILETIME* : 2023年08月29日, 20:51:45
*FILESIZE* : 284 (0x00011C)
*CODESIZE* : 77 (0x00004D)
*CHECKSUM* : 0x000022D8
*ISPMODE* : 2
*ISPRESULT* : 0
--------------------
[2023-08-29 20:52:06] : End
--------------------------------------------------
[2023-08-29 20:53:42] : Begin
--------------------
*MCUTYPE* : STC89C52RC/LE52RC
*MCUID* : F002C62E11E89E
*FILENAME* : C:\Codefield\code_c\Embedded learning_C51\13.串口通信\Objects\串口通信.hex
*FILETIME* : 2023年08月29日, 20:53:42
*FILESIZE* : 311 (0x000137)
*CODESIZE* : 84 (0x000054)
*CHECKSUM* : 0x00002407
*ISPMODE* : 2
*ISPRESULT* : 0
--------------------
[2023-08-29 20:53:52] : End
--------------------------------------------------
[2023-08-29 20:54:11] : Begin
--------------------
*MCUTYPE* : STC89C52RC/LE52RC
*MCUID* : F002C62E11E89E
*FILENAME* : C:\Codefield\code_c\Embedded learning_C51\13.串口通信\Objects\串口通信.hex
*FILETIME* : 2023年08月29日, 20:54:10
*FILESIZE* : 311 (0x000137)
*CODESIZE* : 84 (0x000054)
*CHECKSUM* : 0x00002417
*ISPMODE* : 2
*ISPRESULT* : 0
--------------------
[2023-08-29 20:54:21] : End
--------------------------------------------------
[2023-08-29 20:55:54] : Begin
--------------------
*MCUTYPE* : STC89C52RC/LE52RC
*MCUID* : F002C62E11E89E
*FILENAME* : C:\Codefield\code_c\Embedded learning_C51\13.串口通信\Objects\串口通信.hex
*FILETIME* : 2023年08月29日, 20:55:53
*FILESIZE* : 709 (0x0002C5)
*CODESIZE* : 218 (0x0000DA)
*CHECKSUM* : 0x000069F9
*ISPMODE* : 2
*ISPRESULT* : 0
--------------------
[2023-08-29 20:56:06] : End
--------------------------------------------------
[2023-08-29 20:56:33] : Begin
--------------------
*MCUTYPE* : STC89C52RC/LE52RC
*MCUID* : F002C62E11E89E
*FILENAME* : C:\Codefield\code_c\Embedded learning_C51\13.串口通信\Objects\串口通信.hex
*FILETIME* : 2023年08月29日, 20:56:33
*FILESIZE* : 709 (0x0002C5)
*CODESIZE* : 218 (0x0000DA)
*CHECKSUM* : 0x00006AE3
*ISPMODE* : 2
*ISPRESULT* : 0
--------------------
[2023-08-29 20:56:44] : End
--------------------------------------------------
[2023-08-29 20:56:46] : Begin
--------------------
*MCUTYPE* : STC89C52RC/LE52RC
*MCUID* : F002C62E11E89E
*FILENAME* : C:\Codefield\code_c\Embedded learning_C51\13.串口通信\Objects\串口通信.hex
*FILETIME* : 2023年08月29日, 20:56:33
*FILESIZE* : 709 (0x0002C5)
*CODESIZE* : 218 (0x0000DA)
*CHECKSUM* : 0x00006AE3
*ISPMODE* : 2
*ISPRESULT* : 0
--------------------
[2023-08-29 20:56:56] : End
--------------------------------------------------
[2023-08-29 21:07:09] : Begin
--------------------
*MCUTYPE* : STC89C52RC/LE52RC
*MCUID* : F002C62E11E89E
*FILENAME* : C:\Codefield\code_c\Embedded learning_C51\13.串口通信\Objects\串口通信.hex
*FILETIME* : 2023年08月29日, 21:07:08
*FILESIZE* : 709 (0x0002C5)
*CODESIZE* : 218 (0x0000DA)
*CHECKSUM* : 0x00006AE3
*ISPMODE* : 2
*ISPRESULT* : 0
--------------------
[2023-08-29 21:07:50] : End
--------------------------------------------------
[2023-08-29 21:22:32] : Begin
--------------------
*MCUTYPE* : STC89C52RC/LE52RC
*MCUID* : F002C62E11E89E
*FILENAME* : C:\Codefield\code_c\Embedded learning_C51\14.用电脑控制LED\Objects\串口通信.hex
*FILETIME* : 2023年08月29日, 21:22:20
*FILESIZE* : 322 (0x000142)
*CODESIZE* : 83 (0x000053)
*CHECKSUM* : 0x00002637
*ISPMODE* : 2
*ISPRESULT* : 0
--------------------
[2023-08-29 21:22:42] : End
--------------------------------------------------
[2023-08-29 21:29:52] : Begin
--------------------
*MCUTYPE* : STC89C52RC/LE52RC
*MCUID* : F002C62E11E89E
*FILENAME* : C:\Codefield\code_c\Embedded learning_C51\14.用电脑控制LED\Objects\串口通信.hex
*FILETIME* : 2023年08月29日, 21:22:20
*FILESIZE* : 322 (0x000142)
*CODESIZE* : 83 (0x000053)
*CHECKSUM* : 0x00002637
*ISPMODE* : 2
*ISPRESULT* : 0
--------------------
[2023-08-29 21:30:03] : End
--------------------------------------------------
[2023-08-29 21:32:19] : Begin
--------------------
*MCUTYPE* : STC89C52RC/LE52RC
*MCUID* : F002C62E11E89E
*FILENAME* : C:\Codefield\code_c\Embedded learning_C51\14.用电脑控制LED\Objects\串口通信.hex
*FILETIME* : 2023年08月29日, 21:32:18
*FILESIZE* : 344 (0x000158)
*CODESIZE* : 94 (0x00005E)
*CHECKSUM* : 0x00002E9D
*ISPMODE* : 2
*ISPRESULT* : 0
--------------------
[2023-08-29 21:32:31] : End
--------------------------------------------------
[2023-08-29 21:34:38] : Begin
--------------------
*MCUTYPE* : STC89C52RC/LE52RC
*MCUID* : F002C62E11E89E
*FILENAME* : C:\Codefield\code_c\Embedded learning_C51\14.用电脑控制LED\Objects\串口通信.hex
*FILETIME* : 2023年08月29日, 21:34:38
*FILESIZE* : 508 (0x0001FC)
*CODESIZE* : 150 (0x000096)
*CHECKSUM* : 0x00004A74
*ISPMODE* : 2
*ISPRESULT* : 0
--------------------
[2023-08-29 21:34:49] : End
--------------------------------------------------
