C51 COMPILER V9.52.0.0   ____________                                                      03/10/2018 15:50:55 PAGE 1   


C51 COMPILER V9.52.0.0, COMPILATION OF MODULE ____________
OBJECT MODULE PLACED IN 串口进阶应用.OBJ
COMPILER INVOKED BY: C:\Keil_v5\C51\BIN\C51.EXE 串口进阶应用.c BROWSE DEBUG OBJECTEXTEND TABS(2)

line level    source

   1          #include "reg52.h"
   2          
   3          sfr AUXR = 0x8e;
   4          
   5          void SelectHC573(unsigned char channel)
   6          {
   7   1        switch(channel)
   8   1        {
   9   2          case 4:
  10   2            P2 = (P2 & 0x1f) | 0x80;
  11   2          break;
  12   2          case 5:
  13   2            P2 = (P2 & 0x1f) | 0xa0;
  14   2          break;
  15   2          case 6:
  16   2            P2 = (P2 & 0x1f) | 0xc0;
  17   2          break;
  18   2          case 7:
  19   2            P2 = (P2 & 0x1f) | 0xe0;
  20   2          break;
  21   2          case 0:
  22   2            P2 = (P2 & 0x1f) | 0x00;
  23   2          break;
  24   2        }
  25   1      }
  26          
  27          void InitSystem()
  28          {
  29   1        SelectHC573(5);
  30   1        P0 = 0x00;
  31   1        SelectHC573(4);
  32   1        P0 = 0xff;
  33   1      }
  34          
  35          //=======================================
  36          void InitUart()
  37          {
  38   1        TMOD = 0x20;
  39   1        TH1 = 0xfd;
  40   1        TL1 = 0xfd;
  41   1        TR1 = 1;
  42   1        
  43   1        SCON = 0x50;
  44   1        AUXR = 0x00;
  45   1        
  46   1        ES = 1;
  47   1        EA = 1;
  48   1      }
  49          
  50          unsigned char command = 0x00;
  51          void ServiceUart() interrupt 4
  52          {
  53   1        if(RI == 1)
  54   1        {
  55   2          command = SBUF;
C51 COMPILER V9.52.0.0   ____________                                                      03/10/2018 15:50:55 PAGE 2   

  56   2          RI = 0;
  57   2        }
  58   1      }
  59          
  60          void SendByte(unsigned char dat)
  61          {
  62   1        SBUF = dat;
  63   1        while(TI == 0);
  64   1        TI = 0;
  65   1      }
  66          
  67          void SendString(unsigned char *str)
  68          {
  69   1        while(*str != '\0')
  70   1        {
  71   2          SendByte(*str++);
  72   2        }
  73   1      }
  74          //=======================================
  75          void Working()
  76          {
  77   1        if(command != 0x00)
  78   1        {
  79   2          switch(command & 0xf0)
  80   2          {
  81   3            case 0xa0:
  82   3              P0 = (P0 | 0x0f) & (~command | 0xf0);
  83   3              command = 0x00;
  84   3            break;
  85   3            
  86   3            case 0xb0:
  87   3              P0 = (P0 | 0xf0) & ((~command << 4)| 0x0f);
  88   3              command = 0x00;
  89   3            break;
  90   3            
  91   3            case 0xc0:
  92   3              SendString("The System is Running...\r\n");
  93   3              command = 0x00;
  94   3            break;
  95   3          }
  96   2        }
  97   1      }
  98          
  99          void main()
 100          {
 101   1        InitSystem();
 102   1        InitUart();
 103   1        SendString("Welcome to XMF system!\r\n");
 104   1        while(1)
 105   1        {
 106   2          Working();
 107   2        }
 108   1      }
 109          


MODULE INFORMATION:   STATIC OVERLAYABLE
   CODE SIZE        =    230    ----
   CONSTANT SIZE    =     52    ----
   XDATA SIZE       =   ----    ----
   PDATA SIZE       =   ----    ----
   DATA SIZE        =      1       3
C51 COMPILER V9.52.0.0   ____________                                                      03/10/2018 15:50:55 PAGE 3   

   IDATA SIZE       =   ----    ----
   BIT SIZE         =   ----    ----
END OF MODULE INFORMATION.


C51 COMPILATION COMPLETE.  0 WARNING(S),  0 ERROR(S)
