C51 COMPILER V9.57.0.0   DS                                                                02/06/2020 19:25:25 PAGE 1   


C51 COMPILER V9.57.0.0, COMPILATION OF MODULE DS
OBJECT MODULE PLACED IN .\Objects\DS.obj
COMPILER INVOKED BY: E:\keil~5\C51\BIN\C51.EXE DS.c OPTIMIZE(8,SPEED) BROWSE DEBUG OBJECTEXTEND PRINT(.\Listings\DS.lst)
                    - TABS(2) OBJECT(.\Objects\DS.obj)

line level    source

   1          #include "DS.h"
   2          unsigned char w1 = 0x08;
   3          unsigned char w2 = 0x80;
   4          
   5          unsigned char display1[4] = { 0xFF, 0x40, 0x92, 0xc0};
   6          unsigned char display2[4] = { 0, 0, 0, 0};
   7          code unsigned char tab[10] = {0xc0,0xf9,0xa4,0xb0,0x99,0x92,0x82,0xf8,0x80,0x90};
   8          
   9          void Delay1ms()   //@11.0592MHz
  10          {
  11   1        unsigned char i, j;
  12   1      
  13   1        _nop_();
  14   1        _nop_();
  15   1        _nop_();
  16   1        i = 11;
  17   1        j = 190;
  18   1        do
  19   1        {
  20   2          while (--j);
  21   2        } while (--i);
  22   1      }
  23          
  24          void DS1()
  25          {
  26   1        unsigned char i;
  27   1        for(i=0; i<4; i++)
  28   1        {
  29   2          P2 = 0xC0;
  30   2          P0 = w1>>i;
  31   2          P2 = 0xE0;
  32   2          P0 = display1[3-i];
  33   2          Delay1ms();
  34   2          P2 = 0x00;
  35   2        }
  36   1      }
  37            
  38          void DS2(unsigned long int da)
  39          {
*** WARNING C235 IN LINE 39 OF DS.c: parameter 1: different types
  40   1        display2[3] = da/1000;
  41   1        display2[2] = da%1000/100;
  42   1        display2[1] = da%1000%100/10;
  43   1        display2[0] = da%1000%100%10;
  44   1      
  45   1        P2 = 0xC0;
  46   1        P0 = w2>>0;
  47   1        P2 = 0xE0;
  48   1        P0 = tab[display2[0]];
  49   1        Delay1ms();
  50   1        P2 = 0x00;
  51   1      
  52   1        P2 = 0xC0;
  53   1        P0 = w2>>1;
C51 COMPILER V9.57.0.0   DS                                                                02/06/2020 19:25:25 PAGE 2   

  54   1        P2 = 0xE0;
  55   1        P0 = tab[display2[1]];
  56   1        Delay1ms();
  57   1        P2 = 0x00;  
  58   1        
  59   1        P2 = 0xC0;
  60   1        P0 = w2>>2;
  61   1        P2 = 0xE0;
  62   1        P0 = tab[display2[2]] & 0x7F;
  63   1        Delay1ms();
  64   1        P2 = 0x00;
  65   1        
  66   1        P2 = 0xC0;
  67   1        P0 = w2>>3;
  68   1        P2 = 0xE0;
  69   1        P0 = tab[display2[3]];
  70   1        Delay1ms();
  71   1        P2 = 0x00;  
  72   1      }


MODULE INFORMATION:   STATIC OVERLAYABLE
   CODE SIZE        =    318    ----
   CONSTANT SIZE    =     10    ----
   XDATA SIZE       =   ----    ----
   PDATA SIZE       =   ----    ----
   DATA SIZE        =     10       4
   IDATA SIZE       =   ----    ----
   BIT SIZE         =   ----    ----
END OF MODULE INFORMATION.


C51 COMPILATION COMPLETE.  1 WARNING(S),  0 ERROR(S)
