C51 COMPILER V9.57.0.0   IIC                                                               02/06/2020 19:25:25 PAGE 1   


C51 COMPILER V9.57.0.0, COMPILATION OF MODULE IIC
OBJECT MODULE PLACED IN .\Objects\IIC.obj
COMPILER INVOKED BY: E:\keil~5\C51\BIN\C51.EXE IIC.c OPTIMIZE(8,SPEED) BROWSE DEBUG OBJECTEXTEND PRINT(.\Listings\IIC.ls
                    -t) TABS(2) OBJECT(.\Objects\IIC.obj)

line level    source

   1          #include "IIC.h"
   2          
   3          
   4          void Delay5us()   //@11.0592MHz
   5          {
   6   1        unsigned char i;
   7   1      
   8   1        _nop_();
   9   1        i = 5;
  10   1        while (i--)
  11   1        {
  12   2          _nop_();
  13   2        }
  14   1      }
  15          
  16          void iic_Start()
  17          {
  18   1        SDA = 1;
  19   1        SCL = 1;
  20   1        Delay5us();
  21   1        SDA = 0;
  22   1        Delay5us();
  23   1        SCL = 0;
  24   1        Delay5us();
  25   1      }
  26          
  27          void iic_Stop()
  28          {
  29   1        SDA = 0;
  30   1        SCL = 1;
  31   1        Delay5us();
  32   1        SDA = 1;
  33   1        Delay5us();
  34   1        SCL = 0;
  35   1        Delay5us();
  36   1      }
  37          
  38          void iic_sendack()
  39          {
  40   1        SCL = 0;
  41   1        SDA = 0;
  42   1        Delay5us();
  43   1        SCL = 1;
  44   1        Delay5us();
  45   1        SCL = 0;
  46   1        SDA = 1;
  47   1        Delay5us();
  48   1      }
  49          
  50          bit iic_waitack()
  51          {
  52   1        bit ackbit;
  53   1        SCL = 1;
  54   1        Delay5us();
C51 COMPILER V9.57.0.0   IIC                                                               02/06/2020 19:25:25 PAGE 2   

  55   1        ackbit = SDA;
  56   1        SCL = 0;
  57   1        Delay5us();
  58   1        return ackbit;
  59   1      }
  60          
  61          void iic_Write(unsigned char da)
  62          {
  63   1        unsigned char i;
  64   1        for (i=0; i<8; i++)
  65   1        {
  66   2          SCL = 0;
  67   2          Delay5us();
  68   2          SDA = da&0x80;
  69   2          da <<= 1;
  70   2          Delay5us();
  71   2          SCL = 1;
  72   2          Delay5us();
  73   2        }
  74   1        SCL = 0;
  75   1      }
  76          
  77          unsigned char iic_Read()
  78          {
  79   1        unsigned char i,temp;
  80   1        for (i=0; i<8; i++)
  81   1        {
  82   2          SCL = 1;
  83   2          Delay5us();
  84   2          temp <<= 1;
  85   2          temp = temp|SDA;
  86   2      
  87   2          SCL = 0;
  88   2          Delay5us();
  89   2        }
  90   1        Delay5us();
  91   1        return temp;
  92   1      }
  93          
  94          
  95          void Pcf8591()
  96          {
  97   1        unsigned char a;
  98   1        iic_Start();
  99   1        iic_Write(0x90);
 100   1        iic_waitack();
 101   1        iic_Write(0x01);
 102   1        iic_waitack();
 103   1        iic_Start();
 104   1        iic_Write(0x91);
 105   1        iic_waitack();
 106   1        a = iic_Read();
 107   1        iic_sendack();
 108   1        iic_Stop();
 109   1        a = a*5/255;
 110   1        if (a < 1.25)
 111   1        {
 112   2          P2 = 0x80;
 113   2          P0 = 0xFE;
 114   2          P2 = 0x00;
 115   2        }
 116   1        else
C51 COMPILER V9.57.0.0   IIC                                                               02/06/2020 19:25:25 PAGE 3   

 117   1        {
 118   2          P2 = 0x80;
 119   2          P0 = 0xFF;
 120   2          P2 = 0x00;
 121   2        }
 122   1      }


MODULE INFORMATION:   STATIC OVERLAYABLE
   CODE SIZE        =    240    ----
   CONSTANT SIZE    =   ----    ----
   XDATA SIZE       =   ----    ----
   PDATA SIZE       =   ----    ----
   DATA SIZE        =   ----    ----
   IDATA SIZE       =   ----    ----
   BIT SIZE         =   ----       1
END OF MODULE INFORMATION.


C51 COMPILATION COMPLETE.  0 WARNING(S),  0 ERROR(S)
