C51 COMPILER V9.57.0.0   RELAY                                                             02/06/2020 19:25:25 PAGE 1   


C51 COMPILER V9.57.0.0, COMPILATION OF MODULE RELAY
OBJECT MODULE PLACED IN .\Objects\RELAY.obj
COMPILER INVOKED BY: E:\keil~5\C51\BIN\C51.EXE RELAY.c OPTIMIZE(8,SPEED) BROWSE DEBUG OBJECTEXTEND PRINT(.\Listings\RELA
                    -Y.lst) TABS(2) OBJECT(.\Objects\RELAY.obj)

line level    source

   1          #include "RELAY.h"
   2          
   3          void OppenRelay()
   4          {
   5   1        P2 = 0xA0;
   6   1        P0 = 0x10;
   7   1        P2 = 0x00;
   8   1      }
   9          
  10          
  11          void CloseRelay()
  12          {
  13   1        
  14   1        P2 = 0xA0;
  15   1        P0 = 0x00;
  16   1        P2 = 0x00;
  17   1      }


MODULE INFORMATION:   STATIC OVERLAYABLE
   CODE SIZE        =     19    ----
   CONSTANT SIZE    =   ----    ----
   XDATA SIZE       =   ----    ----
   PDATA SIZE       =   ----    ----
   DATA SIZE        =   ----    ----
   IDATA SIZE       =   ----    ----
   BIT SIZE         =   ----    ----
END OF MODULE INFORMATION.


C51 COMPILATION COMPLETE.  0 WARNING(S),  0 ERROR(S)
