C51 COMPILER V9.54   ONEWIRE                                                               12/22/2017 11:11:34 PAGE 1   


C51 COMPILER V9.54, COMPILATION OF MODULE ONEWIRE
OBJECT MODULE PLACED IN .\Objects\onewire.obj
COMPILER INVOKED BY: C:\keil   55\C51\BIN\C51.EXE onewire.c OPTIMIZE(8,SPEED) BROWSE DEBUG OBJECTEXTEND PRINT(.\Listings
                    -\onewire.lst) TABS(2) OBJECT(.\Objects\onewire.obj)

line level    source

   1          /*
   2            程序说明: 单总线驱动程序
   3            软件环境: Keil uVision 4.10 
   4            硬件环境: CT107单片机综合实训平台 8051 12MHz
   5            日    期: 2011-8-9
   6          */
   7          #include "onewire.h"
   8          #include <STC15F2K60S2.h>
   9          
  10          //单总线延时函数
  11          void Delay_OneWire(unsigned int t)  
  12          {
  13   1        unsigned char i;
  14   1        while(t--){
  15   2          for(i=0; i<8; i++);
  16   2        }
  17   1      }
  18          
  19          
  20          //通过单总线向DS18B20写一个字节
  21          void Write_DS18B20(unsigned char dat)
  22          {
  23   1        unsigned char i;
  24   1        for(i=0;i<8;i++)
  25   1        {
  26   2          DQ = 0;
  27   2          DQ = dat&0x01;
  28   2          Delay_OneWire(5);
  29   2          DQ = 1;
  30   2          dat >>= 1;
  31   2        }
  32   1        Delay_OneWire(5);
  33   1      }
  34          
  35          //从DS18B20读取一个字节
  36          unsigned char Read_DS18B20(void)
  37          {
  38   1        unsigned char i;
  39   1        unsigned char dat;
  40   1        
  41   1        for(i=0;i<8;i++)
  42   1        {
  43   2          DQ = 0;
  44   2          dat >>= 1;
  45   2          DQ = 1;
  46   2          if(DQ)
  47   2          {
  48   3            dat |= 0x80;
  49   3          }     
  50   2          Delay_OneWire(5);
  51   2        }
  52   1        return dat;
  53   1      }
  54          
C51 COMPILER V9.54   ONEWIRE                                                               12/22/2017 11:11:34 PAGE 2   

  55          //DS18B20设备初始化
  56          void init_ds18b20(void)
  57          {
  58   1        unsigned char x = 255;
  59   1        DQ = 1;
  60   1        DQ = 0;
  61   1        Delay_OneWire(80);
  62   1        DQ = 1;
  63   1        while(DQ && x--);
  64   1      
  65   1        Delay_OneWire(20);
  66   1      }
  67          
  68          
  69          unsigned char Read_Temperature(void)
  70          {
  71   1        unsigned char i = 0,t = 0,w = 0;
  72   1        unsigned char a,b,c;
  73   1        init_ds18b20();
  74   1        Write_DS18B20(0xcc);
  75   1        Write_DS18B20(0x44);
  76   1        init_ds18b20();
  77   1        Write_DS18B20(0xcc);
  78   1        Write_DS18B20(0xbe);
  79   1      
  80   1        a = Read_DS18B20();
  81   1        b = Read_DS18B20();
  82   1      
  83   1        c = 0x0f & a;
  84   1        a = a >> 4;
  85   1        b = b << 4;
  86   1        t = a | b;
  87   1        return t;
  88   1      }
  89          
  90          
  91          
  92          
  93          
  94          


MODULE INFORMATION:   STATIC OVERLAYABLE
   CODE SIZE        =    174    ----
   CONSTANT SIZE    =   ----    ----
   XDATA SIZE       =   ----    ----
   PDATA SIZE       =   ----    ----
   DATA SIZE        =   ----       3
   IDATA SIZE       =   ----    ----
   BIT SIZE         =   ----    ----
END OF MODULE INFORMATION.


C51 COMPILATION COMPLETE.  0 WARNING(S),  0 ERROR(S)
