C51 COMPILER V9.52.0.0   ______________                                                    03/01/2018 01:10:30 PAGE 1   


C51 COMPILER V9.52.0.0, COMPILATION OF MODULE ______________
OBJECT MODULE PLACED IN ·äÃùÆ÷Óë¼ÌµçÆ÷.OBJ
COMPILER INVOKED BY: C:\Keil_v5\C51\BIN\C51.EXE ·äÃùÆ÷Óë¼ÌµçÆ÷.c BROWSE DEBUG OBJECTEXTEND TABS(2)

line level    source

   1          #include "reg52.h"
   2          
   3          void Delay(unsigned int t)
   4          {
   5   1        while(t--);
   6   1        while(t--);
   7   1      }
   8          
   9          void InitHC138(unsigned char n)
  10          {
  11   1        switch(n)
  12   1        {
  13   2          case 4:
  14   2            P2 = (P2 & 0X1f) | 0x80;
  15   2          break;
  16   2          case 5:
  17   2            P2 = (P2 & 0X1f) | 0xa0;
  18   2          break;
  19   2          case 6:
  20   2            P2 = (P2 & 0X1f) | 0xc0;
  21   2          break;
  22   2          case 7:
  23   2            P2 = (P2 & 0X1f) | 0xe0;
  24   2          break;
  25   2        }
  26   1      }
  27          
  28          void OutPutP0(unsigned char channel, unsigned char dat)
  29          {
  30   1        InitHC138(channel);
  31   1        P0 = dat;
  32   1      }
  33          
  34          void LEDRunning()
  35          {
  36   1        unsigned char i;
  37   1        
  38   1        for(i = 0; i < 3; i++)
  39   1        {
  40   2          OutPutP0(4,0x00);
  41   2          Delay(60000);
  42   2          Delay(60000);
  43   2          OutPutP0(4,0xff);
  44   2          Delay(60000);
  45   2          Delay(60000);
  46   2        }
  47   1        
  48   1        for(i = 1; i <= 8; i++)
  49   1        {
  50   2          OutPutP0(4,(0xff << i));
  51   2          Delay(60000);
  52   2        }
  53   1        
  54   1        OutPutP0(5,0x10);
  55   1        Delay(60000);
C51 COMPILER V9.52.0.0   ______________                                                    03/01/2018 01:10:30 PAGE 2   

  56   1        Delay(60000);
  57   1        OutPutP0(5,0x00);
  58   1        
  59   1        InitHC138(4);
  60   1        for(i = 1; i <= 8; i++)
  61   1        {
  62   2          OutPutP0(4,~(0xff << i));
  63   2          Delay(60000);
  64   2        }
  65   1        
  66   1        OutPutP0(5,0x40);
  67   1        Delay(60000);
  68   1        Delay(60000);
  69   1        OutPutP0(5,0x00);
  70   1      }
  71          
  72          void InitSystem()
  73          {
  74   1        OutPutP0(5,0x00);
  75   1      }
  76          
  77          void main()
  78          {
  79   1        InitSystem();
  80   1        while(1)
  81   1        {
  82   2          LEDRunning();
  83   2        }
  84   1      }


MODULE INFORMATION:   STATIC OVERLAYABLE
   CODE SIZE        =    210    ----
   CONSTANT SIZE    =   ----    ----
   XDATA SIZE       =   ----    ----
   PDATA SIZE       =   ----    ----
   DATA SIZE        =   ----    ----
   IDATA SIZE       =   ----    ----
   BIT SIZE         =   ----    ----
END OF MODULE INFORMATION.


C51 COMPILATION COMPLETE.  0 WARNING(S),  0 ERROR(S)
