C51 COMPILER V9.60.7.0   MAIN                                                              11/26/2023 20:56:29 PAGE 1   


C51 COMPILER V9.60.7.0, COMPILATION OF MODULE MAIN
OBJECT MODULE PLACED IN .\Objects\main.obj
COMPILER INVOKED BY: E:\Applications\Keil_5\C51\BIN\C51.EXE main.c OPTIMIZE(8,SPEED) BROWSE INCDIR(..\Driver;..\Sys) DEB
                    -UG OBJECTEXTEND PRINT(.\Listings\main.lst) OBJECT(.\Objects\main.obj)

line level    source

   1          # include "timer.h"
*** WARNING C329 IN LINE 8 OF ..\Sys\timer.h: single-line comment contains line-continuation
*** WARNING C329 IN LINE 9 OF ..\Sys\timer.h: single-line comment contains line-continuation
*** WARNING C329 IN LINE 17 OF ..\Sys\timer.h: single-line comment contains line-continuation
*** WARNING C329 IN LINE 18 OF ..\Sys\timer.h: single-line comment contains line-continuation
   2          # include "bsp_init.h"
   3          # include "bsp_led.h"
   4          
   5          
   6          //-----------------------------------------------
   7          /* 变量定义空间 */
   8          bit timer1_interrupt_into_flag = 0;//本变量为布尔变量，进入定时器中断变为1
   9          
  10          unsigned int one_ms_trigger_count = 0;//每一毫秒触发一次,0-65535
  11          unsigned char ucLed = 0;//每一秒钟，本数据会自动加1
  12          
  13          
  14          
  15          //-----------------------------------------------
  16          /* main program */
  17          void main()
  18          {
  19   1              Cls_Peripheral();//关闭系统外设
  20   1              Timer1Init();//定时器1初始化，并开启定时器1中断
  21   1              EA = 1;         //使能总中断
  22   1              while(1)
  23   1              {
  24   2                      
  25   2                      
  26   2                      if(timer1_interrupt_into_flag)
  27   2                      {
  28   3                              timer1_interrupt_into_flag = 0;//如果识别到中断标志变化，复位中断标志。
  29   3                              one_ms_trigger_count++; //毫秒计数
  30   3                      }
  31   2                              
  32   2                      if((!(one_ms_trigger_count%1000))&&(one_ms_trigger_count>0))//到达1s
  33   2                      {
  34   3                              one_ms_trigger_count = 0;
  35   3                              ucLed ++;//让显示函数变量自动+1
  36   3                      }
  37   2                      
  38   2                      Led_Disp(ucLed);//将要显示的内容显示出来
  39   2      
  40   2              }       
  41   1      
  42   1      }
  43          
  44          
  45          
  46          
  47          //-----------------------------------------------
  48          
  49          /* Timer1_interrupt routine */
  50          void tm1_isr() interrupt 3
C51 COMPILER V9.60.7.0   MAIN                                                              11/26/2023 20:56:29 PAGE 2   

  51          {
  52   1         timer1_interrupt_into_flag = 1;//进入中断标志位
  53   1      }
  54          
  55          


MODULE INFORMATION:   STATIC OVERLAYABLE
   CODE SIZE        =     64    ----
   CONSTANT SIZE    =   ----    ----
   XDATA SIZE       =   ----    ----
   PDATA SIZE       =   ----    ----
   DATA SIZE        =      3    ----
   IDATA SIZE       =   ----    ----
   BIT SIZE         =      1    ----
END OF MODULE INFORMATION.


C51 COMPILATION COMPLETE.  4 WARNING(S),  0 ERROR(S)
