C51 COMPILER V9.54   LED                                                                   04/30/2023 12:49:57 PAGE 1   


C51 COMPILER V9.54, COMPILATION OF MODULE LED
OBJECT MODULE PLACED IN .\Objects\Led.obj
COMPILER INVOKED BY: C:\Keil_v5\C51\BIN\C51.EXE ..\Driver\Led.c OPTIMIZE(8,SPEED) BROWSE INCDIR(..\Driver) DEBUG OBJECTE
                    -XTEND PRINT(.\Listings\Led.lst) TABS(2) OBJECT(.\Objects\Led.obj)

line level    source

   1          #include <Led.h>
   2          
   3          static unsigned char temp = 0x00;
   4          static unsigned char temp_old = 0xff;
   5            
   6          void Led_Disp(unsigned char addr,enable)
   7          {
   8   1        static unsigned char temp_0 = 0x00;
   9   1        static unsigned char temp_old_0 = 0xff;
  10   1        if(enable)
  11   1          temp_0 |= 0x01 << addr;
  12   1        else
  13   1          temp_0 &= ~(0x01 << addr);
  14   1        if(temp_0 != temp_old_0)
  15   1        {
  16   2          P0 = ~temp_0;
  17   2          P2 = P2 & 0x1f | 0x80;
  18   2          P2 &= 0x1f;
  19   2          temp_old_0 = temp_0;
  20   2        }
  21   1      }
  22          
  23          void Beep(unsigned char flag)
  24          {
  25   1        if(flag)
  26   1          temp |= 0x40;
  27   1        else
  28   1          temp &= ~0x40;
  29   1        if(temp != temp_old)
  30   1        {
  31   2          P0 = temp;
  32   2          P2 = P2 & 0x1f | 0xa0;
  33   2          P2 &= 0x1f;
  34   2          temp_old = temp;    
  35   2        }
  36   1      }
  37          
  38          void Relay(unsigned char flag)
  39          {
  40   1        if(flag)
  41   1          temp |= 0x10;
  42   1        else
  43   1          temp &= ~0x10;
  44   1        if(temp != temp_old)
  45   1        {
  46   2          P0 = temp;
  47   2          P2 = P2 & 0x1f | 0xa0;
  48   2          P2 &= 0x1f;
  49   2          temp_old = temp;    
  50   2        } 
  51   1      }
  52          
  53          void Pulse(unsigned char flag)
  54          {
C51 COMPILER V9.54   LED                                                                   04/30/2023 12:49:57 PAGE 2   

  55   1        if(flag)
  56   1          temp |= 0x20;
  57   1        else
  58   1          temp &= ~0x20;
  59   1        if(temp != temp_old)
  60   1        {
  61   2          P0 = temp;
  62   2          P2 = P2 & 0x1f | 0xa0;
  63   2          P2 &= 0x1f;
  64   2          temp_old = temp;    
  65   2        } 
  66   1      }


MODULE INFORMATION:   STATIC OVERLAYABLE
   CODE SIZE        =    164    ----
   CONSTANT SIZE    =   ----    ----
   XDATA SIZE       =   ----    ----
   PDATA SIZE       =   ----    ----
   DATA SIZE        =      4    ----
   IDATA SIZE       =   ----    ----
   BIT SIZE         =   ----    ----
END OF MODULE INFORMATION.


C51 COMPILATION COMPLETE.  0 WARNING(S),  0 ERROR(S)
