C51 COMPILER V9.60.7.0   MAIN                                                              03/04/2024 19:37:54 PAGE 1   


C51 COMPILER V9.60.7.0, COMPILATION OF MODULE MAIN
OBJECT MODULE PLACED IN .\Objects\main.obj
COMPILER INVOKED BY: E:\Applications\Keil_5\C51\BIN\C51.EXE main.c OPTIMIZE(8,SPEED) BROWSE INCDIR(..\User;..\Sys;..\Dri
                    -ver) DEBUG OBJECTEXTEND PRINT(.\Listings\main.lst) OBJECT(.\Objects\main.obj)

line level    source

   1          #include "STC15F2K60S2.h"
   2          #include "init.h"
   3          #include "Delay.h"
   4          #include "LED.h"
   5          #include "Beer.h"
   6          #include "Relay.h"
   7          
   8          
   9          
  10          void main()
  11          {
  12   1              unsigned char i=0;
  13   1              init_close();
  14   1              while(1){
  15   2              for(i = 0; i < 3; i++)
  16   2              {
  17   3                      LED(0XFF);
  18   3                      Delay(1000);
  19   3                      LED(0X00);
  20   3                      Delay(1000);
  21   3              }
  22   2              
  23   2              for(i =1;i<=8;i++)
  24   2              {
  25   3                      LED(~(0xFF<<i));
  26   3                      Delay(100);
  27   3              }
  28   2              Relay(200);
  29   2              for(i =1;i<=8;i++)
  30   2              {
  31   3                      LED(0xFF<<i);
  32   3                      Delay(100);
  33   3              }
  34   2              Beer(200);
  35   2              }
  36   1      }


MODULE INFORMATION:   STATIC OVERLAYABLE
   CODE SIZE        =    131    ----
   CONSTANT SIZE    =   ----    ----
   XDATA SIZE       =   ----    ----
   PDATA SIZE       =   ----    ----
   DATA SIZE        =   ----       1
   IDATA SIZE       =   ----    ----
   BIT SIZE         =   ----    ----
END OF MODULE INFORMATION.


C51 COMPILATION COMPLETE.  0 WARNING(S),  0 ERROR(S)
