C51 COMPILER V9.60.7.0   RELAY                                                             03/04/2024 19:37:54 PAGE 1   


C51 COMPILER V9.60.7.0, COMPILATION OF MODULE RELAY
OBJECT MODULE PLACED IN .\Objects\Relay.obj
COMPILER INVOKED BY: E:\Applications\Keil_5\C51\BIN\C51.EXE ..\Driver\Relay.c OPTIMIZE(8,SPEED) BROWSE INCDIR(..\User;..
                    -\Sys;..\Driver) DEBUG OBJECTEXTEND PRINT(.\Listings\Relay.lst) OBJECT(.\Objects\Relay.obj)

line level    source

   1          #include "relay.h"
   2          #include "STC15F2K60S2.h"
   3          #include "Delay.h"
   4          
   5          void Relay(unsigned char DelayNum)
   6          {
   7   1              P0 = 0x10;//p04
   8   1              P2=P2 & 0X1F | 0xA0;//Y5
   9   1              Delay(DelayNum);
  10   1              P0 =0x00;
  11   1              P2 &=0x1f;
  12   1      }


MODULE INFORMATION:   STATIC OVERLAYABLE
   CODE SIZE        =     21    ----
   CONSTANT SIZE    =   ----    ----
   XDATA SIZE       =   ----    ----
   PDATA SIZE       =   ----    ----
   DATA SIZE        =   ----    ----
   IDATA SIZE       =   ----    ----
   BIT SIZE         =   ----    ----
END OF MODULE INFORMATION.


C51 COMPILATION COMPLETE.  0 WARNING(S),  0 ERROR(S)
