C51 COMPILER V9.60.7.0   IIC                                                               04/11/2024 23:31:58 PAGE 1   


C51 COMPILER V9.60.7.0, COMPILATION OF MODULE IIC
OBJECT MODULE PLACED IN .\Objects\iic.obj
COMPILER INVOKED BY: E:\Applications\Keil_5\C51\BIN\C51.EXE ..\Driver\iic.c OPTIMIZE(8,SPEED) BROWSE INCDIR(..\Driver) D
                    -EBUG OBJECTEXTEND PRINT(.\Listings\iic.lst) OBJECT(.\Objects\iic.obj)

line level    source

   1          /*      #   I2Cä»£ç ç‰‡æ®µè¯´æ˜
   2              1.  æœ¬æ–‡ä»¶å¤¹ä¸­æä¾›çš„é©±åŠ¨ä»£ç ä¾›å‚èµ›é€‰æ‰‹å®Œæˆç¨‹åºè®¾è®¡å‚è€ƒã€‚
   3              2.  å‚èµ›é€‰æ‰‹å¯ä»¥è‡ªè¡Œç¼–å†™ç›¸å…³ä»£ç æˆ–ä»¥è¯¥ä»£ç ä¸ºåŸºç¡€ï¼Œæ ¹æ®æ‰€é€‰å•ç‰‡æœºç±»å‹ã€
             -è¿è¡Œé€Ÿåº¦å’Œè¯•é¢˜
   4                  ä¸­å¯¹å•ç‰‡æœºæ—¶é’Ÿé¢‘ç‡çš„è¦æ±‚ï¼Œè¿›è¡Œä»£ç è°ƒè¯•å’Œä¿®æ”¹ã€‚
   5          */
   6          #include "iic.h"
   7          #include "intrins.h"
   8          #define DELAY_TIME 5
   9          sbit scl = P2 ^ 0;
  10          sbit sda = P2 ^ 1;
  11          //
  12          static void I2C_Delay(unsigned char n)
  13          {
  14   1          do
  15   1          {
  16   2              _nop_();
  17   2              _nop_();
  18   2              _nop_();
  19   2              _nop_();
  20   2              _nop_();
  21   2              _nop_();
  22   2              _nop_();
  23   2              _nop_();
  24   2              _nop_();
  25   2              _nop_();
  26   2              _nop_();
  27   2              _nop_();
  28   2              _nop_();
  29   2              _nop_();
  30   2              _nop_();
  31   2          } while (n--);
  32   1      }
  33          
  34          //
  35          void I2CStart(void)
  36          {
  37   1          sda = 1;
  38   1          scl = 1;
  39   1          I2C_Delay(DELAY_TIME);
  40   1          sda = 0;
  41   1          I2C_Delay(DELAY_TIME);
  42   1          scl = 0;
  43   1      }
  44          
  45          //
  46          void I2CStop(void)
  47          {
  48   1          sda = 0;
  49   1          scl = 1;
  50   1          I2C_Delay(DELAY_TIME);
  51   1          sda = 1;
  52   1          I2C_Delay(DELAY_TIME);
  53   1      }
C51 COMPILER V9.60.7.0   IIC                                                               04/11/2024 23:31:58 PAGE 2   

  54          
  55          //
  56          void I2CSendByte(unsigned char byt)
  57          {
  58   1          unsigned char i;
  59   1      
  60   1          for (i = 0; i < 8; i++)
  61   1          {
  62   2              scl = 0;
  63   2              I2C_Delay(DELAY_TIME);
  64   2              if (byt & 0x80)
  65   2              {
  66   3                  sda = 1;
  67   3              }
  68   2              else
  69   2              {
  70   3                  sda = 0;
  71   3              }
  72   2              I2C_Delay(DELAY_TIME);
  73   2              scl = 1;
  74   2              byt <<= 1;
  75   2              I2C_Delay(DELAY_TIME);
  76   2          }
  77   1      
  78   1          scl = 0;
  79   1      }
  80          
  81          //
  82          unsigned char I2CReceiveByte(void)
  83          {
  84   1          unsigned char da;
  85   1          unsigned char i;
  86   1          for (i = 0; i < 8; i++)
  87   1          {
  88   2              scl = 1;
  89   2              I2C_Delay(DELAY_TIME);
  90   2              da <<= 1;
  91   2              if (sda)
  92   2                  da |= 0x01;
  93   2              scl = 0;
  94   2              I2C_Delay(DELAY_TIME);
  95   2          }
  96   1          return da;
  97   1      }
  98          
  99          //
 100          unsigned char I2CWaitAck(void)
 101          {
 102   1          unsigned char ackbit;
 103   1      
 104   1          scl = 1;
 105   1          I2C_Delay(DELAY_TIME);
 106   1          ackbit = sda;
 107   1          scl = 0;
 108   1          I2C_Delay(DELAY_TIME);
 109   1      
 110   1          return ackbit;
 111   1      }
 112          
 113          //
 114          void I2CSendAck(unsigned char ackbit)
 115          {
C51 COMPILER V9.60.7.0   IIC                                                               04/11/2024 23:31:58 PAGE 3   

 116   1          scl = 0;
 117   1          sda = ackbit;
 118   1          I2C_Delay(DELAY_TIME);
 119   1          scl = 1;
 120   1          I2C_Delay(DELAY_TIME);
 121   1          scl = 0;
 122   1          sda = 1;
 123   1          I2C_Delay(DELAY_TIME);
 124   1      }
 125          
 126          /// @brief EEPROM å†™å‡½æ•°
 127          /// @param EEPROM_String å†™å…¥çš„æ•°ç»„æŒ‡é’ˆï¼ˆå¦‚æœåªå†™å…¥ä¸€ä¸ªæ•°æ®ï¼Œé‚£ä¹ˆè¦ç”¨&dataï¼‰
 128          /// @param addr 8çš„å€æ•°
 129          /// @param num å†™å…¥çš„æ•°ç»„å¤§å°
 130          void EEPROM_Write(unsigned char *EEPROM_String, unsigned char addr, unsigned char num)
 131          {
 132   1          // é€‰æ‹©èŠ¯ç‰‡ä¸ºEEPROMï¼Œæ¨¡å¼ä¸ºå†™
 133   1          I2CStart();
 134   1          I2CSendByte(0xA0);
 135   1          I2CWaitAck();
 136   1      
 137   1          I2CSendByte(addr); // å†™å…¥çš„æ•°æ®çš„åœ°å€
 138   1          I2CWaitAck();
 139   1          while (num--)
 140   1          {
 141   2              I2CSendByte(*EEPROM_String++);
 142   2              I2CWaitAck();
 143   2              I2C_Delay(200);
 144   2          }
 145   1          I2CStop();
 146   1      }
 147          /// @brief EEPROM è¯»å‡½æ•°
 148          /// @param EEPROM_String è¯»å–çš„æ•°ç»„æŒ‡é’ˆï¼ˆå¦‚æœåªè¯»å–ä¸€ä¸ªæ•°æ®ï¼Œé‚£ä¹ˆè¦ç”¨&dataï¼‰
 149          /// @param addr 8çš„å€æ•°
 150          /// @param num è¯»å–çš„æ•°ç»„å¤§å°
 151          void EEPROM_Read(unsigned char *EEPROM_String, unsigned char addr, unsigned char num)
 152          {
 153   1          // é€‰æ‹©èŠ¯ç‰‡ä¸ºEEPROMï¼Œæ¨¡å¼ä¸ºå†™
 154   1          I2CStart();
 155   1          I2CSendByte(0xA0);
 156   1          I2CWaitAck();
 157   1      
 158   1          I2CSendByte(addr);
 159   1          I2CWaitAck();
 160   1      
 161   1          // é€‰æ‹©èŠ¯ç‰‡ä¸ºEEPROMï¼Œæ¨¡å¼ä¸ºè¯»
 162   1          I2CStart();
 163   1          I2CSendByte(0xA1);
 164   1          I2CWaitAck();
 165   1          while (num--)
 166   1          {
 167   2              *EEPROM_String++ = I2CReceiveByte();
 168   2              if (num)
 169   2                  I2CSendAck(0);
 170   2              else
 171   2                  I2CSendAck(1); // åœæ­¢è¯»å–
 172   2          }
 173   1          I2CStop();
 174   1      }


MODULE INFORMATION:   STATIC OVERLAYABLE
C51 COMPILER V9.60.7.0   IIC                                                               04/11/2024 23:31:58 PAGE 4   

   CODE SIZE        =    302    ----
   CONSTANT SIZE    =   ----    ----
   XDATA SIZE       =   ----    ----
   PDATA SIZE       =   ----    ----
   DATA SIZE        =   ----      10
   IDATA SIZE       =   ----    ----
   BIT SIZE         =   ----    ----
END OF MODULE INFORMATION.


C51 COMPILATION COMPLETE.  0 WARNING(S),  0 ERROR(S)
