C51 COMPILER V9.60.7.0   LED                                                               04/11/2024 23:31:58 PAGE 1   


C51 COMPILER V9.60.7.0, COMPILATION OF MODULE LED
OBJECT MODULE PLACED IN .\Objects\Led.obj
COMPILER INVOKED BY: E:\Applications\Keil_5\C51\BIN\C51.EXE ..\Driver\Led.c OPTIMIZE(8,SPEED) BROWSE INCDIR(..\Driver) D
                    -EBUG OBJECTEXTEND PRINT(.\Listings\Led.lst) OBJECT(.\Objects\Led.obj)

line level    source

   1          #include "Led.h"
   2          /// @brief Led显示
   3          /// @param addr 需要书写的Led的位置0-7
   4          /// @param enable 是否点亮 0灭 1亮
   5          void Led_Disp(unsigned char addr, unsigned char enable)
   6          {
   7   1          static unsigned char temp = 0x00;
   8   1          static unsigned char temp_old = 0xff;
   9   1          // 指定位置点亮
  10   1          if (enable)
  11   1              temp |= 0x01 << addr;
  12   1          else
  13   1              temp &= ~(0x01 << addr);
  14   1          if (temp != temp_old)
  15   1          {
  16   2              P0 = ~temp;
  17   2              P2 = P2 & 0x1f | 0x80;
  18   2              P2 &= 0x1f;
  19   2              temp_old = temp;
  20   2          }
  21   1      }


MODULE INFORMATION:   STATIC OVERLAYABLE
   CODE SIZE        =     58    ----
   CONSTANT SIZE    =   ----    ----
   XDATA SIZE       =   ----    ----
   PDATA SIZE       =   ----    ----
   DATA SIZE        =      2    ----
   IDATA SIZE       =   ----    ----
   BIT SIZE         =   ----    ----
END OF MODULE INFORMATION.


C51 COMPILATION COMPLETE.  0 WARNING(S),  0 ERROR(S)
