C51 COMPILER V9.60.7.0   SEG                                                               04/11/2024 23:31:58 PAGE 1   


C51 COMPILER V9.60.7.0, COMPILATION OF MODULE SEG
OBJECT MODULE PLACED IN .\Objects\Seg.obj
COMPILER INVOKED BY: E:\Applications\Keil_5\C51\BIN\C51.EXE ..\Driver\Seg.c OPTIMIZE(8,SPEED) BROWSE INCDIR(..\Driver) D
                    -EBUG OBJECTEXTEND PRINT(.\Listings\Seg.lst) OBJECT(.\Objects\Seg.obj)

line level    source

   1          #include "Seg.h"
   2          // 段选 0 1 2 3 4 5 6 7 8 9 灭 - C E
   3          unsigned char seg_dula[] = {0xc0, 0xf9, 0xa4, 0xb0, 0x99, 0x92, 0x82, 0xf8, 0x80, 0x90, 0xff,
   4                                      0xbf, 0xc6, 0x86};
   5          // 位选
   6          unsigned char seg_wela[8] = {0x01, 0x02, 0x04, 0x08, 0x10, 0x20, 0x40, 0x80};
   7          void Seg_Disp(unsigned char wela, unsigned char dula, unsigned char point)
   8          {
   9   1          // 手动消抖
  10   1          P0 = 0xff;
  11   1          P2 = P2 & 0x1f | 0xe0;
  12   1      
  13   1          // 选择显示位数
  14   1          P0 = seg_wela[wela];
  15   1          P2 = P2 & 0x1f | 0xc0;
  16   1          P2 &= 0x1f;
  17   1      
  18   1          // 选择显示的数据
  19   1          P0 = seg_dula[dula];
  20   1          if (point)
  21   1              P0 &= 0x7f;
  22   1          P2 = P2 & 0x1f | 0xe0;
  23   1          P2 &= 0x1f;
  24   1      }


MODULE INFORMATION:   STATIC OVERLAYABLE
   CODE SIZE        =     54    ----
   CONSTANT SIZE    =   ----    ----
   XDATA SIZE       =   ----    ----
   PDATA SIZE       =   ----    ----
   DATA SIZE        =     22    ----
   IDATA SIZE       =   ----    ----
   BIT SIZE         =   ----    ----
END OF MODULE INFORMATION.


C51 COMPILATION COMPLETE.  0 WARNING(S),  0 ERROR(S)
