C51 COMPILER V9.60.0.0   ULTRASONIC                                                        10/03/2023 15:31:00 PAGE 1   


C51 COMPILER V9.60.0.0, COMPILATION OF MODULE ULTRASONIC
OBJECT MODULE PLACED IN .\Objects\ultrasonic.obj
COMPILER INVOKED BY: C:\Keil_v5\C51\BIN\C51.EXE ultrasonic.c OPTIMIZE(8,SPEED) BROWSE DEBUG OBJECTEXTEND PRINT(.\Listing
                    -s\ultrasonic.lst) TABS(2) OBJECT(.\Objects\ultrasonic.obj)

line level    source

   1          #include "reg52.h"
   2          #include "Ultrasonic.h"
   3          
   4          //unsigned char buffer1[10];
   5          //unsigned char buffer2[10];
   6          //unsigned char buffer3[10];
   7          
   8          void Ultrasonic_Init(void) //超声波定时器2初始化
   9          {
  10   1      
  11   1        T2CON = 0;      
  12   1        T2MOD = 0;  
  13   1        TH2 = 0;
  14   1        TL2 = 0;  
  15   1        TR2 = 0;    
  16   1        TF2 = 0;
  17   1      }
  18          unsigned int Ultrasonic_Get_Front()//得到一次右超声波测距模块的距离
  19          {
  20   1        unsigned int time = 0;
  21   1        unsigned int distance = 0;
  22   1        
  23   1        TH2 = 0;
  24   1        TL2 = 0;  
  25   1        
  26   1        Trig_Front = 1; //发送trig信号
  27   1        somenop;somenop;
  28   1        Trig_Front = 0; //发送trig信号完毕
  29   1        while(Echo_Front==0);
  30   1        TR2=1;//开启计数
  31   1        while(TF2==0&&Echo_Front==1);//当Echo为1计数并等待
  32   1        TR2=0;//关闭计数
  33   1        if(Echo_Front==0)
  34   1        {
  35   2          Echo_Front = 1;
  36   2          time=TH2;
  37   2          time=time<<8;
  38   2          time=time|TL2;
  39   2          
  40   2          distance=(unsigned int)(time*0.17);
  41   2          
  42   2          //distance= distance * 10;
  43   2          if(distance >= 990)
  44   2          {
  45   3            distance = 990;
  46   3          }
  47   2        }
  48   1        
  49   1        else if(TF2==1)
  50   1        {
  51   2          TF2 = 0;
  52   2          
  53   2          distance = 990;
  54   2        }
C51 COMPILER V9.60.0.0   ULTRASONIC                                                        10/03/2023 15:31:00 PAGE 2   

  55   1        
  56   1        return distance;
  57   1      }
  58          unsigned int Ultrasonic_Get_Left()//得到一次左超声波测距模块的距离
  59          {
  60   1        unsigned int time = 0;
  61   1        unsigned int distance = 0;
  62   1        
  63   1        TF2 = 0;
  64   1        TH2 = 0;
  65   1        TL2 = 0;  
  66   1        
  67   1        Trig_Left = 1; //发送trig信号
  68   1        somenop;somenop;
  69   1        Trig_Left = 0; //发送trig信号完毕
  70   1        while(Echo_Left==0);
  71   1        TR2=1;//开启计数
  72   1        while(TF2==0&&Echo_Left==1);//当Echo为1计数并等待
  73   1        TR2=0;//关闭计数
  74   1        if(Echo_Left==0)
  75   1        {
  76   2          Echo_Left = 1;
  77   2          time=TH2;
  78   2          time=time<<8;
  79   2          time=time|TL2;
  80   2          
  81   2          distance=(unsigned int)(time*0.17);
  82   2          //distance= distance * 10;
  83   2          if(distance >= 990)
  84   2          {
  85   3            distance = 990;
  86   3          }
  87   2        }
  88   1        
  89   1        else if(TF2==1)
  90   1        {
  91   2          TF2 = 0;
  92   2          distance = 990;
  93   2        }
  94   1        
  95   1        return distance;
  96   1      }
  97          unsigned int Ultrasonic_Get_Right()//得到一次右超声波测距模块的距离
  98          {
  99   1        unsigned int time = 0;
 100   1        unsigned int distance = 0;
 101   1        
 102   1        TH2 = 0;
 103   1        TL2 = 0;  
 104   1        
 105   1        Trig_Right = 1; //发送trig信号
 106   1        somenop;somenop;
 107   1        Trig_Right = 0; //发送trig信号完毕
 108   1        while(Echo_Right==0);
 109   1        TR2=1;//开启计数
 110   1        while(TF2==0&&Echo_Right==1);//当Echo为1计数并等待
 111   1        TR2=0;//关闭计数
 112   1        if(Echo_Right==0)
 113   1        {
 114   2          Echo_Right = 1;
 115   2          time=TH2;
 116   2          time=time<<8;
C51 COMPILER V9.60.0.0   ULTRASONIC                                                        10/03/2023 15:31:00 PAGE 3   

 117   2          time=time|TL2;
 118   2          
 119   2          distance=(unsigned int)(time*0.17);
 120   2          //distance= distance * 10;
 121   2          if(distance >= 990)
 122   2          {
 123   3            distance = 990;
 124   3          }
 125   2        }
 126   1        
 127   1        else if(TF2==1)
 128   1        {
 129   2          TF2 = 0;
 130   2          distance = 990;
 131   2        }
 132   1        
 133   1        return distance;
 134   1      }
 135          void delay_ms(unsigned int z)    
 136          {
 137   1         unsigned int i,j;
 138   1         for(j = z;j > 0; j--)
 139   1         for(i = 112;i > 0; i--);
 140   1      }


MODULE INFORMATION:   STATIC OVERLAYABLE
   CODE SIZE        =    370    ----
   CONSTANT SIZE    =   ----    ----
   XDATA SIZE       =   ----    ----
   PDATA SIZE       =   ----    ----
   DATA SIZE        =   ----    ----
   IDATA SIZE       =   ----    ----
   BIT SIZE         =   ----    ----
END OF MODULE INFORMATION.


C51 COMPILATION COMPLETE.  0 WARNING(S),  0 ERROR(S)
