C51 COMPILER V9.54   DS1302                                                                12/27/2017 16:08:26 PAGE 1   


C51 COMPILER V9.54, COMPILATION OF MODULE DS1302
OBJECT MODULE PLACED IN .\Objects\ds1302.obj
COMPILER INVOKED BY: C:\keil   55\C51\BIN\C51.EXE ds1302.c OPTIMIZE(8,SPEED) BROWSE DEBUG OBJECTEXTEND PRINT(.\Listings\
                    -ds1302.lst) TABS(2) OBJECT(.\Objects\ds1302.obj)

line level    source

   1          /*
   2            程序说明: DS1302驱动程序
   3            软件环境: Keil uVision 4.10 
   4            硬件环境: CT107单片机综合实训平台 8051，12MHz
   5            日    期: 2011-8-9
   6          */
   7          
   8          #include <STC15F2K60S2.h>
   9          #include <intrins.h>
  10          #include <ds1302.h>
  11                                  
  12          unsigned  char ds[7]={0,59,6,2,2,2,17};
  13          unsigned  char shijian[7];
  14          
  15          void Write_Ds1302_Byte(unsigned  char temp) 
  16          {
  17   1        unsigned char i;
  18   1        for (i=0;i<8;i++)       
  19   1        { 
  20   2          SCK=0;
  21   2          SDA=temp&0x01;
  22   2          temp>>=1; 
  23   2          SCK=1;
  24   2        }
  25   1      }   
  26          
  27          void Write_Ds1302( unsigned char address,unsigned char dat )     
  28          {
  29   1        RST=0;
  30   1        _nop_();
  31   1        SCK=0;
  32   1        _nop_();
  33   1        RST=1;  
  34   1        _nop_();  
  35   1        Write_Ds1302_Byte(address); 
  36   1        dat=(dat/10<<4)|(dat%10);
  37   1        Write_Ds1302_Byte(dat);   
  38   1        RST=0; 
  39   1      }
  40          
  41          unsigned char Read_Ds1302 ( unsigned char address )
  42          {
  43   1        unsigned char i,temp=0x00;
  44   1        RST=0;
  45   1        _nop_();
  46   1        SCK=0;
  47   1        _nop_();
  48   1        RST=1;
  49   1        _nop_();
  50   1        Write_Ds1302_Byte(address);
  51   1        for (i=0;i<8;i++)   
  52   1        {   
  53   2          SCK=0;
  54   2          temp>>=1; 
C51 COMPILER V9.54   DS1302                                                                12/27/2017 16:08:26 PAGE 2   

  55   2          if(SDA)
  56   2          temp|=0x80; 
  57   2          SCK=1;
  58   2        } 
  59   1        RST=0;
  60   1        _nop_();
  61   1        RST=0;
  62   1        SCK=0;
  63   1        _nop_();
  64   1        SCK=1;
  65   1        _nop_();
  66   1        SDA=0;
  67   1        _nop_();
  68   1        SDA=1;
  69   1        _nop_();
  70   1        temp=temp/16*10+temp%16;
  71   1        _nop_();
  72   1        return (temp);      
  73   1      }
  74          
  75          void dswrite()
  76          {
  77   1        unsigned char i,addr=0x80;
  78   1        Write_Ds1302(0x8e,0x00);
  79   1        for(i=0;i<7;i++)
  80   1        {
  81   2          Write_Ds1302(addr,ds[i]);
  82   2          addr=addr+2;
  83   2        }
  84   1        Write_Ds1302(0x8e,0x80);
  85   1      }
  86          
  87          void dsread()
  88          {
  89   1        unsigned char i,addr=0x81;
  90   1        Write_Ds1302(0x8e,0x00);
  91   1        for(i=0;i<7;i++)
  92   1        {
  93   2          shijian[i]=Read_Ds1302(addr);
  94   2          addr=addr+2;
  95   2        }
  96   1        Write_Ds1302(0x8e,0x80);
  97   1      }


MODULE INFORMATION:   STATIC OVERLAYABLE
   CODE SIZE        =    193    ----
   CONSTANT SIZE    =   ----    ----
   XDATA SIZE       =   ----    ----
   PDATA SIZE       =   ----    ----
   DATA SIZE        =     14    ----
   IDATA SIZE       =   ----    ----
   BIT SIZE         =   ----    ----
END OF MODULE INFORMATION.


C51 COMPILATION COMPLETE.  0 WARNING(S),  0 ERROR(S)
