C51 COMPILER V9.54   MAIN                                                                  12/27/2017 16:08:26 PAGE 1   


C51 COMPILER V9.54, COMPILATION OF MODULE MAIN
OBJECT MODULE PLACED IN .\Objects\main.obj
COMPILER INVOKED BY: C:\keil   55\C51\BIN\C51.EXE main.c OPTIMIZE(8,SPEED) BROWSE DEBUG OBJECTEXTEND PRINT(.\Listings\ma
                    -in.lst) TABS(2) OBJECT(.\Objects\main.obj)

line level    source

   1          #include <STC15F2K60S2.h>
   2          #include <intrins.h>
   3          #include <ds1302.h>
   4          
   5          #define uint unsigned int
   6          #define uchar unsigned char
   7          
   8          uchar code tab[12]={0xc0,0xf9,0xa4,0xb0,0x99,0x92,0x82,0xf8,0x80,0x90,0xbf,0xff};
   9          uchar dsbuff[8]={11,11,11,11,11,11,11,11};
  10          uchar discount;
  11          
  12          void allinit()
  13          {
  14   1        P2=0XA0;P0=0X00;
  15   1        P2=0X80;P0=0XFF;
  16   1        P2=0XC0;P0=0XFF;
  17   1        P2=0XE0;P0=0XFF;
  18   1      }
  19          
  20          void display()
  21          {
  22   1        P2=0XEF;
  23   1        P0=0XFF;
  24   1        P2=0X1F;
  25   1        
  26   1        P2=0XCF;
  27   1        P0=1<<discount;
  28   1        P2=0X1F;
  29   1        
  30   1        P2=0XEF;
  31   1        P0=tab[dsbuff[discount]];
  32   1        P2=0X1F;
  33   1        
  34   1        if(++discount==8) discount=0;
  35   1      }
  36          
  37          void Timer0Init(void)   //2毫秒@11.0592MHz
  38          {
  39   1        AUXR |= 0x80;         //定时器时钟1T模式
  40   1        TMOD &= 0xF0;         //设置定时器模式
  41   1        TL0 = 0x9A;           //设置定时初值
  42   1        TH0 = 0xA9;           //设置定时初值
  43   1        TF0 = 0;              //清除TF0标志
  44   1        TR0 = 1;              //定时器0开始计时
  45   1        EA=1;
  46   1        ET0=1;
  47   1      }
  48          
  49          void main()
  50          {
  51   1        allinit();
  52   1        Timer0Init();
  53   1        dswrite();
  54   1        while(1)
C51 COMPILER V9.54   MAIN                                                                  12/27/2017 16:08:26 PAGE 2   

  55   1        {
  56   2          dsread();
  57   2          dsbuff[7]=shijian[0]%10;
  58   2          dsbuff[6]=shijian[0]/10;
  59   2          dsbuff[5]=10;
  60   2          dsbuff[4]=shijian[1]%10;
  61   2          dsbuff[3]=shijian[1]/10;
  62   2          dsbuff[2]=10;
  63   2          dsbuff[1]=shijian[2]%10;
  64   2          dsbuff[0]=shijian[2]/10;
  65   2        }
  66   1      }
  67          
  68          void Timer0() interrupt 1
  69          {
  70   1        display();
  71   1      }


MODULE INFORMATION:   STATIC OVERLAYABLE
   CODE SIZE        =    207    ----
   CONSTANT SIZE    =     12    ----
   XDATA SIZE       =   ----    ----
   PDATA SIZE       =   ----    ----
   DATA SIZE        =      9    ----
   IDATA SIZE       =   ----    ----
   BIT SIZE         =   ----    ----
END OF MODULE INFORMATION.


C51 COMPILATION COMPLETE.  0 WARNING(S),  0 ERROR(S)
