C51 COMPILER V9.54   MAIN                                                                  12/24/2017 19:34:45 PAGE 1   


C51 COMPILER V9.54, COMPILATION OF MODULE MAIN
OBJECT MODULE PLACED IN .\Objects\main.obj
COMPILER INVOKED BY: C:\keil   55\C51\BIN\C51.EXE main.c OPTIMIZE(8,SPEED) BROWSE DEBUG OBJECTEXTEND PRINT(.\Listings\ma
                    -in.lst) TABS(2) OBJECT(.\Objects\main.obj)

line level    source

   1          #include <STC15F2K60S2.h>
   2          #include <delay.h>
   3          #include <iic.h>
   4          #include <ds1302.h>
   5          
   6          #define uchar unsigned char  
   7          #define uint unsigned int 
   8          
   9          uchar shizhong_flag=0,dianya_flag=0,pinlv_flag=0,gongneng_flag=0,jia_flag=0,jian_flag=0,chaxun_flag=0;
  10          uchar code tab[12]={0xc0,0xf9,0xa4,0xb0,0x99,0x92,0x82,0xf8,0x80,0x90,0xbf,0xff};
  11          uchar discount = 0,k=0,dma_liang=0,dmi_liang=0,p_qiehuan=1,c_qiehuan=1;
  12          uchar shi,fen,miao,last_max=0,last_min=0,s_keep,f_keep,m_keep,thing;
  13          uint zheng=0,fan=0,z_zheng=0,z_fan=0,zhouqi=0,fre=0,jishu=0;
  14          uchar count_1=0,count_2=0,count_3=0,count_4=0,count_5=0;
  15          uchar back = 0,hour=0,minute=0,second=0,moshi_flag=0;
  16          uchar s_liang=0,f_liang=0,m_liang=0;
  17          uchar dianya_max=20,dianya_min=10;
  18          uchar dsbuff[8]={1,2,3,4,5,6,7,8};
  19          uchar vol_max=0,vol_min=0;
  20          uchar jieshu_flag=0;
  21          uint voltage=0;
  22          uint count=0;
  23          uint kk=0;
  24          
  25          
  26          void allinit()
  27          {
  28   1        P2=0x80;P0=0xff;
  29   1        P2=0xa0;P0=0x00;
  30   1        P2=0xc0;P0=0xff;
  31   1        P2=0xe0;P0=0xff;
  32   1      }
  33          
  34          //void led(uchar liang)
  35          //{
  36          //  P2 &= 0x1f; 
  37          //  P2 |= 0x80;
  38          //  P0 = liang;
  39          //  P2 &= 0x1f;
  40          //}
  41          
  42          void chaxun_chuli()
  43          {
  44   1        if(c_qiehuan==1)
  45   1        {
  46   2          dsbuff[0]=11;
  47   2          dsbuff[1]=11;
  48   2          dsbuff[2]=11;
  49   2          dsbuff[3]=11;
  50   2          dsbuff[4]=11;
  51   2          dsbuff[5]=11;
  52   2          dsbuff[6]=11;
  53   2          dsbuff[7]=thing;  
  54   2        }
C51 COMPILER V9.54   MAIN                                                                  12/24/2017 19:34:45 PAGE 2   

  55   1        else 
  56   1        {
  57   2          dsbuff[0]=s_keep/10;
  58   2          dsbuff[1]=s_keep%10;
  59   2          dsbuff[2]=10;
  60   2          dsbuff[3]=f_keep/10;
  61   2          dsbuff[4]=f_keep%10;
  62   2          dsbuff[5]=10;
  63   2          dsbuff[6]=m_keep/10;
  64   2          dsbuff[7]=m_keep%10;
  65   2        } 
  66   1      }
  67          void pinlv_chuli()
  68          {
  69   1        if(jieshu_flag==1)
  70   1        {
  71   2          jieshu_flag=0;
  72   2          count=TH0*256+TL0;
  73   2          TH0=TL0=0;
  74   2        }
  75   1        if(count>0)
  76   1        zhouqi=count*100;
  77   1        fre=1000000/zhouqi;
  78   1        if(p_qiehuan==1)
  79   1        {
  80   2          dsbuff[0]=10;
  81   2          dsbuff[1]=2;
  82   2          dsbuff[2]=10;
  83   2          dsbuff[3]=fre/10000;
  84   2          dsbuff[4]=fre/10000%1000;
  85   2          dsbuff[5]=fre%1000/100;
  86   2          dsbuff[6]=fre%100/10;
  87   2          dsbuff[7]=fre%10; 
  88   2        }
  89   1        
  90   1        else 
  91   1        {
  92   2          dsbuff[0]=10;
  93   2          dsbuff[1]=2;
  94   2          dsbuff[2]=10;
  95   2          dsbuff[3]=zhouqi/10000;
  96   2          dsbuff[4]=zhouqi/10000%1000;
  97   2          dsbuff[5]=zhouqi%1000/100;
  98   2          dsbuff[6]=zhouqi%100/10;
  99   2          dsbuff[7]=zhouqi%10;  
 100   2        }
 101   1      }
 102          void dianya_chuli()
 103          {
 104   1        if(gongneng_flag==0) 
 105   1        {
 106   2          dsbuff[0]=10;
 107   2          dsbuff[1]=1;
 108   2          dsbuff[2]=10;
 109   2          dsbuff[3]=11;
 110   2          dsbuff[4]=voltage/1000;
 111   2          dsbuff[5]=voltage%1000/100;
 112   2          dsbuff[6]=voltage%100/10;
 113   2          dsbuff[7]=voltage%10;
 114   2        } 
 115   1        else   //对于要求闪烁的直接放中断显示数码管
 116   1        {
C51 COMPILER V9.54   MAIN                                                                  12/24/2017 19:34:45 PAGE 3   

 117   2          switch(moshi_flag)
 118   2          {
 119   3            case 1:vol_max=1; vol_min=0;break;
 120   3            case 2:vol_max=0; vol_min=1;break;
 121   3            case 3:moshi_flag=1;break;
 122   3          }
 123   2          if(jia_flag==1)
 124   2           {
 125   3            if(vol_max==1)
 126   3            {
 127   4              dianya_max+=5;
 128   4              jia_flag=0;
 129   4            }
 130   3            if(vol_min==1)
 131   3            {
 132   4              dianya_min+=5;
 133   4              jia_flag=0;
 134   4            } 
 135   3           }
 136   2           if(jian_flag==1)
 137   2           {
 138   3            if(vol_max==1)
 139   3            {
 140   4              dianya_max-=5;
 141   4              jian_flag=0;
 142   4            }
 143   3            if(vol_min==1)
 144   3            {
 145   4              dianya_min-=5;
 146   4              jian_flag=0;
 147   4            } 
 148   3           }
 149   2          
 150   2        } 
 151   1        if((voltage>(dianya_max*100))&&(last_max==0))
 152   1           {
 153   2            s_keep=shijian[2];
 154   2            f_keep=shijian[1];
 155   2            m_keep=shijian[0];
 156   2            last_max=1;
 157   2            last_min=0;
 158   2            iicwrite(0x03,1);
 159   2            Delay2ms();
 160   2            iicwrite(0x04,s_keep);
 161   2            Delay2ms();
 162   2            iicwrite(0x05,f_keep);
 163   2            Delay2ms();
 164   2            iicwrite(0x06,m_keep);
 165   2           }
 166   1           else if((voltage<(dianya_min*100))&&(last_min==0))
 167   1           {
 168   2            s_keep=shijian[2];
 169   2            f_keep=shijian[1];
 170   2            m_keep=shijian[0];
 171   2            last_max=0;
 172   2            last_min=1;
 173   2            iicwrite(0x03,0);
 174   2            Delay2ms();
 175   2            iicwrite(0x04,s_keep);
 176   2            Delay2ms();
 177   2            iicwrite(0x05,f_keep);
 178   2            Delay2ms();
C51 COMPILER V9.54   MAIN                                                                  12/24/2017 19:34:45 PAGE 4   

 179   2            iicwrite(0x06,m_keep);
 180   2           }
 181   1      }
 182          void keyscan()
 183          {
 184   1        uchar temp;
 185   1      
 186   1        P3=0x7f;P44=0;P42=1;
 187   1        temp=P3;
 188   1        temp=P3&0x0f;
 189   1        if(temp!=0x0f)
 190   1        {
 191   2          Delay5ms();
 192   2          if(temp!=0x0f)
 193   2          {
 194   3            temp=P3;
 195   3            temp=P3&0x0f;
 196   3            switch(temp)
 197   3            {
 198   4              case 0x0e: 
 199   4                if(gongneng_flag==1) gongneng_flag=0;  
 200   4                shizhong_flag=1;
 201   4                moshi_flag=0;
 202   4                dianya_flag=0;
 203   4                pinlv_flag=0;
 204   4                chaxun_flag=0;
 205   4              break;
 206   4              case 0x0d: 
 207   4                if(gongneng_flag==1)
 208   4                {
 209   5                  gongneng_flag=0;
 210   5                  iicwrite(0x01,dianya_max);
 211   5                  Delay2ms();
 212   5                  iicwrite(0x02,dianya_min);
 213   5                }
 214   4                dianya_flag=1;
 215   4                shizhong_flag=0;
 216   4                pinlv_flag=0;
 217   4                moshi_flag=0;
 218   4                chaxun_flag=0;
 219   4              break;
 220   4              case 0x0b:
 221   4                pinlv_flag=1;
 222   4                shizhong_flag=0;
 223   4                dianya_flag=0;
 224   4                chaxun_flag=0;
 225   4                TH0=TL0=0;
 226   4              break;
 227   4              case 0x07:
 228   4                if((pinlv_flag!=1)&&(chaxun_flag!=1))
 229   4                {
 230   5                k=1;
 231   5                gongneng_flag=1;
 232   5                moshi_flag++;
 233   5                }
 234   4                else if((pinlv_flag==1)&&(chaxun_flag==0))
 235   4                {
 236   5                    if(p_qiehuan==1)
 237   5                    p_qiehuan=0;
 238   5                      else
 239   5                      {
 240   6                        p_qiehuan=1;
C51 COMPILER V9.54   MAIN                                                                  12/24/2017 19:34:45 PAGE 5   

 241   6                      }
 242   5                } 
 243   4                else if((pinlv_flag==0)&&(chaxun_flag==1))
 244   4                {
 245   5                  if(c_qiehuan==1)
 246   5                  c_qiehuan=0;
 247   5                    else 
 248   5                    {
 249   6                      c_qiehuan=1;
 250   6                    }
 251   5                }
 252   4              break;
 253   4            } 
 254   3            while(P3!=0x7f);
 255   3          }
 256   2          
 257   2        }
 258   1        
 259   1        P3=0xbf;P44=1;P42=0;
 260   1        temp=P3;
 261   1        temp=P3&0x0f;
 262   1        if(temp!=0x0f)
 263   1        {
 264   2          Delay5ms();
 265   2          if(temp!=0x0f)
 266   2          {
 267   3            temp=P3;
 268   3            temp=P3&0x0f;
 269   3            switch(temp)
 270   3            {
 271   4              case 0x0e: jia_flag=1; break;
 272   4              case 0x0d: jian_flag=1; break;
 273   4              case 0x0b: 
 274   4                chaxun_flag=1;
 275   4                shizhong_flag=0;
 276   4                dianya_flag=0;
 277   4                pinlv_flag=0;
 278   4                thing=iicread(0x03);
 279   4                Delay2ms();
 280   4                shi=iicread(0x04);
 281   4                Delay2ms();
 282   4                fen=iicread(0x05);
 283   4                Delay2ms();
 284   4                miao=iicread(0x06);
 285   4              break;
 286   4              case 0x07: break;
 287   4            }
 288   3          }
 289   2          while(P3!=0xbf);
 290   2        }
 291   1      
 292   1      }
 293          
 294          void dianya_shan()
 295          {
 296   1        if(vol_max==1)
 297   1        {
 298   2          count_4++;
 299   2          if(count_4==200)
 300   2          {
 301   3            count_4=0;
 302   3            if(dma_liang==0)
C51 COMPILER V9.54   MAIN                                                                  12/24/2017 19:34:45 PAGE 6   

 303   3            {
 304   4              dma_liang=1;
 305   4              dsbuff[0]=11;
 306   4              dsbuff[1]=11;
 307   4              dsbuff[2]=0;
 308   4              dsbuff[3]=0;
 309   4              dsbuff[4]=dianya_min/10;
 310   4              dsbuff[5]=dianya_min%10;
 311   4              dsbuff[6]=0;
 312   4              dsbuff[7]=0;
 313   4            }
 314   3            else 
 315   3            {
 316   4              dma_liang=0;
 317   4              dsbuff[0]=dianya_max/10;
 318   4              dsbuff[1]=dianya_max%10;
 319   4              dsbuff[2]=0;
 320   4              dsbuff[3]=0;
 321   4              dsbuff[4]=dianya_min/10;
 322   4              dsbuff[5]=dianya_min%10;
 323   4              dsbuff[6]=0;
 324   4              dsbuff[7]=0;
 325   4            }
 326   3          }
 327   2        }
 328   1        if(vol_min==1)
 329   1        {
 330   2          count_5++;
 331   2          if(count_5==200)
 332   2          {
 333   3            count_5=0;
 334   3            if(dmi_liang==0)
 335   3            {
 336   4              dmi_liang=1;
 337   4              dsbuff[0]=dianya_max/10;
 338   4              dsbuff[1]=dianya_max%10;
 339   4              dsbuff[2]=0;dsbuff[3]=0;
 340   4              dsbuff[4]=11;
 341   4              dsbuff[5]=11;
 342   4              dsbuff[6]=0;
 343   4              dsbuff[7]=0;
 344   4            }
 345   3            else 
 346   3            {
 347   4              dmi_liang=0;
 348   4              dsbuff[0]=dianya_max/10;
 349   4              dsbuff[1]=dianya_max%10;
 350   4              dsbuff[2]=0;
 351   4              dsbuff[3]=0;
 352   4              dsbuff[4]=dianya_min/10;
 353   4              dsbuff[5]=dianya_min%10;
 354   4              dsbuff[6]=0;
 355   4              dsbuff[7]=0;
 356   4            }
 357   3          }
 358   2        }
 359   1      }
 360          void display()
 361          {
 362   1        P2=0xef;
 363   1        P0=0xff;
 364   1        P2=0x1f;
C51 COMPILER V9.54   MAIN                                                                  12/24/2017 19:34:45 PAGE 7   

 365   1      
 366   1        P2=0xc0;
 367   1        P0=1<<discount;
 368   1        P2=0x1f;
 369   1      
 370   1        P2=0xef;
 371   1          P0=tab[dsbuff[discount]];
 372   1        P2=0x1f;
 373   1      
 374   1        if(++discount == 8)
 375   1         discount = 0;
 376   1      }
 377          
 378          void Timer0Init(void)   //2微秒@11.0592MHz
 379          {
 380   1        AUXR |= 0x80;         //定时器时钟1T模式
 381   1        TMOD &= 0xF0;         //设置定时器模式
 382   1        TMOD |= 0x04;
 383   1        TL0 = 0x00;           //设置定时初值
 384   1        TH0 = 0x00;           //设置定时初值
 385   1        TF0 = 0;              //清除TF0标志
 386   1      }
 387          
 388          void Timer1Init(void)   //5毫秒@11.0592MHz
 389          {
 390   1        AUXR |= 0x40;         //定时器时钟1T模式
 391   1        TMOD &= 0x0F;         //设置定时器模式
 392   1        TL1 = 0x00;           //设置定时初值
 393   1        TH1 = 0x28;           //设置定时初值
 394   1        TF1 = 0;              //清除TF1标志
 395   1        TR1 = 1;              //定时器1开始计时
 396   1      }
 397          void Timer2Init(void)   //2毫秒@11.0592MHz
 398          {
 399   1        AUXR |= 0x04;         //定时器时钟1T模式
 400   1        T2L = 0x9A;           //设置定时初值
 401   1        T2H = 0xA9;           //设置定时初值
 402   1        AUXR |= 0x10;         //定时器2开始计时
 403   1      }
 404          
 405          void time_chuli()
 406          {
 407   1        if(gongneng_flag==0)
 408   1            {
 409   2              dsbuff[0]=shijian[2]/10;
 410   2              dsbuff[1]=shijian[2]%10;
 411   2              dsbuff[2]=10;
 412   2              dsbuff[3]=shijian[1]/10;
 413   2              dsbuff[4]=shijian[1]%10;
 414   2              dsbuff[5]=10;
 415   2              dsbuff[6]=shijian[0]/10;
 416   2              dsbuff[7]=shijian[0]%10;
 417   2            }
 418   1            else 
 419   1            {
 420   2              switch(moshi_flag)// 进入闪烁状态 不能在主函数里写数码管显示 而应都放在中断中显示 
 421   2              {
 422   3                case 1:hour=1;minute=0;second=0;break; //作为使LED只执行一次的过程 K可以在按键中初始化赋值为1
 423   3                case 2:minute=1;hour=0;second=0;break;
 424   3                case 3:second=1;hour=0;minute=0;break;
 425   3                case 4:moshi_flag=1;break;
 426   3              }
C51 COMPILER V9.54   MAIN                                                                  12/24/2017 19:34:45 PAGE 8   

 427   2                if(hour==1)
 428   2                {
 429   3                  if(jia_flag==1)
 430   3                  {
 431   4                    if(shijian[2]<=22)
 432   4                      { 
 433   5                        shijian[2]=shijian[2]+1;
 434   5                      }
 435   4                    jia_flag=0;
 436   4                    dswrite();
 437   4                    
 438   4                  }
 439   3                  if(jian_flag==1)
 440   3                  {
 441   4                    if(shijian[2]>=1)
 442   4                      {
 443   5                        shijian[2]-=1; 
 444   5                      }
 445   4                    jian_flag=0;
 446   4                    dswrite();
 447   4                  } 
 448   3                }
 449   2                else if(minute==1)
 450   2                {
 451   3                  if(jia_flag==1)
 452   3                  {
 453   4                    if(shijian[1]<=58)
 454   4                    shijian[1]+=1;
 455   4                    jia_flag=0;
 456   4                    dswrite();
 457   4                  }
 458   3                  if(jian_flag==1)
 459   3                  {
 460   4                    if(shijian[1]>=1)
 461   4                      shijian[1]-=1;
 462   4                    jian_flag=0;
 463   4                    dswrite();
 464   4                  } 
 465   3                }
 466   2                else if(second==1)
 467   2                {
 468   3                  if(jia_flag==1)
 469   3                  {
 470   4                    if(shijian[0]<=58)
 471   4                    shijian[0]+=1;
 472   4                    jia_flag=0;
 473   4                    dswrite();
 474   4                  }
 475   3                  if(jian_flag==1)
 476   3                  {
 477   4                    if(shijian[0]>=1)
 478   4                    shijian[0]-=1;
 479   4                    jian_flag=0;
 480   4                    dswrite();
 481   4                  }
 482   3                }
 483   2            }
 484   1      }
 485          void time_shan()
 486          {
 487   1          if(hour==1)
 488   1          {
C51 COMPILER V9.54   MAIN                                                                  12/24/2017 19:34:45 PAGE 9   

 489   2            count_1++;
 490   2            if(count_1==200)
 491   2            {
 492   3              count_1=0; 
 493   3              if(s_liang==0)
 494   3              {
 495   4                s_liang=1;
 496   4                dsbuff[0]=11;
 497   4                dsbuff[1]=11;
 498   4                dsbuff[2]=10;
 499   4                dsbuff[3]=shijian[1]/10;
 500   4                dsbuff[4]=shijian[1]%10;
 501   4                dsbuff[5]=10;
 502   4                dsbuff[6]=shijian[0]/10;
 503   4                dsbuff[7]=shijian[0]%10;    
 504   4              }
 505   3              else 
 506   3              {
 507   4                s_liang=0; 
 508   4                dsbuff[0]=shijian[2]/10;
 509   4                dsbuff[1]=shijian[2]%10;
 510   4                dsbuff[2]=10;
 511   4                dsbuff[3]=shijian[1]/10;
 512   4                dsbuff[4]=shijian[1]%10;
 513   4                dsbuff[5]=10;
 514   4                dsbuff[6]=shijian[0]/10;
 515   4                dsbuff[7]=shijian[0]%10;
 516   4              }
 517   3            }
 518   2          }
 519   1          else if(minute==1)
 520   1          {
 521   2            count_2++;
 522   2            if(count_2==200)
 523   2            {
 524   3              count_2=0;
 525   3              if(f_liang==0)
 526   3              {
 527   4                f_liang=1;
 528   4                dsbuff[0]=shijian[2]/10;
 529   4                dsbuff[1]=shijian[2]%10;
 530   4                dsbuff[2]=10;
 531   4                dsbuff[3]=11;
 532   4                dsbuff[4]=11;
 533   4                dsbuff[5]=10;
 534   4                dsbuff[6]=shijian[0]/10;
 535   4                dsbuff[7]=shijian[0]%10;    
 536   4              }
 537   3              else 
 538   3              {
 539   4                f_liang=0;
 540   4                dsbuff[0]=shijian[2]/10;
 541   4                dsbuff[1]=shijian[2]%10;
 542   4                dsbuff[2]=10;
 543   4                dsbuff[3]=shijian[1]/10;
 544   4                dsbuff[4]=shijian[1]%10;
 545   4                dsbuff[5]=10;
 546   4                dsbuff[6]=shijian[0]/10;
 547   4                dsbuff[7]=shijian[0]%10;
 548   4              }
 549   3            }
 550   2          }
C51 COMPILER V9.54   MAIN                                                                  12/24/2017 19:34:45 PAGE 10  

 551   1          else if(second==1)
 552   1          {
 553   2            count_3++;
 554   2            if(count_3==200)
 555   2            {
 556   3              count_3=0;
 557   3              if(m_liang==0)
 558   3              {
 559   4                m_liang=1;
 560   4                dsbuff[0]=shijian[2]/10;
 561   4                dsbuff[1]=shijian[2]%10;
 562   4                dsbuff[2]=10;
 563   4                dsbuff[3]=shijian[1]/10;
 564   4                dsbuff[4]=shijian[1]%10;
 565   4                dsbuff[5]=10;
 566   4                dsbuff[6]=11;
 567   4                dsbuff[7]=11;   
 568   4              }
 569   3              else 
 570   3              {
 571   4                m_liang=0;
 572   4                dsbuff[0]=shijian[2]/10;
 573   4                dsbuff[1]=shijian[2]%10;
 574   4                dsbuff[2]=10;
 575   4                dsbuff[3]=shijian[1]/10;
 576   4                dsbuff[4]=shijian[1]%10;
 577   4                dsbuff[5]=10;
 578   4                dsbuff[6]=shijian[0]/10;
 579   4                dsbuff[7]=shijian[0]%10;
 580   4              }
 581   3            }
 582   2          } 
 583   1      }
 584          
 585          
 586          void main()
 587          {
 588   1        allinit();
 589   1        Timer0Init();
 590   1        Timer1Init();
 591   1        Timer2Init();
 592   1        EA=1;
 593   1        ET1=1;
 594   1        IE2|=0x04;
 595   1        dswrite();
 596   1        dianya_max=iicread(0x01);
 597   1        Delay2ms();
 598   1        dianya_min=iicread(0x02);
 599   1        Delay2ms();
 600   1        while(1)
 601   1        {
 602   2          keyscan();
 603   2          dsread();
 604   2          if(shizhong_flag==1)
 605   2          {
 606   3            time_chuli(); 
 607   3          }
 608   2          if(dianya_flag==1)
 609   2          {
 610   3            kk++;
 611   3            if(kk==1000)   //使电位器AD不是时刻采样 抑制其跳动
 612   3            {
C51 COMPILER V9.54   MAIN                                                                  12/24/2017 19:34:45 PAGE 11  

 613   4              kk=0;
 614   4              voltage=adread(0x03)*19.6;
 615   4            }
 616   3            dianya_chuli();
 617   3          }
 618   2          if(pinlv_flag==1)
 619   2          {   
 620   3            pinlv_chuli();    
 621   3          }
 622   2          if(chaxun_flag==1)
 623   2          {
 624   3            chaxun_chuli();
 625   3          }
 626   2        }
 627   1      }
 628          
 629          void time1() interrupt 3
 630          {
 631   1        if((shizhong_flag==1)&&(gongneng_flag==1))
 632   1        {
 633   2          time_shan();
 634   2        }
 635   1        else if((dianya_flag==1)&&(gongneng_flag==1))
 636   1        {
 637   2          dianya_shan();
 638   2        }
 639   1        
 640   1      }
 641          void time2() interrupt 12
 642          {
 643   1        uchar start;
 644   1        display();
 645   1        if(pinlv_flag==1)
 646   1        {
 647   2          jishu++;
 648   2          if(jishu==495)
 649   2          {
 650   3            TR0=1;
 651   3            start=1;
 652   3      //      ET0=1;
 653   3          }
 654   2          if((start==1)&&(jishu==500))
 655   2            {
 656   3              TR0=0;
 657   3              start=0;
 658   3              jieshu_flag=1;
 659   3      //        ET0=0;
 660   3              jishu=0;
 661   3            }
 662   2        }
 663   1      }


MODULE INFORMATION:   STATIC OVERLAYABLE
   CODE SIZE        =   2082    ----
   CONSTANT SIZE    =     12    ----
   XDATA SIZE       =   ----    ----
   PDATA SIZE       =   ----    ----
   DATA SIZE        =     68       1
   IDATA SIZE       =   ----    ----
   BIT SIZE         =   ----    ----
END OF MODULE INFORMATION.

C51 COMPILER V9.54   MAIN                                                                  12/24/2017 19:34:45 PAGE 12  


C51 COMPILATION COMPLETE.  0 WARNING(S),  0 ERROR(S)
