C51 COMPILER V9.54   SEG                                                                   12/01/2022 16:20:12 PAGE 1   


C51 COMPILER V9.54, COMPILATION OF MODULE SEG
OBJECT MODULE PLACED IN .\Objects\Seg.obj
COMPILER INVOKED BY: C:\Keil_v5\C51\BIN\C51.EXE ..\Driver\Seg.c OPTIMIZE(8,SPEED) BROWSE INCDIR(..\Driver) DEBUG OBJECTE
                    -XTEND PRINT(.\Listings\Seg.lst) TABS(2) OBJECT(.\Objects\Seg.obj)

line level    source

   1          #include "Seg.h"
   2          
   3          unsigned char Seg_Dula[] = {0x3f,0x06,0x5b,0x4f,0x66,0x6d,0x7d,0x07,0x7f,0x6f,0x00,0x40,0x77,0x39,0x73};
   4          unsigned char Seg_Wela[] = {0xfe,0xfd,0xfb,0xf7,0xef,0xdf};
   5          
   6          void Seg_Disp(unsigned char wela,dula,point)
   7          {
   8   1        P0 = 0x00; //ÏûÓ°
   9   1        P2_6 = 1;
  10   1        P2_6 = 0;
  11   1        
  12   1        P0 = Seg_Wela[wela];
  13   1        P2_7 = 1;
  14   1        P2_7 = 0; 
  15   1        
  16   1        if(point)
  17   1          P0 = Seg_Dula[dula] | 0x80;
  18   1        else
  19   1          P0 = Seg_Dula[dula];
  20   1        P2_6 = 1;
  21   1        P2_6 = 0; 
  22   1      }


MODULE INFORMATION:   STATIC OVERLAYABLE
   CODE SIZE        =     45    ----
   CONSTANT SIZE    =   ----    ----
   XDATA SIZE       =   ----    ----
   PDATA SIZE       =   ----    ----
   DATA SIZE        =     21    ----
   IDATA SIZE       =   ----    ----
   BIT SIZE         =   ----    ----
END OF MODULE INFORMATION.


C51 COMPILATION COMPLETE.  0 WARNING(S),  0 ERROR(S)
