C51 COMPILER V9.56.0.0   KEY                                                               06/29/2019 08:30:36 PAGE 1   


C51 COMPILER V9.56.0.0, COMPILATION OF MODULE KEY
OBJECT MODULE PLACED IN .\Objects\key.obj
COMPILER INVOKED BY: C:\Keil_C51\C51\BIN\C51.EXE ..\Driver\key.c OPTIMIZE(8,SPEED) BROWSE INCDIR(..\Driver) DEFINE(PCF85
                    -91_ADC,PCF8591_DAC) DEBUG OBJECTEXTEND PRINT(.\Listings\key.lst) TABS(2) OBJECT(.\Objects\key.obj)

line level    source

   1          // 运行程序时，将J5调整为KBD模式（1-2脚短接）
   2          #include "key.h"
   3          
   4          unsigned char Key_Read(void)
   5          {
   6   1        unsigned int  Key_New;
   7   1        unsigned char Key_Val;
   8   1      
   9   1        P44 = 0; P42 = 1; P35 = 1; P34 = 1; // 第1列
  10   1        Key_New = P3;
  11   1        P44 = 1; P42 = 0; P35 = 1; P34 = 1; // 第2列
  12   1        Key_New = (Key_New<<4) | (P3&0x0f);
  13   1        P44 = 1; P42 = 1; P35 = 0; P34 = 1; // 第3列
  14   1        Key_New = (Key_New<<4) | (P3&0x0f);
  15   1        P44 = 1; P42 = 1; P35 = 1; P34 = 0; // 第4列
  16   1        Key_New = (Key_New<<4) | (P3&0x0f);
  17   1        P44 = 1; P42 = 1;
  18   1      
  19   1        switch(~Key_New) 
  20   1        {
  21   2          case 0x8000: Key_Val = 4; break;  // S4
  22   2          case 0x4000: Key_Val = 5; break;  // S5
  23   2          case 0x2000: Key_Val = 6; break;  // S6
  24   2          case 0x1000: Key_Val = 7; break;  // S7
  25   2          case 0x0800: Key_Val = 8; break;  // S8
  26   2          case 0x0400: Key_Val = 9; break;  // S9
  27   2          case 0x0200: Key_Val = 10; break; // S10
  28   2          case 0x0100: Key_Val = 11; break; // S11
  29   2          case 0x0080: Key_Val = 12; break; // S12
  30   2          case 0x0040: Key_Val = 13; break; // S13
  31   2          case 0x0020: Key_Val = 14; break; // S14
  32   2          case 0x0010: Key_Val = 15; break; // S15
  33   2          case 0x0008: Key_Val = 16; break; // S16
  34   2          case 0x0004: Key_Val = 17; break; // S17
  35   2          case 0x0002: Key_Val = 18; break; // S18
  36   2          case 0x0001: Key_Val = 19; break; // S19
  37   2          default: Key_Val = 0;
  38   2        }
  39   1        return Key_Val;
  40   1      }


MODULE INFORMATION:   STATIC OVERLAYABLE
   CODE SIZE        =    266    ----
   CONSTANT SIZE    =   ----    ----
   XDATA SIZE       =   ----    ----
   PDATA SIZE       =   ----    ----
   DATA SIZE        =   ----       1
   IDATA SIZE       =   ----    ----
   BIT SIZE         =   ----    ----
END OF MODULE INFORMATION.


C51 COMPILATION COMPLETE.  0 WARNING(S),  0 ERROR(S)
