C51 COMPILER V9.56.0.0   SEG                                                               06/29/2019 08:30:36 PAGE 1   


C51 COMPILER V9.56.0.0, COMPILATION OF MODULE SEG
OBJECT MODULE PLACED IN .\Objects\seg.obj
COMPILER INVOKED BY: C:\Keil_C51\C51\BIN\C51.EXE ..\Driver\seg.c OPTIMIZE(8,SPEED) BROWSE INCDIR(..\Driver) DEFINE(PCF85
                    -91_ADC,PCF8591_DAC) DEBUG OBJECTEXTEND PRINT(.\Listings\seg.lst) TABS(2) OBJECT(.\Objects\seg.obj)

line level    source

   1          #include "seg.h"
   2          // 显示转换
   3          void Seg_Tran(unsigned char *pucSeg_Buf, unsigned char *pucSeg_Code)
   4          {   
   5   1        unsigned char i, j=0, temp;
   6   1      
   7   1        for(i=0; i<8; i++, j++)
   8   1        {
   9   2          switch(pucSeg_Buf[j]) 
  10   2          { // 低电平点亮段，段码[MSB...LSB]对应码顺序为[dp g f e d c b a]
  11   3            case '0': temp = 0xc0; break;
  12   3            case '1': temp = 0xf9; break;
  13   3            case '2': temp = 0xa4; break;
  14   3            case '3': temp = 0xb0; break;
  15   3            case '4': temp = 0x99; break;
  16   3            case '5': temp = 0x92; break;
  17   3            case '6': temp = 0x82; break;
  18   3            case '7': temp = 0xf8; break;
  19   3            case '8': temp = 0x80; break;
  20   3            case '9': temp = 0x90; break;
  21   3            case 'A': temp = 0x88; break;
  22   3            case 'B': temp = 0x83; break;
  23   3            case 'C': temp = 0xc6; break;
  24   3            case 'D': temp = 0xA1; break;
  25   3            case 'E': temp = 0x86; break;
  26   3            case 'F': temp = 0x8E; break;
  27   3            case 'H': temp = 0x89; break;
  28   3            case 'L': temp = 0xC7; break;
  29   3            case 'N': temp = 0xC8; break;
  30   3            case 'P': temp = 0x8c; break;
  31   3            case 'U': temp = 0xC1; break;
  32   3            case '-': temp = 0xbf; break;
  33   3            case ' ': temp = 0xff; break;
  34   3            default: temp = 0xff;
  35   3          } 
  36   2          if(pucSeg_Buf[j+1] == '.')
  37   2          {
  38   3            temp = temp&0x7f;
  39   3            j++;
  40   3          }
  41   2          pucSeg_Code[i] = temp;
  42   2        }
  43   1      }
  44          // 数码管显示
  45          void Seg_Disp(unsigned char *pucSeg_Code, unsigned char ucSeg_Pos)
  46          {
  47   1        P0 = 0xff;            // 消隐
  48   1        P2 = P2 & 0x1F | 0xE0;      // P27~P25清零，再定位Y7C
  49   1        P2 &= 0x1F;           // P27~P25清零
  50   1        P0 = 1<<ucSeg_Pos;        // 位选
  51   1        P2 = P2 & 0x1F | 0xC0;      // P27~P25清零，再定位Y6C
  52   1        P2 &= 0x1F;           // P27~P25清零
  53   1        P0 = pucSeg_Code[ucSeg_Pos];    // 段码
  54   1        P2 = P2 & 0x1F | 0xE0;      // P27~P25清零，再定位Y7C
C51 COMPILER V9.56.0.0   SEG                                                               06/29/2019 08:30:36 PAGE 2   

  55   1        P2 &= 0x1F;           // P27~P25清零
  56   1      }


MODULE INFORMATION:   STATIC OVERLAYABLE
   CODE SIZE        =    336    ----
   CONSTANT SIZE    =   ----    ----
   XDATA SIZE       =   ----    ----
   PDATA SIZE       =   ----    ----
   DATA SIZE        =   ----       9
   IDATA SIZE       =   ----    ----
   BIT SIZE         =   ----    ----
END OF MODULE INFORMATION.


C51 COMPILATION COMPLETE.  0 WARNING(S),  0 ERROR(S)
