C51 COMPILER V9.60.7.0   KEY                                                               04/07/2024 22:41:10 PAGE 1   


C51 COMPILER V9.60.7.0, COMPILATION OF MODULE KEY
OBJECT MODULE PLACED IN .\Objects\Key.obj
COMPILER INVOKED BY: E:\Applications\Keil_5\C51\BIN\C51.EXE ..\Driver\Key.c OPTIMIZE(8,SPEED) BROWSE INCDIR(..\Driver) D
                    -EBUG OBJECTEXTEND PRINT(.\Listings\Key.lst) OBJECT(.\Objects\Key.obj)

line level    source

   1          //ø¥‘≠¿ÌÕº–¥
   2          #include <Key.h>
   3          /*
   4          unsigned char Key_Read()
   5          {
   6                  unsigned char temp=0;
   7                  if(P33==0) temp=4;
   8                  if(P32==0) temp=5;
   9                  if(P31==0) temp=6;
  10                  if(P30==0) temp=7;
  11                  
  12                  return temp;
  13          }
  14          */
  15          
  16          unsigned char Key_Read()
  17          {
  18   1              unsigned char temp = 0;
  19   1              P44 = 0;P42 = 1;P35 = 1;P34 = 1;
  20   1              if(P33 == 0) temp = 4;
  21   1              if(P32 == 0) temp = 5;
  22   1              if(P31 == 0) temp = 6;
  23   1              if(P30 == 0) temp = 7;
  24   1              P44 = 1;P42 = 0;P35 = 1;P34 = 1;
  25   1              if(P33 == 0) temp = 8;
  26   1              if(P32 == 0) temp = 9;
  27   1              if(P31 == 0) temp = 10;
  28   1              if(P30 == 0) temp = 11;
  29   1              P44 = 1;P42 = 1;P35 = 0;P34 = 1;
  30   1              if(P33 == 0) temp = 12;
  31   1              if(P32 == 0) temp = 13;
  32   1              if(P31 == 0) temp = 14;
  33   1              if(P30 == 0) temp = 15;
  34   1      //      P44 = 1;P42 = 1;P35 = 1;P34 = 0;
  35   1      //      if(P33 == 0) temp = 16;
  36   1      //      if(P32 == 0) temp = 17;
  37   1      //      if(P31 == 0) temp = 18;
  38   1      //      if(P30 == 0) temp = 19;
  39   1              return temp;
  40   1      }


MODULE INFORMATION:   STATIC OVERLAYABLE
   CODE SIZE        =     87    ----
   CONSTANT SIZE    =   ----    ----
   XDATA SIZE       =   ----    ----
   PDATA SIZE       =   ----    ----
   DATA SIZE        =   ----    ----
   IDATA SIZE       =   ----    ----
   BIT SIZE         =   ----    ----
END OF MODULE INFORMATION.


C51 COMPILATION COMPLETE.  0 WARNING(S),  0 ERROR(S)
