C51 COMPILER V9.60.7.0   LED                                                               04/07/2024 22:41:10 PAGE 1   


C51 COMPILER V9.60.7.0, COMPILATION OF MODULE LED
OBJECT MODULE PLACED IN .\Objects\Led.obj
COMPILER INVOKED BY: E:\Applications\Keil_5\C51\BIN\C51.EXE ..\Driver\Led.c OPTIMIZE(8,SPEED) BROWSE INCDIR(..\Driver) D
                    -EBUG OBJECTEXTEND PRINT(.\Listings\Led.lst) OBJECT(.\Objects\Led.obj)

line level    source

   1          //BUZZ-0X40;Realy-0x10;Y4-0X80;Y5-0XAO;开是|，关是&
   2          #include <Led.h>
   3          
   4          void Led_Disp(unsigned char addr,enable)
   5          {
   6   1              static unsigned char temp=0x00;
   7   1              static unsigned char temp_old=0xff;//全关
   8   1              
   9   1              if(enable)
  10   1                      temp |=0x01<<addr;
  11   1              else
  12   1                      temp &=~(0x01<<addr);
  13   1              if(temp !=temp_old)
  14   1              {
  15   2                      P0 =~temp;
  16   2                      P2=P2&0X1F |0X80;//Y4
  17   2                      P2&=0X1F;
  18   2                      temp_old=temp;
  19   2              }
  20   1              
  21   1      }


MODULE INFORMATION:   STATIC OVERLAYABLE
   CODE SIZE        =     59    ----
   CONSTANT SIZE    =   ----    ----
   XDATA SIZE       =   ----    ----
   PDATA SIZE       =   ----    ----
   DATA SIZE        =      2    ----
   IDATA SIZE       =   ----    ----
   BIT SIZE         =   ----    ----
END OF MODULE INFORMATION.


C51 COMPILATION COMPLETE.  0 WARNING(S),  0 ERROR(S)
