C51 COMPILER V9.60.7.0   SEG                                                               04/07/2024 22:41:10 PAGE 1   


C51 COMPILER V9.60.7.0, COMPILATION OF MODULE SEG
OBJECT MODULE PLACED IN .\Objects\Seg.obj
COMPILER INVOKED BY: E:\Applications\Keil_5\C51\BIN\C51.EXE ..\Driver\Seg.c OPTIMIZE(8,SPEED) BROWSE INCDIR(..\Driver) D
                    -EBUG OBJECTEXTEND PRINT(.\Listings\Seg.lst) OBJECT(.\Objects\Seg.obj)

line level    source

   1          //记住wela[]，Y7-0xe0,Y6-0xc0;清空，位选，段选&=0x7f为point。数组与变量不能同名
   2          #include <Seg.h>
   3          
   4          code unsigned char Seg_dula[]={0xc0,0xf9,0xa4,0xb0,0x99,0x92,0x82,0xf8,0x80,0x90,0xff,0xbf,0xc6,0x89,0x8e,
             -0x8c,0x86,0x88};//-CHFPEA
   5          code unsigned char Seg_wela[]={0x01,0x02,0x04,0x08,0x10,0x20,0x40,0x80};
   6          
   7          void Seg_Disp(unsigned char wela,dula,point)
   8          {
   9   1              P0=0XFF;
  10   1              P2=P2&0x1f |0xe0;//Y7
  11   1              P2 &=0x1f;
  12   1              
  13   1              P0=Seg_wela[wela];
  14   1              P2=P2&0x1f |0xc0;//Y6
  15   1              P2 &=0x1f;
  16   1              
  17   1              P0=Seg_dula[dula];
  18   1              if(point)
  19   1                      P0 &=0x7f;
  20   1              P2=P2&0x1f |0xe0;//Y7
  21   1              P2 &=0x1f;
  22   1      }


MODULE INFORMATION:   STATIC OVERLAYABLE
   CODE SIZE        =     65    ----
   CONSTANT SIZE    =     26    ----
   XDATA SIZE       =   ----    ----
   PDATA SIZE       =   ----    ----
   DATA SIZE        =   ----    ----
   IDATA SIZE       =   ----    ----
   BIT SIZE         =   ----    ----
END OF MODULE INFORMATION.


C51 COMPILATION COMPLETE.  0 WARNING(S),  0 ERROR(S)
