C51 COMPILER V9.54   IIC                                                                   12/24/2017 14:10:29 PAGE 1   


C51 COMPILER V9.54, COMPILATION OF MODULE IIC
OBJECT MODULE PLACED IN .\Objects\iic.obj
COMPILER INVOKED BY: C:\keil   55\C51\BIN\C51.EXE iic.c OPTIMIZE(8,SPEED) BROWSE DEBUG OBJECTEXTEND PRINT(.\Listings\iic
                    -.lst) TABS(2) OBJECT(.\Objects\iic.obj)

line level    source

   1          /*
   2            程序说明: IIC总线驱动程序
   3            软件环境: Keil uVision 4.10 
   4            硬件环境: CT107单片机综合实训平台 8051，12MHz
   5            日    期: 2011-8-9
   6          */
   7          
   8          #include "reg52.h"
   9          #include "intrins.h"
  10          #include <iic.h>
  11          
  12          #define somenop {_nop_();_nop_();_nop_();_nop_();_nop_();_nop_();_nop_();_nop_();_nop_();_nop_();_nop_();_
             -nop_();_nop_();_nop_();_nop_();_nop_();_nop_();_nop_();_nop_();_nop_();_nop_();_nop_();_nop_();_nop_();_nop_();}    
  13          
  14          
  15          #define SlaveAddrW 0xA0
  16          #define SlaveAddrR 0xA1
  17          
  18          //总线引脚定义
  19          sbit SDA = P2^1;  /* 数据线 */
  20          sbit SCL = P2^0;  /* 时钟线 */
  21          
  22          
  23          //总线启动条件
  24          void IIC_Start(void)
  25          {
  26   1        SDA = 1;
  27   1        SCL = 1;
  28   1        somenop;
  29   1        SDA = 0;
  30   1        somenop;
  31   1        SCL = 0;  
  32   1      }
  33          
  34          //总线停止条件
  35          void IIC_Stop(void)
  36          {
  37   1        SDA = 0;
  38   1        SCL = 1;
  39   1        somenop;
  40   1        SDA = 1;
  41   1      }
  42          
  43          //应答位控制
  44          void IIC_Ack(bit ackbit)
  45          {
  46   1        if(ackbit) 
  47   1        { 
  48   2          SDA = 0;
  49   2        }
  50   1        else 
  51   1        {
  52   2          SDA = 1;
  53   2        }
C51 COMPILER V9.54   IIC                                                                   12/24/2017 14:10:29 PAGE 2   

  54   1        somenop;
  55   1        SCL = 1;
  56   1        somenop;
  57   1        SCL = 0;
  58   1        SDA = 1; 
  59   1        somenop;
  60   1      }
  61          
  62          //等待应答
  63          bit IIC_WaitAck(void)
  64          {
  65   1        SDA = 1;
  66   1        somenop;
  67   1        SCL = 1;
  68   1        somenop;
  69   1        if(SDA)    
  70   1        {   
  71   2          SCL = 0;
  72   2          IIC_Stop();
  73   2          return 0;
  74   2        }
  75   1        else  
  76   1        { 
  77   2          SCL = 0;
  78   2          return 1;
  79   2        }
  80   1      }
  81          
  82          //通过I2C总线发送数据
  83          void IIC_SendByte(unsigned char byt)
  84          {
  85   1        unsigned char i;
  86   1        for(i=0;i<8;i++)
  87   1        {   
  88   2          if(byt&0x80) 
  89   2          { 
  90   3            SDA = 1;
  91   3          }
  92   2          else 
  93   2          {
  94   3            SDA = 0;
  95   3          }
  96   2          somenop;
  97   2          SCL = 1;
  98   2          byt <<= 1;
  99   2          somenop;
 100   2          SCL = 0;
 101   2        }
 102   1      }
 103          
 104          //从I2C总线上接收数据
 105          unsigned char IIC_RecByte(void)
 106          {
 107   1        unsigned char da;
 108   1        unsigned char i;
 109   1        
 110   1        for(i=0;i<8;i++)
 111   1        {   
 112   2          SCL = 1;
 113   2          somenop;
 114   2          da <<= 1;
 115   2          if(SDA) 
C51 COMPILER V9.54   IIC                                                                   12/24/2017 14:10:29 PAGE 3   

 116   2          da |= 0x01;
 117   2          SCL = 0;
 118   2          somenop;
 119   2        }
 120   1        return da;
 121   1      }
 122          void iicwrite(uchar add,uchar dat)
 123          {
 124   1        IIC_Start();
 125   1        IIC_SendByte(0xa0);
 126   1        IIC_WaitAck();
 127   1        IIC_SendByte(add);
 128   1        IIC_WaitAck();
 129   1        IIC_SendByte(dat);
 130   1        IIC_WaitAck();
 131   1        IIC_Stop(); 
 132   1      }
 133          uchar iicread(uchar add)
 134          {
 135   1        uchar ad;
 136   1        IIC_Start();
 137   1        IIC_SendByte(0xa0);
 138   1        IIC_WaitAck();
 139   1        IIC_SendByte(add);
 140   1        IIC_WaitAck();
 141   1      
 142   1        IIC_Start();
 143   1        IIC_SendByte(0xa1);
 144   1        IIC_WaitAck();
 145   1        ad=IIC_RecByte();
 146   1        IIC_WaitAck();
 147   1        IIC_Stop();
 148   1        return  ad;
 149   1      
 150   1      }
 151          uchar adread(uchar add)
 152          {
 153   1        uchar ad;
 154   1        IIC_Start();
 155   1        IIC_SendByte(0x90);
 156   1        IIC_WaitAck();
 157   1        IIC_SendByte(add);
 158   1        IIC_WaitAck();
 159   1           
 160   1         IIC_Start();
 161   1         IIC_SendByte(0x91);
 162   1         IIC_WaitAck();
 163   1        ad=IIC_RecByte();
 164   1        IIC_Ack(0);
 165   1        IIC_Stop();
 166   1        return  ad;
 167   1        
 168   1      }


MODULE INFORMATION:   STATIC OVERLAYABLE
   CODE SIZE        =    486    ----
   CONSTANT SIZE    =   ----    ----
   XDATA SIZE       =   ----    ----
   PDATA SIZE       =   ----    ----
   DATA SIZE        =   ----    ----
   IDATA SIZE       =   ----    ----
C51 COMPILER V9.54   IIC                                                                   12/24/2017 14:10:29 PAGE 4   

   BIT SIZE         =   ----       1
END OF MODULE INFORMATION.


C51 COMPILATION COMPLETE.  0 WARNING(S),  0 ERROR(S)
