C51 COMPILER V9.54   ULTRASOUND                                                            03/30/2023 13:13:13 PAGE 1   


C51 COMPILER V9.54, COMPILATION OF MODULE ULTRASOUND
OBJECT MODULE PLACED IN .\Objects\ultrasound.obj
COMPILER INVOKED BY: C:\Keil_v5\C51\BIN\C51.EXE ..\Driver\ultrasound.c OPTIMIZE(8,SPEED) BROWSE INCDIR(..\Driver) DEBUG 
                    -OBJECTEXTEND PRINT(.\Listings\ultrasound.lst) TABS(2) OBJECT(.\Objects\ultrasound.obj)

line level    source

   1          #include <ultrasound.h>
   2          #include <intrins.h>
   3          
   4          sbit Tx = P1^0;
   5          sbit Rx = P1^1;
   6          
   7          void Delay12us()    //@12.000MHz
   8          {
   9   1        unsigned char i;
  10   1      
  11   1        _nop_();
  12   1        _nop_();
  13   1        i = 33;
  14   1        while (--i);
  15   1      }
  16          
  17          
  18          void Ul_Init()
  19          {
  20   1        unsigned char i;
  21   1        EA = 0;
  22   1        for(i=0;i<8;i++)
  23   1        {
  24   2          Tx = 1;
  25   2          Delay12us();
  26   2          Tx = 0;
  27   2          Delay12us();
  28   2        }
  29   1        EA = 1;
  30   1      }
  31          
  32          unsigned char Wave_Read()
  33          {
  34   1        unsigned int time;
  35   1        TMOD &= 0x0F;
  36   1        TH1 = TL1 = 0;//复位计数值 等待超声波信号发出
  37   1        Ul_Init();
  38   1        TR1 = 1;//开始计时
  39   1        while((Rx == 1) && (TF1 == 0));//等待接受返回信号或者定时器溢出
  40   1        TR1 = 0;//停止计时
  41   1        if(TF1 == 0) //定时器没有溢出
  42   1        {
  43   2          time = TH1 << 8 | TL1;//读取当前时间
  44   2          return (time * 0.017);//返回距离值
  45   2        }
  46   1        else
  47   1        {
  48   2          TF1 = 0;//清除溢出标志位
  49   2          return 0;
  50   2        }
  51   1      }


MODULE INFORMATION:   STATIC OVERLAYABLE
C51 COMPILER V9.54   ULTRASOUND                                                            03/30/2023 13:13:13 PAGE 2   

   CODE SIZE        =     85    ----
   CONSTANT SIZE    =   ----    ----
   XDATA SIZE       =   ----    ----
   PDATA SIZE       =   ----    ----
   DATA SIZE        =   ----    ----
   IDATA SIZE       =   ----    ----
   BIT SIZE         =   ----    ----
END OF MODULE INFORMATION.


C51 COMPILATION COMPLETE.  0 WARNING(S),  0 ERROR(S)
