C51 COMPILER V9.60.7.0   KEY                                                               03/29/2024 21:34:30 PAGE 1   


C51 COMPILER V9.60.7.0, COMPILATION OF MODULE KEY
OBJECT MODULE PLACED IN .\Objects\Key.obj
COMPILER INVOKED BY: E:\Applications\Keil_5\C51\BIN\C51.EXE ..\Driver\Key.c OPTIMIZE(8,SPEED) BROWSE INCDIR(..\Driver) D
                    -EBUG OBJECTEXTEND PRINT(.\Listings\Key.lst) OBJECT(.\Objects\Key.obj)

line level    source

   1          #include <Key.h>
   2          
   3          
   4          unsigned char Key_Read()
   5          {
   6   1              unsigned char temp =0;
   7   1              if(P33==0) temp=4;
   8   1              if(P32==0) temp=5;
   9   1              if(P31==0) temp=6;
  10   1              if(P30==0) temp=7;
  11   1              
  12   1              return temp;
  13   1      }


MODULE INFORMATION:   STATIC OVERLAYABLE
   CODE SIZE        =     23    ----
   CONSTANT SIZE    =   ----    ----
   XDATA SIZE       =   ----    ----
   PDATA SIZE       =   ----    ----
   DATA SIZE        =   ----    ----
   IDATA SIZE       =   ----    ----
   BIT SIZE         =   ----    ----
END OF MODULE INFORMATION.


C51 COMPILATION COMPLETE.  0 WARNING(S),  0 ERROR(S)
