C51 COMPILER V9.60.7.0   LED                                                               03/29/2024 21:34:31 PAGE 1   


C51 COMPILER V9.60.7.0, COMPILATION OF MODULE LED
OBJECT MODULE PLACED IN .\Objects\Led.obj
COMPILER INVOKED BY: E:\Applications\Keil_5\C51\BIN\C51.EXE ..\Driver\Led.c OPTIMIZE(8,SPEED) BROWSE INCDIR(..\Driver) D
                    -EBUG OBJECTEXTEND PRINT(.\Listings\Led.lst) OBJECT(.\Objects\Led.obj)

line level    source

   1          #include <Led.h>
   2          
   3          
   4          void Led_Disp(unsigned char addr,enable)
   5          {
   6   1              static unsigned char temp =0x00;
   7   1              static unsigned char temp_old =0xff;
   8   1              if(enable)
   9   1                      temp |=0x01<<addr;//不改变其他值加上
  10   1              else
  11   1                      temp &=~(0x01 <<addr);//不改变其他值关掉灯
  12   1              if(temp != temp_old)//判断是否改变
  13   1              {
  14   2                      P0 =temp;
  15   2                      P2 =P2 &0x1f |0xa0;
  16   2                      P2 &=0x1f;
  17   2                      temp_old =temp;
  18   2              }
  19   1              
  20   1      }


MODULE INFORMATION:   STATIC OVERLAYABLE
   CODE SIZE        =     57    ----
   CONSTANT SIZE    =   ----    ----
   XDATA SIZE       =   ----    ----
   PDATA SIZE       =   ----    ----
   DATA SIZE        =      2    ----
   IDATA SIZE       =   ----    ----
   BIT SIZE         =   ----    ----
END OF MODULE INFORMATION.


C51 COMPILATION COMPLETE.  0 WARNING(S),  0 ERROR(S)
