C51 COMPILER V9.52.0.0   ____________                                                      03/09/2018 01:00:12 PAGE 1   


C51 COMPILER V9.52.0.0, COMPILATION OF MODULE ____________
OBJECT MODULE PLACED IN 串口通信基础.OBJ
COMPILER INVOKED BY: C:\Keil_v5\C51\BIN\C51.EXE 串口通信基础.c BROWSE DEBUG OBJECTEXTEND TABS(2)

line level    source

   1          #include "reg52.h"
   2          
   3          sfr AUXR = 0x8e;
   4          
   5          unsigned char urdat;
   6          
   7          void SendByte(unsigned char dat);
   8          
   9          void InitUart()
  10          {
  11   1        TMOD = 0x20;
  12   1        TH1 = 0xfd;
  13   1        TL1 = 0xfd;
  14   1        TR1 = 1;
  15   1        
  16   1        SCON = 0x50;
  17   1        AUXR &= 0x40;
  18   1        
  19   1        ES = 1;
  20   1        EA = 1;
  21   1      }
  22          
  23          void ServiceUart() interrupt 4
  24          {
  25   1        if(RI == 1)
  26   1        {
  27   2          RI = 0;
  28   2          urdat = SBUF; 
  29   2          SendByte(urdat + 1);
  30   2        }
  31   1      }
  32          
  33          void SendByte(unsigned char dat)
  34          {
  35   1        SBUF = dat;
  36   1        while(TI == 0);
  37   1        TI = 0;
  38   1      }
  39          
  40          void main()
  41          {
  42   1        InitUart();
  43   1        SendByte(0x5a);
  44   1        SendByte(0xa5);
  45   1        while(1);
  46   1      }


MODULE INFORMATION:   STATIC OVERLAYABLE
   CODE SIZE        =    116    ----
   CONSTANT SIZE    =   ----    ----
   XDATA SIZE       =   ----    ----
   PDATA SIZE       =   ----    ----
   DATA SIZE        =      1    ----
   IDATA SIZE       =   ----    ----
C51 COMPILER V9.52.0.0   ____________                                                      03/09/2018 01:00:12 PAGE 2   

   BIT SIZE         =   ----    ----
END OF MODULE INFORMATION.


C51 COMPILATION COMPLETE.  0 WARNING(S),  0 ERROR(S)
