C51 COMPILER V9.52.0.0   EX16                                                              01/25/2015 01:18:08 PAGE 1   


C51 COMPILER V9.52.0.0, COMPILATION OF MODULE EX16
OBJECT MODULE PLACED IN ex16.OBJ
COMPILER INVOKED BY: D:\Keil\C51\BIN\C51.EXE ex16.c BROWSE DEBUG OBJECTEXTEND

line level    source

   1          /*******************************************************************************  
   2          * 文件名称：矩阵键盘实验
   3          * 实验目的：1.掌握矩阵键盘扫描的基本原理
   4          *           2.掌握按键扫描及消除抖动的基本原理
   5          * 程序说明：1.使用程序前，将跳线J2调整为KBD模式
   6          *           2.转接板上使用P4.4和P4.2代替P3.6 P3.7
   7          * 硬件环境：IAP15F2K61S2@11.0592MHz
   8          * 日期版本：2012-9-4/V1.0a 
   9          *******************************************************************************/
  10          
  11          #include "reg52.h"  //定义51单片机特殊功能寄存器
  12          #include "absacc.h"
  13          
  14          sfr AUXR = 0x8E;
  15          sfr P4   = 0xC0;        //P4
  16          sbit P42 = P4^2;
  17          sbit P44 = P4^4;
  18                                     //  0    1    2    3    4    5    6    7    8    9   熄灭
  19          code unsigned char tab[] = { 0xc0,0xf9,0xa4,0xb0,0x99,0x92,0x82,0xf8,0x80,0x90,0xFF};
  20          unsigned char dspbuf[8] = {10,10,10,10,10,10,10,10};  //显示缓冲区
  21          unsigned char dspcom = 0;
  22          
  23          bit key_re;
  24          unsigned char key_press;
  25          unsigned char key_value;
  26          
  27          bit key_flag = 0;
  28          unsigned char intr = 0;
  29          
  30          unsigned char read_keyboard(void);
  31          void display();
  32          
  33          //主函数
  34          void main(void)
  35          { 
  36   1          unsigned char key_temp = 0xff;
  37   1          
  38   1              AUXR |= 0x80;   //1T模式，IAP15F2K61S2单片机特殊功能寄存器
  39   1              
  40   1              TMOD &= 0xF0;
  41   1              TL0 = 0xCD;     
  42   1              TH0 = 0xD4;     
  43   1              TF0 = 0;        
  44   1              TR0 = 1;
  45   1              ET0 = 1;
  46   1              EA = 1;
  47   1          
  48   1          while(1)
  49   1          {
  50   2              if(key_flag)
  51   2              {
  52   3                  key_flag = 0;
  53   3                              key_temp = read_keyboard();
  54   3                              if(key_temp != 0xFF){
  55   4                                      dspbuf[7] = key_temp%10;
C51 COMPILER V9.52.0.0   EX16                                                              01/25/2015 01:18:08 PAGE 2   

  56   4                                      dspbuf[6] = key_temp/10;
  57   4                              }
  58   3              } 
  59   2              
  60   2          }
  61   1      }
  62          
  63          //定时器中断服务函数
  64          void isr_timer_0(void)  interrupt 1  //默认中断优先级 1
  65          {     
  66   1              display();
  67   1              if(++intr == 10)  //1ms执行一次
  68   1              {
  69   2              intr = 0;
  70   2                      key_flag = 1;  //10ms按键扫描标志位置1
  71   2          }
  72   1      }
  73          
  74          //读取矩阵键盘键值:转接板中使用P42和P44代替8051引脚
  75          //顺序中的P36和P37引脚
  76          unsigned char read_keyboard(void)
  77          {
  78   1          static unsigned char col;
  79   1          
  80   1              P3 = 0xf0; P42 = 1; P44 = 1;
  81   1      
  82   1          if((P3 != 0xf0)||(P42 != 0)||(P44 != 0)) //有按键按下
  83   1              key_press++;
  84   1              else
  85   1                      key_press = 0;  //抖动
  86   1          
  87   1          if(key_press == 3)
  88   1          {
  89   2                      key_press = 0;
  90   2                      key_re = 1;
  91   2                      
  92   2                      if(P44 == 0)                    col = 1;
  93   2                      if(P42 == 0)                    col = 2;
  94   2                      if((P3 & 0x20) == 0)    col = 3;
  95   2                      if((P3 & 0x10) == 0)    col = 4;
  96   2              
  97   2              P3 = 0x0F; P42 = 0; P44 = 0;
  98   2      
  99   2                      if((P3&0x01) == 0)      key_value = (col-1);
 100   2                      if((P3&0x02) == 0)      key_value = (col+3);
 101   2                      if((P3&0x04) == 0)      key_value = (col+7);
 102   2                      if((P3&0x08) == 0)      key_value = (col+11);
 103   2          }
 104   1          
 105   1              //连续三次检测到按键被按下，并且该按键已经释放
 106   1              P3 = 0x0f; P42 = 0; P44 = 0;
 107   1              
 108   1          if(((key_re == 1) && (P3 == 0x0f))&&(P42 == 0)&&(P44 == 0))
 109   1          {
 110   2              key_re = 0;
 111   2              return key_value;
 112   2          }
 113   1          
 114   1          return 0xff;  //无按键按下或被按下的按键未被释放 
 115   1      }
 116          
 117          //显示函数
C51 COMPILER V9.52.0.0   EX16                                                              01/25/2015 01:18:08 PAGE 3   

 118          void display(void)
 119          {   
 120   1              P0 = 0xff;
 121   1              P2 = ((P2&0x1f)|0xE0); 
 122   1              P2 &= 0x1f;
 123   1      
 124   1              P0 = 1<<dspcom;
 125   1              P2 = ((P2&0x1f)|0xC0); 
 126   1              P2 &= 0x1f;
 127   1      
 128   1              P0 = tab[dspbuf[dspcom]];       
 129   1          P2 = ((P2&0x1f)|0xE0); 
 130   1              P2 &= 0x1f;
 131   1        
 132   1          if(++dspcom == 8){
 133   2              dspcom = 0;
 134   2          }    
 135   1      }


MODULE INFORMATION:   STATIC OVERLAYABLE
   CODE SIZE        =    338    ----
   CONSTANT SIZE    =     11    ----
   XDATA SIZE       =   ----    ----
   PDATA SIZE       =   ----    ----
   DATA SIZE        =     13    ----
   IDATA SIZE       =   ----    ----
   BIT SIZE         =      2    ----
END OF MODULE INFORMATION.


C51 COMPILATION COMPLETE.  0 WARNING(S),  0 ERROR(S)
