C51 COMPILER V9.54   BSP_LED                                                               12/10/2023 19:32:26 PAGE 1   


C51 COMPILER V9.54, COMPILATION OF MODULE BSP_LED
OBJECT MODULE PLACED IN .\Objects\bsp_led.obj
COMPILER INVOKED BY: D:\keil c51\C51\BIN\C51.EXE bsp_led.c OPTIMIZE(8,SPEED) BROWSE DEBUG OBJECTEXTEND PRINT(.\Listings\
                    -bsp_led.lst) OBJECT(.\Objects\bsp_led.obj)

line level    source

   1          # include "bsp_led.h"
   2          
   3          
   4          void Led_Init(unsigned char ucled)
   5          {
   6   1              //µÆÈ«¹Ø
   7   1              P0=0xff;
   8   1              P2=P2&0x1f|0x80;
   9   1              P2=P2&0X1F;
  10   1              //¿ªµÆ
  11   1              P0=ucled;
  12   1              P2=P2&0x1f|0x80;
  13   1              P2=P2&0X1F;
  14   1      }


MODULE INFORMATION:   STATIC OVERLAYABLE
   CODE SIZE        =     28    ----
   CONSTANT SIZE    =   ----    ----
   XDATA SIZE       =   ----    ----
   PDATA SIZE       =   ----    ----
   DATA SIZE        =   ----    ----
   IDATA SIZE       =   ----    ----
   BIT SIZE         =   ----    ----
END OF MODULE INFORMATION.


C51 COMPILATION COMPLETE.  0 WARNING(S),  0 ERROR(S)
