C51 COMPILER V9.54   DS1302                                                                12/10/2023 19:32:26 PAGE 1   


C51 COMPILER V9.54, COMPILATION OF MODULE DS1302
OBJECT MODULE PLACED IN .\Objects\ds1302.obj
COMPILER INVOKED BY: D:\keil c51\C51\BIN\C51.EXE ds1302.c OPTIMIZE(8,SPEED) BROWSE DEBUG OBJECTEXTEND PRINT(.\Listings\d
                    -s1302.lst) OBJECT(.\Objects\ds1302.obj)

line level    source

   1          # include "ds1302.h"
   2          
   3          
   4          /*      #       DS1302ä»£ç ç‰‡æ®µè¯´æ˜
   5                  1.      æœ¬æ–‡ä»¶å¤¹ä¸­æä¾›çš„é©±åŠ¨ä»£ç ä¾›å‚èµ›é€‰æ‰‹å®Œæˆç¨‹åºè®¾è®¡å‚è€ƒã€‚
   6                  2.      å‚èµ›é€‰æ‰‹å¯ä»¥è‡ªè¡Œç¼–å†™ç›¸å…³ä»£ç æˆ–ä»¥è¯¥ä»£ç ä¸ºåŸºç¡€ï¼Œæ ¹æ®æ‰€é€‰å•ç‰‡æœºç±»å‹ã€è¿
             -è¡Œé€Ÿåº¦å’Œè¯•é¢˜
   7                          ä¸­å¯¹å•ç‰‡æœºæ—¶é’Ÿé¢‘ç‡çš„è¦æ±‚ï¼Œè¿›è¡Œä»£ç è°ƒè¯•å’Œä¿®æ”¹ã€‚
   8          */                                                              
   9          
  10          //
  11          void Write_Ds1302(unsigned  char temp) 
  12          {
  13   1              unsigned char i;
  14   1              for (i=0;i<8;i++)       
  15   1              { 
  16   2                      SCK = 0;
  17   2                      SDA = temp&0x01;
  18   2                      temp>>=1; 
  19   2                      SCK=1;
  20   2              }
  21   1      }   
  22          
  23          //
  24          void Write_Ds1302_Byte( unsigned char address,unsigned char dat )     
  25          {
  26   1              RST=0;  _nop_();
  27   1              SCK=0;  _nop_();
  28   1              RST=1;  _nop_();  
  29   1              Write_Ds1302(address);  
  30   1              Write_Ds1302(dat);              
  31   1              RST=0; 
  32   1      }
  33          
  34          //
  35          unsigned char Read_Ds1302_Byte ( unsigned char address )
  36          {
  37   1              unsigned char i,temp=0x00;
  38   1              RST=0;  _nop_();
  39   1              SCK=0;  _nop_();
  40   1              RST=1;  _nop_();
  41   1              Write_Ds1302(address);
  42   1              for (i=0;i<8;i++)       
  43   1              {               
  44   2                      SCK=0;
  45   2                      temp>>=1;       
  46   2                      if(SDA)
  47   2                      temp|=0x80;     
  48   2                      SCK=1;
  49   2              } 
  50   1              RST=0;  _nop_();
  51   1              SCK=0;  _nop_();
  52   1              SCK=1;  _nop_();
  53   1              SDA=0;  _nop_();
C51 COMPILER V9.54   DS1302                                                                12/10/2023 19:32:26 PAGE 2   

  54   1              SDA=1;  _nop_();
  55   1              return (temp);                  
  56   1      }
  57          //æ—¶é’Ÿè¯»å–ä¸“ç”¨å‡½æ•°,æ³¨æ„ds1302æ˜¯bcdç 
  58          void Set_Rtc(unsigned char*PrRtc)
  59          {
  60   1              unsigned char temp;
  61   1              Write_Ds1302_Byte(0x8e,0);//wpå†™ä¿æŠ¤ä½å…³é—­
  62   1              temp = (((PrRtc[0]/10)<<4)|(PrRtc[0]%10)) ;//æ•°ç»„çš„ç¬¬0ä¸ªæ•°æ®ï¼Œå°æ—¶ï¼Œç”¨BCDç çš„å½¢å¼å­˜å‚¨
  63   1              Write_Ds1302_Byte(0x84, temp);//å†™å…¥åˆ°å°æ—¶çš„å¯„å­˜å™¨
  64   1              temp = (((PrRtc[1]/10)<<4)|(PrRtc[1]%10)) ;//æ•°ç»„çš„ç¬¬1ä¸ªæ•°æ®ï¼Œåˆ†é’Ÿï¼Œç”¨BCDç çš„å½¢å¼å­˜å‚¨
  65   1              Write_Ds1302_Byte(0x82, temp);//å†™å…¥åˆ°åˆ†é’Ÿçš„å¯„å­˜å™¨
  66   1              temp = (((PrRtc[2]/10)<<4)|(PrRtc[2]%10)) ;//æ•°ç»„çš„ç¬¬2ä¸ªæ•°æ®ï¼Œç§’ï¼Œç”¨BCDç çš„å½¢å¼å­˜å‚¨
  67   1              Write_Ds1302_Byte(0x80, temp);//å†™å…¥åˆ°ç§’çš„å¯„å­˜å™¨
  68   1              Write_Ds1302_Byte(0x8e,0x80);
  69   1      }
  70          
  71          void Read_Rtc(unsigned char*PrRtc)
  72          {
  73   1              unsigned char temp;
  74   1              
  75   1              temp = Read_Ds1302_Byte (0x85);//è¯»å–å°æ—¶æ•°æ®
  76   1              PrRtc[0] = (((temp>>4)*10) + (temp&0x0F));// 23(BCD) = 0010 0011(B) = 35(D),ä¸èƒ½ç›´æ¥èµ‹å€¼ï¼Œè¦è¿›è¡
             -ŒBCDåˆ°åè¿›åˆ¶æ•°æ®çš„è½¬æ¢
  77   1              temp = Read_Ds1302_Byte (0x83);//è¯»å–åˆ†é’Ÿæ•°æ®
  78   1              PrRtc[1] = (((temp>>4)*10) + (temp&0x0F));// 23(BCD) = 0010 0011(B) = 35(D),ä¸èƒ½ç›´æ¥èµ‹å€¼ï¼Œè¦è¿›è¡
             -ŒBCDåˆ°åè¿›åˆ¶æ•°æ®çš„è½¬æ¢       
  79   1              temp = Read_Ds1302_Byte (0x81);//è¯»å–ç§’æ•°æ®
  80   1              PrRtc[2] = (((temp>>4)*10) + (temp&0x0F));// 23(BCD) = 0010 0011(B) = 35(D),ä¸èƒ½ç›´æ¥èµ‹å€¼ï¼Œè¦è¿›è¡
             -ŒBCDåˆ°åè¿›åˆ¶æ•°æ®çš„è½¬æ¢               
  81   1      
  82   1      }


MODULE INFORMATION:   STATIC OVERLAYABLE
   CODE SIZE        =    250    ----
   CONSTANT SIZE    =   ----    ----
   XDATA SIZE       =   ----    ----
   PDATA SIZE       =   ----    ----
   DATA SIZE        =   ----    ----
   IDATA SIZE       =   ----    ----
   BIT SIZE         =   ----    ----
END OF MODULE INFORMATION.


C51 COMPILATION COMPLETE.  0 WARNING(S),  0 ERROR(S)
