C51 COMPILER V9.54   IIC                                                                   12/09/2023 22:18:13 PAGE 1   


C51 COMPILER V9.54, COMPILATION OF MODULE IIC
OBJECT MODULE PLACED IN .\Objects\iic.obj
COMPILER INVOKED BY: D:\keil c51\C51\BIN\C51.EXE iic.c OPTIMIZE(8,SPEED) BROWSE DEBUG OBJECTEXTEND PRINT(.\Listings\iic.
                    -lst) OBJECT(.\Objects\iic.obj)

line level    source

   1          /*      #   I2Cä»£ç ç‰‡æ®µè¯´æ˜
   2                  1.      æœ¬æ–‡ä»¶å¤¹ä¸­æä¾›çš„é©±åŠ¨ä»£ç ä¾›å‚èµ›é€‰æ‰‹å®Œæˆç¨‹åºè®¾è®¡å‚è€ƒã€‚
   3                  2.      å‚èµ›é€‰æ‰‹å¯ä»¥è‡ªè¡Œç¼–å†™ç›¸å…³ä»£ç æˆ–ä»¥è¯¥ä»£ç ä¸ºåŸºç¡€ï¼Œæ ¹æ®æ‰€é€‰å•ç‰‡æœºç±»å‹ã€è¿
             -è¡Œé€Ÿåº¦å’Œè¯•é¢˜
   4                          ä¸­å¯¹å•ç‰‡æœºæ—¶é’Ÿé¢‘ç‡çš„è¦æ±‚ï¼Œè¿›è¡Œä»£ç è°ƒè¯•å’Œä¿®æ”¹ã€‚
   5          */
   6          
   7          #define DELAY_TIME      5
   8          
   9          //
  10          static void I2C_Delay(unsigned char n)
  11          {
  12   1          do
  13   1          {
  14   2              _nop_();_nop_();_nop_();_nop_();_nop_();
*** WARNING C206 IN LINE 14 OF iic.c: '_nop_': missing function-prototype
*** ERROR C264 IN LINE 14 OF iic.c: intrinsic '_nop_': declaration/activation error
  15   2              _nop_();_nop_();_nop_();_nop_();_nop_();
  16   2              _nop_();_nop_();_nop_();_nop_();_nop_();                
  17   2          }
  18   1          while(n--);         
  19   1      }
  20          
  21          //
  22          void I2CStart(void)
  23          {
  24   1          sda = 1;
*** ERROR C202 IN LINE 24 OF iic.c: 'sda': undefined identifier
  25   1          scl = 1;
*** ERROR C202 IN LINE 25 OF iic.c: 'scl': undefined identifier
  26   1              I2C_Delay(DELAY_TIME);
  27   1          sda = 0;
*** ERROR C202 IN LINE 27 OF iic.c: 'sda': undefined identifier
  28   1              I2C_Delay(DELAY_TIME);
  29   1          scl = 0;    
*** ERROR C202 IN LINE 29 OF iic.c: 'scl': undefined identifier
  30   1      }
  31          
  32          //
  33          void I2CStop(void)
  34          {
  35   1          sda = 0;
*** ERROR C202 IN LINE 35 OF iic.c: 'sda': undefined identifier
  36   1          scl = 1;
*** ERROR C202 IN LINE 36 OF iic.c: 'scl': undefined identifier
  37   1              I2C_Delay(DELAY_TIME);
  38   1          sda = 1;
*** ERROR C202 IN LINE 38 OF iic.c: 'sda': undefined identifier
  39   1              I2C_Delay(DELAY_TIME);
  40   1      }
  41          
  42          //
  43          void I2CSendByte(unsigned char byt)
  44          {
C51 COMPILER V9.54   IIC                                                                   12/09/2023 22:18:13 PAGE 2   

  45   1          unsigned char i;
  46   1              
  47   1          for(i=0; i<8; i++){
  48   2              scl = 0;
*** ERROR C202 IN LINE 48 OF iic.c: 'scl': undefined identifier
  49   2                      I2C_Delay(DELAY_TIME);
  50   2              if(byt & 0x80){
  51   3                  sda = 1;
*** ERROR C202 IN LINE 51 OF iic.c: 'sda': undefined identifier
  52   3              }
  53   2              else{
  54   3                  sda = 0;
*** ERROR C202 IN LINE 54 OF iic.c: 'sda': undefined identifier
  55   3              }
  56   2                      I2C_Delay(DELAY_TIME);
  57   2              scl = 1;
*** ERROR C202 IN LINE 57 OF iic.c: 'scl': undefined identifier
  58   2              byt <<= 1;
  59   2                      I2C_Delay(DELAY_TIME);
  60   2          }
  61   1              
  62   1          scl = 0;  
*** ERROR C202 IN LINE 62 OF iic.c: 'scl': undefined identifier
  63   1      }
  64          
  65          //
  66          unsigned char I2CReceiveByte(void)
  67          {
  68   1              unsigned char da;
  69   1              unsigned char i;
  70   1              for(i=0;i<8;i++){   
  71   2                      scl = 1;
*** ERROR C202 IN LINE 71 OF iic.c: 'scl': undefined identifier
  72   2                      I2C_Delay(DELAY_TIME);
  73   2                      da <<= 1;
  74   2                      if(sda) 
*** ERROR C202 IN LINE 74 OF iic.c: 'sda': undefined identifier
  75   2                              da |= 0x01;
  76   2                      scl = 0;
*** ERROR C202 IN LINE 76 OF iic.c: 'scl': undefined identifier
  77   2                      I2C_Delay(DELAY_TIME);
  78   2              }
  79   1              return da;    
  80   1      }
  81          
  82          //
  83          unsigned char I2CWaitAck(void)
  84          {
  85   1              unsigned char ackbit;
  86   1              
  87   1          scl = 1;
*** ERROR C202 IN LINE 87 OF iic.c: 'scl': undefined identifier
  88   1              I2C_Delay(DELAY_TIME);
  89   1          ackbit = sda; 
*** ERROR C202 IN LINE 89 OF iic.c: 'sda': undefined identifier
  90   1          scl = 0;
*** ERROR C202 IN LINE 90 OF iic.c: 'scl': undefined identifier
  91   1              I2C_Delay(DELAY_TIME);
  92   1              
  93   1              return ackbit;
  94   1      }
  95          
C51 COMPILER V9.54   IIC                                                                   12/09/2023 22:18:13 PAGE 3   

  96          //
  97          void I2CSendAck(unsigned char ackbit)
  98          {
  99   1          scl = 0;
*** ERROR C202 IN LINE 99 OF iic.c: 'scl': undefined identifier
 100   1          sda = ackbit; 
*** ERROR C202 IN LINE 100 OF iic.c: 'sda': undefined identifier
 101   1              I2C_Delay(DELAY_TIME);
 102   1          scl = 1;
*** ERROR C202 IN LINE 102 OF iic.c: 'scl': undefined identifier
 103   1              I2C_Delay(DELAY_TIME);
 104   1          scl = 0; 
*** ERROR C202 IN LINE 104 OF iic.c: 'scl': undefined identifier
 105   1              sda = 1;
*** ERROR C202 IN LINE 105 OF iic.c: 'sda': undefined identifier
 106   1              I2C_Delay(DELAY_TIME);
 107   1      }
 108          

C51 COMPILATION COMPLETE.  1 WARNING(S),  24 ERROR(S)
