C51 COMPILER V9.60.7.0   KEY                                                               03/11/2024 19:14:13 PAGE 1   


C51 COMPILER V9.60.7.0, COMPILATION OF MODULE KEY
OBJECT MODULE PLACED IN .\Objects\key.obj
COMPILER INVOKED BY: E:\Applications\Keil_5\C51\BIN\C51.EXE ..\Driver\key.c OPTIMIZE(8,SPEED) BROWSE INCDIR(..\Driver;..
                    -\Sys;..\User) DEBUG OBJECTEXTEND PRINT(.\Listings\key.lst) OBJECT(.\Objects\key.obj)

line level    source

   1          #include "STC15F2K60S2.H"
   2          #include "timer.h"
   3          #include "init.h"
   4          #include "stdio.h"
   5          #include "key.h"
   6          
   7          //函数名：按键码值读取函数
   8          //入口参数：无
   9          //返回值：按键的码值
  10          //函数功能：返回按键码。
  11          
  12          unsigned char Key_Read(void)
  13          {
  14   1              unsigned int Key_New;//16位的数值，用于存放P3直接读取的第四位键值
  15   1              unsigned char Key_Value;//返回值
  16   1              
  17   1              P44 = 0; P42 = 1; P35 = 1; P34 = 1;  // 第一列扫描
  18   1              Key_New = P3 & 0X0F; // P3 = 0000 1111 ---P37~P30，P30~P33为高电平（准双向口读取I/O口外部电平状态前，需要
             -先将I/O口置为1）
  19   1              
  20   1              P44 = 1; P42 = 0; P35 = 1; P34 = 1;  // 第二列扫描
  21   1              Key_New = (Key_New << 4) | (P3 & 0X0F); //将原来的数值挪到次4位，本次数值放到最低4位，占用了8位
  22   1              
  23   1              P44 = 1; P42 = 1; P35 = 0; P34 = 1;  // 第三列扫描
  24   1              Key_New = (Key_New << 4) | (P3 & 0X0F); //将原来的数值挪到次次4位，本次数值放到最低4位，占用了12位
  25   1      
  26   1              P44 = 1; P42 = 1; P35 = 1; P34 = 0;  // 第四列扫描
  27   1              Key_New = (Key_New << 4) | (P3 & 0X0F); //将原来的数值挪到次次4位，本次数值放到最低4位，占用了16位
  28   1              
  29   1              switch(~Key_New)//Key_Value的数值对应按键的编号
  30   1              {
  31   2                      case 0x8000: Key_Value = 4; break;
  32   2                      case 0x4000: Key_Value = 5; break;
  33   2                      case 0x2000: Key_Value = 6; break;
  34   2                      case 0x1000: Key_Value = 7; break;              
  35   2              
  36   2                      case 0x0800: Key_Value = 8; break;
  37   2                      case 0x0400: Key_Value = 9; break;
  38   2                      case 0x0200: Key_Value = 10; break;
  39   2                      case 0x0100: Key_Value = 11; break;             
  40   2              
  41   2                      case 0x0080: Key_Value = 12; break;
  42   2                      case 0x0040: Key_Value = 13; break;
  43   2                      case 0x0020: Key_Value = 14; break;
  44   2                      case 0x0010: Key_Value = 15; break;                     
  45   2              
  46   2                      case 0x0008: Key_Value = 16; break;
  47   2                      case 0x0004: Key_Value = 17; break;
  48   2                      case 0x0002: Key_Value = 18; break;
  49   2                      case 0x0001: Key_Value = 19; break;                     
  50   2              
  51   2              }
  52   1              
  53   1              return Key_Value;
C51 COMPILER V9.60.7.0   KEY                                                               03/11/2024 19:14:13 PAGE 2   

  54   1              
  55   1      }
  56          
  57          
  58          //函数名：按键码值读取函数-独立按键
  59          //入口参数：无
  60          //返回值：按键的码值
  61          //函数功能：返回按键码。
  62          unsigned char Key_BIN(void)
  63          {
  64   1              unsigned char Key_Value;
  65   1              
  66   1              if(P30 ==0) Key_Value=7 ;
  67   1              else if(P31 ==0) Key_Value=6;
  68   1              else if(P32 ==0) Key_Value=5;
  69   1              else if(P33 ==0) Key_Value=4;
  70   1              else Key_Value = 0;
  71   1              
  72   1              return Key_Value;
  73   1      }


MODULE INFORMATION:   STATIC OVERLAYABLE
   CODE SIZE        =    285    ----
   CONSTANT SIZE    =   ----    ----
   XDATA SIZE       =   ----    ----
   PDATA SIZE       =   ----    ----
   DATA SIZE        =   ----       1
   IDATA SIZE       =   ----    ----
   BIT SIZE         =   ----    ----
END OF MODULE INFORMATION.


C51 COMPILATION COMPLETE.  0 WARNING(S),  0 ERROR(S)
