C51 COMPILER V9.60.7.0   MAIN                                                              03/11/2024 19:14:13 PAGE 1   


C51 COMPILER V9.60.7.0, COMPILATION OF MODULE MAIN
OBJECT MODULE PLACED IN .\Objects\main.obj
COMPILER INVOKED BY: E:\Applications\Keil_5\C51\BIN\C51.EXE main.c OPTIMIZE(8,SPEED) BROWSE INCDIR(..\Driver;..\Sys;..\U
                    -ser) DEBUG OBJECTEXTEND PRINT(.\Listings\main.lst) OBJECT(.\Objects\main.obj)

line level    source

   1          # include "STC15F2K60S2.H"
   2          # include "init.h"
   3          # include "timer.h"
   4          # include "stdio.h"
   5          # include "Key.h"
   6          #include "SEG.h"
   7          
   8          //-----------------------------------------------
   9          /* 函数声明 */
  10          void Key_Proc(void);//按键处理，底层数据变更
  11          void Seg_Proc(void);//显示处理，显示信息生成
  12          
  13          //-----------------------------------------------
  14          /* 全局变量声明 */
  15          
  16          //显示专用，基本上永远不变
  17          unsigned char seg_buf[8];//放置字符串转换后的段码到数组
  18          unsigned char seg_string[18];//放置字符串
  19          unsigned char   pos = 0;//中断显示专用
  20          
  21          //按键专用，基本上永远不变
  22          unsigned char Key_Value;//读取按键的数值存储变量
  23          unsigned char Key_Down, Key_Old;//读取按键的数值存储变量        
  24          
  25          //按键和显示函数减速专用，基本永远不变
  26          unsigned int Key_Slow_Down;//按键减速
  27          unsigned int Seg_Slow_Down;//按键减速
  28          
  29          
  30          
  31          //根据代码需求发生变化
  32          unsigned char Seg_Show[1];//准备显示出来的数值  
  33          
  34          
  35          /* main */
  36          void main()
  37          {
  38   1              //根据代码需求发生变化
  39   1              init_close();//关闭外设
  40   1              Timer1_Init();//定时器1初始化，并且使能定时器1中断，1ms进入一次
  41   1              EA = 1;//打开总中断
  42   1      
  43   1              while(1)
  44   1              {
  45   2                      //永远不变
  46   2                      Key_Proc();//按键处理，底层数据变更
  47   2                      Seg_Proc();//显示处理，显示信息生成
  48   2              }
  49   1      
  50   1      
  51   1      }
  52          
  53          //-----------------------------------------------
  54          /* Timer1_interrupt routine */
C51 COMPILER V9.60.7.0   MAIN                                                              03/11/2024 19:14:13 PAGE 2   

  55          void tm1_isr() interrupt 3
  56          {       
  57   1              
  58   1              //永远不变
  59   1              if(++Key_Slow_Down == 10) Key_Slow_Down = 0;
  60   1              if(++Seg_Slow_Down == 500) Seg_Slow_Down = 0;
  61   1              
  62   1              //永远不变
  63   1              NumShow(seg_buf, 0);//显示刷新
  64   1              if( ++pos == 8 )        pos = 0;
  65   1              
  66   1      }
  67          
  68          void Key_Proc(void)//按键处理，底层数据变更
  69          {
  70   1              //永远不变
  71   1              if(Key_Slow_Down) return;
  72   1              Key_Slow_Down = 1;//减速程序
  73   1              //下面3行是消抖
  74   1              Key_Value = Key_Read();//读取按键按下的编号（临时按键值）
  75   1              Key_Down = Key_Value & (Key_Old ^ Key_Value);//按下为按键值，其它（未按下，按下稳定期，抬起过程中）为0  
  76   1              Key_Old = Key_Value;
  77   1              
  78   1              //根据代码需求发生变化
  79   1              if(Key_Down)//如果捕捉到下降沿跳变
  80   1              {       switch(Key_Down){
  81   3                      case 7 :Seg_Show[0] = '0';break;
  82   3                      case 11 :Seg_Show[0] = '1';break;
  83   3                      case 15 :Seg_Show[0] = '2';break;
  84   3                      case 19 :Seg_Show[0] = '3';break;
  85   3                      case 6 :Seg_Show[0] = '4';break;
  86   3                      case 10 :Seg_Show[0] = '5';break;
  87   3                      case 14 :Seg_Show[0] = '6';break;
  88   3                      case 18 :Seg_Show[0] = '7';break;
  89   3                      case 5 :Seg_Show[0] = '8';break;
  90   3                      case 9 :Seg_Show[0] = '9';break;
  91   3                      case 13 :Seg_Show[0] = 'A';break;
  92   3                      case 17 :Seg_Show[0] = 'b';break;
  93   3                      case 4 :Seg_Show[0] = 'C';break;
  94   3                      case 8 :Seg_Show[0] = 'd';break;
  95   3                      case 12 :Seg_Show[0] = 'E';break;
  96   3                      case 16 :Seg_Show[0] = 'F';break;
  97   3                      
  98   3                      default :Seg_Show[0]=' ';break;
  99   3                      
 100   3                                      }
 101   2              }
 102   1              
 103   1      }
 104          
 105          /*seg_proc */
 106          void Seg_Proc(void)//显示处理，显示信息生成
 107          {
 108   1              //永远不变
 109   1              if(Seg_Slow_Down) return;
 110   1              Seg_Slow_Down = 1;//减速程序
 111   1      
 112   1              //根据代码需求发生变化
 113   1              seg_string[0]=Seg_Show[0];//将要显示的数值打印到字符串当中
 114   1              //永远不变
 115   1              NumTran(seg_string, seg_buf);
 116   1      }
C51 COMPILER V9.60.7.0   MAIN                                                              03/11/2024 19:14:13 PAGE 3   



MODULE INFORMATION:   STATIC OVERLAYABLE
   CODE SIZE        =    340    ----
   CONSTANT SIZE    =   ----    ----
   XDATA SIZE       =   ----    ----
   PDATA SIZE       =   ----    ----
   DATA SIZE        =     35    ----
   IDATA SIZE       =   ----    ----
   BIT SIZE         =   ----    ----
END OF MODULE INFORMATION.


C51 COMPILATION COMPLETE.  0 WARNING(S),  0 ERROR(S)
