C51 COMPILER V9.52.0.0   EX8                                                               01/24/2015 21:17:54 PAGE 1   


C51 COMPILER V9.52.0.0, COMPILATION OF MODULE EX8
OBJECT MODULE PLACED IN ex8.OBJ
COMPILER INVOKED BY: D:\Keil\C51\BIN\C51.EXE ex8.c BROWSE DEBUG OBJECTEXTEND

line level    source

   1          /*******************************************************************************  
   2          * 文件名称：定时器扫描按键实验
   3          * 实验目的：1.掌握通过定时器扫描按键键值的基本方法
   4          *           2.掌握51单片机定时器工作模式和配置方法
   5          * 程序说明：使用程序时，将跳线J2调整为BTN模式
   6          * 硬件环境：IAP15F2K61S2@11.0592MHz
   7          * 日期版本：2012-9-4/V1.0a 
   8          *******************************************************************************/
   9          
  10          #include "reg52.h"  //定义51单片机特殊功能寄存器
  11          #include "absacc.h"
  12          
  13          sfr AUXR = 0x8E;
  14          
  15          bit key_re;
  16          unsigned char key_press;
  17          unsigned char key_value;
  18          bit key_flag;
  19          unsigned char intr;
  20                                     //  0    1    2    3    4    5    6    7    8    9
  21          code unsigned char tab[] = { 0xc0,0xf9,0xa4,0xb0,0x99,0x92,0x82,0xf8,0x80,0x90,
  22                                       0xff};
  23          unsigned char dspbuf[8] = {10,10,10,10,10,0,0,0};  //显示缓冲区
  24          unsigned char dspcom = 0;
  25          
  26          unsigned char read_key(void);
  27          void display(void);
  28          
  29          void cls_buzz()
  30          {
  31   1              XBYTE[0xA000] = 0;
  32   1      }
  33          void cls_led()
  34          {
  35   1              XBYTE[0x8000] = 0xFF;
  36   1      }
  37          
  38          //主函数
  39          void main(void)
  40          { 
  41   1          unsigned char key_temp;
  42   1              unsigned char num;
  43   1          
  44   1              cls_buzz();cls_led();
  45   1              
  46   1          P3 = 0xff;  //按键接口初始化
  47   1          
  48   1              AUXR |= 0x80;   //1T模式，IAP15F2K61S2单片机特殊功能寄存器
  49   1              
  50   1              TMOD &= 0xF0;
  51   1              TL0 = 0xCD;     
  52   1              TH0 = 0xD4;     
  53   1              TF0 = 0;        
  54   1              TR0 = 1;
  55   1              ET0 = 1;
C51 COMPILER V9.52.0.0   EX8                                                               01/24/2015 21:17:54 PAGE 2   

  56   1              EA = 1;
  57   1          
  58   1          while(1)
  59   1          {
  60   2              if(key_flag)
  61   2              {
  62   3                  key_flag = 0;
  63   3                  key_temp = read_key();
  64   3              }        
  65   2              //进入按键处理程序部分
  66   2              switch(key_temp)
  67   2              {
  68   3                  case 1:
  69   3                                      num++;
  70   3                      break;
  71   3                  case 2:
  72   3                                      num--;
  73   3                      break;      
  74   3              }
  75   2                      key_temp = 0;  //完成按键处理程序后，清除键值
  76   2                      
  77   2                      (num>=100)?(dspbuf[5] = num/100):(dspbuf[5]=10);
  78   2                      (num>= 10)?(dspbuf[6] = num%100/10):(dspbuf[6]=10);
  79   2                      dspbuf[7] = num%10;
  80   2          }
  81   1      }
  82          
  83          //定时器中断服务函数
  84          void isr_timer_0(void)  interrupt 1  //默认中断优先级 1
  85          {
  86   1          display(); 
  87   1              if(++intr == 10)  //1ms执行一次
  88   1              {
  89   2              intr = 0;
  90   2                      key_flag = 1;  //10ms按键扫描标志位置1
  91   2          }
  92   1      }
  93          
  94          //读取键值
  95          unsigned char read_key(void)
  96          {
  97   1              
  98   1          unsigned char key_temp;
  99   1          
 100   1              key_temp = (P3&0x0f);
 101   1              
 102   1          if(key_temp != 0x0f) //有按键按下
 103   1              key_press++;
 104   1              else
 105   1                      key_press = 0;  //抖动
 106   1          
 107   1          if(key_press == 5)
 108   1          {
 109   2                      key_press = 0;
 110   2                      key_re = 1;
 111   2                      switch(key_temp)
 112   2              {
 113   3                  case 0x0e:
 114   3                      key_value = 1;  //
 115   3                      break;                
 116   3                  case 0x0d:
 117   3                      key_value = 2;  //
C51 COMPILER V9.52.0.0   EX8                                                               01/24/2015 21:17:54 PAGE 3   

 118   3                      break;    
 119   3                  case 0x0b:
 120   3                      key_value = 3;  //
 121   3                      break;    
 122   3                  case 0x07:
 123   3                      key_value = 4;  //
 124   3                      break;
 125   3              }
 126   2          }
 127   1          //连续三次检测到按键被按下，并且该按键已经释放
 128   1          if((key_re == 1) && (key_temp == 0x0f))
 129   1          {
 130   2              key_re = 0;
 131   2              return key_value;
 132   2          }
 133   1          
 134   1          return 0xff;  //无按键按下或被按下的按键未被释放    
 135   1      }
 136          
 137          //显示函数
 138          void display(void)
 139          {   
 140   1              XBYTE[0xE000] = 0xff;  //消隐
 141   1              
 142   1              XBYTE[0xC000] = (1<<dspcom);
 143   1          XBYTE[0xE000] = tab[dspbuf[dspcom]]; //段码
 144   1         
 145   1          if(++dspcom == 8){
 146   2              dspcom = 0;
 147   2          }   
 148   1      }


MODULE INFORMATION:   STATIC OVERLAYABLE
   CODE SIZE        =    320    ----
   CONSTANT SIZE    =     11    ----
   XDATA SIZE       =   ----    ----
   PDATA SIZE       =   ----    ----
   DATA SIZE        =     12       2
   IDATA SIZE       =   ----    ----
   BIT SIZE         =      2    ----
END OF MODULE INFORMATION.


C51 COMPILATION COMPLETE.  0 WARNING(S),  0 ERROR(S)
