C51 COMPILER V9.60.7.0   KEY                                                               04/12/2024 19:59:19 PAGE 1   


C51 COMPILER V9.60.7.0, COMPILATION OF MODULE KEY
OBJECT MODULE PLACED IN .\Objects\Key.obj
COMPILER INVOKED BY: E:\Applications\Keil_5\C51\BIN\C51.EXE ..\Driver\Key.c OPTIMIZE(8,SPEED) BROWSE INCDIR(..\Driver) D
                    -EBUG OBJECTEXTEND PRINT(.\Listings\Key.lst) OBJECT(.\Objects\Key.obj)

line level    source

   1          #include <Key.h>
   2          
   3          u8 Key_Read()
   4          {
   5   1              u8 temp;
   6   1              P44=0;P42=1;P35=1;P34=1;
   7   1              if(P30==0) temp=7;
   8   1              if(P31==0) temp=6;
   9   1              if(P32==0) temp=5;
  10   1              if(P33==0) temp=4;
  11   1              
  12   1              P44=1;P42=0;P35=1;P34=1;
  13   1              if(P30==0) temp=11;
  14   1              if(P31==0) temp=10;
  15   1              if(P32==0) temp=9;
  16   1              if(P33==0) temp=8;
  17   1              
  18   1              P44=1;P42=1;P35=0;P34=1;
  19   1              if(P30==0) temp=15;
  20   1              if(P31==0) temp=14;
  21   1              if(P32==0) temp=13;
  22   1              if(P33==0) temp=12;
  23   1              
  24   1              P44=1;P42=1;P35=1;P34=0;
  25   1              if(P30==0) temp=19;
  26   1              if(P31==0) temp=18;
  27   1              if(P32==0) temp=17;
  28   1              if(P33==0) temp=16;
  29   1              
  30   1              return temp;
  31   1      }


MODULE INFORMATION:   STATIC OVERLAYABLE
   CODE SIZE        =    113    ----
   CONSTANT SIZE    =   ----    ----
   XDATA SIZE       =   ----    ----
   PDATA SIZE       =   ----    ----
   DATA SIZE        =   ----    ----
   IDATA SIZE       =   ----    ----
   BIT SIZE         =   ----    ----
END OF MODULE INFORMATION.


C51 COMPILATION COMPLETE.  0 WARNING(S),  0 ERROR(S)
