C51 COMPILER V9.60.7.0   MAIN                                                              04/12/2024 19:59:19 PAGE 1   


C51 COMPILER V9.60.7.0, COMPILATION OF MODULE MAIN
OBJECT MODULE PLACED IN .\Objects\main.obj
COMPILER INVOKED BY: E:\Applications\Keil_5\C51\BIN\C51.EXE main.c OPTIMIZE(8,SPEED) BROWSE INCDIR(..\Driver) DEBUG OBJE
                    -CTEXTEND PRINT(.\Listings\main.lst) OBJECT(.\Objects\main.obj)

line level    source

   1          #include <STC15F2K60S2.H>
   2          #include <Key.h>
   3          #include <Led.h>
   4          #include <init.h>
   5          #include <Seg.h>
   6          
   7          u8 Seg_Slow_Down;
   8          u8 Seg_Buf[]={10,10,10,10,10,10,10,10};
   9          u8 Seg_Point[]={0,0,0,0,0,0,0,0};
  10          u8 Seg_Pos;
  11          
  12          u8 ucLed[]={0,0,0,0,0,0,0,0};
  13          
  14          
  15          u8 Key_Slow_Down;
  16          u8 Key_Down,Key_Up,Key_Val,Key_Old;
  17          
  18          
  19          
  20          
  21          void Key_Proc()
  22          {
  23   1              if(Key_Slow_Down)return;
  24   1                      Key_Slow_Down=1;
  25   1              Key_Val=Key_Read();
  26   1              Key_Down=Key_Val&(Key_Val^Key_Old);
  27   1              Key_Up=~Key_Val&(Key_Val^Key_Old);
  28   1              Key_Old=Key_Val;
  29   1              
  30   1              
  31   1              
  32   1      }
  33          
  34          void Seg_Proc()
  35          {
  36   1              if(Seg_Slow_Down)return;
  37   1                      Seg_Slow_Down=1;
  38   1              
  39   1      }
  40          
  41          void Led_Proc()
  42          {
  43   1              
  44   1      }
  45          
  46          
  47          
  48          
  49          
  50          
  51          
  52          
  53          void Timer0_Init(void)          //1毫秒@12.000MHz
  54          {
C51 COMPILER V9.60.7.0   MAIN                                                              04/12/2024 19:59:19 PAGE 2   

  55   1              AUXR &= 0x7F;                   //定时器时钟12T模式
  56   1              TMOD &= 0xF0;                   //设置定时器模式
  57   1              TL0 = 0x18;                             //设置定时初始值
  58   1              TH0 = 0xFC;                             //设置定时初始值
  59   1              TF0 = 0;                                //清除TF0标志
  60   1              TR0 = 1;                                //定时器0开始计时
  61   1              ET0=1;
  62   1              EA=1;
  63   1      }
  64          
  65          
  66          /* Timer0 interrupt routine */
  67          void tm0_isr() interrupt 1
  68          {       
  69   1              if(++Key_Slow_Down==10)Key_Slow_Down=0;
  70   1          if(++Seg_Slow_Down==500)Seg_Slow_Down=0;
  71   1              if(++Seg_Pos==8)Seg_Pos=0;
  72   1              Seg_Disp(Seg_Pos,Seg_Buf[Seg_Pos],Seg_Point[Seg_Pos]);
  73   1              Led_Disp(Seg_Pos,ucLed[Seg_Pos]);
  74   1              
  75   1      }
  76          
  77          
  78          void main()
  79          {
  80   1              System_Init();
  81   1              Timer0_Init();
  82   1              while(1)
  83   1              {       
  84   2                      Seg_Proc();
  85   2                      Led_Proc();
  86   2                      Key_Proc();
  87   2              }
  88   1      }


MODULE INFORMATION:   STATIC OVERLAYABLE
   CODE SIZE        =    206    ----
   CONSTANT SIZE    =   ----    ----
   XDATA SIZE       =   ----    ----
   PDATA SIZE       =   ----    ----
   DATA SIZE        =     31    ----
   IDATA SIZE       =   ----    ----
   BIT SIZE         =   ----    ----
END OF MODULE INFORMATION.


C51 COMPILATION COMPLETE.  0 WARNING(S),  0 ERROR(S)
