C51 COMPILER V9.60.7.0   SEG                                                               04/12/2024 19:59:20 PAGE 1   


C51 COMPILER V9.60.7.0, COMPILATION OF MODULE SEG
OBJECT MODULE PLACED IN .\Objects\Seg.obj
COMPILER INVOKED BY: E:\Applications\Keil_5\C51\BIN\C51.EXE ..\Driver\Seg.c OPTIMIZE(8,SPEED) BROWSE INCDIR(..\Driver) D
                    -EBUG OBJECTEXTEND PRINT(.\Listings\Seg.lst) OBJECT(.\Objects\Seg.obj)

line level    source

   1          #include <Seg.h>
   2          
   3          
   4          code u8 Seg_dula[]={0xc0,0xf9,0xa4,0xb0,0x99,0x92,0x82,0xf8,0x80,0x90,0xff,0xbf};//-
   5          u8 Seg_wela[]={0x01,0x02,0x04,0x08,0x10,0x20,0x40,0x80};
   6          
   7          void Seg_Disp(u8 wela,dula,point)
   8          {
   9   1              P0= 0XFF;
  10   1              P2= P2&0X1F|0XE0;//y7
  11   1              P2 &= 0X1F;
  12   1              
  13   1              P0=Seg_wela[wela];
  14   1              P2=P2&0X1F|0Xc0;//y6
  15   1              P2 &=0X1F;
  16   1              
  17   1              P0=Seg_dula[dula];
  18   1              if(point)
  19   1                      P0 &=0x7f;
  20   1              P2=P2&0X1F|0Xe0;//y6
  21   1              P2 &=0X1F;
  22   1      }


MODULE INFORMATION:   STATIC OVERLAYABLE
   CODE SIZE        =     65    ----
   CONSTANT SIZE    =     12    ----
   XDATA SIZE       =   ----    ----
   PDATA SIZE       =   ----    ----
   DATA SIZE        =      8    ----
   IDATA SIZE       =   ----    ----
   BIT SIZE         =   ----    ----
END OF MODULE INFORMATION.


C51 COMPILATION COMPLETE.  0 WARNING(S),  0 ERROR(S)
