C51 COMPILER V9.54   KEY                                                                   02/03/2023 17:30:43 PAGE 1   


C51 COMPILER V9.54, COMPILATION OF MODULE KEY
OBJECT MODULE PLACED IN .\Objects\Key.obj
COMPILER INVOKED BY: D:\keil5\C51\BIN\C51.EXE ..\Driver\Key.c OPTIMIZE(8,SPEED) BROWSE INCDIR(..\Driver) DEBUG OBJECTEXT
                    -END PRINT(.\Listings\Key.lst) OBJECT(.\Objects\Key.obj)

line level    source

   1          #include <Key.H>
   2          
   3          unsigned char Key_Read()
   4          {
   5   1              unsigned char temp = 0;
   6   1              
   7   1              if(P33 == 0) temp = 4;
   8   1              if(P32 == 0) temp = 5;
   9   1              if(P31 == 0) temp = 6;
  10   1              if(P30 == 0) temp = 7;
  11   1              
  12   1              return temp;
  13   1      }


MODULE INFORMATION:   STATIC OVERLAYABLE
   CODE SIZE        =     23    ----
   CONSTANT SIZE    =   ----    ----
   XDATA SIZE       =   ----    ----
   PDATA SIZE       =   ----    ----
   DATA SIZE        =   ----    ----
   IDATA SIZE       =   ----    ----
   BIT SIZE         =   ----    ----
END OF MODULE INFORMATION.


C51 COMPILATION COMPLETE.  0 WARNING(S),  0 ERROR(S)
