C51 COMPILER V9.52.0.0   __________________                                                03/11/2018 15:03:28 PAGE 1   


C51 COMPILER V9.52.0.0, COMPILATION OF MODULE __________________
OBJECT MODULE PLACED IN 独立按键的基本操作.OBJ
COMPILER INVOKED BY: C:\Keil_v5\C51\BIN\C51.EXE 独立按键的基本操作.c BROWSE DEBUG OBJECTEXTEND TABS(2)

line level    source

   1          #include "reg52.h"
   2          
   3          sbit S7 = P3^0;
   4          sbit S6 = P3^1;
   5          sbit S5 = P3^2;
   6          sbit S4 = P3^3;
   7          
   8          sbit L1 = P0^0;
   9          sbit L2 = P0^1;
  10          sbit L3 = P0^2;
  11          sbit L4 = P0^3;
  12          sbit L5 = P0^4;
  13          sbit L6 = P0^5;
  14          
  15          void SelectHC573(unsigned char channel)
  16          {
  17   1        switch(channel)
  18   1        {
  19   2          case 4:
  20   2            P2 = (P2 & 0x1f) | 0x80;
  21   2          break;
  22   2          case 5:
  23   2            P2 = (P2 & 0x1f) | 0xa0;
  24   2          break;
  25   2          case 6:
  26   2            P2 = (P2 & 0x1f) | 0xc0;
  27   2          break;
  28   2          case 7:
  29   2            P2 = (P2 & 0x1f) | 0xe0;
  30   2          break;
  31   2        }
  32   1      }
  33          
  34          void DelayK(unsigned char t)
  35          {
  36   1        while(t--);
  37   1      }
  38          
  39          void ScanKeys_Alone()
  40          {
  41   1        if(S7 == 0)
  42   1        {
  43   2          DelayK(100);
  44   2          if(S7 == 0)
  45   2          {
  46   3            L1 = 0;
  47   3            while(S7 == 0);
  48   3            L1 = 1;
  49   3          }
  50   2        }
  51   1        if(S6 == 0)
  52   1        {
  53   2          DelayK(100);
  54   2          if(S6 == 0)
  55   2          {
C51 COMPILER V9.52.0.0   __________________                                                03/11/2018 15:03:28 PAGE 2   

  56   3            L2 = 0;
  57   3            while(S6 == 0);
  58   3            L2 = 1;
  59   3          }
  60   2        }
  61   1        if(S5 == 0)
  62   1        {
  63   2          DelayK(100);
  64   2          if(S5 == 0)
  65   2          {
  66   3            L3 = 0;
  67   3            while(S5 == 0);
  68   3            L3 = 1;
  69   3          }
  70   2        }
  71   1        if(S4 == 0)
  72   1        {
  73   2          DelayK(100);
  74   2          if(S4 == 0)
  75   2          {
  76   3            L4 = 0;
  77   3            while(S4 == 0);
  78   3            L4 = 1;
  79   3          }
  80   2        }
  81   1      }
  82          
  83          void main()
  84          {
  85   1        SelectHC573(4);
  86   1        while(1)
  87   1        {
  88   2          ScanKeys_Alone();
  89   2        }
  90   1      }


MODULE INFORMATION:   STATIC OVERLAYABLE
   CODE SIZE        =    141    ----
   CONSTANT SIZE    =   ----    ----
   XDATA SIZE       =   ----    ----
   PDATA SIZE       =   ----    ----
   DATA SIZE        =   ----    ----
   IDATA SIZE       =   ----    ----
   BIT SIZE         =   ----    ----
END OF MODULE INFORMATION.


C51 COMPILATION COMPLETE.  0 WARNING(S),  0 ERROR(S)
