C51 COMPILER V9.54   DS1302                                                                03/28/2023 23:26:51 PAGE 1   


C51 COMPILER V9.54, COMPILATION OF MODULE DS1302
OBJECT MODULE PLACED IN .\Objects\Ds1302.obj
COMPILER INVOKED BY: C:\Keil_v5\C51\BIN\C51.EXE ..\Driver\Ds1302.c OPTIMIZE(8,SPEED) BROWSE INCDIR(..\Driver) DEBUG OBJE
                    -CTEXTEND PRINT(.\Listings\Ds1302.lst) TABS(2) OBJECT(.\Objects\Ds1302.obj)

line level    source

   1          #include <reg52.h>
   2          #include <intrins.h>
   3          #include "ds1302.h"
   4          sbit SCK=P1^7;    
   5          sbit SDA=P2^3;    
   6          sbit RST = P1^3;                        
   7          
   8          void Write_Ds1302(unsigned  char temp) 
   9          {
  10   1        unsigned char i;
  11   1        for (i=0;i<8;i++)       
  12   1        { 
  13   2          SCK=0;
  14   2          SDA=temp&0x01;
  15   2          temp>>=1; 
  16   2          SCK=1;
  17   2        }
  18   1      }   
  19          
  20          void Write_Ds1302_Byte( unsigned char address,unsigned char dat )     
  21          {
  22   1        RST=0;  _nop_();
  23   1        SCK=0;  _nop_();
  24   1        RST=1;  _nop_();  
  25   1        Write_Ds1302(address);  
  26   1        Write_Ds1302(dat);    
  27   1        RST=0; 
  28   1      }
  29          
  30          unsigned char Read_Ds1302_Byte ( unsigned char address )
  31          {
  32   1        unsigned char i,temp=0x00;
  33   1        RST=0;  _nop_();
  34   1        SCK=0;  _nop_();
  35   1        RST=1;  _nop_();
  36   1        Write_Ds1302(address);
  37   1        for (i=0;i<8;i++)   
  38   1        {   
  39   2          SCK=0;
  40   2          temp>>=1; 
  41   2          if(SDA)
  42   2          temp|=0x80; 
  43   2          SCK=1;
  44   2        } 
  45   1        RST=0;  _nop_();
  46   1        SCK=0;  _nop_();
  47   1        SCK=1;  _nop_();
  48   1        SDA=0;  _nop_();
  49   1        SDA=1;  _nop_();
  50   1        return (temp);      
  51   1      }
  52          
  53          void Set_Rtc(unsigned char* ucRtc)
  54          {
C51 COMPILER V9.54   DS1302                                                                03/28/2023 23:26:51 PAGE 2   

  55   1        unsigned char i;
  56   1        Write_Ds1302_Byte(0x8e,0);
  57   1        for(i=0;i<3;i++)
  58   1          Write_Ds1302_Byte(0x84-i*2,ucRtc[i]);
  59   1        Write_Ds1302_Byte(0x8e,1);
  60   1      }
  61          
  62          
  63          void Read_Rtc(unsigned char* ucRtc)
  64          {
  65   1        unsigned char i;
  66   1        for(i=0;i<3;i++)
  67   1          ucRtc[i] = Read_Ds1302_Byte(0x85-i*2);
  68   1      }
  69          
  70          void Set_Date(unsigned char* ucDate)
  71          {
  72   1        Write_Ds1302_Byte(0x8e,0);
  73   1        Write_Ds1302_Byte(0x8c,ucDate[0]);
  74   1        Write_Ds1302_Byte(0x88,ucDate[1]);
  75   1        Write_Ds1302_Byte(0x86,ucDate[2]);
  76   1        Write_Ds1302_Byte(0x8e,1);  
  77   1      }
  78          
  79          void Read_Date(unsigned char* ucDate)
  80          {
  81   1        ucDate[0] = Read_Ds1302_Byte(0x8d);
  82   1        ucDate[1] = Read_Ds1302_Byte(0x89);
  83   1        ucDate[2] = Read_Ds1302_Byte(0x87);
  84   1      }


MODULE INFORMATION:   STATIC OVERLAYABLE
   CODE SIZE        =    264    ----
   CONSTANT SIZE    =   ----    ----
   XDATA SIZE       =   ----    ----
   PDATA SIZE       =   ----    ----
   DATA SIZE        =   ----       6
   IDATA SIZE       =   ----    ----
   BIT SIZE         =   ----    ----
END OF MODULE INFORMATION.


C51 COMPILATION COMPLETE.  0 WARNING(S),  0 ERROR(S)
