C51 COMPILER V9.54   IIC                                                                   12/24/2017 18:53:50 PAGE 1   


C51 COMPILER V9.54, COMPILATION OF MODULE IIC
OBJECT MODULE PLACED IN .\Objects\iic.obj
COMPILER INVOKED BY: C:\keil   55\C51\BIN\C51.EXE iic.c OPTIMIZE(8,SPEED) BROWSE DEBUG OBJECTEXTEND PRINT(.\Listings\iic
                    -.lst) TABS(2) OBJECT(.\Objects\iic.obj)

line level    source

   1          /*
   2            程序说明: IIC总线驱动程序
   3            软件环境: Keil uVision 4.10 
   4            硬件环境: CT107单片机综合实训平台 8051，12MHz
   5            日    期: 2011-8-9
   6          */
   7          
   8          #include "reg52.h"
   9          #include "intrins.h"
  10          #include <iic.h>
  11          
  12          #define somenop {_nop_();_nop_();_nop_();_nop_();_nop_();_nop_();_nop_();_nop_();_nop_();_nop_();_nop_();_
             -nop_();_nop_();_nop_();_nop_();_nop_();_nop_();_nop_();_nop_();_nop_();_nop_();_nop_();_nop_();_nop_();_nop_();}    
  13          
  14          
  15          #define SlaveAddrW 0xA0
  16          #define SlaveAddrR 0xA1
  17          
  18          //总线引脚定义
  19          sbit SD = P2^1;  /* 数据线 */
  20          sbit SCL = P2^0;  /* 时钟线 */
  21          
  22          
  23          
  24          //总线启动条件
  25          void IIC_Start(void)
  26          {
  27   1        SD = 1;
  28   1        SCL = 1;
  29   1        somenop;
  30   1        SD = 0;
  31   1        somenop;
  32   1        SCL = 0;  
  33   1      }
  34          
  35          //总线停止条件
  36          void IIC_Stop(void)
  37          {
  38   1        SD = 0;
  39   1        SCL = 1;
  40   1        somenop;
  41   1        SD = 1;
  42   1      }
  43          
  44          //应答位控制
  45          void IIC_Ack(bit ackbit)
  46          {
  47   1        if(ackbit) 
  48   1        { 
  49   2          SD = 0;
  50   2        }
  51   1        else 
  52   1        {
  53   2          SD = 1;
C51 COMPILER V9.54   IIC                                                                   12/24/2017 18:53:50 PAGE 2   

  54   2        }
  55   1        somenop;
  56   1        SCL = 1;
  57   1        somenop;
  58   1        SCL = 0;
  59   1        SD = 1; 
  60   1        somenop;
  61   1      }
  62          
  63          //等待应答
  64          bit IIC_WaitAck(void)
  65          {
  66   1        SD = 1;
  67   1        somenop;
  68   1        SCL = 1;
  69   1        somenop;
  70   1        if(SD)    
  71   1        {   
  72   2          SCL = 0;
  73   2          IIC_Stop();
  74   2          return 0;
  75   2        }
  76   1        else  
  77   1        { 
  78   2          SCL = 0;
  79   2          return 1;
  80   2        }
  81   1      }
  82          
  83          //通过I2C总线发送数据
  84          void IIC_SendByte(unsigned char byt)
  85          {
  86   1        unsigned char i;
  87   1        for(i=0;i<8;i++)
  88   1        {   
  89   2          if(byt&0x80) 
  90   2          { 
  91   3            SD = 1;
  92   3          }
  93   2          else 
  94   2          {
  95   3            SD = 0;
  96   3          }
  97   2          somenop;
  98   2          SCL = 1;
  99   2          byt <<= 1;
 100   2          somenop;
 101   2          SCL = 0;
 102   2        }
 103   1      }
 104          
 105          //从I2C总线上接收数据
 106          unsigned char IIC_RecByte(void)
 107          {
 108   1        unsigned char da;
 109   1        unsigned char i;
 110   1        
 111   1        for(i=0;i<8;i++)
 112   1        {   
 113   2          SCL = 1;
 114   2          somenop;
 115   2          da <<= 1;
C51 COMPILER V9.54   IIC                                                                   12/24/2017 18:53:50 PAGE 3   

 116   2          if(SD) 
 117   2          da |= 0x01;
 118   2          SCL = 0;
 119   2          somenop;
 120   2        }
 121   1        return da;
 122   1      }
 123          
 124          uchar adread(uchar add)
 125          {
 126   1         uchar dat;
 127   1         IIC_Start();
 128   1         IIC_SendByte(0x90);
 129   1         IIC_WaitAck();
 130   1         IIC_SendByte(add);
 131   1         IIC_WaitAck();
 132   1      
 133   1         IIC_Start();
 134   1         IIC_SendByte(0x91);
 135   1         IIC_WaitAck();
 136   1         dat=IIC_RecByte();
 137   1         IIC_Ack(0);
 138   1         IIC_Stop();
 139   1      
 140   1         return dat;
 141   1      }


MODULE INFORMATION:   STATIC OVERLAYABLE
   CODE SIZE        =    437    ----
   CONSTANT SIZE    =   ----    ----
   XDATA SIZE       =   ----    ----
   PDATA SIZE       =   ----    ----
   DATA SIZE        =   ----    ----
   IDATA SIZE       =   ----    ----
   BIT SIZE         =   ----       1
END OF MODULE INFORMATION.


C51 COMPILATION COMPLETE.  0 WARNING(S),  0 ERROR(S)
