C51 COMPILER V9.54   DS1302                                                                12/24/2017 13:53:44 PAGE 1   


C51 COMPILER V9.54, COMPILATION OF MODULE DS1302
OBJECT MODULE PLACED IN .\Objects\ds1302.obj
COMPILER INVOKED BY: C:\keil   55\C51\BIN\C51.EXE ds1302.c OPTIMIZE(8,SPEED) BROWSE DEBUG OBJECTEXTEND PRINT(.\Listings\
                    -ds1302.lst) TABS(2) OBJECT(.\Objects\ds1302.obj)

line level    source

   1          /*
   2            程序说明: DS1302驱动程序
   3            软件环境: Keil uVision 4.10 
   4            硬件环境: CT107单片机综合实训平台 8051，12MHz
   5            日    期: 2011-8-9
   6          */
   7          
   8          #include <STC15F2K60S2.h>
   9          #include <intrins.h>
  10          #include <ds1302.h>
  11          
  12          sbit SCK=P1^7;    
  13          sbit SD=P2^3;   
  14          sbit RST = P1^3;   // DS1302复位
  15          
  16          uchar shijian[7]={59,50,11,1,1,1,1};  
  17                            
  18          
  19          void Write_Ds1302_Byte(unsigned  char temp) 
  20          {
  21   1        unsigned char i;
  22   1        for (i=0;i<8;i++)       
  23   1        { 
  24   2          SCK=0;
  25   2          SD=temp&0x01;
  26   2          temp>>=1; 
  27   2          SCK=1;
  28   2        }
  29   1      }   
  30          
  31          void Write_Ds1302( unsigned char address,unsigned char dat )     
  32          {
  33   1        RST=0;
  34   1        _nop_();
  35   1        SCK=0;
  36   1        _nop_();
  37   1        RST=1;  
  38   1          _nop_();  
  39   1        Write_Ds1302_Byte(address); 
  40   1        dat=(dat/10<<4)|(dat%10);
  41   1        Write_Ds1302_Byte(dat);   
  42   1        RST=0; 
  43   1      }
  44          
  45          unsigned char Read_Ds1302 ( unsigned char address )
  46          {
  47   1        unsigned char i,temp=0x00;
  48   1        RST=0;
  49   1        _nop_();
  50   1        SCK=0;
  51   1        _nop_();
  52   1        RST=1;
  53   1        _nop_();
  54   1        Write_Ds1302_Byte(address);
C51 COMPILER V9.54   DS1302                                                                12/24/2017 13:53:44 PAGE 2   

  55   1        for (i=0;i<8;i++)   
  56   1        {   
  57   2          SCK=0;
  58   2          temp>>=1; 
  59   2          if(SD)
  60   2          temp|=0x80; 
  61   2          SCK=1;
  62   2        } 
  63   1        RST=0;
  64   1        _nop_();
  65   1        RST=0;
  66   1        SCK=0;
  67   1        _nop_();
  68   1        SCK=1;
  69   1        _nop_();
  70   1        SD=0;
  71   1        _nop_();
  72   1        SD=1;
  73   1        _nop_();
  74   1        temp=temp/16*10+temp%16;
  75   1        return (temp);      
  76   1      }
  77          void dswrite()
  78          {
  79   1        uchar i,add=0x80;
  80   1        Write_Ds1302(0x8e,0x00);
  81   1        for(i=0;i<7;i++)
  82   1        {
  83   2          Write_Ds1302(add,shijian[i]);
  84   2          add=add+2;    
  85   2        }
  86   1        Write_Ds1302(0x8e,0x80);  
  87   1      }
  88          void dsread()
  89          {
  90   1        uchar i,add=0x81;
  91   1        Write_Ds1302(0x8e,0x00);
  92   1        for(i=0;i<7;i++)
  93   1        {
  94   2          shijian[i]=Read_Ds1302 (add);
  95   2          add=add+2;    
  96   2        }
  97   1        Write_Ds1302(0x8e,0x80);  
  98   1      }   


MODULE INFORMATION:   STATIC OVERLAYABLE
   CODE SIZE        =    192    ----
   CONSTANT SIZE    =   ----    ----
   XDATA SIZE       =   ----    ----
   PDATA SIZE       =   ----    ----
   DATA SIZE        =      7    ----
   IDATA SIZE       =   ----    ----
   BIT SIZE         =   ----    ----
END OF MODULE INFORMATION.


C51 COMPILATION COMPLETE.  0 WARNING(S),  0 ERROR(S)
