C51 COMPILER V9.54   MAIN                                                                  12/21/2017 18:07:54 PAGE 1   


C51 COMPILER V9.54, COMPILATION OF MODULE MAIN
OBJECT MODULE PLACED IN .\Objects\main.obj
COMPILER INVOKED BY: C:\keil   55\C51\BIN\C51.EXE main.c OPTIMIZE(8,SPEED) BROWSE DEBUG OBJECTEXTEND PRINT(.\Listings\ma
                    -in.lst) TABS(2) OBJECT(.\Objects\main.obj)

line level    source

   1          /*************************************************************************************
   2          实验功能：第四界省赛程序设计
   3          时间：2017.12.25
   4          作者：吴康
   5          **************************************************************************************/
   6          #include <STC15F2K60S2.h>
   7          #include <delay.h>
   8          #include <ds13022.h>
   9          #include <iic.h>
  10          
  11          #define uchar unsigned char 
  12          #define uint unsigned int
  13          
  14          unsigned char code tab[]={0XC0,0XF9,0XA4,0XB0,0X99,0X92,0X82,0XF8,0X80,0X90,0XBF,0XFF};
  15          uchar dsbuff[]={11,11,10,11,11,11,11,11};
  16          uchar s7=0,s6=0,s5=0,s4=0;  //按键设置标志位
  17          uchar discount = 0;         //数码管显示控制变量
  18          uchar jia=0,jian=0;         //在自动状态下，用作设置阈值的按键标志位
  19          uchar num_1 =0;             //读出来的数据存储变量
  20          uchar yuzhi=50;             //初始阈值
  21          
  22          /*************************************************************************************
  23          函数名称：allinit
  24          功能：板子整体初始化
  25          **************************************************************************************/
  26          void allinit()
  27          {
  28   1        P2=0x80;P0=0xff;
  29   1        P2=0xa0;P0=0x00;
  30   1        P2=0xc0;P0=0xff;
  31   1        P2=0xe0;P0=0xff;
  32   1      }
  33          
  34          /*************************************************************************************
  35          函数名称：keyscan
  36          功能：按键扫描函数
  37          **************************************************************************************/
  38          void keyscan()
  39          {
  40   1        if(P30==0)                    //切换工作状态
  41   1          {
  42   2            Delay5ms();
  43   2            if(P30==0)
  44   2              {
  45   3                if(s7==0) s7=1;       //s7=1手动状态，s7=0自动状态
  46   3                else if(s7==1) s7=0;
  47   3              }
  48   2            while(!P30);
  49   2          }
  50   1        
  51   1        if(P31==0)
  52   1          {
  53   2            Delay5ms();
  54   2            if(P31==0)
C51 COMPILER V9.54   MAIN                                                                  12/21/2017 18:07:54 PAGE 2   

  55   2              {
  56   3                if(s6==0) s6=1;
  57   3                else if(s6==1) 
  58   3                  {
  59   4                    s6=0;
  60   4                    at_iic_write(0x22,yuzhi);//将设定的阈值存储在0x22地址里
  61   4                  }
  62   3              }
  63   2            while(!P31);
  64   2          }
  65   1        if(P32==0)
  66   1          {
  67   2            Delay5ms();         
  68   2            if(P32==0)
  69   2              {
  70   3                s5=1;
  71   3                jia=1;
  72   3              }
  73   2            while(!P32);
  74   2          }
  75   1        if(P33==0)
  76   1          {
  77   2            Delay5ms();
  78   2            if(P33==0)
  79   2              {
  80   3                s5=0;
  81   3                jian=1;
  82   3              }
  83   2            while(!P33);
  84   2          }
  85   1      }
  86          
  87          /*************************************************************************************
  88          函数名称：display
  89          功能：显示函数
  90          **************************************************************************************/
  91          void display()
  92          {
  93   1        P2=0xef;
  94   1        P0=0xff;
  95   1        P2=0x1f;
  96   1          
  97   1        P2=0xcf;
  98   1        P0=1<<discount;
  99   1        P2=0x1f;
 100   1      
 101   1        P2=0xef;
 102   1        P0=tab[dsbuff[discount]];
 103   1        P2=0x1f;
 104   1        
 105   1        if(++discount==8) discount=0; 
 106   1      }
 107          
 108          /*************************************************************************************
 109          函数名称：Timer0Init
 110          功能：定时器0初始化函数
 111          **************************************************************************************/
 112          void Timer0Init(void)   //2毫秒@11.0592MHz
 113          {
 114   1        AUXR |= 0x80;         //定时器时钟1T模式
 115   1        TMOD &= 0xF0;         //设置定时器模式
 116   1        TL0 = 0x9A;           //设置定时初值
C51 COMPILER V9.54   MAIN                                                                  12/21/2017 18:07:54 PAGE 3   

 117   1        TH0 = 0xA9;           //设置定时初值
 118   1        TF0 = 0;              //清除TF0标志
 119   1        TR0 = 1;              //定时器0开始计时
 120   1        EA=1;
 121   1        ET0=1;
 122   1      }
 123          
 124          /*************************************************************************************
 125          函数名称：main
 126          功能：主函数
 127          **************************************************************************************/
 128          void  main()
 129          {
 130   1        allinit();                //板子整体初始化
 131   1        Timer0Init();             //定时器0初始化
 132   1        ds_write();               //DS1302时钟初始化
 133   1        yuzhi=at_iic_read(0x22);  //读地址里数据
 134   1        while(1)
 135   1        {
 136   2           keyscan();             //按键扫描函数
 137   2           ds_read();             //读DS1302时间
 138   2           num_1 = iic_read(0x03);//读电位器的ADC值
 139   2           if(s7==1)              //手动工作状态
 140   2             {
 141   3                dsbuff[7]=num_1%10;
 142   3                dsbuff[6]=num_1/10;
 143   3                dsbuff[4]=shijian[1]%10;
 144   3                dsbuff[3]=shijian[1]/10;
 145   3                dsbuff[1]=shijian[2]%10;
 146   3                dsbuff[0]=shijian[2]/10;
 147   3                dsbuff[2]=10;
 148   3                if((s6==0)&&(num_1<yuzhi))//判断按键是否按下，按下了将存储在0x22地址里的数据读出来进行比较
 149   3                  {
 150   4                    P2=0xa0;
 151   4                    P0=0x40;
 152   4                    if(s5==1)             //如果s5按下，打开继电器
 153   4                      {
 154   5                        P2=0xa0;
 155   5                        P0=0x50;    
 156   5                      }
 157   4                    else 
 158   4                      {
 159   5                        P2=0xa0;
 160   5                        P0=0x40;
 161   5                      }
 162   4                  }
 163   3                else if((s6==0)&&(num_1>=yuzhi))//判断按键是否按下，按下了将存储在0x22地址里的数据读出来进行比较
 164   3                  {
 165   4                      P2=0xa0;
 166   4                      P0=0x00;
 167   4                    if(s5==1)
 168   4                      {
 169   5                        P2=0xa0;
 170   5                        P0=0x10;    
 171   5                      }
 172   4                    else 
 173   4                      {
 174   5                        P2=0xa0;
 175   5                        P0=0x00;
 176   5                      }
 177   4                  }
 178   3                if(s6==1)
C51 COMPILER V9.54   MAIN                                                                  12/21/2017 18:07:54 PAGE 4   

 179   3                  {
 180   4                    P2=0xa0;
 181   4                    P0=0x00;
 182   4                    if(s5==1)
 183   4                      {
 184   5                        P2=0xa0;
 185   5                        P0=0x10;      
 186   5                      }
 187   4                    else 
 188   4                      {
 189   5                        P2=0xa0;
 190   5                        P0=0x00;
 191   5                      }
 192   4                  }
 193   3             }
 194   2           else 
 195   2             {
 196   3              if(num_1<yuzhi)   //自动状态下，将存储的数据进行比较
 197   3                {
 198   4                  P2=0xa0;
 199   4                  P0=0x10;
 200   4                }
 201   3              else 
 202   3                {
 203   4                  P2=0xa0;
 204   4                  P0=0x00;
 205   4                }
 206   3              if(s6==1)
 207   3                {
 208   4                  dsbuff[7]=yuzhi%10;
 209   4                  dsbuff[6]=yuzhi/10;
 210   4                  dsbuff[5]=11;
 211   4                  dsbuff[4]=11;
 212   4                  dsbuff[3]=11;
 213   4                  dsbuff[2]=11;    
 214   4                  dsbuff[1]=10;
 215   4                  dsbuff[0]=10;
 216   4                  if(jia==1)
 217   4                    {
 218   5                      yuzhi+=1;
 219   5                      jia=0;
 220   5                    }
 221   4                  if(jian==1)
 222   4                    {
 223   5                      yuzhi-=1;
 224   5                      jian=0;
 225   5                    }   
 226   4                }
 227   3              else 
 228   3                { 
 229   4                  dsbuff[7]=num_1%10;
 230   4                  dsbuff[6]=num_1/10;
 231   4                  dsbuff[4]=shijian[1]%10;
 232   4                  dsbuff[3]=shijian[1]/10;
 233   4                  dsbuff[2]=10; 
 234   4                  dsbuff[1]=shijian[2]%10;
 235   4                  dsbuff[0]=shijian[2]/10;
 236   4                }
 237   3             }
 238   2         }
 239   1      }
 240          
C51 COMPILER V9.54   MAIN                                                                  12/21/2017 18:07:54 PAGE 5   

 241          /*************************************************************************************
 242          函数名称：Time_0
 243          功能：中断服务函数
 244          **************************************************************************************/
 245          void Time_0() interrupt 1
 246          {
 247   1        display();
 248   1      }
 249          
 250          
 251          
 252          


MODULE INFORMATION:   STATIC OVERLAYABLE
   CODE SIZE        =    586    ----
   CONSTANT SIZE    =     12    ----
   XDATA SIZE       =   ----    ----
   PDATA SIZE       =   ----    ----
   DATA SIZE        =     17    ----
   IDATA SIZE       =   ----    ----
   BIT SIZE         =   ----    ----
END OF MODULE INFORMATION.


C51 COMPILATION COMPLETE.  0 WARNING(S),  0 ERROR(S)
