C51 COMPILER V9.56.0.0   MAIN                                                              06/29/2019 10:00:41 PAGE 1   


C51 COMPILER V9.56.0.0, COMPILATION OF MODULE MAIN
OBJECT MODULE PLACED IN .\Objects\main.obj
COMPILER INVOKED BY: C:\Keil_C51\C51\BIN\C51.EXE main.c OPTIMIZE(8,SPEED) BROWSE INCDIR(..\Driver) DEBUG OBJECTEXTEND PR
                    -INT(.\Listings\main.lst) TABS(2) OBJECT(.\Objects\main.obj)

line level    source

   1          #include "tim.h"
   2          #include "key.h"
   3          #include "seg.h"
   4          #include "stdio.h"
   5          #include "ds1302.h"
   6          #include "onewire.h"
   7          
   8          unsigned int  uiSeg_Dly;
   9          unsigned char pucRtc[3] = {23,59,50};
  10          unsigned char ucTemp_Val, ucTemp_Flag;
  11          unsigned char pucAlarm[3] = {0,0,0}, ucAlarm_Num;
  12          unsigned char ucState, ucSec, ucLed;
  13          unsigned char pucSeg_Buf[9], pucSeg_Code[8], ucSeg_Pos;
  14          unsigned char ucKey_Dly, ucKey_Old;
  15          unsigned long ulms; 
  16          
  17          void Key_Proc(void);
  18          void Seg_Proc(void);
  19          
  20          void main(void)
  21          { 
  22   1        Cls_Peripheral();
  23   1        Timer1Init(); 
  24   1        Set_RTC(pucRtc);
  25   1      
  26   1        while(1)
  27   1        {
  28   2          Key_Proc();
  29   2          Seg_Proc();
  30   2        }
  31   1      }
  32          
  33          void Time_1(void) interrupt 3
  34          {
  35   1        ulms++;
  36   1        if(++ucKey_Dly == 10)
  37   1          ucKey_Dly = 0;
  38   1        if(++uiSeg_Dly == 500)
  39   1          uiSeg_Dly = 0;
  40   1        if(ucAlarm_Num)
  41   1        {
  42   2          if(!(ulms % 200))
  43   2          {
  44   3            if(--ucAlarm_Num)
  45   3              ucLed ^= 1;
  46   3            else
  47   3              ucLed = 0;
  48   3            Led_Disp(ucLed);
  49   3          }
  50   2        }
  51   1        if(!(ulms % 1000))
  52   1          ucSec++;
  53   1        Seg_Disp(pucSeg_Code, ucSeg_Pos); 
  54   1        if(++ucSeg_Pos == 8) ucSeg_Pos = 0;
C51 COMPILER V9.56.0.0   MAIN                                                              06/29/2019 10:00:41 PAGE 2   

  55   1      }
  56          
  57          void Key_Proc(void)
  58          {
  59   1        unsigned char ucKey_Val, ucKey_Down;
  60   1      
  61   1        if(ucKey_Dly) return;
  62   1        ucKey_Dly = 1;
  63   1      
  64   1        ucKey_Val = Key_Read();
  65   1        ucKey_Down = ucKey_Val & (ucKey_Old ^ ucKey_Val);
  66   1        ucKey_Old = ucKey_Val;
  67   1      
  68   1        switch(ucKey_Down)
  69   1        {
  70   2          case 5:             // S5
  71   2            if(!ucState) ucState += 0x10;
  72   2            else if(ucState < 0x20)
  73   2              if(++ucState == 0x13)
  74   2              {
  75   3                ucState = 0;
  76   3                Set_RTC(pucRtc);
  77   3              }break;
  78   2          case 4:             // S4
  79   2            if(!ucState) ucState += 0x20;
  80   2            else if(ucState >= 0x20)
  81   2              if(++ucState == 0x23) ucState = 0;
  82   2            break; 
  83   2          case 9:             // S9
  84   2            if(!ucState) break;
  85   2            switch(ucState)
  86   2            {
  87   3              case 0x10:
  88   3                if(++pucRtc[0] == 24) pucRtc[0] = 0;
  89   3                break;
  90   3              case 0x11:
  91   3                if(++pucRtc[1] == 60) pucRtc[1] = 0;
  92   3                break;
  93   3              case 0x12:
  94   3                if(++pucRtc[2] == 60) pucRtc[2] = 0;
  95   3                break;
  96   3              case 0x20:
  97   3                if(++pucAlarm[0] == 24) pucAlarm[0] = 0;
  98   3                break;
  99   3              case 0x21:
 100   3                if(++pucAlarm[1] == 60) pucAlarm[1] = 0;
 101   3                break;
 102   3              case 0x22:
 103   3                if(++pucAlarm[2] == 60) pucAlarm[2] = 0;
 104   3            }break;
 105   2          case 8:             // S8
 106   2            if(!ucState) break;
 107   2            switch(ucState)
 108   2            {
 109   3              case 0x10:
 110   3                if(!pucRtc[0]) pucRtc[0] = 23;
 111   3                else pucRtc[0]--;
 112   3                break;
 113   3              case 0x11:
 114   3                if(!pucRtc[1]) pucRtc[1] = 59;
 115   3                else pucRtc[1]--;
 116   3                break;
C51 COMPILER V9.56.0.0   MAIN                                                              06/29/2019 10:00:41 PAGE 3   

 117   3              case 0x12:
 118   3                if(!pucRtc[2]) pucRtc[2] = 59;
 119   3                else pucRtc[2]--;
 120   3                break;
 121   3              case 0x20:
 122   3                if(!pucAlarm[0]) pucAlarm[0] = 23;
 123   3                else pucAlarm[0]--;
 124   3                break;
 125   3              case 0x21:
 126   3                if(!pucAlarm[1]) pucAlarm[1] = 59;
 127   3                else pucAlarm[1]--;
 128   3                break;
 129   3              case 0x22:
 130   3                if(!pucAlarm[2]) pucAlarm[2] = 59;
 131   3                else pucAlarm[2]--;
 132   3            }
 133   2        }
 134   1        if(!ucState && (ucKey_Old == 8))
 135   1          ucTemp_Flag = 1;
 136   1        if(!ucState && !ucKey_Old)
 137   1          ucTemp_Flag = 0;
 138   1      
 139   1        if(ucKey_Down && ucAlarm_Num)
 140   1        {
 141   2          ucAlarm_Num = 0;
 142   2          Led_Disp(0);
 143   2        }
 144   1      }
 145          
 146          void Seg_Proc(void)
 147          {
 148   1        if(uiSeg_Dly) return;
 149   1        uiSeg_Dly = 1;
 150   1      
 151   1        if(!ucTemp_Flag)
 152   1        {
 153   2          if(!ucState)
 154   2          {
 155   3            Read_RTC(pucRtc);
 156   3            if((pucRtc[0]==pucAlarm[0]) && (pucRtc[1]==pucAlarm[1])\
 157   3              && (pucRtc[2]==pucAlarm[2]))
 158   3              ucAlarm_Num = 25;
 159   3          }
 160   2          if(ucState < 0x20)
 161   2            sprintf(pucSeg_Buf, "%02d-%02d-%02d", (unsigned int)pucRtc[0],\
 162   2              (unsigned int)pucRtc[1], (unsigned int)pucRtc[2]);
 163   2          else
 164   2            sprintf(pucSeg_Buf, "%02d-%02d-%02d", (unsigned int)pucAlarm[0],\
 165   2              (unsigned int)pucAlarm[1], (unsigned int)pucAlarm[2]);
 166   2          if(ucSec&1)
 167   2            switch(ucState)
 168   2            {
 169   3              case 0x10:
 170   3              case 0x20:
 171   3                pucSeg_Buf[0] = 0xff;
 172   3                pucSeg_Buf[1] = 0xff;
 173   3                break;
 174   3              case 0x11:
 175   3              case 0x21:
 176   3                pucSeg_Buf[3] = 0xff;
 177   3                pucSeg_Buf[4] = 0xff;
 178   3                break;
C51 COMPILER V9.56.0.0   MAIN                                                              06/29/2019 10:00:41 PAGE 4   

 179   3              case 0x12:
 180   3              case 0x22:
 181   3                pucSeg_Buf[6] = 0xff;
 182   3                pucSeg_Buf[7] = 0xff;
 183   3            }
 184   2        }
 185   1        else
 186   1        {
 187   2          ucTemp_Val = rd_temperature()>>4;
 188   2          sprintf(pucSeg_Buf, "     %02dC", (unsigned int)ucTemp_Val);
 189   2        }
 190   1        Seg_Tran(pucSeg_Buf, pucSeg_Code);
 191   1      }


MODULE INFORMATION:   STATIC OVERLAYABLE
   CODE SIZE        =    861    ----
   CONSTANT SIZE    =     26    ----
   XDATA SIZE       =   ----    ----
   PDATA SIZE       =   ----    ----
   DATA SIZE        =     38       1
   IDATA SIZE       =   ----    ----
   BIT SIZE         =   ----    ----
END OF MODULE INFORMATION.


C51 COMPILATION COMPLETE.  0 WARNING(S),  0 ERROR(S)
