C51 COMPILER V9.56.0.0   MAIN                                                              06/29/2019 09:56:16 PAGE 1   


C51 COMPILER V9.56.0.0, COMPILATION OF MODULE MAIN
OBJECT MODULE PLACED IN .\Objects\main.obj
COMPILER INVOKED BY: C:\Keil_C51\C51\BIN\C51.EXE main.c OPTIMIZE(8,SPEED) BROWSE INCDIR(..\Driver) DEFINE(T0_TIME) DEBUG
                    - OBJECTEXTEND PRINT(.\Listings\main.lst) TABS(2) OBJECT(.\Objects\main.obj)

line level    source

   1          #include "tim.h"
   2          #include "key.h"
   3          #include "seg.h"
   4          #include "stdio.h"
   5          #include "onewire.h"
   6          
   7          sbit Pwm_Out = P3^4;
   8          unsigned int  uiSeg_Dly;
   9          unsigned char ucTemp_Val, ucTemp_Flag;
  10          unsigned char ucState, ucSec, ucLed=1;
  11          unsigned char ucDelay, ucPwm, ucPlus=2;
  12          unsigned char pucSeg_Buf[9], pucSeg_Code[8], ucSeg_Pos;
  13          unsigned char ucKey_Dly, ucKey_Old;
  14          unsigned long ulms;
  15          
  16          void Key_Proc(void);
  17          void Seg_Proc(void);
  18          
  19          void Timer0Init(void)       // 100微秒@12.000MHz
  20          {
  21   1        AUXR |= 0x80;           // 定时器时钟1T模式
  22   1        TMOD &= 0xF0;           // 设置定时器模式
  23   1        TL0 = 0x50;           // 设置定时初值
  24   1        TH0 = 0xFB;           // 设置定时初值
  25   1        TF0 = 0;              // 清除TF0标志
  26   1        TR0 = 1;              // 定时器0开始计时
  27   1        ET0 = 1;              // 允许定时器0中断
  28   1      }
  29          
  30          void main(void)
  31          {
  32   1        Cls_Peripheral();
  33   1        Timer1Init();
  34   1        Timer0Init();
  35   1      
  36   1        while(1)
  37   1        {
  38   2          Key_Proc();
  39   2          Seg_Proc();
  40   2        }
  41   1      }
  42          
  43          void Time_1(void) interrupt 3
  44          {
  45   1        ulms++;
  46   1        if(++ucKey_Dly == 10)
  47   1          ucKey_Dly = 0;
  48   1        if(++uiSeg_Dly == 500)
  49   1          uiSeg_Dly = 0;
  50   1        if(!(ulms % 1000))
  51   1        {
  52   2          if(ucDelay) ucDelay--;
  53   2          else if(ucSec) ucSec--;
  54   2        }
C51 COMPILER V9.56.0.0   MAIN                                                              06/29/2019 09:56:16 PAGE 2   

  55   1        Seg_Disp(pucSeg_Code, ucSeg_Pos);
  56   1        if(++ucSeg_Pos == 8) ucSeg_Pos = 0;
  57   1      }
  58          
  59          void Key_Proc(void)
  60          {
  61   1        unsigned char ucKey_Val, ucKey_Down;
  62   1      
  63   1        if(ucKey_Dly) return;
  64   1        ucKey_Dly = 1;
  65   1      
  66   1        ucKey_Val = Key_Read();
  67   1        ucKey_Down = ucKey_Val & (ucKey_Old ^ ucKey_Val);
  68   1        ucKey_Old = ucKey_Val;
  69   1      
  70   1        switch(ucKey_Down)
  71   1        {
  72   2          case 4:             // S4
  73   2            if(++ucState == 3)        // 切换工作模式
  74   2              ucState = 0;
  75   2            switch(ucState)
  76   2            {
  77   3              case 0:
  78   3                ucLed |= 1; ucLed &= ~6;  // L1亮
  79   3                ucPlus = 2; break;
  80   3              case 1:
  81   3                ucLed |= 2; ucLed &= ~5;  // L2亮
  82   3                ucPlus = 3; break;
  83   3              case 2:
  84   3                ucLed |= 4; ucLed &= ~3;  // L3亮
  85   3                ucPlus = 7;
  86   3            }break;
  87   2          case 5:             // S5
  88   2            ucSec += 60;          // 切换定时
  89   2            if(ucSec >= 180) ucSec = 0;
  90   2            else if(ucSec >= 120) ucSec = 120;
  91   2            else if(ucSec >= 60) ucSec = 60;
  92   2            ucDelay = 2;
  93   2            break;
  94   2          case 9:             // S9
  95   2            ucSec = 0;            // 清除定时
  96   2            break;
  97   2          case 8:             // S8
  98   2            ucTemp_Flag ^= 1;       // 切换室温显示
  99   2        }
 100   1      }
 101          
 102          void Seg_Proc(void)
 103          {
 104   1        if(uiSeg_Dly) return;
 105   1        uiSeg_Dly = 1;
 106   1      
 107   1        if(!ucTemp_Flag)
 108   1          sprintf(pucSeg_Buf, "-%1u- %04u", \
 109   1            (unsigned int)ucState+1, (unsigned int)ucSec);
 110   1        else
 111   1        {
 112   2          ucTemp_Val = rd_temperature()>>4;
 113   2          sprintf(pucSeg_Buf, "-4-  %2uC", (unsigned int)ucTemp_Val);
 114   2        }
 115   1        Seg_Tran(pucSeg_Buf, pucSeg_Code);
 116   1      }
C51 COMPILER V9.56.0.0   MAIN                                                              06/29/2019 09:56:16 PAGE 3   

 117          
 118          void Time_0(void) interrupt 1
 119          {
 120   1        if(ucSec)
 121   1        {
 122   2          if(++ucPwm == 10) ucPwm = 0;
 123   2          if(!ucPwm)
 124   2          {
 125   3            Pwm_Out = 1;
 126   3            ucLed |= 0x80;
 127   3          }
 128   2          else if(ucPwm == ucPlus)
 129   2          {
 130   3            Pwm_Out = 0;
 131   3            ucLed &= 0x7F;
 132   3          }
 133   2        }
 134   1        else
 135   1          ucLed &= 0x7f;
 136   1        Led_Disp(ucLed);
 137   1      }


MODULE INFORMATION:   STATIC OVERLAYABLE
   CODE SIZE        =    548    ----
   CONSTANT SIZE    =     21    ----
   XDATA SIZE       =   ----    ----
   PDATA SIZE       =   ----    ----
   DATA SIZE        =     34    ----
   IDATA SIZE       =   ----    ----
   BIT SIZE         =   ----    ----
END OF MODULE INFORMATION.


C51 COMPILATION COMPLETE.  0 WARNING(S),  0 ERROR(S)
