C51 COMPILER V9.54   DS1302                                                                02/08/2023 15:27:01 PAGE 1   


C51 COMPILER V9.54, COMPILATION OF MODULE DS1302
OBJECT MODULE PLACED IN .\Objects\ds1302.obj
COMPILER INVOKED BY: C:\Keil_v5\C51\BIN\C51.EXE ..\Driver\ds1302.c OPTIMIZE(8,SPEED) BROWSE INCDIR(..\Driver) DEBUG OBJE
                    -CTEXTEND PRINT(.\Listings\ds1302.lst) TABS(2) OBJECT(.\Objects\ds1302.obj)

line level    source

   1          #include "ds1302.h"                   
   2          #include <reg52.h>
   3          #include <intrins.h>
   4          
   5          sbit SCK = P1^7;    
   6          sbit SDA = P2^3;    
   7          sbit RST = P1^3; 
   8          
   9          
  10          //写字节
  11          void Write_Ds1302(unsigned  char temp) 
  12          {
  13   1        unsigned char i;
  14   1        for (i=0;i<8;i++)       
  15   1        { 
  16   2          SCK = 0;
  17   2          SDA = temp&0x01;
  18   2          temp>>=1; 
  19   2          SCK=1;
  20   2        }
  21   1      }   
  22          
  23          //向DS1302寄存器写入数据
  24          void Write_Ds1302_Byte( unsigned char address,unsigned char dat )     
  25          {
  26   1        RST=0;  _nop_();
  27   1        SCK=0;  _nop_();
  28   1        RST=1;  _nop_();  
  29   1        Write_Ds1302(address);  
  30   1        Write_Ds1302(dat);    
  31   1        RST=0; 
  32   1      }
  33          
  34          //从DS1302寄存器读出数据
  35          unsigned char Read_Ds1302_Byte ( unsigned char address )
  36          {
  37   1        unsigned char i,temp=0x00;
  38   1        RST=0;  _nop_();
  39   1        SCK=0;  _nop_();
  40   1        RST=1;  _nop_();
  41   1        Write_Ds1302(address);
  42   1        for (i=0;i<8;i++)   
  43   1        {   
  44   2          SCK=0;
  45   2          temp>>=1; 
  46   2          if(SDA)
  47   2          temp|=0x80; 
  48   2          SCK=1;
  49   2        } 
  50   1        RST=0;  _nop_();
  51   1        SCK=0;  _nop_();
  52   1        SCK=1;  _nop_();
  53   1        SDA=0;  _nop_();
  54   1        SDA=1;  _nop_();
C51 COMPILER V9.54   DS1302                                                                02/08/2023 15:27:01 PAGE 2   

  55   1        return (temp);      
  56   1      }
  57          
  58          void Set_Rtc(unsigned char* ucRtc)
  59          {
  60   1        unsigned char i;
  61   1        Write_Ds1302_Byte(0x8e,0x00);
  62   1        for(i=0;i<3;i++)
  63   1          Write_Ds1302_Byte(0x84-2*i,ucRtc[i]);
  64   1        Write_Ds1302_Byte(0x8e,0x80);
  65   1      }
  66          
  67          void Read_Rtc(unsigned char* ucRtc)
  68          {
  69   1        unsigned char i;
  70   1        for(i=0;i<3;i++)
  71   1          ucRtc[i] = Read_Ds1302_Byte(0x85-2*i);
  72   1      }


MODULE INFORMATION:   STATIC OVERLAYABLE
   CODE SIZE        =    184    ----
   CONSTANT SIZE    =   ----    ----
   XDATA SIZE       =   ----    ----
   PDATA SIZE       =   ----    ----
   DATA SIZE        =   ----       6
   IDATA SIZE       =   ----    ----
   BIT SIZE         =   ----    ----
END OF MODULE INFORMATION.


C51 COMPILATION COMPLETE.  0 WARNING(S),  0 ERROR(S)
