C51 COMPILER V9.52.0.0   ONEWIRE                                                           11/16/2019 14:29:15 PAGE 1   


C51 COMPILER V9.52.0.0, COMPILATION OF MODULE ONEWIRE
OBJECT MODULE PLACED IN onewire.OBJ
COMPILER INVOKED BY: C:\Keil_51\C51\BIN\C51.EXE onewire.c BROWSE DEFINE(STC12) DEBUG OBJECTEXTEND

line level    source

   1          #include "reg52.h"
   2          
   3          sbit DQ = P1^4;
   4          
   5          //单总线延时函数
   6          #ifndef STC12  
              void Delay_OneWire(unsigned int t)  //STC89C52RC
              {
                      while(t--);
              }
              #else
  12          void Delay_OneWire(unsigned int t)  //STC12C5260S2
  13          {
  14   1              unsigned char i;
  15   1              while(t--){
  16   2                      for(i=0;i<12;i++);
  17   2              }
  18   1      }
  19          #endif
  20          
  21          //通过单总线向DS18B20写一个字节
  22          void Write_DS18B20(unsigned char dat)
  23          {
  24   1              unsigned char i;
  25   1              for(i=0;i<8;i++)
  26   1              {
  27   2                      DQ = 0;
  28   2                      DQ = dat&0x01;
  29   2                      Delay_OneWire(5);
  30   2                      DQ = 1;
  31   2                      dat >>= 1;
  32   2              }
  33   1              Delay_OneWire(5);
  34   1      }
  35          
  36          //从DS18B20读取一个字节
  37          unsigned char Read_DS18B20(void)
  38          {
  39   1              unsigned char i;
  40   1              unsigned char dat;
  41   1        
  42   1              for(i=0;i<8;i++)
  43   1              {
  44   2                      DQ = 0;
  45   2                      dat >>= 1;
  46   2                      DQ = 1;
  47   2                      if(DQ)
  48   2                      {
  49   3                              dat |= 0x80;
  50   3                      }           
  51   2                      Delay_OneWire(5);
  52   2              }
  53   1              return dat;
  54   1      }
  55          
C51 COMPILER V9.52.0.0   ONEWIRE                                                           11/16/2019 14:29:15 PAGE 2   

  56          //DS18B20初始化
  57          bit init_ds18b20(void)
  58          {
  59   1              bit initflag = 0;
  60   1              
  61   1              DQ = 1;
  62   1              Delay_OneWire(12);
  63   1              DQ = 0;
  64   1              Delay_OneWire(80); // 延时大于480us
  65   1              DQ = 1;
  66   1              Delay_OneWire(10);  // 14
  67   1              initflag = DQ;     // initflag等于1初始化失败
  68   1              Delay_OneWire(5);
  69   1        
  70   1              return initflag;
  71   1      }
  72          
  73          //DS18B20温度采集程序：整数
  74          unsigned char rd_temperature(void)
  75          {
  76   1          unsigned char low,high;
  77   1              char temp;
  78   1        
  79   1              init_ds18b20();
  80   1              Write_DS18B20(0xCC);
  81   1              Write_DS18B20(0x44); //启动温度转换
  82   1              Delay_OneWire(200);
  83   1      
  84   1              init_ds18b20();
  85   1              Write_DS18B20(0xCC);
  86   1              Write_DS18B20(0xBE); //读取寄存器
  87   1      
  88   1              low = Read_DS18B20(); //低字节
  89   1              high = Read_DS18B20(); //高字节
  90   1        
  91   1              temp = high<<4;
  92   1              temp |= (low>>4);
  93   1        
  94   1              return temp;
  95   1      }


MODULE INFORMATION:   STATIC OVERLAYABLE
   CODE SIZE        =    174    ----
   CONSTANT SIZE    =   ----    ----
   XDATA SIZE       =   ----    ----
   PDATA SIZE       =   ----    ----
   DATA SIZE        =   ----    ----
   IDATA SIZE       =   ----    ----
   BIT SIZE         =   ----       1
END OF MODULE INFORMATION.


C51 COMPILATION COMPLETE.  0 WARNING(S),  0 ERROR(S)
