C51 COMPILER V9.54   DS1302                                                                12/24/2017 15:16:10 PAGE 1   


C51 COMPILER V9.54, COMPILATION OF MODULE DS1302
OBJECT MODULE PLACED IN .\Objects\ds1302.obj
COMPILER INVOKED BY: C:\keil   55\C51\BIN\C51.EXE ds1302.c OPTIMIZE(8,SPEED) BROWSE DEBUG OBJECTEXTEND PRINT(.\Listings\
                    -ds1302.lst) TABS(2) OBJECT(.\Objects\ds1302.obj)

line level    source

   1          /*
   2            程序说明: DS1302驱动程序
   3            软件环境: Keil uVision 4.10 
   4            硬件环境: CT107单片机综合实训平台 8051，12MHz
   5            日    期: 2011-8-9
   6          */
   7          
   8          #include <STC15F2K60S2.h>
   9          #include <intrins.h>
  10          #include <ds1302.h>
  11          
  12          uchar shijian[7]={55,59,23,1,1,1,1};
  13          
  14          void Write_Ds1302_Byte(unsigned  char temp) 
  15          {
  16   1        unsigned char i;
  17   1        for (i=0;i<8;i++)       
  18   1        { 
  19   2          SCK=0;
  20   2          SDA=temp&0x01;
  21   2          temp>>=1; 
  22   2          SCK=1;
  23   2        }
  24   1      }   
  25          
  26          void Write_Ds1302( unsigned char address,unsigned char dat )     
  27          {
  28   1        RST=0;
  29   1        _nop_();
  30   1        SCK=0;
  31   1        _nop_();
  32   1        RST=1;  
  33   1          _nop_();  
  34   1        Write_Ds1302_Byte(address);
  35   1        dat=((dat/10)<<4|(dat%10)); 
  36   1        Write_Ds1302_Byte(dat);   
  37   1        RST=0; 
  38   1      }
  39          
  40          unsigned char Read_Ds1302 ( unsigned char address )
  41          {
  42   1        unsigned char i,temp=0x00;
  43   1        RST=0;
  44   1        _nop_();
  45   1        SCK=0;
  46   1        _nop_();
  47   1        RST=1;
  48   1        _nop_();
  49   1        Write_Ds1302_Byte(address);
  50   1        for (i=0;i<8;i++)   
  51   1        {   
  52   2          SCK=0;
  53   2          temp>>=1; 
  54   2          if(SDA)
C51 COMPILER V9.54   DS1302                                                                12/24/2017 15:16:10 PAGE 2   

  55   2          temp|=0x80; 
  56   2          SCK=1;
  57   2        } 
  58   1        RST=0;
  59   1        _nop_();
  60   1        RST=0;
  61   1        SCK=0;
  62   1        _nop_();
  63   1        SCK=1;
  64   1        _nop_();
  65   1        SDA=0;
  66   1        _nop_();
  67   1        SDA=1;
  68   1        _nop_();
  69   1        temp=temp/16*10+temp%16;
  70   1        return (temp);      
  71   1      }
  72          
  73          void dswrite()
  74          {
  75   1        uchar i,add=0x80;
  76   1        Write_Ds1302(0x8e,0x00);
  77   1        for(i=0;i<7;i++)
  78   1        {
  79   2          Write_Ds1302(add,shijian[i]);
  80   2          add+=2; 
  81   2        }
  82   1        Write_Ds1302(0x8e,0x80);  
  83   1      } 
  84                                
  85          void dsread()
  86          {
  87   1        uchar i,add=0x81;
  88   1        Write_Ds1302(0x8e,0x00);
  89   1        for(i=0;i<7;i++)
  90   1        {
  91   2          shijian[i]=Read_Ds1302(add);
  92   2          add+=2;
  93   2        }
  94   1        Write_Ds1302(0x8e,0x80);
  95   1      }


MODULE INFORMATION:   STATIC OVERLAYABLE
   CODE SIZE        =    192    ----
   CONSTANT SIZE    =   ----    ----
   XDATA SIZE       =   ----    ----
   PDATA SIZE       =   ----    ----
   DATA SIZE        =      7    ----
   IDATA SIZE       =   ----    ----
   BIT SIZE         =   ----    ----
END OF MODULE INFORMATION.


C51 COMPILATION COMPLETE.  0 WARNING(S),  0 ERROR(S)
