C51 COMPILER V9.54   MAIN                                                                  12/27/2017 21:10:09 PAGE 1   


C51 COMPILER V9.54, COMPILATION OF MODULE MAIN
OBJECT MODULE PLACED IN .\Objects\main.obj
COMPILER INVOKED BY: C:\keil   55\C51\BIN\C51.EXE main.c OPTIMIZE(8,SPEED) BROWSE DEBUG OBJECTEXTEND PRINT(.\Listings\ma
                    -in.lst) TABS(2) OBJECT(.\Objects\main.obj)

line level    source

   1          #include "STC15F2K60S2.H"
   2          #include "onewire.h"
   3          #include "iic.h"
   4          #include "ds1302.h"
   5          
   6          #define uint unsigned int
   7          #define uchar unsigned char
   8          
   9          uchar code tab[14]={0xc0,0xf9,0xa4,0xb0,0x99,0x92,0x82,0xf8,0x80,0x90,0xbf,0xff,0xc6,0x89};
  10          uchar dsbuff[8]={11,11,11,11,11,11,11,11};
  11          uchar discount;
  12          uchar wendu,adc;
  13          uchar s4=0;
  14          uchar fan=0;
  15          uint count0;
  16          
  17          void delayms(uint xms)
  18          {
  19   1        uint i,j;
  20   1        for(i=xms;i>0;i--)
  21   1        for(j=110;j>0;j--);
  22   1      }
  23          
  24          void allinit()
  25          {
  26   1        P2=0XA0;P0=0X00;
  27   1        P2=0X80;P0=0XFF;
  28   1        P2=0XE0;P0=0XFF;
  29   1        P2=0XC0;P0=0XFF;
  30   1      }
  31          void display()
  32          {
  33   1        P2=0XEF;
  34   1        P0=0XFF;
  35   1        P2=0X1F;
  36   1        
  37   1        P2=0XCF;
  38   1        P0=1<<discount;
  39   1        P2=0X1F;
  40   1        
  41   1        P2=0XEF;
  42   1        P0=tab[dsbuff[discount]];
  43   1        P2=0X1F;
  44   1        
  45   1        if(++discount==8) discount=0;
  46   1      }
  47          
  48          void Timer0Init(void)   //2毫秒@11.0592MHz
  49          {
  50   1        AUXR |= 0x80;   //定时器时钟1T模式
  51   1        TMOD &= 0xF0;   //设置定时器模式
  52   1        TL0 = 0x9A;   //设置定时初值
  53   1        TH0 = 0xA9;   //设置定时初值
  54   1        TF0 = 0;    //清除TF0标志
C51 COMPILER V9.54   MAIN                                                                  12/27/2017 21:10:09 PAGE 2   

  55   1        TR0 = 1;    //定时器0开始计时
  56   1        EA=1;
  57   1        ET0=1;
  58   1      }
  59          
  60          void key()
  61          {
  62   1        if(P33==0)
  63   1        {
  64   2          delayms(10);
  65   2          if(P33==0)
  66   2          {
  67   3            if(s4==0) s4=1;
  68   3            else if(s4==1) s4=0;
  69   3          }
  70   2          while(!P33);
  71   2        }
  72   1      }
  73          void main()
  74          {
  75   1        Timer0Init();
  76   1        allinit();
  77   1        dswrite();
  78   1        while(1)
  79   1        {
  80   2          wendu=read_temp();
  81   2          adc=read_adc(0x03);
  82   2          dsread();
  83   2          key();
  84   2          if(s4==0)
  85   2          {
  86   3            dsbuff[6]=adc%10;
  87   3            dsbuff[5]=adc/10;
  88   3            dsbuff[7]=13;
  89   3            dsbuff[4]=11;
  90   3            dsbuff[3]=11;
  91   3            dsbuff[2]=12;
  92   3            dsbuff[1]=wendu%10;
  93   3            dsbuff[0]=wendu/10;
  94   3          }
  95   2          else
  96   2          {
  97   3            dsbuff[7]=shijian[0]%10;
  98   3            dsbuff[6]=shijian[0]/10;
  99   3            
 100   3            dsbuff[4]=shijian[1]%10;
 101   3            dsbuff[3]=shijian[1]/10;
 102   3            
 103   3            dsbuff[1]=shijian[2]%10;
 104   3            dsbuff[0]=shijian[2]/10;
 105   3          }
 106   2        }
 107   1      }
 108          
 109          void Tmer0() interrupt 1
 110          {
 111   1        display();
 112   1        count0++; 
 113   1        if(count0==500)
 114   1        {
 115   2          count0=0;
 116   2          if(fan==0)
C51 COMPILER V9.54   MAIN                                                                  12/27/2017 21:10:09 PAGE 3   

 117   2          {
 118   3            fan=1;
 119   3            dsbuff[5]=10;
 120   3            dsbuff[2]=10;
 121   3          }
 122   2          else if(fan==1)
 123   2          {
 124   3            fan=0;
 125   3            dsbuff[5]=11;
 126   3            dsbuff[2]=11;
 127   3          }
 128   2        }
 129   1      }


MODULE INFORMATION:   STATIC OVERLAYABLE
   CODE SIZE        =    383    ----
   CONSTANT SIZE    =     14    ----
   XDATA SIZE       =   ----    ----
   PDATA SIZE       =   ----    ----
   DATA SIZE        =     15    ----
   IDATA SIZE       =   ----    ----
   BIT SIZE         =   ----    ----
END OF MODULE INFORMATION.


C51 COMPILATION COMPLETE.  0 WARNING(S),  0 ERROR(S)
