C51 COMPILER V9.60.7.0   MAIN                                                              11/26/2023 20:22:07 PAGE 1   


C51 COMPILER V9.60.7.0, COMPILATION OF MODULE MAIN
OBJECT MODULE PLACED IN .\Objects\main.obj
COMPILER INVOKED BY: E:\Applications\Keil_5\C51\BIN\C51.EXE main.c OPTIMIZE(8,SPEED) BROWSE INCDIR(..\Driver;..\Sys) DEB
                    -UG OBJECTEXTEND PRINT(.\Listings\main.lst) OBJECT(.\Objects\main.obj)

line level    source

   1          
   2          # include "bsp_init.h"
   3          # include "bsp_led.h"
   4          
   5          
   6          //-----------------------------------------------
   7          /* 变量定义空间 */
   8          bit timer1_interrupt_into_flag = 0;//本变量为布尔变量，进入定时器中断变为1
   9          bit timer0_interrupt_into_flag = 0;//本变量为布尔变量，进入定时器中断变为1
  10          
  11          unsigned int one_ms_trigger_count = 0;//每一毫秒触发一次,0-65535
  12          unsigned int ten_ms_trigger_count = 0;//每一毫秒触发一次,0-65535
  13          unsigned char ucLed = 0;//要显示数据
  14          
  15          
  16          
  17          //-----------------------------------------------
  18          /* main program */
  19          void main()
  20          {
  21   1              Cls_Peripheral();//关闭系统外设
  22   1              Timer1Init();//定时器1初始化，并开启定时器1中断
*** WARNING C206 IN LINE 22 OF main.c: 'Timer1Init': missing function-prototype
  23   1      //      Timer0Init();//定时器0初始化，并开启定时器1中断
  24   1              EA = 1;         //使能总中断
  25   1              
  26   1              while(1)
  27   1              {
  28   2                      
  29   2                      
  30   2                      
  31   2                      //定时器1回调函数，每1ms触发，第一个函数，每1s控制显示变量
  32   2                      if(timer1_interrupt_into_flag)
  33   2                      {
  34   3                              timer1_interrupt_into_flag = 0;//如果识别到中断标志变化，复位中断标志。
  35   3                              one_ms_trigger_count++; //毫秒计数
  36   3                      }
  37   2                              
  38   2                      if((!(one_ms_trigger_count%1000))&&(one_ms_trigger_count>0))//到达1s
  39   2                      {
  40   3                              one_ms_trigger_count = 0;
  41   3                              ucLed ^= 0XF0;//控制的高4位翻滚
  42   3                      }
  43   2                      
  44   2                      
  45   2                      //定时器0回调函数，每10ms触发控制显示变量               
  46   2      //              if(timer0_interrupt_into_flag)
  47   2      //              {
  48   2      //                      timer0_interrupt_into_flag = 0;//如果识别到中断标志变化，复位中断标志。
  49   2      //                      ten_ms_trigger_count++; //毫秒计数
  50   2      //              }               
  51   2      //              
  52   2      //              if((!(ten_ms_trigger_count%10))&&(ten_ms_trigger_count>0))//到达1s
  53   2      //              {
C51 COMPILER V9.60.7.0   MAIN                                                              11/26/2023 20:22:07 PAGE 2   

  54   2      //                      ten_ms_trigger_count = 0;
  55   2      //                      ucLed ^= 0X0F;//控制的低4位翻滚
  56   2      //              }               
  57   2                      
  58   2                      
  59   2                      Led_Disp(ucLed);//将要显示的内容显示出来
  60   2      
  61   2              }       
  62   1      
  63   1      }
  64          
  65          
  66          
  67          
  68          //-----------------------------------------------
  69          
  70          /* Timer1_interrupt routine */
  71          void tm1_isr() interrupt 3
  72          {
  73   1         timer1_interrupt_into_flag = 1;//进入中断标志位
  74   1      }
  75          
  76          //-----------------------------------------------
  77          
  78          /* Timer0_interrupt routine */
  79          //void tm0_isr() interrupt 1
  80          //{
  81          //   timer0_interrupt_into_flag = 1;//进入中断标志位
  82          //}


MODULE INFORMATION:   STATIC OVERLAYABLE
   CODE SIZE        =     65    ----
   CONSTANT SIZE    =   ----    ----
   XDATA SIZE       =   ----    ----
   PDATA SIZE       =   ----    ----
   DATA SIZE        =      5    ----
   IDATA SIZE       =   ----    ----
   BIT SIZE         =      2    ----
END OF MODULE INFORMATION.


C51 COMPILATION COMPLETE.  1 WARNING(S),  0 ERROR(S)
