C51 COMPILER V9.56.0.0   KEY                                                               05/18/2019 12:11:50 PAGE 1   


C51 COMPILER V9.56.0.0, COMPILATION OF MODULE KEY
OBJECT MODULE PLACED IN .\Objects\key.obj
COMPILER INVOKED BY: C:\Keil_C51\C51\BIN\C51.EXE ..\key.c OPTIMIZE(8,SPEED) BROWSE INCDIR(..\) DEBUG OBJECTEXTEND PRINT(
                    -.\Listings\key.lst) TABS(2) OBJECT(.\Objects\key.obj)

line level    source

   1          #include "key.h"
   2          
   3          unsigned char Key_Read(void)
   4          {
   5   1        unsigned char Key_New, Key_Val;
   6   1        static unsigned char Key_Long;  
   7   1        static unsigned char Key_Time;
   8   1      
   9   1        P44 = 0; P42 = 0;
  10   1        Key_New = P3;
  11   1        P44 = 1; P42 = 1;
  12   1        if((Key_New & 0x0f) == 0x0f)
  13   1        {   
  14   2          Key_Long = 0;
  15   2          return 0;
  16   2        }
  17   1        Key_Delay(20);
  18   1        P44 = 0; P42 = 1;
  19   1        Key_New = P3;
  20   1        P44 = 1; P42 = 0;
  21   1        Key_New = (Key_New<<4) | (P3&0x0f);
  22   1        P44 = 1; P42 = 1;
  23   1      
  24   1        switch(Key_New) 
  25   1        {
  26   2          case ~0x80: Key_Val = 4; break;   // S4
  27   2          case ~0x40: Key_Val = 5; break;   // S5
  28   2          case ~0x20: Key_Val = 6; break;   // S6
  29   2          case ~0x10: Key_Val = 7; break;   // S7
  30   2          case ~0x08: Key_Val = 8; break;   // S8
  31   2          case ~0x04: Key_Val = 9; break;   // S9
  32   2          case ~0x02: Key_Val = 10; break;  // S10
  33   2          case ~0x01: Key_Val = 11; break;  // S11
  34   2        }
  35   1      
  36   1        if(Key_Long == Key_Val) return 0;
  37   1        Key_Long = Key_Val;
  38   1        Key_Time = 0;
  39   1        return Key_Val;
  40   1      }
  41          // 按键消抖延时（最小约500ms）
  42          void Key_Delay(unsigned int num)
  43          {
  44   1        unsigned int i;
  45   1        while(num--)
  46   1          for(i=0; i<314; i++);
  47   1      }


MODULE INFORMATION:   STATIC OVERLAYABLE
   CODE SIZE        =    169    ----
   CONSTANT SIZE    =   ----    ----
   XDATA SIZE       =   ----    ----
   PDATA SIZE       =   ----    ----
C51 COMPILER V9.56.0.0   KEY                                                               05/18/2019 12:11:50 PAGE 2   

   DATA SIZE        =      2       1
   IDATA SIZE       =   ----    ----
   BIT SIZE         =   ----    ----
END OF MODULE INFORMATION.


C51 COMPILATION COMPLETE.  0 WARNING(S),  0 ERROR(S)
