C51 COMPILER V9.56.0.0   MAIN                                                              02/05/2021 22:10:45 PAGE 1   


C51 COMPILER V9.56.0.0, COMPILATION OF MODULE MAIN
OBJECT MODULE PLACED IN .\Objects\main.obj
COMPILER INVOKED BY: D:\10.1 keil51\C51\BIN\C51.EXE main.c OPTIMIZE(8,SPEED) BROWSE INCDIR(..\Driver) DEBUG OBJECTEXTEND
                    - PRINT(.\Listings\main.lst) TABS(2) OBJECT(.\Objects\main.obj)

line level    source

   1          // 使用程序前，将J13调整为IO模式（2-3脚短接）
   2          #include "tim.h"
   3          
   4          unsigned char ucSec;
   5          unsigned long ulms;
   6          
   7          void main(void)
   8          {
   9   1        Cls_Peripheral();
  10   1        Timer1Init(); 
  11   1        while(1);
  12   1      }
  13          
  14          void Time_1(void) interrupt 3
  15          {
  16   1        ulms++;
  17   1        if(!(ulms % 1000))
  18   1        {
  19   2          ucSec++;
  20   2          Led_Disp(ucSec);
  21   2        }
  22   1      }


MODULE INFORMATION:   STATIC OVERLAYABLE
   CODE SIZE        =    124    ----
   CONSTANT SIZE    =   ----    ----
   XDATA SIZE       =   ----    ----
   PDATA SIZE       =   ----    ----
   DATA SIZE        =      5    ----
   IDATA SIZE       =   ----    ----
   BIT SIZE         =   ----    ----
END OF MODULE INFORMATION.


C51 COMPILATION COMPLETE.  0 WARNING(S),  0 ERROR(S)
