C51 COMPILER V9.56.0.0   SEG                                                               05/18/2019 12:11:50 PAGE 1   


C51 COMPILER V9.56.0.0, COMPILATION OF MODULE SEG
OBJECT MODULE PLACED IN .\Objects\seg.obj
COMPILER INVOKED BY: C:\Keil_C51\C51\BIN\C51.EXE ..\seg.c OPTIMIZE(8,SPEED) BROWSE INCDIR(..\) DEBUG OBJECTEXTEND PRINT(
                    -.\Listings\seg.lst) TABS(2) OBJECT(.\Objects\seg.obj)

line level    source

   1          #include "seg.h"
   2          // 显示函数
   3          void Seg_Disp(unsigned char *Seg_Buf)
   4          {   
   5   1        unsigned char i, j=0, temp;
   6   1      
   7   1        for(i=0; i<8; i++, j++)
   8   1        {
   9   2          switch(Seg_Buf[j]) 
  10   2          {
  11   3            case '0': temp = 0xc0; break;
  12   3            case '1': temp = 0xf9; break;
  13   3            case '2': temp = 0xa4; break;
  14   3            case '3': temp = 0xb0; break;
  15   3            case '4': temp = 0x99; break;
  16   3            case '5': temp = 0x92; break;
  17   3            case '6': temp = 0x82; break;
  18   3            case '7': temp = 0xf8; break;
  19   3            case '8': temp = 0x80; break;
  20   3            case '9': temp = 0x90; break;
  21   3            case 'A': temp = 0x88; break;
  22   3            case 'B': temp = 0x83; break;
  23   3            case 'C': temp = 0xc6; break;
  24   3            case 'D': temp = 0xA1; break;
  25   3            case 'E': temp = 0x86; break;
  26   3            case 'F': temp = 0x8E; break;
  27   3            case 'P': temp = 0x8c; break;
  28   3            case 'U': temp = 0xC1; break;
  29   3            case 'H': temp = 0x89; break;
  30   3            case ' ': temp = 0xff; break;
  31   3            case '-': temp = 0xbf; break;
  32   3            default: temp = 0xff;
  33   3          } 
  34   2          if(Seg_Buf[j+1] == '.')
  35   2          {
  36   3            temp = temp&0x7f;
  37   3            j++;
  38   3          }
  39   2          XBYTE[0xC000] = 1<<i;       // 位选
  40   2          XBYTE[0xE000] = temp;       // 段码
  41   2          Seg_Delay(5);
  42   2          XBYTE[0xE000] = 0xFF;       // 消隐
  43   2        }
  44   1      }
  45          // 显示延时（最小约500ms）
  46          void Seg_Delay(unsigned int num)
  47          {
  48   1        unsigned int i;
  49   1        while(num--)
  50   1          for(i=0; i<314; i++);
  51   1      }


MODULE INFORMATION:   STATIC OVERLAYABLE
C51 COMPILER V9.56.0.0   SEG                                                               05/18/2019 12:11:50 PAGE 2   

   CODE SIZE        =    309    ----
   CONSTANT SIZE    =   ----    ----
   XDATA SIZE       =   ----    ----
   PDATA SIZE       =   ----    ----
   DATA SIZE        =   ----       6
   IDATA SIZE       =   ----    ----
   BIT SIZE         =   ----    ----
END OF MODULE INFORMATION.


C51 COMPILATION COMPLETE.  0 WARNING(S),  0 ERROR(S)
