C51 COMPILER V9.60.7.0   MAIN                                                              03/22/2024 20:55:23 PAGE 1   


C51 COMPILER V9.60.7.0, COMPILATION OF MODULE MAIN
OBJECT MODULE PLACED IN .\Objects\main.obj
COMPILER INVOKED BY: E:\Applications\Keil_5\C51\BIN\C51.EXE main.c OPTIMIZE(8,SPEED) BROWSE INCDIR(..\Driver) DEBUG OBJE
                    -CTEXTEND PRINT(.\Listings\main.lst) OBJECT(.\Objects\main.obj)

line level    source

   1          /* 头文件声明区 */
   2          #include <Init.h>
   3          #include <Led.h>
   4          
   5          /* 变量声明区 */
   6          unsigned char Led_Pos;
   7          unsigned char Led_Buf[8] = {0,0,0,0,0,0,0,0};
   8          unsigned char Led_Buf_Index;
   9          unsigned int Timer_1000Ms;
  10          
  11          /* 定时器0初始化函数 */
  12          void Timer0Init(void)           //1毫秒@12.000MHz
  13          {
  14   1              AUXR &= 0x7F;           //定时器时钟12T模式
  15   1              TMOD &= 0xF0;           //设置定时器模式
  16   1              TL0 = 0x18;             //设置定时初始值
  17   1              TH0 = 0xFC;             //设置定时初始值
  18   1              TF0 = 0;                //清除TF0标志
  19   1              TR0 = 1;                //定时器0开始计时
  20   1              ET0 = 1;
  21   1              EA = 1;
  22   1      }
  23          
  24          /* 定时器0中断服务函数 */
  25          void Timer0Server() interrupt 1
  26          {
  27   1              unsigned char i = 0;
  28   1              /* 动态扫描 原理参考动态数码管 */
  29   1              if(++Led_Pos == 8) Led_Pos = 0;
  30   1              Led_Disp(Led_Pos,Led_Buf[Led_Pos]);
  31   1              
  32   1              /* 先将所有Led熄灭 */
  33   1              for(i = 0;i < 8;i++)
  34   1                      Led_Buf[i] = 0;
  35   1              
  36   1              /* 将当前所需要点亮的Led置高电平 */
  37   1              Led_Buf[Led_Buf_Index] = 1;
  38   1              
  39   1              /* 一秒钟切换一次当前需要点亮的Led */
  40   1              if(++Timer_1000Ms == 1000)
  41   1              {
  42   2                      Timer_1000Ms = 0;
  43   2                      if(++Led_Buf_Index == 8)
  44   2                              Led_Buf_Index = 0;
  45   2              }
  46   1      }
  47          
  48          /* Main */
  49          void main()
  50          {
  51   1              System_Init();
  52   1              Timer0Init();
  53   1              while(1)
  54   1              {
C51 COMPILER V9.60.7.0   MAIN                                                              03/22/2024 20:55:23 PAGE 2   

  55   2                      
  56   2              }
  57   1      }
  58          


MODULE INFORMATION:   STATIC OVERLAYABLE
   CODE SIZE        =    158    ----
   CONSTANT SIZE    =   ----    ----
   XDATA SIZE       =   ----    ----
   PDATA SIZE       =   ----    ----
   DATA SIZE        =     12    ----
   IDATA SIZE       =   ----    ----
   BIT SIZE         =   ----    ----
END OF MODULE INFORMATION.


C51 COMPILATION COMPLETE.  0 WARNING(S),  0 ERROR(S)
