C51 COMPILER V9.60.7.0   MAIN                                                              03/06/2024 21:55:34 PAGE 1   


C51 COMPILER V9.60.7.0, COMPILATION OF MODULE MAIN
OBJECT MODULE PLACED IN .\Objects\main.obj
COMPILER INVOKED BY: E:\Applications\Keil_5\C51\BIN\C51.EXE main.c OPTIMIZE(8,SPEED) BROWSE INCDIR(..\User;..\Sys;..\Dri
                    -ver) DEBUG OBJECTEXTEND PRINT(.\Listings\main.lst) OBJECT(.\Objects\main.obj)

line level    source

   1          #include "STC15F2K60S2.H"
   2          #include "init.h"
   3          #include "Delay.h"
   4          #include "SEG.h"
   5          #include "STDIO.H"
   6          #include "STRING.H"
   7          #include "timer.h"
   8          
   9          //全局变量
  10          unsigned char seg_string[10];
  11          unsigned char month=0;
  12          unsigned char seg_buf[18];//存转换后的数
  13          unsigned char pos=0;
  14          bit tim1_int_sign =0;//tim1中断标识位
  15          unsigned char len;//字符串的长度
  16          unsigned int one_ms_trigger_count=0;//每一毫秒触发一次,0-65535
  17          
  18          void main()
  19          {       init_close();
  20   1              tim1_init();
  21   1              EA=1;//打开总中断
  22   1              while(1){
  23   2              //定时器1回调函数，每1ms触发，第一个函数，每1s控制显示变量
  24   2              if(tim1_int_sign)
  25   2              {
  26   3                      tim1_int_sign = 0;//如果识别到中断标志变化，复位中断标志。
  27   3                      one_ms_trigger_count++; //毫秒计数
  28   3              }
  29   2                              
  30   2              if((!(one_ms_trigger_count%1000))&&(one_ms_trigger_count>0))//到达1s
  31   2              {
  32   3                      one_ms_trigger_count = 0;
  33   3                      month +=1;
  34   3                      if(month>12)
  35   3                      {
  36   4                              month =1;
  37   4                      }
  38   3                      
  39   3              }
  40   2              len=sprintf(seg_string,"2018--%02u",(unsigned int)month);//指定8位宽度
  41   2              NumTran(seg_string,seg_buf);
  42   2              }
  43   1                      
  44   1      }
  45          
  46          /* Timer1 interrupt routine */
  47          void tm1_isr() interrupt 3
  48          {
  49   1          tim1_int_sign = 1;
  50   1              NumShow(seg_buf, pos);
  51   1              pos++;
  52   1              if(pos == 8)
  53   1                      pos = 0;
  54   1              
C51 COMPILER V9.60.7.0   MAIN                                                              03/06/2024 21:55:34 PAGE 2   

  55   1      }


MODULE INFORMATION:   STATIC OVERLAYABLE
   CODE SIZE        =    189    ----
   CONSTANT SIZE    =     11    ----
   XDATA SIZE       =   ----    ----
   PDATA SIZE       =   ----    ----
   DATA SIZE        =     33    ----
   IDATA SIZE       =   ----    ----
   BIT SIZE         =      1    ----
END OF MODULE INFORMATION.


C51 COMPILATION COMPLETE.  0 WARNING(S),  0 ERROR(S)
