C51 COMPILER V9.54   ULTRASONIC                                                            04/05/2023 21:57:16 PAGE 1   


C51 COMPILER V9.54, COMPILATION OF MODULE ULTRASONIC
OBJECT MODULE PLACED IN .\Objects\ultrasonic.obj
COMPILER INVOKED BY: C:\Keil_v5\C51\BIN\C51.EXE ..\Driver\ultrasonic.c OPTIMIZE(8,SPEED) BROWSE INCDIR(..\Driver) DEBUG 
                    -OBJECTEXTEND PRINT(.\Listings\ultrasonic.lst) TABS(2) OBJECT(.\Objects\ultrasonic.obj)

line level    source

   1          #include <ultrasonic.h>
   2          #include <intrins.h>
   3          
   4          sbit Tx = P1^0;
   5          sbit Rx = P1^1;
   6          
   7          void Delay12us()    //@12.000MHz
   8          {
   9   1        unsigned char i;
  10   1      
  11   1        _nop_();
  12   1        _nop_();
  13   1        i = 38;
  14   1        while (--i);
  15   1      }
  16          
  17          
  18          void Wave_Init()
  19          {
  20   1        unsigned char i;
  21   1        for(i=0;i<8;i++)
  22   1        {
  23   2          Tx = 1;
  24   2          Delay12us();
  25   2          Tx = 0;
  26   2          Delay12us();
  27   2        }
  28   1      }
  29          
  30          unsigned int Ut_Wave_Data() //超声波距离读取函数
  31          {
  32   1          unsigned int time;//时间储存变量
  33   1          CMOD =  0x00;//配置PCA工作模式
  34   1          CH = CL = 0;//复位计数值 等待超声波信号发出
  35   1          Wave_Init();//发送超声波信号
  36   1          CR = 1;//开始计时
  37   1          while((Rx == 1) && (CF == 0));//等待接受返回信号或者定时器溢出
  38   1          CR = 0;//停止计时
  39   1          if(CF == 0) //定时器没有溢出
  40   1          {
  41   2              time = CH << 8 | CL;//读取当前时间
  42   2              return (time * 0.017);//返回距离值
  43   2          }
  44   1          else
  45   1          {
  46   2              CF = 0;//清除溢出标志位
  47   2              return 0;
  48   2          }
  49   1      }


MODULE INFORMATION:   STATIC OVERLAYABLE
   CODE SIZE        =     81    ----
   CONSTANT SIZE    =   ----    ----
C51 COMPILER V9.54   ULTRASONIC                                                            04/05/2023 21:57:16 PAGE 2   

   XDATA SIZE       =   ----    ----
   PDATA SIZE       =   ----    ----
   DATA SIZE        =   ----    ----
   IDATA SIZE       =   ----    ----
   BIT SIZE         =   ----    ----
END OF MODULE INFORMATION.


C51 COMPILATION COMPLETE.  0 WARNING(S),  0 ERROR(S)
