C51 COMPILER V9.52.0.0   EX3                                                               01/24/2015 13:55:30 PAGE 1   


C51 COMPILER V9.52.0.0, COMPILATION OF MODULE EX3
OBJECT MODULE PLACED IN ex3.OBJ
COMPILER INVOKED BY: D:\Keil\C51\BIN\C51.EXE ex3.c BROWSE DEBUG OBJECTEXTEND

line level    source

   1          /*******************************************************************************  
   2          * 文件名称：LED流水灯控制实验
   3          * 实验目的：掌握单片机IO口操作的基本方法
   4          * 程序说明：无
   5          * 硬件环境：IAP15F2K61S2@11.0592MHz
   6          * 日期版本：2012-9-3/V1.0a 
   7          *******************************************************************************/
   8          
   9          #include "reg52.h"  //定义51单片机特殊功能寄存器
  10          #include "intrins.h"
  11          
  12          //关闭外设
  13          void cls_buzz(void)
  14          {
  15   1              P2 = (P2&0x1F|0xA0);
  16   1              P0 = 0x00;
  17   1              P2 &= 0x1F;
  18   1      }
  19          
  20          //延时函数
  21          void delay(void)
  22          {
  23   1              unsigned char i, j, k;
  24   1      
  25   1              _nop_();
  26   1              _nop_();
  27   1              i = 9;
  28   1              j = 104;
  29   1              k = 139;
  30   1              do
  31   1              {
  32   2                      do
  33   2                      {
  34   3                              while (--k);
  35   3                      } while (--j);
  36   2              } while (--i);
  37   1      }
  38          
  39          //主函数
  40          void main(void)
  41          {
  42   1          unsigned char i;
  43   1              
  44   1              cls_buzz();
  45   1          
  46   1          while(1)
  47   1          {
  48   2                      for(i=0; i<8; i++)
  49   2                      {
  50   3                              P2 = ((P2&0x1f)|0x80);
  51   3                              P0 = ~(0x01<<i);  //左移i位，按位取反
  52   3                              P2 &= 0x1f;
  53   3                              delay();
  54   3                      }
  55   2          }
C51 COMPILER V9.52.0.0   EX3                                                               01/24/2015 13:55:30 PAGE 2   

  56   1      }


MODULE INFORMATION:   STATIC OVERLAYABLE
   CODE SIZE        =     69    ----
   CONSTANT SIZE    =   ----    ----
   XDATA SIZE       =   ----    ----
   PDATA SIZE       =   ----    ----
   DATA SIZE        =   ----    ----
   IDATA SIZE       =   ----    ----
   BIT SIZE         =   ----    ----
END OF MODULE INFORMATION.


C51 COMPILATION COMPLETE.  0 WARNING(S),  0 ERROR(S)
