C51 COMPILER V9.54   MAIN                                                                  12/17/2017 17:30:03 PAGE 1   


C51 COMPILER V9.54, COMPILATION OF MODULE MAIN
OBJECT MODULE PLACED IN .\Objects\main.obj
COMPILER INVOKED BY: C:\keil   55\C51\BIN\C51.EXE main.c OPTIMIZE(8,SPEED) BROWSE DEBUG OBJECTEXTEND PRINT(.\Listings\ma
                    -in.lst) TABS(2) OBJECT(.\Objects\main.obj)

line level    source

   1          #include "STC15F2K60S2.h"
   2          #include "intrins.h"
   3          #include "onewire.h"
   4          #define uint unsigned int 
   5          #define uchar unsigned char
   6          
   7          uchar code tab[]={0XC0,0XF9,0XA4,0XB0,0X99,0X92,0X82,0XF8,0X80,0X90,0XBF,0XFF};
   8          uchar qi=0,ba=0;
   9          uchar count0=0,count1=0;
  10          uchar flag1,flag2,flag3;
  11          uchar dsbuff[8];
  12          uchar discount;
  13          uchar gongzuo;
  14          uchar cishu;
  15          uchar num[4];
  16          uchar shezhi=0;
  17          uchar clear;
  18          uchar qingchu;
  19          
  20          void delayms(uint xms)
  21          {
  22   1        uint i,j;
  23   1        for(i=xms;i>0;i--)
  24   1        for(j=110;j>0;j--);
  25   1      }
  26          
  27          void banzi_init()
  28          {
  29   1        P2=(P2&0x1f)|0x80;P0=0xff;
  30   1        P2=(P2&0x1f)|0xa0;P0=0x00;
  31   1        P2=(P2&0x1f)|0xc0;P0=0xff;
  32   1        P2=(P2&0x1f)|0xe0;P0=0xff;
  33   1      }
  34          
  35          void Timer1Init(void)   //2毫秒@11.0592MHz
  36          {
  37   1        AUXR |= 0x40;   //定时器时钟1T模式
  38   1        TMOD &= 0x0F;   //设置定时器模式
  39   1        TL1 = 0x9A;   //设置定时初值
  40   1        TH1 = 0xA9;   //设置定时初值
  41   1        TF1 = 0;    //清除TF1标志
  42   1        TR1 = 1;    //定时器1开始计时
  43   1        EA=1;
  44   1        ET1=1;
  45   1      }
  46          
  47          void display()
  48          {
  49   1        P2 = (P2&0x1f)|0xe0;    //打开段选锁存器
  50   1        P0 = 0xff;              //关闭所有数码管
  51   1        P2 = P2&0x1f;
  52   1          
  53   1        P2 = (P2&0x1f)|0xc0;    //打开位选锁存器
  54   1        P0 = 1<<discount;
C51 COMPILER V9.54   MAIN                                                                  12/17/2017 17:30:03 PAGE 2   

  55   1        P2 = P2&0x1f;
  56   1        
  57   1        P2 = (P2&0x1f)|0xe0;    //打开段选锁存器
  58   1        P0 = tab[dsbuff[discount]];
  59   1        P2 = P2&0x1f;
  60   1      
  61   1        if(++discount==8)
  62   1         discount = 0;
  63   1      }
  64          
  65          void keyscan()
  66          { 
  67   1        uchar temp;
  68   1        P3=0x7f;
  69   1        P44=0;P42=1;
  70   1        temp=P3;
  71   1        temp=P3&0x0f;
  72   1        if(temp!=0x0f)
  73   1        {
  74   2          delayms(10);
  75   2          temp=P3;
  76   2          temp=P3&0x0f;
  77   2          if(temp!=0x0f)
  78   2          {
  79   3            if(shezhi==1)
  80   3            {
  81   4              switch(temp)
  82   4              {
  83   5                case 0x0e:num[cishu]=0;cishu++;break;
  84   5                case 0x0d:num[cishu]=3;cishu++;break; 
  85   5                case 0x0b:num[cishu]=6;cishu++;break; 
  86   5                case 0x07:num[cishu]=9;cishu++;break;  
  87   5              }
  88   4            }
  89   3          }
  90   2          while(P3!=0x7f);
  91   2        }
  92   1        P3=0xbf;
  93   1        P44=1;P42=0;
  94   1        temp=P3;
  95   1        temp=P3&0x0f;
  96   1        if(temp!=0x0f)
  97   1        {
  98   2          delayms(10);
  99   2          temp=P3;
 100   2          temp=P3&0x0f;
 101   2          if(temp!=0x0f)
 102   2          {
 103   3            switch(temp)
 104   3            {
 105   4              case 0x0e:
 106   4              if(shezhi==1){num[cishu]=1;cishu++;}break;
 107   4              case 0x0d:
 108   4              if(shezhi==1){num[cishu]=4;cishu++;}break; 
 109   4              case 0x0b:
 110   4              if(shezhi==1){num[cishu]=7;cishu++;}break; 
 111   4              case 0x07:
 112   4              {
 113   5                if(shezhi==0) {shezhi=1;cishu=0;}
 114   5                else if((shezhi==1)&&(flag3==0)) shezhi=0;
 115   5              }
 116   4              break;  
C51 COMPILER V9.54   MAIN                                                                  12/17/2017 17:30:03 PAGE 3   

 117   4            } 
 118   3          }
 119   2          while(P3!=0xbf);
 120   2        }
 121   1      
 122   1        P3=0xdf;
 123   1        P42=1;
 124   1        temp=P3;
 125   1        temp=P3&0x0f;
 126   1        if(temp!=0x0f)
 127   1        {
 128   2          delayms(10);
 129   2          temp=P3;
 130   2          temp=P3&0x0f;
 131   2          if(temp!=0x0f)
 132   2          {
 133   3            if(shezhi==1)
 134   3            {
 135   4              switch(temp)
 136   4              {
 137   5                
 138   5                case 0x0e:num[cishu]=2;cishu++;break;
 139   5                case 0x0d:num[cishu]=5;cishu++;break; 
 140   5                case 0x0b:num[cishu]=8;cishu++;break; 
 141   5                case 0x07:{clear=1;cishu=0;qingchu=1;}break;  
 142   5              }
 143   4            } 
 144   3          }
 145   2          while(P3!=0xdf);
 146   2        }
 147   1      }
 148          
 149          void main()
 150          {
 151   1        uchar wendu;
 152   1        banzi_init();
 153   1        Timer1Init();
 154   1        while(1)
 155   1        {
 156   2          if(flag1==1)
 157   2            {
 158   3              wendu=rd_temperature();
 159   3              flag1=0;
 160   3            }
 161   2          if(flag2==1)
 162   2            {
 163   3              keyscan();
 164   3              flag2=0;
 165   3            }
 166   2          if(shezhi==0)
 167   2            {
 168   3              dsbuff[7]=wendu%10;
 169   3              dsbuff[6]=wendu/10;
 170   3              dsbuff[5]=11;
 171   3              dsbuff[0]=10;
 172   3              dsbuff[1]=gongzuo;
 173   3              dsbuff[2]=10;
 174   3              dsbuff[3]=11;
 175   3              dsbuff[4]=11;
 176   3            }
 177   2        }
 178   1      }
C51 COMPILER V9.54   MAIN                                                                  12/17/2017 17:30:03 PAGE 4   

 179          
 180          void Timer1() interrupt 3
 181          {
 182   1          display();
 183   1          if(count0++==100)
 184   1          {
 185   2            count0=0;
 186   2            flag1=1;
 187   2          }
 188   1          
 189   1          if(count1++==1)
 190   1          {
 191   2            count1=0;
 192   2            flag2=1;
 193   2          }
 194   1      }
 195          


MODULE INFORMATION:   STATIC OVERLAYABLE
   CODE SIZE        =    628    ----
   CONSTANT SIZE    =     12    ----
   XDATA SIZE       =   ----    ----
   PDATA SIZE       =   ----    ----
   DATA SIZE        =     25       1
   IDATA SIZE       =   ----    ----
   BIT SIZE         =   ----    ----
END OF MODULE INFORMATION.


C51 COMPILATION COMPLETE.  0 WARNING(S),  0 ERROR(S)
