C51 COMPILER V9.54   DELAY                                                                 12/24/2017 13:57:58 PAGE 1   


C51 COMPILER V9.54, COMPILATION OF MODULE DELAY
OBJECT MODULE PLACED IN .\Objects\delay.obj
COMPILER INVOKED BY: C:\keil   55\C51\BIN\C51.EXE delay.c OPTIMIZE(8,SPEED) BROWSE DEBUG OBJECTEXTEND PRINT(.\Listings\d
                    -elay.lst) TABS(2) OBJECT(.\Objects\delay.obj)

line level    source

   1          #include<delay.h>
   2          void Delay5ms()   //@11.0592MHz
   3          {
   4   1        unsigned char i, j;
   5   1      
   6   1        i = 54;
   7   1        j = 199;
   8   1        do
   9   1        {
  10   2          while (--j);
  11   2        } while (--i);
  12   1      }
  13          //void Delay1ms()   //@11.0592MHz
  14          //{
  15          //  unsigned char i, j;
  16          
  17          //  _nop_();
  18          //  _nop_();
  19          //  _nop_();
  20          //  i = 11;
  21          //  j = 190;
  22          //  do
  23          //  {
  24          //    while (--j);
  25          //  } while (--i);
  26          //}
  27          void Delay200us()   //@11.0592MHz
  28          {
  29   1        unsigned char i, j;
  30   1      
  31   1        i = 3;
  32   1        j = 35;
  33   1        do
  34   1        {
  35   2          while (--j);
  36   2        } while (--i);
  37   1      }
  38          void Delay2ms()   //@11.0592MHz
  39          {
  40   1        unsigned char i, j;
  41   1      
  42   1        _nop_();
  43   1        _nop_();
  44   1        i = 22;
  45   1        j = 128;
  46   1        do
  47   1        {
  48   2          while (--j);
  49   2        } while (--i);
  50   1      }


MODULE INFORMATION:   STATIC OVERLAYABLE
   CODE SIZE        =     29    ----
C51 COMPILER V9.54   DELAY                                                                 12/24/2017 13:57:58 PAGE 2   

   CONSTANT SIZE    =   ----    ----
   XDATA SIZE       =   ----    ----
   PDATA SIZE       =   ----    ----
   DATA SIZE        =   ----    ----
   IDATA SIZE       =   ----    ----
   BIT SIZE         =   ----    ----
END OF MODULE INFORMATION.


C51 COMPILATION COMPLETE.  0 WARNING(S),  0 ERROR(S)
