C51 COMPILER V9.54   ONEWIRE                                                               12/24/2017 13:57:58 PAGE 1   


C51 COMPILER V9.54, COMPILATION OF MODULE ONEWIRE
OBJECT MODULE PLACED IN .\Objects\onewire.obj
COMPILER INVOKED BY: C:\keil   55\C51\BIN\C51.EXE onewire.c OPTIMIZE(8,SPEED) BROWSE DEBUG OBJECTEXTEND PRINT(.\Listings
                    -\onewire.lst) TABS(2) OBJECT(.\Objects\onewire.obj)

line level    source

   1          /*
   2            程序说明: 单总线驱动程序
   3            软件环境: Keil uVision 4.10 
   4            硬件环境: CT107单片机综合实训平台(外部晶振12MHz) STC89C52RC单片机
   5            日    期: 2011-8-9
   6          */
   7          #include <STC15F2K60S2.h>
   8          #include <onewire.h>
   9          
  10          
  11          sbit DQ = P1^4;  //单总线接口
  12          
  13          
  14          
  15          //单总线延时函数
  16          void Delay_OneWire(unsigned int t)  //STC89C52RC
  17          {
  18   1        uchar i;
  19   1        while(t--)
  20   1        {for(i=0;i<=12;i++);}
  21   1      }
  22          
  23          //通过单总线向DS18B20写一个字节
  24          void Write_DS18B20(unsigned char dat)
  25          {
  26   1        unsigned char i;
  27   1        for(i=0;i<8;i++)
  28   1        {
  29   2          DQ = 0;
  30   2          DQ = dat&0x01;
  31   2          Delay_OneWire(5);
  32   2          DQ = 1;
  33   2          dat >>= 1;
  34   2        }
  35   1        Delay_OneWire(5);
  36   1      }
  37          
  38          //从DS18B20读取一个字节
  39          unsigned char Read_DS18B20(void)
  40          {
  41   1        unsigned char i;
  42   1        unsigned char dat;
  43   1        
  44   1        for(i=0;i<8;i++)
  45   1        {
  46   2          DQ = 0;
  47   2          dat >>= 1;
  48   2          DQ = 1;
  49   2          if(DQ)
  50   2          {
  51   3            dat |= 0x80;
  52   3          }     
  53   2          Delay_OneWire(5);
  54   2        }
C51 COMPILER V9.54   ONEWIRE                                                               12/24/2017 13:57:58 PAGE 2   

  55   1        return dat;
  56   1      }
  57          
  58          //DS18B20设备初始化
  59          bit init_ds18b20(void)
  60          {
  61   1          bit initflag = 0;
  62   1          
  63   1          DQ = 1;
  64   1          Delay_OneWire(12);
  65   1          DQ = 0;
  66   1          Delay_OneWire(80);
  67   1          DQ = 1;
  68   1          Delay_OneWire(10); 
  69   1          initflag = DQ;     
  70   1          Delay_OneWire(5);
  71   1        
  72   1          return initflag;
  73   1      }
  74          uchar wendu()
  75          {
  76   1        uchar temp,temp_l,temp_h;
  77   1        init_ds18b20();
  78   1        Write_DS18B20(0xcc);
  79   1        Write_DS18B20(0x44);
  80   1      
  81   1        Delay200us();
  82   1      
  83   1        init_ds18b20();
  84   1        Write_DS18B20(0xcc);
  85   1        Write_DS18B20(0xbe);
  86   1        
  87   1        temp_l=Read_DS18B20();
  88   1        temp_h=Read_DS18B20();  
  89   1        temp=(temp_h<<4)|(temp_l>>4);
  90   1        return temp;
  91   1      }
  92          
  93          
  94          
  95          
  96          
  97          


MODULE INFORMATION:   STATIC OVERLAYABLE
   CODE SIZE        =    170    ----
   CONSTANT SIZE    =   ----    ----
   XDATA SIZE       =   ----    ----
   PDATA SIZE       =   ----    ----
   DATA SIZE        =   ----    ----
   IDATA SIZE       =   ----    ----
   BIT SIZE         =   ----       1
END OF MODULE INFORMATION.


C51 COMPILATION COMPLETE.  0 WARNING(S),  0 ERROR(S)
