C51 COMPILER V9.54   KEY                                                                   12/01/2022 16:20:12 PAGE 1   


C51 COMPILER V9.54, COMPILATION OF MODULE KEY
OBJECT MODULE PLACED IN .\Objects\Key.obj
COMPILER INVOKED BY: C:\Keil_v5\C51\BIN\C51.EXE ..\Driver\Key.c OPTIMIZE(8,SPEED) BROWSE INCDIR(..\Driver) DEBUG OBJECTE
                    -XTEND PRINT(.\Listings\Key.lst) TABS(2) OBJECT(.\Objects\Key.obj)

line level    source

   1          #include "Key.h"
   2          
   3          unsigned char Key_Read()
   4          {
   5   1        unsigned char temp = 0;
   6   1        P3_0 = 0;P3_1 = 1;P3_2 = 1;P3_3 = 1;
   7   1        if(P3_4 == 0) temp = 1;
   8   1        if(P3_5 == 0) temp = 2;
   9   1        if(P3_6 == 0) temp = 3;
  10   1        if(P3_7 == 0) temp = 4;
  11   1        P3_0 = 1;P3_1 = 0;P3_2 = 1;P3_3 = 1;
  12   1        if(P3_4 == 0) temp = 5;
  13   1        if(P3_5 == 0) temp = 6;
  14   1        if(P3_6 == 0) temp = 7;
  15   1        if(P3_7 == 0) temp = 8;
  16   1        P3_0 = 1;P3_1 = 1;P3_2 = 0;P3_3 = 1;
  17   1        if(P3_4 == 0) temp = 9;
  18   1        if(P3_5 == 0) temp = 10;
  19   1        if(P3_6 == 0) temp = 11;
  20   1        if(P3_7 == 0) temp = 12;
  21   1        P3_0 = 1;P3_1 = 1;P3_2 = 1;P3_3 = 0;
  22   1        if(P3_4 == 0) temp = 13;
  23   1        if(P3_5 == 0) temp = 14;
  24   1        if(P3_6 == 0) temp = 15;
  25   1        if(P3_7 == 0) temp = 16;
  26   1        return temp;
  27   1      }


MODULE INFORMATION:   STATIC OVERLAYABLE
   CODE SIZE        =    114    ----
   CONSTANT SIZE    =   ----    ----
   XDATA SIZE       =   ----    ----
   PDATA SIZE       =   ----    ----
   DATA SIZE        =   ----    ----
   IDATA SIZE       =   ----    ----
   BIT SIZE         =   ----    ----
END OF MODULE INFORMATION.


C51 COMPILATION COMPLETE.  0 WARNING(S),  0 ERROR(S)
