C51 COMPILER V9.56.0.0   IIC                                                               06/09/2019 10:07:01 PAGE 1   


C51 COMPILER V9.56.0.0, COMPILATION OF MODULE IIC
OBJECT MODULE PLACED IN .\Objects\iic.obj
COMPILER INVOKED BY: C:\Keil_C51\C51\BIN\C51.EXE ..\Driver\iic.c OPTIMIZE(8,SPEED) BROWSE INCDIR(..\Driver) DEFINE(PCF85
                    -91_ADC) DEBUG OBJECTEXTEND PRINT(.\Listings\iic.lst) TABS(2) OBJECT(.\Objects\iic.obj)

line level    source

   1          /*
   2            程序说明: IIC总线驱动程序
   3            软件环境: Keil uVision 4.10 
   4            硬件环境: CT107单片机综合实训平台 8051，12MHz
   5            日    期: 2011-8-9
   6          */
   7          
   8          #include "reg52.h"
   9          #include "intrins.h"
  10          
  11          #define DELAY_TIME 5
  12          
  13          #define SlaveAddrW 0xA0
  14          #define SlaveAddrR 0xA1
  15          
  16          //总线引脚定义
  17          sbit SDA = P2^1;  /* 数据线 */
  18          sbit SCL = P2^0;  /* 时钟线 */
  19          
  20          void IIC_Delay(unsigned char i)
  21          {
  22   1          do{_nop_();}
  23   1          while(i--);        
  24   1      }
  25          //总线启动条件
  26          void IIC_Start(void)
  27          {
  28   1        SDA = 1;
  29   1        SCL = 1;
  30   1          IIC_Delay(DELAY_TIME);
  31   1        SDA = 0;
  32   1          IIC_Delay(DELAY_TIME);
  33   1      }
  34          
  35          //总线停止条件
  36          void IIC_Stop(void)
  37          {
  38   1        SDA = 0;
  39   1        SCL = 1;
  40   1          IIC_Delay(DELAY_TIME);
  41   1        SDA = 1;
  42   1          IIC_Delay(DELAY_TIME);
  43   1      }
  44          
  45          //应答位控制
  46          void IIC_SendAck(bit ackbit)
  47          {
  48   1          SCL = 0;
  49   1          SDA = ackbit;           // 0：应答，1：非应答
  50   1          IIC_Delay(DELAY_TIME);
  51   1          SCL = 1;
  52   1          IIC_Delay(DELAY_TIME);
  53   1          SCL = 0; 
  54   1          SDA = 1;
C51 COMPILER V9.56.0.0   IIC                                                               06/09/2019 10:07:01 PAGE 2   

  55   1          IIC_Delay(DELAY_TIME);
  56   1      }
  57          
  58          //等待应答
  59          bit IIC_WaitAck(void)
  60          {
  61   1        bit ackbit;
  62   1        
  63   1          SCL  = 1;
  64   1          IIC_Delay(DELAY_TIME);
  65   1          ackbit = SDA;
  66   1          SCL = 0;
  67   1          IIC_Delay(DELAY_TIME);
  68   1          return ackbit;
  69   1      }
  70          
  71          //通过I2C总线发送数据
  72          void IIC_SendByte(unsigned char byt)
  73          {
  74   1          unsigned char i;
  75   1      
  76   1      for(i=0; i<8; i++)
  77   1      {
  78   2              SCL  = 0;
  79   2              IIC_Delay(DELAY_TIME);
  80   2              if(byt & 0x80) SDA  = 1;
  81   2              else SDA  = 0;
  82   2              IIC_Delay(DELAY_TIME);
  83   2              SCL = 1;
  84   2              byt <<= 1;
  85   2              IIC_Delay(DELAY_TIME);
  86   2          }
  87   1          SCL  = 0;  
  88   1      }
  89          
  90          //从I2C总线上接收数据
  91          unsigned char IIC_RecByte(void)
  92          {
  93   1        unsigned char i, da;
  94   1        for(i=0; i<8; i++)
  95   1      {   
  96   2          SCL = 1;
  97   2          IIC_Delay(DELAY_TIME);
  98   2          da <<= 1;
  99   2          if(SDA) da |= 1;
 100   2          SCL = 0;
 101   2          IIC_Delay(DELAY_TIME);
 102   2        }
 103   1        return da;    
 104   1      }
 105          
 106          void operate_delay(unsigned char t)
 107          {
 108   1        unsigned char i;
 109   1        while(t--) for(i=0; i<112; i++);
 110   1      }
 111          
 112          #ifdef PCF8591_ADC  /**  ADC芯片PCF8591操作函数  */
 113          
 114          /**
 115          * @brief PCF8591初始化
 116          *
C51 COMPILER V9.56.0.0   IIC                                                               06/09/2019 10:07:01 PAGE 3   

 117          * @param[in] none
 118          * @param[out] none
 119          * @return none
 120          */
 121          void PCF8591_Init(void)
 122          {
 123   1          IIC_Start();
 124   1          IIC_SendByte(0x90);
 125   1          IIC_WaitAck();
 126   1      
 127   1          IIC_SendByte(0x03);       // ADC??3
 128   1          IIC_WaitAck();
 129   1          IIC_Stop();
 130   1          operate_delay(10);
 131   1      }
 132          
 133          /**
 134          * @brief 通过I2C总线读取ADC结果
 135          *
 136          * @param[in] none
 137          * @param[out] temp - AD转换结果
 138          * @return - temp
 139          */
 140          unsigned char PCF8591_Adc(void)
 141          {
 142   1          unsigned char temp;
 143   1      
 144   1          IIC_Start();
 145   1          IIC_SendByte(0x91);
 146   1          IIC_WaitAck();
 147   1      
 148   1          temp = IIC_RecByte();
 149   1          IIC_SendAck(1);
 150   1          IIC_Stop();
 151   1          return temp;
 152   1      }
 153          #endif
 154          #ifdef PCF8591_DAC  /**  ADCD???PCF85912ù×÷oˉêy  */
              /**
              * @brief DAC输出
              *
              * @param[in] dat - 输入进行数模转换的数据
              * @param[out] none 
              * @return - temp
              */
              void PCF8591_Dac(unsigned char dat)
              {
                  IIC_Start();
                  IIC_SendByte(0x90);
                  IIC_WaitAck();
              
                  IIC_SendByte(0x40);       // DAC????
                  IIC_WaitAck();
                  IIC_SendByte(dat);        // dat-?????????
                  IIC_WaitAck();
                  IIC_Stop();
              }
              #endif
 175          
 176          #ifdef EEPROM_AT24C02 /** EEPROM AT24C02操作函数 */
              
              /**
C51 COMPILER V9.56.0.0   IIC                                                               06/09/2019 10:07:01 PAGE 4   

              * @brief 从AT24C02(add)中读出数据da
              *
              * @param[in] add - AT24C02存储地址
              * @param[out] da - 从AT24C02相应地址中读取到的数据
              * @return - da
              */
              void EEPROM_Read(unsigned char* pucBuf, unsigned char addr, unsigned char num)
              {
                  IIC_Start();
                  IIC_SendByte(0xa0);
                  IIC_WaitAck();
              
                  IIC_SendByte(addr);
                  IIC_WaitAck();
              
                  IIC_Start();
                  IIC_SendByte(0xa1);
                  IIC_WaitAck();
              
                  while(num--)
                  {
                      *pucBuf++ = IIC_RecByte();
                      if(num) IIC_SendAck(0);
                      else IIC_SendAck(1);
                  }
                  IIC_Stop();
              }
              /**
              * @brief 向AT24C02(add)中写入数据val
              *
              * @param[in] add - AT24C02存储地址
              * @param[in] val - 待写入AT24C02相应地址的数据
              * @return - none
              */
              void EEPROM_Write(unsigned char* pucBuf, unsigned char addr, unsigned char num)
              {
                  IIC_Start();
                  IIC_SendByte(0xa0);
                  IIC_WaitAck();
              
                  IIC_SendByte(addr);
                  IIC_WaitAck();
              
                  while(num--)
                  {
                      IIC_SendByte(*pucBuf++); 
                      IIC_WaitAck();
                      IIC_Delay(200);
              }
                  IIC_Stop();
                operate_delay(20);
              }
              #endif


MODULE INFORMATION:   STATIC OVERLAYABLE
   CODE SIZE        =    218    ----
   CONSTANT SIZE    =   ----    ----
   XDATA SIZE       =   ----    ----
   PDATA SIZE       =   ----    ----
   DATA SIZE        =   ----    ----
   IDATA SIZE       =   ----    ----
C51 COMPILER V9.56.0.0   IIC                                                               06/09/2019 10:07:01 PAGE 5   

   BIT SIZE         =   ----       2
END OF MODULE INFORMATION.


C51 COMPILATION COMPLETE.  0 WARNING(S),  0 ERROR(S)
