C51 COMPILER V9.56.0.0   MAIN                                                              06/29/2019 08:36:26 PAGE 1   


C51 COMPILER V9.56.0.0, COMPILATION OF MODULE MAIN
OBJECT MODULE PLACED IN .\Objects\main.obj
COMPILER INVOKED BY: C:\Keil_C51\C51\BIN\C51.EXE main.c OPTIMIZE(8,SPEED) BROWSE INCDIR(..\Driver) DEBUG OBJECTEXTEND PR
                    -INT(.\Listings\main.lst) TABS(2) OBJECT(.\Objects\main.obj)

line level    source

   1          #include "tim.h"
   2          #include "key.h"
   3          #include "seg.h"
   4          #include "stdio.h"
   5          #include "ultrasonic.h"
   6          
   7          unsigned int  uiSeg_Dly;
   8          unsigned char ucState=1, ucSec, ucLed, ucDist;
   9          unsigned char ucKey_Dly, ucKey_Old;
  10          unsigned char ucSeg_Buf[9], ucSeg_Code[8], ucSeg_Pos;
  11          unsigned long ulms; 
  12          
  13          void Key_Proc(void);
  14          void Seg_Proc(void);
  15          
  16          void main(void)
  17          { 
  18   1          Cls_Peripheral();
  19   1          Timer1Init(); 
  20   1          Timer0Init(); 
  21   1      
  22   1          while(1)
  23   1          {
  24   2            Key_Proc();
  25   2            Seg_Proc();
  26   2          }
  27   1      }
  28          
  29          void Time_1(void) interrupt 3
  30          {
  31   1        ulms++;
  32   1        if(++ucKey_Dly == 10)
  33   1          ucKey_Dly = 0;
  34   1        if(++uiSeg_Dly == 500)
  35   1          uiSeg_Dly = 0;
  36   1        if(!(ulms % 1000))
  37   1          ucSec++;
  38   1        Seg_Disp(ucSeg_Code, ucSeg_Pos);  
  39   1        if(++ucSeg_Pos == 8) ucSeg_Pos = 0;
  40   1      }
  41          
  42          void Key_Proc(void)
  43          {
  44   1        unsigned char ucKey_Val, ucKey_Down;
  45   1      
  46   1        if(ucKey_Dly) return;
  47   1        ucKey_Dly = 1;
  48   1        
  49   1        ucKey_Val = Key_Read();
  50   1        ucKey_Down = ucKey_Val & (ucKey_Old ^ ucKey_Val);
  51   1        ucKey_Old = ucKey_Val;
  52   1      
  53   1        if(ucKey_Down == 4)
  54   1          if(++ucState == 2)
C51 COMPILER V9.56.0.0   MAIN                                                              06/29/2019 08:36:26 PAGE 2   

  55   1            ucState = 0;
  56   1      
  57   1        Led_Disp(ucState+1);
  58   1      }
  59          
  60          void Seg_Proc(void)
  61          {
  62   1        if(uiSeg_Dly) return;
  63   1        uiSeg_Dly = 1;
  64   1        
  65   1        switch(ucState)
  66   1        {
  67   2          case 0:
  68   2            sprintf(ucSeg_Buf, "1 %06u", (unsigned int)ucSec);
  69   2            break;
  70   2          case 1:
  71   2            ucDist = Wave_Recv();
  72   2            sprintf(ucSeg_Buf, "2    %03u", (unsigned int)ucDist);
  73   2        }
  74   1        Seg_Tran(ucSeg_Buf, ucSeg_Code);
  75   1      }


MODULE INFORMATION:   STATIC OVERLAYABLE
   CODE SIZE        =    304    ----
   CONSTANT SIZE    =     17    ----
   XDATA SIZE       =   ----    ----
   PDATA SIZE       =   ----    ----
   DATA SIZE        =     30    ----
   IDATA SIZE       =   ----    ----
   BIT SIZE         =   ----    ----
END OF MODULE INFORMATION.


C51 COMPILATION COMPLETE.  0 WARNING(S),  0 ERROR(S)
