C51 COMPILER V9.56.0.0   TIM                                                               06/29/2019 08:35:43 PAGE 1   


C51 COMPILER V9.56.0.0, COMPILATION OF MODULE TIM
OBJECT MODULE PLACED IN .\Objects\tim.obj
COMPILER INVOKED BY: C:\Keil_C51\C51\BIN\C51.EXE ..\Driver\tim.c OPTIMIZE(8,SPEED) BROWSE INCDIR(..\Driver) DEBUG OBJECT
                    -EXTEND PRINT(.\Listings\tim.lst) TABS(2) OBJECT(.\Objects\tim.obj)

line level    source

   1          #include "tim.h"
   2          
   3          void Cls_Peripheral(void)
   4          {
   5   1        P0 = 0xFF;
   6   1        P2 = P2 & 0x1F | 0x80;      // P27~P25清零，再定位Y4C
   7   1        P2 &= 0x1F;           // P27~P25清零
   8   1        P0 = 0;
   9   1        P2 = P2 & 0x1F | 0xA0;      // P27~P25清零，再定位Y5C
  10   1        P2 &= 0x1F;           // P27~P25清零
  11   1      }
  12          
  13          void Led_Disp(unsigned char ucLed)
  14          { // IO模式（J13-2和J13-3相连）
  15   1        P0 = ~ucLed;
  16   1        P2 = P2 & 0x1F | 0x80;      // P27~P25清零，再定位Y4C
  17   1        P2 &= 0x1F;           // P27~P25清零
  18   1      //XBYTE[0x8000] = ~ucLed;     // MM模式（J13-2和J13-1相连）
  19   1      }
  20          
  21          void Timer1Init(void)       // 1毫秒@12.000MHz
  22          {
  23   1        AUXR &= 0xBF;           // 定时器时钟12T模式
  24   1        TMOD &= 0x0F;           // 设置定时器模式
  25   1        TL1 = 0x18;           // 设置定时初值
  26   1        TH1 = 0xFC;           // 设置定时初值
  27   1        TF1 = 0;              // 清除TF1标志
  28   1        TR1 = 1;                // 定时器1开始计时
  29   1        ET1 = 1;                // 允许定时器1中断
  30   1        EA = 1;               // 允许系统中断
  31   1      }


MODULE INFORMATION:   STATIC OVERLAYABLE
   CODE SIZE        =     66    ----
   CONSTANT SIZE    =   ----    ----
   XDATA SIZE       =   ----    ----
   PDATA SIZE       =   ----    ----
   DATA SIZE        =   ----    ----
   IDATA SIZE       =   ----    ----
   BIT SIZE         =   ----    ----
END OF MODULE INFORMATION.


C51 COMPILATION COMPLETE.  0 WARNING(S),  0 ERROR(S)
