C51 COMPILER V9.52.0.0   EX18                                                              01/25/2015 01:26:40 PAGE 1   


C51 COMPILER V9.52.0.0, COMPILATION OF MODULE EX18
OBJECT MODULE PLACED IN ex18.OBJ
COMPILER INVOKED BY: D:\Keil\C51\BIN\C51.EXE ex18.c BROWSE DEBUG OBJECTEXTEND

line level    source

   1          /*******************************************************************************  
   2          * 文件名称：超声波测距实验
   3          * 实验目的：1.掌握超声波测距原理
   4          *           2.掌握51单片机定时器工作模式和配置方法
   5          * 程序说明：设计延时函数，需要根据单片机的时钟频率进行调整,本例工作于11.0592MHz
   6          * 硬件说明：IAP15F2K61S2@11.0592MHz
   7          * 日期版本：2012-9-6/V1.0a 
   8          *******************************************************************************/
   9          
  10          #include "reg52.h"  //定义51单片机特殊功能寄存器
  11          #include "intrins.h"
  12          #include "absacc.h"
  13          
  14          #define somenop {_nop_();_nop_();_nop_();_nop_();_nop_();\
  15                           _nop_();_nop_();_nop_();_nop_(); _nop_();}
  16          sbit TX = P1^0;  //发射引脚
  17          sbit RX = P1^1;  //接收引脚
  18          
  19          code unsigned char tab[] = { 0xc0,0xf9,0xa4,0xb0,0x99,0x92,0x82,0xf8,0x80,0x90,\
  20                                       0xff};
  21          unsigned char dspbuf[8] = {10,10,10,10,10,10,10,10};  //显示缓冲区
  22          unsigned char dspcom = 0;
  23          
  24          unsigned int intr = 0;
  25          bit s_flag;
  26          unsigned int t = 0;
  27          
  28          void send_wave(void);
  29          void display(void);
  30          
  31          void main(void)
  32          {
  33   1          unsigned int distance;
  34   1      
  35   1          TMOD |= 0x11;  //配置定时器工作模式
  36   1          TH0 = (65536-2000)/256;
  37   1          TL0 = (65536-2000)%256;  
  38   1          TH1 = 0;
  39   1          TL1 = 0;  
  40   1        
  41   1          EA = 1;
  42   1          ET0 = 1;  //打开定时器0中断
  43   1          TR0 = 1;  //启动定时器   
  44   1      
  45   1          while(1)
  46   1          {
  47   2              /** 200毫秒更新一次数据 */
  48   2                      if(s_flag)
  49   2              {
  50   3                  s_flag = 0;
  51   3                  /** 关闭定时器0中断:计算超声波发送到返回的时间 */
  52   3      //                      ET0 = 0;
  53   3                  send_wave();  //发送方波信号
  54   3                  TR1 = 1;  //启动计时
  55   3                              while((RX == 1) && (TF1 == 0));  //等待收到脉冲
C51 COMPILER V9.52.0.0   EX18                                                              01/25/2015 01:26:40 PAGE 2   

  56   3                              TR1 = 0;  //关闭计时
  57   3      
  58   3                              //发生溢出
  59   3                              if(TF1 == 1)
  60   3                              {
  61   4                                      TF1 = 0;
  62   4                                      distance = 9999;  //无返回
  63   4                              }
  64   3                              else
  65   3                              {
  66   4                                      /**  计算时间  */
  67   4                                      t = TH1;
  68   4                                      t <<= 8;
  69   4                                      t |= TL1;
  70   4                                      distance = (unsigned int)(t*0.017);  //计算距离                         
  71   4                              }
  72   3                              TH1 = 0;
  73   3                              TL1 = 0;
  74   3              }
  75   2                      /** 数据处理                      */
  76   2                           
  77   2                      dspbuf[5] = distance/100;
  78   2                      dspbuf[6] = distance%100/10;
  79   2                      dspbuf[7] = distance%10;        
  80   2          }
  81   1      }
  82          
  83          //定时器0中断服务函数
  84          void isr_timer_0(void)  interrupt 1  //默认中断优先级 1
  85          {
  86   1          TH0 = (65536-2000)/256;
  87   1          TL0 = (65536-2000)%256;  //定时器重载 
  88   1           
  89   1              display();  //2ms执行一次
  90   1      
  91   1              if(++intr == 200)
  92   1              {
  93   2              s_flag = 1;
  94   2              intr = 0;
  95   2          }
  96   1      }
  97          
  98          //显示函数  
  99          void display(void)
 100          {
 101   1              XBYTE[0xE000] = 0xff;  //去除鬼影
 102   1      
 103   1              XBYTE[0xC000] = (1<<dspcom);
 104   1              XBYTE[0xE000] = tab[dspbuf[dspcom]]; 
 105   1              
 106   1              if(++dspcom == 8){
 107   2                      dspcom = 0;
 108   2              }       
 109   1      }
 110          
 111          //TX引脚发送40KHz方波信号驱动超声波发送探头
 112          //使用软件延时注意RC振荡器频率
 113          void send_wave(void)
 114          {
 115   1              unsigned char i = 8;  //发送8个脉冲
 116   1              
 117   1              do
C51 COMPILER V9.52.0.0   EX18                                                              01/25/2015 01:26:40 PAGE 3   

 118   1              {
 119   2                      TX = 1;
 120   2                      somenop;somenop;somenop;somenop;somenop;somenop;
 121   2                      somenop;somenop;somenop;somenop;                
 122   2                      TX = 0;
 123   2                      somenop;somenop;somenop;somenop;somenop;somenop;
 124   2                      somenop;somenop;somenop;somenop;                
 125   2              }
 126   1              while(i--);
 127   1      }


MODULE INFORMATION:   STATIC OVERLAYABLE
   CODE SIZE        =    505    ----
   CONSTANT SIZE    =     11    ----
   XDATA SIZE       =   ----    ----
   PDATA SIZE       =   ----    ----
   DATA SIZE        =     13       2
   IDATA SIZE       =   ----    ----
   BIT SIZE         =      1    ----
END OF MODULE INFORMATION.


C51 COMPILATION COMPLETE.  0 WARNING(S),  0 ERROR(S)
