C51 COMPILER V9.60.7.0   DELAY                                                             03/12/2024 21:09:47 PAGE 1   


C51 COMPILER V9.60.7.0, COMPILATION OF MODULE DELAY
OBJECT MODULE PLACED IN .\Objects\Delay.obj
COMPILER INVOKED BY: E:\Applications\Keil_5\C51\BIN\C51.EXE ..\Sys\Delay.c OPTIMIZE(8,SPEED) BROWSE INCDIR(..\Driver;..\
                    -Sys;..\User) DEBUG OBJECTEXTEND PRINT(.\Listings\Delay.lst) OBJECT(.\Objects\Delay.obj)

line level    source

   1          #include "Delay.h"
   2          #include "INTRINS.h"
   3          //i是几，就是几毫秒
   4          void Delay(unsigned char i)             //@11.0592MHz
   5          { while(i--)
   6   1              Delay1ms();
   7   1      }
   8          void Delay1ms()         //@11.0592MHz
   9          {
  10   1              unsigned char data i, j;
  11   1      
  12   1              _nop_();
  13   1              _nop_();
  14   1              _nop_();
  15   1              i = 11;
  16   1              j = 190;
  17   1              do
  18   1              {
  19   2                      while (--j);
  20   2              } while (--i);
  21   1      }
  22          


MODULE INFORMATION:   STATIC OVERLAYABLE
   CODE SIZE        =     27    ----
   CONSTANT SIZE    =   ----    ----
   XDATA SIZE       =   ----    ----
   PDATA SIZE       =   ----    ----
   DATA SIZE        =   ----       1
   IDATA SIZE       =   ----    ----
   BIT SIZE         =   ----    ----
END OF MODULE INFORMATION.


C51 COMPILATION COMPLETE.  0 WARNING(S),  0 ERROR(S)
