C51 COMPILER V9.54   IIC                                                                   04/02/2022 16:59:47 PAGE 1   


C51 COMPILER V9.54, COMPILATION OF MODULE IIC
OBJECT MODULE PLACED IN .\Objects\iic.obj
COMPILER INVOKED BY: C:\Keil_v5\C51\BIN\C51.EXE ..\Driver\iic.c OPTIMIZE(8,SPEED) BROWSE INCDIR(..\Driver) DEBUG OBJECTE
                    -XTEND PRINT(.\Listings\iic.lst) TABS(2) OBJECT(.\Objects\iic.obj)

line level    source

   1          #include "iic.h"
   2          #include "reg52.h"
   3          #include "intrins.h"
   4          
   5          sbit SDA = P2^1;
   6          sbit SCL = P2^0;
   7          #define DELAY_TIME 5
   8          
   9          //I2C总线内部延时函数
  10          void IIC_Delay(unsigned char i)
  11          {
  12   1          do{_nop_();}
  13   1          while(i--);        
  14   1      }
  15          
  16          //I2C总线启动信号
  17          void IIC_Start(void)
  18          {
  19   1          SDA = 1;
  20   1          SCL = 1;
  21   1          IIC_Delay(DELAY_TIME);
  22   1          SDA = 0;
  23   1          IIC_Delay(DELAY_TIME);
  24   1          SCL = 0;  
  25   1      }
  26          
  27          //I2C总线停止信号
  28          void IIC_Stop(void)
  29          {
  30   1          SDA = 0;
  31   1          SCL = 1;
  32   1          IIC_Delay(DELAY_TIME);
  33   1          SDA = 1;
  34   1          IIC_Delay(DELAY_TIME);
  35   1      }
  36          
  37          //发送应答或非应答信号
  38          void IIC_SendAck(bit ackbit)
  39          {
  40   1          SCL = 0;
  41   1          SDA = ackbit;           
  42   1          IIC_Delay(DELAY_TIME);
  43   1          SCL = 1;
  44   1          IIC_Delay(DELAY_TIME);
  45   1          SCL = 0; 
  46   1          SDA = 1;
  47   1          IIC_Delay(DELAY_TIME);
  48   1      }
  49          
  50          //等待应答
  51          bit IIC_WaitAck(void)
  52          {
  53   1          bit ackbit;
  54   1        
C51 COMPILER V9.54   IIC                                                                   04/02/2022 16:59:47 PAGE 2   

  55   1          SCL  = 1;
  56   1          IIC_Delay(DELAY_TIME);
  57   1          ackbit = SDA;
  58   1          SCL = 0;
  59   1          IIC_Delay(DELAY_TIME);
  60   1          return ackbit;
  61   1      }
  62          
  63          //I2C总线发送一个字节数据
  64          void IIC_SendByte(unsigned char byt)
  65          {
  66   1          unsigned char i;
  67   1      
  68   1          for(i=0; i<8; i++)
  69   1          {
  70   2              SCL  = 0;
  71   2              IIC_Delay(DELAY_TIME);
  72   2              if(byt & 0x80) SDA  = 1;
  73   2              else SDA  = 0;
  74   2              IIC_Delay(DELAY_TIME);
  75   2              SCL = 1;
  76   2              byt <<= 1;
  77   2              IIC_Delay(DELAY_TIME);
  78   2          }
  79   1          SCL  = 0;  
  80   1      }
  81          
  82          //I2C总线接收一个字节数据
  83          unsigned char IIC_RecByte(void)
  84          {
  85   1          unsigned char i, da;
  86   1          for(i=0; i<8; i++)
  87   1          {   
  88   2            SCL = 1;
  89   2        IIC_Delay(DELAY_TIME);
  90   2        da <<= 1;
  91   2        if(SDA) da |= 1;
  92   2        SCL = 0;
  93   2        IIC_Delay(DELAY_TIME);
  94   2          }
  95   1          return da;    
  96   1      }
  97          
  98          unsigned char Ad_Read(unsigned char addr)
  99          {
 100   1        unsigned char temp;
 101   1        IIC_Start();
 102   1        IIC_SendByte(0x90);
 103   1        IIC_WaitAck();
 104   1        IIC_SendByte(addr);
 105   1        IIC_WaitAck();  
 106   1        IIC_Start();
 107   1        IIC_SendByte(0x91);
 108   1        IIC_WaitAck();
 109   1        IIC_RecByte();
 110   1        IIC_SendAck(0);
 111   1        temp = IIC_RecByte();
 112   1        IIC_SendAck(1);
 113   1        IIC_Stop();
 114   1        return temp;
 115   1      }
 116          
C51 COMPILER V9.54   IIC                                                                   04/02/2022 16:59:47 PAGE 3   

 117          void Da_Write(unsigned char dat)
 118          {
 119   1        IIC_Start();
 120   1        IIC_SendByte(0x90);
 121   1        IIC_WaitAck();
 122   1        IIC_SendByte(0x41);
 123   1        IIC_WaitAck();
 124   1        IIC_SendByte(dat);
 125   1        IIC_WaitAck();  
 126   1        IIC_Stop();
 127   1      }


MODULE INFORMATION:   STATIC OVERLAYABLE
   CODE SIZE        =    230    ----
   CONSTANT SIZE    =   ----    ----
   XDATA SIZE       =   ----    ----
   PDATA SIZE       =   ----    ----
   DATA SIZE        =   ----    ----
   IDATA SIZE       =   ----    ----
   BIT SIZE         =   ----       2
END OF MODULE INFORMATION.


C51 COMPILATION COMPLETE.  0 WARNING(S),  0 ERROR(S)
