C51 COMPILER V9.54   MAIN                                                                  04/02/2022 16:59:46 PAGE 1   


C51 COMPILER V9.54, COMPILATION OF MODULE MAIN
OBJECT MODULE PLACED IN .\Objects\main.obj
COMPILER INVOKED BY: C:\Keil_v5\C51\BIN\C51.EXE main.c OPTIMIZE(8,SPEED) BROWSE INCDIR(..\Driver) DEBUG OBJECTEXTEND PRI
                    -NT(.\Listings\main.lst) TABS(2) OBJECT(.\Objects\main.obj)

line level    source

   1          /* å¤´æ–‡ä»¶å£°æ˜åŒº */
   2          #include "key.h" /* é”®ç›˜ä¸“ç”¨ */
   3          #include "init.h" /* åˆå§‹åŒ–ä¸“ç”¨ */
   4          #include "ds1302.h" /* æ—¶é’Ÿä¸“ç”¨ */              
   5          #include "seg.h" /* æ•°ç ç®¡ä¸“ç”¨ */
   6          #include "ultrasound.h" /* è¶…å£°æ³¢ä¸“ç”¨ */
   7          #include "led.h" /* LEDä¸“ç”¨ */
   8          #include "iic.h" /* AD/DAä¸“ç”¨ */
   9          
  10          /* å˜é‡å£°æ˜åŒº */
  11          unsigned char Num_Of_Data_Records;//æ•°æ®è®°å½•æ¬¡æ•°å˜é‡
  12          unsigned char Key_Slow_Down;//é”®ç›˜å‡é€Ÿå˜é‡ 10ms
  13          unsigned int Seg_Slow_Down;//ä¿¡æ¯å¤„ç†å‡é€Ÿå˜é‡ 500ms
  14          unsigned char Led_Slow_Down;//LEDæ˜¾ç¤ºå‡é€Ÿå˜é‡ 200ms
  15          unsigned char Key_Val,Key_Old,Key_Down;//é”®ç›˜æ‰«æå˜é‡
  16          unsigned char Seg_Pos;//æ•°ç ç®¡å¾ªç¯æ‰«æå˜é‡
  17          unsigned char Seg_String[8];//æ•°ç ç®¡æ˜¾ç¤ºæ•°æ®å­˜æ”¾æ•°ç»„
  18          unsigned char Seg_Point[8];//æ•°ç ç®¡å°æ•°ç‚¹æ˜¾ç¤ºæ•°æ®å­˜æ”¾æ•°ç»„
  19          unsigned char Seg_Disp_Mode;//æ•°ç ç®¡æ˜¾ç¤ºæ¨¡å¼ 0-æ—¶é—´æ•°æ®æ˜¾ç¤º 1-è·ç¦»æ•°æ®æ˜¾ç¤º 2-æ•°æ®è®°å
             -½•æ˜¾ç¤º 3-å‚æ•°è®¾ç½®æ˜¾ç¤º
  20          unsigned char ucRtc[3] = {0x20,0x20,0x01};//æ—¶é’Ÿæ•°æ®å­˜æ”¾æ•°ç»„
  21          unsigned int Data_Stg[3];//æ•°æ®å‚¨å­˜æ•°ç»„ 0-æœ€å¤§å€¼ 1-å¹³å‡å€¼ 2-æœ€å°å€¼ 
  22          unsigned char Data_Stg_Index;//æ•°æ®å‚¨å­˜æ•°ç»„æŒ‡é’ˆ
  23          unsigned char Param_Dat[2] = {02,20};//è®¾ç½®å‚æ•°å­˜æ”¾æ•°ç»„ 0-é‡‡é›†æ—¶é—´ 1-è·ç¦»å‚æ•°
  24          unsigned char Param_Dat_Ctrl[2] = {02,20};//è®¾ç½®å‚æ•°ç”Ÿæ•ˆæ•°ç»„
  25          unsigned char Time_Dat[5] = {2,3,5,7,9};//æ—¶é—´å‚æ•°è®¾ç½®èŒƒå›´æ•°ç»„
  26          unsigned char Time_Dat_Index;//æ—¶é—´å‚æ•°æ•°ç»„æŒ‡é’ˆ
  27          unsigned char Ultra_Dat;//è¶…å£°æ³¢æµ‹é‡æ•°æ®
  28          unsigned char Photoresistance_Dat;//å…‰æ•ç”µé˜»è¯»å–å€¼
  29          unsigned char ucLed[8];//LEDæ˜¾ç¤ºæ•°ç»„
  30          unsigned char Num_Alerts;//æœ‰æ•ˆè­¦æŠ¥æ¬¡æ•°
  31          float Avg_Val;//æ•°æ®å¹³å‡å€¼
  32          bit Param_Dat_Index;//è®¾ç½®å‚æ•°æ•°ç»„æŒ‡é’ˆ
  33          bit Ultra_Trigger_Mode = 1;//è¶…å£°æ³¢è§¦å‘æ¨¡å¼ 0-å®šæ—¶æ¨¡å¼ 1-è§¦å‘æ¨¡å¼  ä¸Šç”µé»˜è®¤è§¦å‘æ¨¡å¼
  34          bit Bright_Dark_Flag = 0;//äº®æš—æ ‡å¿—ä½ 0-æš— 1-äº®
  35          bit Trigger_Enable_Flag;//è§¦å‘ä½¿èƒ½æ ‡å¿—ä½ 0-ä¸ä½¿èƒ½ 1-ä½¿èƒ½
  36          /* é”®ç›˜æ‰«æå‡½æ•° */
  37          void Key_Proc()
  38          {
  39   1        if(Key_Slow_Down) return;
  40   1        Key_Slow_Down = 1;//é”®ç›˜å‡é€Ÿç¨‹åº
  41   1        Key_Val = Key_Read();//è¯»å–é”®ç å€¼
  42   1        Key_Down = Key_Val & (Key_Val ^ Key_Old);//æ£€æµ‹ä¸‹é™æ²¿
  43   1        Key_Old = Key_Val;//æ‰«æè¾…åŠ©å˜é‡
  44   1        switch(Key_Down)
  45   1        {
  46   2          case 4://æ•°æ®æ˜¾ç¤º-å‚æ•°è®¾ç½®åˆ‡æ¢æŒ‰é”®
  47   2            if(Seg_Disp_Mode == 3)//å¤„äºå‚æ•°è®¾ç½®ç•Œé¢
  48   2            {
  49   3              Param_Dat_Index = 0;//æŒ‡é’ˆå¤ä½
  50   3              Param_Dat_Ctrl[0] = Param_Dat[0];
  51   3              Param_Dat_Ctrl[1] = Param_Dat[1];//å°†è®¾ç½®å‚æ•°èµ‹å€¼ç»™æ§åˆ¶å‚æ•°
  52   3              Seg_Disp_Mode = 0;//åˆ‡æ¢åˆ°æ•°æ®æ˜¾ç¤ºç•Œé¢
  53   3            }
C51 COMPILER V9.54   MAIN                                                                  04/02/2022 16:59:46 PAGE 2   

  54   2            else//å¤„äºæ•°æ®æ˜¾ç¤ºç•Œé¢
  55   2              Seg_Disp_Mode = 3;//åˆ‡æ¢åˆ°å‚æ•°è®¾ç½®ç•Œé¢
  56   2          break;
  57   2          case 5://åŠŸèƒ½åˆ‡æ¢æŒ‰é”®
  58   2            if(Seg_Disp_Mode != 3)//å¤„äºæ•°æ®æ˜¾ç¤ºç•Œé¢
  59   2            {
  60   3              if(Seg_Disp_Mode == 1)//è¿›å…¥æ•°æ®æ˜¾ç¤ºç•Œé¢
  61   3                Data_Stg_Index = 0;//æŒ‡é’ˆå¤ä½
  62   3              if(++Seg_Disp_Mode == 3)//åœ¨0-2ä¹‹é—´åˆ‡æ¢
  63   3                Seg_Disp_Mode = 0;
  64   3            }
  65   2      //      else//å¤„äºå‚æ•°è®¾ç½®ç•Œé¢
  66   2          break;
  67   2          case 8://æ¨¡å¼åˆ‡æ¢æŒ‰é”®
  68   2            if(Seg_Disp_Mode == 1)//å¤„äºè·ç¦»æ•°æ®æ˜¾ç¤ºç•Œé¢
  69   2              Ultra_Trigger_Mode ^= 1;//åˆ‡æ¢æ¨¡å¼
  70   2            if(Seg_Disp_Mode == 2)//å¤„äºæ•°æ®è®°å½•æ˜¾ç¤ºç•Œé¢
  71   2            {
  72   3              if(++Data_Stg_Index == 3)//åœ¨0-2ä¹‹é—´åˆ‡æ¢
  73   3                Data_Stg_Index = 0;
  74   3            }
  75   2            if(Seg_Disp_Mode == 3)//å¤„äºå‚æ•°è®¾ç½®ç•Œé¢
  76   2              Param_Dat_Index ^= 1;//åˆ‡æ¢é€šé“
  77   2          break;
  78   2          case 9://å‚æ•°è°ƒæ•´æŒ‰é”®
  79   2            if(Seg_Disp_Mode == 3)//å¤„äºå‚æ•°è®¾ç½®ç•Œé¢
  80   2            {
  81   3              if(Param_Dat_Index == 0)//å¤„äºé‡‡é›†æ—¶é—´è°ƒæ•´æ¨¡å¼
  82   3              {
  83   4                if(++Time_Dat_Index == 5)
  84   4                  Time_Dat_Index = 0;
  85   4                Param_Dat[Param_Dat_Index] = Time_Dat[Time_Dat_Index];
  86   4              }
  87   3              else//å¤„äºè·ç¦»å‚æ•°è°ƒæ•´æ¨¡å¼
  88   3              {
  89   4                Param_Dat[Param_Dat_Index] += 10;
  90   4                if(Param_Dat[Param_Dat_Index] == 90) Param_Dat[Param_Dat_Index] = 10;
  91   4              }
  92   3            }
  93   2          break;
  94   2        }
  95   1      }
  96          
  97          /* ä¿¡æ¯å¤„ç†å‡½æ•° */
  98          void Seg_Proc()
  99          {
 100   1        unsigned char i = 5;//whileå¾ªç¯ä¸“ç”¨å˜é‡
 101   1        static bit Enable_Flag = 1;//ä½¿èƒ½æ ‡å¿—ä½ï¼Œç”¨äºé˜²æ­¢å¤šæ¬¡æ•°æ®è¯»å–
 102   1        if(Seg_Slow_Down) return;
 103   1        Seg_Slow_Down = 1;//æ•°æ®å¤„ç†å‡é€Ÿç¨‹åº
 104   1        Read_Rtc(ucRtc);//å°†å®æ—¶æ•°æ®å­˜æ”¾åˆ°ucRtcæ•°ç»„ä¸­
 105   1        Photoresistance_Dat = Ad_Read(0x41);//å®æ—¶è¯»å–å…‰æ•ç”µé˜»
 106   1        /* è¶…å£°æ³¢å®æ—¶æµ‹è· */
 107   1        if(Ultra_Trigger_Mode == 0)//å¤„äºå®šæ—¶æ¨¡å¼
 108   1        {
 109   2          if(((ucRtc[2]%16)%Param_Dat_Ctrl[0]) == 0)//è§¦å‘ä¸€æ¬¡è¶…å£°æ³¢æ£€æµ‹
 110   2          {
 111   3            if(Enable_Flag)
 112   3            {
 113   4              Ultra_Dat = Ultarsound_Read();//æ£€æµ‹è·ç¦»
 114   4              if(Ultra_Dat >= (Param_Dat_Ctrl[1]-5) && Ultra_Dat <= (Param_Dat_Ctrl[1]+5))//æ»¡è¶³è­¦æŠ¥æ¡ä»¶
 115   4              {
C51 COMPILER V9.54   MAIN                                                                  04/02/2022 16:59:46 PAGE 3   

 116   5                if(Trigger_Enable_Flag == 1)//è‹¥ä¸Šæ¬¡å¤„äºè­¦æŠ¥çŠ¶æ€ï¼Œè®°å½•å€¼åŠ ä¸€
 117   5                  Num_Alerts++;
 118   5                Trigger_Enable_Flag = 1;//æ‹‰é«˜ä½¿èƒ½æ ‡å¿—ä½
 119   5              }
 120   4              else
 121   4              {
 122   5                Trigger_Enable_Flag = 0;//æ‹‰ä½ä½¿èƒ½æ ‡å¿—ä½
 123   5                Num_Alerts = 0;//è®°å½•å€¼æ¸…é›¶
 124   5              }
 125   4              if(Ultra_Dat > Data_Stg[0])//è¯»å–æ•°å€¼å¤§äºæœ€å¤§å€¼
 126   4                Data_Stg[0] = Ultra_Dat;//æ›´æ–°æœ€å¤§å€¼
 127   4              if((Ultra_Dat < Data_Stg[2]) || (Data_Stg[2] == 0))//è¯»å–æ•°å€¼å°äºæœ€å°å€¼
 128   4                Data_Stg[2] = Ultra_Dat;//æ›´æ–°æœ€å°å€¼
 129   4              Avg_Val = (Avg_Val * Num_Of_Data_Records + Ultra_Dat) / (Num_Of_Data_Records + 1);//è®¡ç®—å¹³å‡å€¼
 130   4              Num_Of_Data_Records++;
 131   4              Enable_Flag = 0;
 132   4            }
 133   3          }
 134   2          else
 135   2            Enable_Flag = 1;
 136   2        }
 137   1        else//å¤„äºè§¦å‘æ¨¡å¼
 138   1        {
 139   2          if(Photoresistance_Dat >= 20)//å¤„äºäº®çŠ¶æ€ æ‹‰é«˜æ ‡å¿—ä½
 140   2            Bright_Dark_Flag = 1;
 141   2          if(Photoresistance_Dat < 20 && Bright_Dark_Flag == 1)//æ»¡è¶³è§¦å‘æ¡ä»¶
 142   2          {
 143   3            Ultra_Dat = Ultarsound_Read();//æ£€æµ‹è·ç¦»
 144   3            if(Ultra_Dat >= (Param_Dat_Ctrl[1]-5) && Ultra_Dat <= (Param_Dat_Ctrl[1]+5))//æ»¡è¶³è­¦æŠ¥æ¡ä»¶
 145   3            {
 146   4              if(Trigger_Enable_Flag == 1)//è‹¥ä¸Šæ¬¡å¤„äºè­¦æŠ¥çŠ¶æ€ï¼Œè®°å½•å€¼åŠ ä¸€
 147   4                Num_Alerts++;
 148   4              Trigger_Enable_Flag = 1;//æ‹‰é«˜ä½¿èƒ½æ ‡å¿—ä½
 149   4            }
 150   3            else
 151   3            {
 152   4              Trigger_Enable_Flag = 0;//æ‹‰ä½ä½¿èƒ½æ ‡å¿—ä½
 153   4              Num_Alerts = 0;//è®°å½•å€¼æ¸…é›¶
 154   4            }
 155   3            if(Ultra_Dat > Data_Stg[0])//è¯»å–æ•°å€¼å¤§äºæœ€å¤§å€¼
 156   3              Data_Stg[0] = Ultra_Dat;//æ›´æ–°æœ€å¤§å€¼
 157   3            if((Ultra_Dat < Data_Stg[2]) || (Data_Stg[2] == 0))//è¯»å–æ•°å€¼å°äºæœ€å°å€¼
 158   3              Data_Stg[2] = Ultra_Dat;//æ›´æ–°æœ€å°å€¼
 159   3            Avg_Val = (Avg_Val * Num_Of_Data_Records + Ultra_Dat) / (Num_Of_Data_Records + 1);//è®¡ç®—å¹³å‡å€¼
 160   3            Num_Of_Data_Records++;
 161   3            Bright_Dark_Flag = 0;//æ‹‰ä½æ ‡å¿—ä½      
 162   3          }
 163   2        }
 164   1        /* DAè¾“å‡º */
 165   1        if(Ultra_Dat < 10)
 166   1          Da_Write(51);
 167   1        else if(Ultra_Dat > 80)
 168   1          Da_Write(255);
 169   1        else
 170   1          Da_Write((unsigned char)((Ultra_Dat - 10) * 2.91 + 51));
 171   1        switch(Seg_Disp_Mode)
 172   1        {
 173   2          case 0://æ—¶é—´æ•°æ®æ˜¾ç¤º
 174   2            Seg_Point[6] = 0;//å…³é—­å°æ•°ç‚¹æ˜¾ç¤º
 175   2            /* æ—¶é—´æ•°æ®å¤„ç† */
 176   2            Seg_String[0] = ucRtc[0] / 16;
 177   2            Seg_String[1] = ucRtc[0] % 16;
C51 COMPILER V9.54   MAIN                                                                  04/02/2022 16:59:46 PAGE 4   

 178   2            Seg_String[2] = 10;
 179   2            Seg_String[3] = ucRtc[1] / 16;
 180   2            Seg_String[4] = ucRtc[1] % 16;
 181   2            Seg_String[5] = 10;
 182   2            Seg_String[6] = ucRtc[2] / 16;
 183   2            Seg_String[7] = ucRtc[2] % 16;
 184   2          break;
 185   2          case 1://è·ç¦»æ•°æ®æ˜¾ç¤º
 186   2            Seg_String[0] = 11;//L
 187   2            Seg_String[1] = 12 + (unsigned char)Ultra_Trigger_Mode;//è§¦å‘æ¨¡å¼ç›¸åº”æ ‡è¯†ç¬¦ 0-F 1-C
 188   2            Seg_String[2] = Seg_String[3] = Seg_String[4] = 14;//ç†„ç­
 189   2            /* è¶…å£°æ³¢æµ‹è·æ•°æ®å¤„ç† */
 190   2            Seg_String[5] = Ultra_Dat / 100 % 10;
 191   2            Seg_String[6] = Ultra_Dat / 10 % 10;
 192   2            Seg_String[7] = Ultra_Dat % 10;
 193   2            while(Seg_String[i] == 0)//ç†„ç­æœªå ç”¨çš„é«˜ä½æ•°ç ç®¡
 194   2            {
 195   3              Seg_String[i] = 14;
 196   3              i++;
 197   3            }
 198   2          break;
 199   2          case 2://æ•°æ®è®°å½•æ˜¾ç¤º
 200   2            Seg_String[0] = 15;//H
 201   2            Seg_String[1] = 16 + Data_Stg_Index;//æ˜¾ç¤ºæ ¼å¼ç›¸åº”æ ‡è¯†ç¬¦
 202   2            Seg_String[2] = Seg_String[3] = 14;//ç†„ç­
 203   2            /* æ˜¾ç¤ºæ ¼å¼æ•°æ®å¤„ç† */
 204   2            if(Data_Stg_Index != 1)//æœ€å¤§æœ€å°å€¼æ˜¾ç¤ºæ¨¡å¼
 205   2            {
 206   3              Seg_Point[6] = 0;//å…³é—­å°æ•°ç‚¹æ˜¾ç¤º
 207   3              Seg_String[4] = 14;
 208   3              Seg_String[5] = Data_Stg[Data_Stg_Index] / 100 % 10;
 209   3              Seg_String[6] = Data_Stg[Data_Stg_Index] / 10 % 10;
 210   3              Seg_String[7] = Data_Stg[Data_Stg_Index] % 10;
 211   3            }
 212   2            else//å¹³å‡å€¼æ˜¾ç¤ºæ¨¡å¼
 213   2            {
 214   3              Seg_Point[6] = 1;//ç¬¬ä¸ƒä½æ˜¾ç¤ºå°æ•°ç‚¹
 215   3              Seg_String[4] = 14;
 216   3              /* å¹³å‡å€¼æ•°æ®å¤„ç† */
 217   3              Seg_String[5] = (unsigned int)(Avg_Val * 10) / 100 % 10;
 218   3              Seg_String[6] = (unsigned int)(Avg_Val * 10) / 10 % 10;
 219   3              Seg_String[7] = (unsigned int)(Avg_Val * 10) % 10;
 220   3            }
 221   2            while(Seg_String[i] == 0)//ç†„ç­æœªå ç”¨çš„é«˜ä½æ•°ç ç®¡
 222   2            {
 223   3              Seg_String[i] = 14;
 224   3              i++;
 225   3            }
 226   2          break;
 227   2          case 3://å‚æ•°è®¾ç½®æ˜¾ç¤º
 228   2            Seg_Point[6] = 0;//å…³é—­å°æ•°ç‚¹æ˜¾ç¤º
 229   2            Seg_String[0] = 19;//P
 230   2            Seg_String[1] = (unsigned char)Param_Dat_Index + 1;//é€šé“ç¼–å·
 231   2            Seg_String[2] = Seg_String[3] = Seg_String[4] = Seg_String[5] = 14;//ç†„ç­
 232   2            /* å‚æ•°æ•°æ®å¤„ç† */
 233   2            Seg_String[6] = Param_Dat[Param_Dat_Index] / 10 % 10;
 234   2            Seg_String[7] = Param_Dat[Param_Dat_Index] % 10;
 235   2          break;
 236   2        }
 237   1        
 238   1      }
 239          
C51 COMPILER V9.54   MAIN                                                                  04/02/2022 16:59:46 PAGE 5   

 240          /* å…¶ä»–æ˜¾ç¤ºå‡½æ•° */
 241          void Led_Proc()
 242          {
 243   1        if(Led_Slow_Down) return;
 244   1        Led_Slow_Down = 1;//LEDæ˜¾ç¤ºå‡é€Ÿç¨‹åº
 245   1        ucLed[0] = ucLed[1] = ucLed[2] = ucLed[3] = 0;//äº’æ–¥ç‚¹äº®
 246   1        ucLed[Seg_Disp_Mode] = 1;//æ¨¡å¼æŒ‡ç¤ºç¯
 247   1        ucLed[4] = Num_Alerts / 3;//è­¦æŠ¥æŒ‡ç¤ºç¯
 248   1        ucLed[5] = Bright_Dark_Flag;//ç¯å¢ƒäº®åº¦æŒ‡ç¤ºç¯
 249   1      }
 250          
 251          /* å®šæ—¶å™¨1åˆå§‹åŒ–å‡½æ•° */
 252          void Timer1Init(void)   //1æ¯«ç§’@12.000MHz
 253          {
 254   1        AUXR &= 0xBF;   //å®šæ—¶å™¨æ—¶é’Ÿ12Tæ¨¡å¼
 255   1        TMOD &= 0x0F;   //è®¾ç½®å®šæ—¶å™¨æ¨¡å¼
 256   1        TL1 = 0x18;   //è®¾ç½®å®šæ—¶åˆå§‹å€¼
 257   1        TH1 = 0xFC;   //è®¾ç½®å®šæ—¶åˆå§‹å€¼
 258   1        TF1 = 0;    //æ¸…é™¤TF1æ ‡å¿—
 259   1        TR1 = 1;    //å®šæ—¶å™¨1å¼€å§‹è®¡æ—¶
 260   1        ET1 = 1;    //å®šæ—¶å™¨1ä¸­æ–­æ‰“å¼€
 261   1        EA = 1;    //æ€»ä¸­æ–­æ‰“å¼€
 262   1      }
 263          
 264          /* å®šæ—¶å™¨1ä¸­æ–­æœåŠ¡å‡½æ•° */
 265          void Timer1Server() interrupt 3
 266          {
 267   1        if(++Seg_Pos == 8) Seg_Pos = 0;//æ•°ç ç®¡æ˜¾ç¤ºä¸“ç”¨
 268   1        if(++Key_Slow_Down == 10) Key_Slow_Down = 0;//é”®ç›˜å‡é€Ÿä¸“ç”¨
 269   1        if(++Seg_Slow_Down == 500) Seg_Slow_Down = 0;//ä¿¡æ¯å¤„ç†å‡é€Ÿä¸“ç”¨
 270   1        if(++Led_Slow_Down == 200) Led_Slow_Down = 0;//LEDæ˜¾ç¤ºå‡é€Ÿä¸“ç”¨
 271   1        Seg_Disp(Seg_String[Seg_Pos],Seg_Pos,Seg_Point[Seg_Pos]);//æ•°ç ç®¡æ˜¾ç¤º
 272   1        Led_Disp(Seg_Pos+1,ucLed[Seg_Pos]);//LEDæ˜¾ç¤º
 273   1      }
 274          
 275          /* Main */
 276          void main()
 277          {
 278   1        Cls_Init();//å…³é—­å¤–è®¾
 279   1        Set_Rtc(ucRtc);//è®¾ç½®æ—¶é’Ÿ
 280   1        Timer0Init();//å®šæ—¶å™¨0åˆå§‹åŒ–
 281   1        Timer1Init();//å®šæ—¶å™¨1åˆå§‹åŒ–
 282   1        while(1)//ä¸‰å¤§ä¸»ä½“ç¨‹åºå¾ªç¯æ‰«æ
 283   1        {
 284   2          Key_Proc();
 285   2          Seg_Proc();
 286   2          Led_Proc();
 287   2        }
 288   1      }


MODULE INFORMATION:   STATIC OVERLAYABLE
   CODE SIZE        =   1336    ----
   CONSTANT SIZE    =   ----    ----
   XDATA SIZE       =   ----    ----
   PDATA SIZE       =   ----    ----
   DATA SIZE        =     61       1
   IDATA SIZE       =   ----    ----
   BIT SIZE         =      5    ----
END OF MODULE INFORMATION.


C51 COMPILATION COMPLETE.  0 WARNING(S),  0 ERROR(S)
