C51 COMPILER V9.54   SEG                                                                   04/02/2022 16:59:47 PAGE 1   


C51 COMPILER V9.54, COMPILATION OF MODULE SEG
OBJECT MODULE PLACED IN .\Objects\seg.obj
COMPILER INVOKED BY: C:\Keil_v5\C51\BIN\C51.EXE ..\Driver\seg.c OPTIMIZE(8,SPEED) BROWSE INCDIR(..\Driver) DEBUG OBJECTE
                    -XTEND PRINT(.\Listings\seg.lst) TABS(2) OBJECT(.\Objects\seg.obj)

line level    source

   1          #include "seg.h"
   2          
   3          unsigned char seg_dula[] = {0xc0,0xf9,0xa4,0xb0,0x99,0x92,0x82,0xf8,0x80,0x90,0xbf,0xc7,0x8c,0xc6,0xff,0x8
             -9,0xfe,0xbf,0xf7,0x8c};
   4          unsigned char seg_wela[] = {0x01,0x02,0x04,0x08,0x10,0x20,0x40,0x80};
   5          
   6          void Seg_Disp(unsigned char dula,wela,point)
   7          {
   8   1        P0 = 0xff;
   9   1        P2 = P2 & 0x1f | 0xe0;
  10   1        P2 &= 0x1f;
  11   1        P0 = seg_wela[wela];
  12   1        P2 = P2 & 0x1f | 0xc0;
  13   1        P2 &= 0x1f;
  14   1        if(point)
  15   1          P0 = seg_dula[dula] & 0x7f;
  16   1        else
  17   1          P0 = seg_dula[dula];
  18   1        P2 = P2 & 0x1f | 0xe0;
  19   1        P2 &= 0x1f; 
  20   1      }


MODULE INFORMATION:   STATIC OVERLAYABLE
   CODE SIZE        =     66    ----
   CONSTANT SIZE    =   ----    ----
   XDATA SIZE       =   ----    ----
   PDATA SIZE       =   ----    ----
   DATA SIZE        =     28    ----
   IDATA SIZE       =   ----    ----
   BIT SIZE         =   ----    ----
END OF MODULE INFORMATION.


C51 COMPILATION COMPLETE.  0 WARNING(S),  0 ERROR(S)
