C51 COMPILER V9.54   ULTRASOUND                                                            04/02/2022 16:59:47 PAGE 1   


C51 COMPILER V9.54, COMPILATION OF MODULE ULTRASOUND
OBJECT MODULE PLACED IN .\Objects\ultrasound.obj
COMPILER INVOKED BY: C:\Keil_v5\C51\BIN\C51.EXE ..\Driver\ultrasound.c OPTIMIZE(8,SPEED) BROWSE INCDIR(..\Driver) DEBUG 
                    -OBJECTEXTEND PRINT(.\Listings\ultrasound.lst) TABS(2) OBJECT(.\Objects\ultrasound.obj)

line level    source

   1          #include "ultrasound.h"
   2          sbit TX = P1^0;
   3          sbit RX = P1^1;
   4          void Timer0Init(void)   //12微秒@12.000MHz
   5          {
   6   1        AUXR &= 0x7F;   //定时器时钟12T模式
   7   1        TMOD &= 0xF0;   //设置定时器模式
   8   1        TL0 = 0xF4;   //设置定时初始值
   9   1        TH0 = 0xFF;   //设置定时初始值
  10   1        TF0 = 0;    //清除TF0标志
  11   1        TR0 = 0;    //定时器关闭计时
  12   1      }
  13          
  14          unsigned char Ultarsound_Read()
  15          {
  16   1        unsigned char Read_Num = 10;
  17   1        unsigned char Ultarsound_Read_Dat;
  18   1        TX = 0;
  19   1        TL0 = 0xF4;   //设置定时初始值
  20   1        TH0 = 0xFF;   //设置定时初始值
  21   1        TR0 = 1;
  22   1        while(Read_Num--)
  23   1        {
  24   2          while(!TF0);
  25   2          TX ^= 1;
  26   2          TF0 = 0;
  27   2        }
  28   1        TR0 = 0;
  29   1        TH0 = TL0 = 0;
  30   1        TR0 = 1;
  31   1        while(RX && (~TF0));
  32   1        TR0 = 0;
  33   1        if(TF0 == 1)
  34   1        {
  35   2          Ultarsound_Read_Dat = 80;
  36   2          TF0 = 0;
  37   2        }
  38   1        else
  39   1          Ultarsound_Read_Dat = (TH0 << 8 | TL0) * 0.017;
  40   1        
  41   1        return Ultarsound_Read_Dat;
  42   1      }


MODULE INFORMATION:   STATIC OVERLAYABLE
   CODE SIZE        =    100    ----
   CONSTANT SIZE    =   ----    ----
   XDATA SIZE       =   ----    ----
   PDATA SIZE       =   ----    ----
   DATA SIZE        =   ----    ----
   IDATA SIZE       =   ----    ----
   BIT SIZE         =   ----    ----
END OF MODULE INFORMATION.


C51 COMPILATION COMPLETE.  0 WARNING(S),  0 ERROR(S)
