C51 COMPILER V9.60.7.0   KEY                                                               04/01/2024 22:04:03 PAGE 1   


C51 COMPILER V9.60.7.0, COMPILATION OF MODULE KEY
OBJECT MODULE PLACED IN .\Objects\Key.obj
COMPILER INVOKED BY: E:\Applications\Keil_5\C51\BIN\C51.EXE ..\Driver\Key.c OPTIMIZE(8,SPEED) BROWSE INCDIR(..\Driver) D
                    -EBUG OBJECTEXTEND PRINT(.\Listings\Key.lst) OBJECT(.\Objects\Key.obj)

line level    source

   1          //ø¥‘≠¿ÌÕº–¥
   2          #include <Key.h>
   3          
   4          unsigned char Key_Read()
   5          {
   6   1              unsigned char temp=0;
   7   1              if(P33==0) temp=4;
   8   1              if(P32==0) temp=5;
   9   1              if(P31==0) temp=6;
  10   1              if(P30==0) temp=7;
  11   1              
  12   1              return temp;
  13   1      }
  14          
  15          /*
  16          unsigned char Key_Read()
  17          {
  18                  unsigned char temp = 0;
  19                  P44 = 0;P42 = 1;P35 = 1;P34 = 1;
  20                  if(P33 == 0) temp = 4;
  21                  if(P32 == 0) temp = 5;
  22                  if(P31 == 0) temp = 6;
  23                  if(P30 == 0) temp = 7;
  24                  P44 = 1;P42 = 0;P35 = 1;P34 = 1;
  25                  if(P33 == 0) temp = 8;
  26                  if(P32 == 0) temp = 9;
  27                  if(P31 == 0) temp = 10;
  28                  if(P30 == 0) temp = 11;
  29                  P44 = 1;P42 = 1;P35 = 0;P34 = 1;
  30                  if(P33 == 0) temp = 12;
  31                  if(P32 == 0) temp = 13;
  32                  if(P31 == 0) temp = 14;
  33                  if(P30 == 0) temp = 15;
  34                  P44 = 1;P42 = 1;P35 = 1;P34 = 0;
  35                  if(P33 == 0) temp = 16;
  36                  if(P32 == 0) temp = 17;
  37                  if(P31 == 0) temp = 18;
  38                  if(P30 == 0) temp = 19;
  39                  return temp;
  40          }
  41          */


MODULE INFORMATION:   STATIC OVERLAYABLE
   CODE SIZE        =     23    ----
   CONSTANT SIZE    =   ----    ----
   XDATA SIZE       =   ----    ----
   PDATA SIZE       =   ----    ----
   DATA SIZE        =   ----    ----
   IDATA SIZE       =   ----    ----
   BIT SIZE         =   ----    ----
END OF MODULE INFORMATION.


C51 COMPILATION COMPLETE.  0 WARNING(S),  0 ERROR(S)
