C51 COMPILER V9.60.7.0   LED                                                               04/08/2024 21:12:13 PAGE 1   


C51 COMPILER V9.60.7.0, COMPILATION OF MODULE LED
OBJECT MODULE PLACED IN .\Objects\Led.obj
COMPILER INVOKED BY: E:\Applications\Keil_5\C51\BIN\C51.EXE ..\Driver\Led.c OPTIMIZE(8,SPEED) BROWSE INCDIR(..\Driver) D
                    -EBUG OBJECTEXTEND PRINT(.\Listings\Led.lst) OBJECT(.\Objects\Led.obj)

line level    source

   1          //BUZZ-0X40;Realy-0x10;Y4-0X80;Y5-0XAO;开是|，关是&
   2          #include <Led.h>
   3          
   4          void Led_Disp(unsigned char addr,enable)
   5          {
   6   1              static unsigned char temp=0x00;
   7   1              static unsigned char temp_old=0xff;//全关
   8   1              
   9   1              if(enable)
  10   1                      temp |=0x01<<addr;
  11   1              else
  12   1                      temp &=~(0x01<<addr);
  13   1              if(temp !=temp_old)
  14   1              {
  15   2                      P0 =~temp;
  16   2                      P2=P2&0X1F |0X80;//Y4
  17   2                      P2&=0X1F;
  18   2                      temp_old=temp;
  19   2              }
  20   1              
  21   1      }
  22          //BUZZ和Realy要高电平输入经过ULN2003A后变成低电平，随后低电平激活
  23          void Beep(unsigned char enable)
  24          {
  25   1              static unsigned char temp=0x00;
  26   1              static unsigned char temp_old=0xff;//全关
  27   1              
  28   1              if(enable)
  29   1                      temp |=0x04;
  30   1              else
  31   1                      temp &=~0x04;
  32   1              if(temp !=temp_old)
  33   1              {
  34   2                      P0 =temp;
  35   2                      P2=P2&0X1F |0Xa0;//Y5
  36   2                      P2&=0X1F;
  37   2                      temp_old=temp;
  38   2              }
  39   1              
  40   1      }
  41          void Relay(unsigned char enable)
  42          {
  43   1              static unsigned char temp=0x00;
  44   1              static unsigned char temp_old=0xff;//全关
  45   1              
  46   1              if(enable)
  47   1                      temp |=0x10;
  48   1              else
  49   1                      temp &=~0x10;
  50   1              if(temp !=temp_old)
  51   1              {
  52   2                      P0 =temp;
  53   2                      P2=P2&0X1F |0Xa0;//Y5
  54   2                      P2&=0X1F;
C51 COMPILER V9.60.7.0   LED                                                               04/08/2024 21:12:13 PAGE 2   

  55   2                      temp_old=temp;
  56   2              }
  57   1              
  58   1      }


MODULE INFORMATION:   STATIC OVERLAYABLE
   CODE SIZE        =    129    ----
   CONSTANT SIZE    =   ----    ----
   XDATA SIZE       =   ----    ----
   PDATA SIZE       =   ----    ----
   DATA SIZE        =      6    ----
   IDATA SIZE       =   ----    ----
   BIT SIZE         =   ----    ----
END OF MODULE INFORMATION.


C51 COMPILATION COMPLETE.  0 WARNING(S),  0 ERROR(S)
