C51 COMPILER V9.60.7.0   MAIN                                                              04/08/2024 21:12:13 PAGE 1   


C51 COMPILER V9.60.7.0, COMPILATION OF MODULE MAIN
OBJECT MODULE PLACED IN .\Objects\main.obj
COMPILER INVOKED BY: E:\Applications\Keil_5\C51\BIN\C51.EXE main.c OPTIMIZE(8,SPEED) BROWSE INCDIR(..\Driver) DEBUG OBJE
                    -CTEXTEND PRINT(.\Listings\main.lst) OBJECT(.\Objects\main.obj)

line level    source

   1          //先Seg减速，顺带定时器别忘了ET0=1,EA=1;Seg扫描，led+扫描，Key减速+三行消抖，主程序
   2          #include <STC15F2K60S2.H>
   3          #include <init.h>
   4          #include <Led.h>
   5          #include <Key.h>
   6          #include <Seg.h>
   7          
   8          unsigned char Seg_Slow_Down;
   9          unsigned char Seg_Buf[8]={10,10,10,10,10,10,10,10};
  10          unsigned char Seg_Point[8]={0,0,0,0,0,0,0,0};
  11          unsigned char Seg_Pos;
  12          
  13          unsigned char ucLed[8]={0,0,0,0,0,0,0,0};
  14          
  15          unsigned char Key_Val,Key_Old,Key_Down,Key_Up;
  16          unsigned char Key_Slow_Down;
  17          
  18          
  19          void Key_Proc()
  20          {
  21   1              if(Key_Slow_Down)return;
  22   1              Key_Slow_Down =1;
  23   1              //重点记
  24   1              Key_Val=Key_Read();
  25   1              Key_Down=Key_Val &(Key_Old^Key_Val);
  26   1              Key_Up=~Key_Val &(Key_Old^Key_Val);
  27   1              Key_Old =Key_Val;
  28   1              
  29   1              
  30   1      }
  31          
  32          
  33          void Seg_Proc()
  34          {       //等于0时进入
  35   1              if(Seg_Slow_Down) return;
  36   1              Seg_Slow_Down =1;
  37   1              
  38   1      
  39   1      }
  40          
  41          void Led_Proc()
  42          {
  43   1              
  44   1      }
  45          
  46          void Timer0_Init(void)          //1毫秒@12.000MHz
  47          {
  48   1              AUXR &= 0x7F;                   //定时器时钟12T模式
  49   1              TMOD &= 0xF0;                   //设置定时器模式
  50   1              TL0 = 0x18;                             //设置定时初始值
  51   1              TH0 = 0xFC;                             //设置定时初始值
  52   1              TF0 = 0;                                //清除TF0标志
  53   1              TR0 = 1;                                //定时器0开始计时
  54   1              
C51 COMPILER V9.60.7.0   MAIN                                                              04/08/2024 21:12:13 PAGE 2   

  55   1      }
  56          /* Timer0 interrupt routine */
  57          void tm0_isr() interrupt 1
  58          {       if(++Key_Slow_Down == 10) Key_Slow_Down = 0;//键盘减速专用
  59   1          if(++Seg_Slow_Down==500) Seg_Slow_Down=0;//数码管减速专用
  60   1              if(++Seg_Pos==8)Seg_Pos=0;
  61   1              Seg_Disp(Seg_Pos,Seg_Buf[Seg_Pos],Seg_Point[Seg_Pos]);
  62   1              Led_Disp(Seg_Pos,ucLed[Seg_Pos]);
  63   1              
  64   1      }
  65          
  66          
  67          
  68          void main()
  69          {
  70   1              System_Init();
  71   1              Timer0_Init();
  72   1              while(1)
  73   1              {
  74   2                      Seg_Proc();
  75   2                      Key_Proc();
  76   2                      Led_Proc();
  77   2                      
  78   2              }
  79   1              
  80   1      }


MODULE INFORMATION:   STATIC OVERLAYABLE
   CODE SIZE        =    202    ----
   CONSTANT SIZE    =   ----    ----
   XDATA SIZE       =   ----    ----
   PDATA SIZE       =   ----    ----
   DATA SIZE        =     31    ----
   IDATA SIZE       =   ----    ----
   BIT SIZE         =   ----    ----
END OF MODULE INFORMATION.


C51 COMPILATION COMPLETE.  0 WARNING(S),  0 ERROR(S)
