C51 COMPILER V9.60.7.0   KEY                                                               11/03/2023 13:26:43 PAGE 1   


C51 COMPILER V9.60.7.0, COMPILATION OF MODULE KEY
OBJECT MODULE PLACED IN .\Objects\key.obj
COMPILER INVOKED BY: E:\Applications\Keil_5\C51\BIN\C51.EXE key.c OPTIMIZE(8,SPEED) BROWSE DEBUG OBJECTEXTEND PRINT(.\Li
                    -stings\key.lst) OBJECT(.\Objects\key.obj)

line level    source

   1          #include "key.h"
   2          #include "Ultrasonic.h"
   3          
   4          
   5          sbit Key1 = P1^0;
   6          
   7          
   8          volatile unsigned char start = 0;
   9          
  10          
  11          void keyscan(void)
  12          {
  13   1              if(Key1==0)
  14   1              {
  15   2                      delay_ms(5);
  16   2                      if(Key1==0)
  17   2                      {
  18   3                              
  19   3                              start = 1;
  20   3                      }
  21   2                      while(Key1==0);
  22   2              }
  23   1      }
  24          


MODULE INFORMATION:   STATIC OVERLAYABLE
   CODE SIZE        =     20    ----
   CONSTANT SIZE    =   ----    ----
   XDATA SIZE       =   ----    ----
   PDATA SIZE       =   ----    ----
   DATA SIZE        =      1    ----
   IDATA SIZE       =   ----    ----
   BIT SIZE         =   ----    ----
END OF MODULE INFORMATION.


C51 COMPILATION COMPLETE.  0 WARNING(S),  0 ERROR(S)
