C51 COMPILER V9.56.0.0   ULTRASONIC                                                        06/29/2019 10:19:02 PAGE 1   


C51 COMPILER V9.56.0.0, COMPILATION OF MODULE ULTRASONIC
OBJECT MODULE PLACED IN .\Objects\ultrasonic.obj
COMPILER INVOKED BY: C:\Keil_C51\C51\BIN\C51.EXE ..\Driver\ultrasonic.c OPTIMIZE(8,SPEED) BROWSE INCDIR(..\Driver) DEFIN
                    -E(PCF8591_DAC,EEPROM_AT24C02) DEBUG OBJECTEXTEND PRINT(.\Listings\ultrasonic.lst) TABS(2) OBJECT(.\Objects\ultrasonic.ob
                    -j)

line level    source

   1          #include "ultrasonic.h"
   2          
   3          sbit TX = P1^0;           // 发射引脚
   4          sbit RX = P1^1;           // 接收引脚
   5          
   6          void Timer0Init(void)       // 12us@12MHz
   7          {
   8   1        AUXR &= 0x7F;           // 定时器时钟12T模式
   9   1        TMOD &= 0xF0;           // 设置定时器模式
  10   1        TL0 = 0xF4;           // 设置定时初值
  11   1        TH0 = 0xFF;           // 设置定时初值
  12   1        TF0 = 0;              // 清除TF0标志
  13   1        TR0 = 0;              // 定时器0停止
  14   1      }
  15          
  16          unsigned char Wave_Recv(void)
  17          {
  18   1        unsigned char ucDist, ucNum = 10;
  19   1      
  20   1        TX = 0;
  21   1        TL0 = 0xF4;           // 设置定时初值
  22   1        TH0 = 0xFF;           // 设置定时初值
  23   1        TR0 = 1;              // 定时器0计时
  24   1        // TX引脚发送40KHz方波信号驱动超声波发送探头
  25   1        while(ucNum--)
  26   1        {
  27   2          while(!TF0);
  28   2          TX ^= 1;
  29   2          TF0 = 0;
  30   2        }
  31   1        TR0 = 0;
  32   1        TL0 = 0;              // 设置定时初值
  33   1        TH0 = 0;              // 设置定时初值
  34   1        TR0 = 1;
  35   1        while(RX && !TF0);        // 等待收到脉冲
  36   1        TR0 = 0;
  37   1        if(TF0)             // 发生溢出
  38   1        {
  39   2          TF0 = 0;
  40   2          ucDist = 255;
  41   2        }
  42   1        else                  // 计算距离
  43   1          ucDist = ((TH0<<8)+TL0)*0.017;
  44   1        return ucDist;
  45   1      }


MODULE INFORMATION:   STATIC OVERLAYABLE
   CODE SIZE        =    106    ----
   CONSTANT SIZE    =   ----    ----
   XDATA SIZE       =   ----    ----
   PDATA SIZE       =   ----    ----
   DATA SIZE        =   ----    ----
C51 COMPILER V9.56.0.0   ULTRASONIC                                                        06/29/2019 10:19:02 PAGE 2   

   IDATA SIZE       =   ----    ----
   BIT SIZE         =   ----    ----
END OF MODULE INFORMATION.


C51 COMPILATION COMPLETE.  0 WARNING(S),  0 ERROR(S)
