C51 COMPILER V9.60.7.0   MAIN                                                              03/06/2024 18:40:53 PAGE 1   


C51 COMPILER V9.60.7.0, COMPILATION OF MODULE MAIN
OBJECT MODULE PLACED IN .\Objects\main.obj
COMPILER INVOKED BY: E:\Applications\Keil_5\C51\BIN\C51.EXE main.c OPTIMIZE(8,SPEED) BROWSE INCDIR(..\User;..\Sys;..\Dri
                    -ver) DEBUG OBJECTEXTEND PRINT(.\Listings\main.lst) OBJECT(.\Objects\main.obj)

line level    source

   1          #include "STC15F2K60S2.H"
   2          #include "init.h"
   3          #include "Delay.h"
   4          #include "SEG.h"
   5          #include "STDIO.H"
   6          #include "STRING.H"
   7          unsigned char seg_string[]="0123456789";//存输入字符
   8          unsigned char seg_buf[18];//存转换后的数
   9          unsigned char pos=0;
  10          
  11          void main()
  12          {       unsigned char n,m=0;
  13   1              unsigned char str[]="0";
  14   1              init_close();
  15   1              NumTran(seg_string,seg_buf);//翻译成十六进制
  16   1              for(n=0;n<8;n++)
  17   1              {       
  18   2                      for(m= 0; m < 10; m++)
  19   2                      {       
  20   3                              str[0]=seg_buf[m];
  21   3                              NumShow(str,n);//在第n位显示
  22   3                              Delay(200);
  23   3                              str[0]="0";
*** WARNING C260 IN LINE 23 OF main.c: '=': pointer truncation
  24   3                      }
  25   2              }
  26   1              
  27   1      //      for(n=0;n<16;n++,pos++)
  28   1      //      {
  29   1      //              NumTran(seg_string,seg_buf);
  30   1      //              NumShow(seg_buf,pos);
  31   1      //              if(pos==7 && flag == 0)
  32   1      //              {
  33   1      //                      seg_string[]="9AbCdEF."
  34   1      //                      pos=0;
  35   1      //                      n=0;
  36   1      //                      flag=1;
  37   1      //              }
  38   1      //      }
  39   1      }


MODULE INFORMATION:   STATIC OVERLAYABLE
   CODE SIZE        =     93    ----
   CONSTANT SIZE    =      4    ----
   XDATA SIZE       =   ----    ----
   PDATA SIZE       =   ----    ----
   DATA SIZE        =     30       4
   IDATA SIZE       =   ----    ----
   BIT SIZE         =   ----    ----
END OF MODULE INFORMATION.


C51 COMPILATION COMPLETE.  1 WARNING(S),  0 ERROR(S)
