C51 COMPILER V9.52.0.0   EX5                                                               01/22/2016 01:41:43 PAGE 1   


C51 COMPILER V9.52.0.0, COMPILATION OF MODULE EX5
OBJECT MODULE PLACED IN ex5.OBJ
COMPILER INVOKED BY: D:\3\keil6\C51\BIN\C51.EXE ex5.c BROWSE DEBUG OBJECTEXTEND TABS(2)

line level    source

   1          /*******************************************************************************  
   2          * 文件名称：按键控制LED位移
   3          * 实验目的：1.掌握单片机IO口操作的基本方法
   4          *           2.掌握按键扫描及软件延时消除抖动的基本原理
   5          * 程序说明：1.使用程序前，将跳线J2调整为BTN模式
   6          *           2.本程序中使用的软件延时消抖方法会降低单片机系统的实时性，其目的在于
   7          *             理解按键抖动产生的过程和消除方法，在后续的实验例程中会逐步介绍基于
   8          *             定时器扫描的消抖方法。
   9          *           3.相关按键功能可以参考按键处理函数void key_proc(unsigned char key)
  10          * 硬件环境：IAP15F2K61S2@11.0592MHz
  11          * 日期版本：2012-9-4/V1.0a 
  12          *******************************************************************************/
  13          
  14          #include "reg52.h"  //定义51单片机特殊功能寄存器
  15          
  16          unsigned char read_key(void);
  17          void key_proc(unsigned char key);
  18          void delay(void);
  19          
  20          //
  21          void cls_buzz()
  22          {
  23   1        P2 = (P2&0x1F|0xA0);
  24   1        P0 = 0x00;
  25   1        P2 &= 0x1F;
  26   1      }
  27          
  28          void cls_led()
  29          {
  30   1        P2 = (P2&0x1F|0x80);
  31   1        P0 = 0xFF;
  32   1        P2 &= 0x1F;
  33   1      }
  34          
  35          //主函数
  36          void main(void)
  37          { 
  38   1          unsigned char temp;
  39   1          
  40   1        cls_buzz();
  41   1        cls_led();
  42   1          
  43   1          while(1)
  44   1          {
  45   2              temp = read_key();
  46   2              if(temp != 0xff)
  47   2              {
  48   3                  delay();  //按键消抖
  49   3                  temp = read_key();
  50   3                  if(temp != 0xff)
  51   3                  {
  52   4                      //进入按键处理函数
  53   4                      key_proc(temp);
  54   4                      while(P3 != 0xff);  //等待按键释放                        
  55   4                  }
C51 COMPILER V9.52.0.0   EX5                                                               01/22/2016 01:41:43 PAGE 2   

  56   3              }
  57   2          }
  58   1      }
  59          
  60          //按键扫描函数
  61          unsigned char read_key(void)
  62          {
  63   1          unsigned char temp;
  64   1          unsigned char key_value = 0xff;
  65   1          
  66   1          temp = P3&0x0f;
  67   1          switch(temp)
  68   1          {
  69   2              case 0x0e:
  70   2                  key_value = 1;  //S7
  71   2                  break;    
  72   2              case 0x0d:
  73   2                  key_value = 2;  //S6
  74   2                  break;    
  75   2              case 0x0b:
  76   2                  key_value = 3;  //S5
  77   2                  break;    
  78   2              case 0x07:
  79   2                  key_value = 4;  //S4
  80   2                  break;    
  81   2          }
  82   1          return key_value;
  83   1      }
  84          
  85          //按键处理函数
  86          void key_proc(unsigned char key)
  87          {
  88   1          switch(key)
  89   1          {
  90   2              case 1:
  91   2            P2 = (P2&0x1f|0x80);
  92   2            P0++;
  93   2            P2 &= 0x1f;
  94   2                  break;
  95   2              case 2:
  96   2            P2 = (P2&0x1f|0x80);
  97   2            P0--;
  98   2            P2 &= 0x1f;
  99   2              case 3:
 100   2            P2 = (P2&0x1f|0x80);
 101   2            P0 += 2;
 102   2            P2 &= 0x1f;
 103   2                  break;
 104   2              case 4:
 105   2            P2 = (P2&0x1f|0x80);
 106   2            P0 -= 2;
 107   2            P2 &= 0x1f;
 108   2                  break;
 109   2          }    
 110   1      }
 111          
 112          //延时函数: 10ms@11.0592MHz
 113          void delay(void)
 114          {
 115   1        unsigned char i, j;
 116   1      
 117   1        i = 108;
C51 COMPILER V9.52.0.0   EX5                                                               01/22/2016 01:41:43 PAGE 3   

 118   1        j = 145;
 119   1        do
 120   1        {
 121   2          while (--j);
 122   2        } while (--i);
 123   1      }


MODULE INFORMATION:   STATIC OVERLAYABLE
   CODE SIZE        =    176    ----
   CONSTANT SIZE    =   ----    ----
   XDATA SIZE       =   ----    ----
   PDATA SIZE       =   ----    ----
   DATA SIZE        =   ----    ----
   IDATA SIZE       =   ----    ----
   BIT SIZE         =   ----    ----
END OF MODULE INFORMATION.


C51 COMPILATION COMPLETE.  0 WARNING(S),  0 ERROR(S)
