C51 COMPILER V9.54   IIC                                                                   04/06/2023 12:22:10 PAGE 1   


C51 COMPILER V9.54, COMPILATION OF MODULE IIC
OBJECT MODULE PLACED IN .\Objects\iic.obj
COMPILER INVOKED BY: C:\Keil_v5\C51\BIN\C51.EXE ..\Driver\iic.c OPTIMIZE(8,SPEED) BROWSE INCDIR(..\Driver) DEBUG OBJECTE
                    -XTEND PRINT(.\Listings\iic.lst) TABS(2) OBJECT(.\Objects\iic.obj)

line level    source

   1          /*
   2            程序说明: IIC总线驱动程序
   3            软件环境: Keil uVision 4.10 
   4            硬件环境: CT107单片机综合实训平台 8051，12MHz
   5            日    期: 2011-8-9
   6          */
   7          
   8          #include "iic.h"
   9          
  10          
  11          #include "intrins.h"
  12          
  13          #define DELAY_TIME 5
  14          
  15          #define Photo_Res_Channel 0x41
  16          #define Adj_Res_Channel 0x43
  17          
  18          
  19          //总线引脚定义
  20          sbit SDA = P2^1;  /* 数据线 */
  21          sbit SCL = P2^0;  /* 时钟线 */
  22          
  23          void IIC_Delay(unsigned char i)
  24          {
  25   1          do{_nop_();}
  26   1          while(i--);        
  27   1      }
  28          
  29          //总线启动条件
  30          void IIC_Start(void)
  31          {
  32   1          SDA = 1;
  33   1          SCL = 1;
  34   1          IIC_Delay(DELAY_TIME);
  35   1          SDA = 0;
  36   1          IIC_Delay(DELAY_TIME);
  37   1          SCL = 0;  
  38   1      }
  39          
  40          //总线停止条件
  41          void IIC_Stop(void)
  42          {
  43   1          SDA = 0;
  44   1          SCL = 1;
  45   1          IIC_Delay(DELAY_TIME);
  46   1          SDA = 1;
  47   1          IIC_Delay(DELAY_TIME);
  48   1      }
  49          
  50          //发送应答
  51          void IIC_SendAck(bit ackbit)
  52          {
  53   1          SCL = 0;
  54   1          SDA = ackbit;           // 0：应答，1：非应答
C51 COMPILER V9.54   IIC                                                                   04/06/2023 12:22:10 PAGE 2   

  55   1          IIC_Delay(DELAY_TIME);
  56   1          SCL = 1;
  57   1          IIC_Delay(DELAY_TIME);
  58   1          SCL = 0; 
  59   1          SDA = 1;
  60   1          IIC_Delay(DELAY_TIME);
  61   1      }
  62          
  63          //等待应答
  64          bit IIC_WaitAck(void)
  65          {
  66   1          bit ackbit;
  67   1        
  68   1          SCL  = 1;
  69   1          IIC_Delay(DELAY_TIME);
  70   1          ackbit = SDA;
  71   1          SCL = 0;
  72   1          IIC_Delay(DELAY_TIME);
  73   1          return ackbit;
  74   1      }
  75          
  76          //通过I2C总线发送数据
  77          void IIC_SendByte(unsigned char byt)
  78          {
  79   1          unsigned char i;
  80   1      
  81   1          for(i=0; i<8; i++)
  82   1          {
  83   2              SCL  = 0;
  84   2              IIC_Delay(DELAY_TIME);
  85   2              if(byt & 0x80) SDA  = 1;
  86   2              else SDA  = 0;
  87   2              IIC_Delay(DELAY_TIME);
  88   2              SCL = 1;
  89   2              byt <<= 1;
  90   2              IIC_Delay(DELAY_TIME);
  91   2          }
  92   1          SCL  = 0;  
  93   1      }
  94          
  95          //从I2C总线上接收数据
  96          unsigned char IIC_RecByte(void)
  97          {
  98   1          unsigned char i, da;
  99   1          for(i=0; i<8; i++)
 100   1          {   
 101   2            SCL = 1;
 102   2        IIC_Delay(DELAY_TIME);
 103   2        da <<= 1;
 104   2        if(SDA) da |= 1;
 105   2        SCL = 0;
 106   2        IIC_Delay(DELAY_TIME);
 107   2          }
 108   1          return da;    
 109   1      }
 110          
 111          
 112          
 113          
 114          
 115          unsigned char Ad_Read(unsigned char addr)
 116          {
C51 COMPILER V9.54   IIC                                                                   04/06/2023 12:22:10 PAGE 3   

 117   1        unsigned char temp;
 118   1        IIC_Start();
 119   1        IIC_SendByte(0x90);
 120   1        IIC_WaitAck();
 121   1        IIC_SendByte(addr);
 122   1        IIC_WaitAck();
 123   1        IIC_Start();
 124   1        IIC_SendByte(0x91);
 125   1        IIC_WaitAck();  
 126   1        temp = IIC_RecByte();
 127   1        IIC_SendAck(1);
 128   1        IIC_Stop();
 129   1        return temp;
 130   1      }
 131          
 132          void Da_Write(unsigned char dat)
 133          {
 134   1        IIC_Start();
 135   1        IIC_SendByte(0x90);
 136   1        IIC_WaitAck();
 137   1        IIC_SendByte(0x41);
 138   1        IIC_WaitAck();
 139   1        IIC_SendByte(dat);
 140   1        IIC_WaitAck();  
 141   1        IIC_Stop(); 
 142   1      }
 143          
 144          
 145          
 146          //函数名：写EEPROM函数
 147          //入口参数：需要写入的字符串，写入的地址(务必为8的倍数)，写入数量
 148          //返回值：无
 149          //函数功能：向EERPOM的某个地址写入字符串中特定数量的字符。
 150          void EEPROM_Write(unsigned char* EEPROM_String, unsigned char addr, unsigned char num)
 151          {
 152   1        IIC_Start();//发送开启信号
 153   1        IIC_SendByte(0xA0);//选择EEPROM芯片，确定写的模式
 154   1        IIC_WaitAck();//等待EEPROM反馈
 155   1        
 156   1        IIC_SendByte(addr);//写入要存储的数据地址
 157   1        IIC_WaitAck();//等待EEPROM反馈    
 158   1      
 159   1        while(num--)
 160   1        {
 161   2          IIC_SendByte(*EEPROM_String++);//将要写入的信息写入
 162   2          IIC_WaitAck();//等待EEPROM反馈    
 163   2          IIC_Delay(200); 
 164   2        }
 165   1        IIC_Stop();//停止发送 
 166   1      }
 167          
 168          
 169          //函数名：读EEPROM函数
 170          //入口参数：读到的数据需要存储的字符串，读取的地址(务必为8的倍数)，读取的数量
 171          //返回值：无
 172          //函数功能：读取EERPOM的某个地址中的数据，并存放在字符串数组中。
 173          void EEPROM_Read(unsigned char* EEPROM_String, unsigned char addr, unsigned char num)
 174          {
 175   1        IIC_Start();//发送开启信号
 176   1        IIC_SendByte(0xA0);//选择EEPROM芯片，确定写的模式
 177   1        IIC_WaitAck();//等待EEPROM反馈
 178   1        
C51 COMPILER V9.54   IIC                                                                   04/06/2023 12:22:10 PAGE 4   

 179   1        IIC_SendByte(addr);//写入要读取的数据地址
 180   1        IIC_WaitAck();//等待EEPROM反馈    
 181   1      
 182   1        IIC_Start();//发送开启信号
 183   1        IIC_SendByte(0xA1);//选择EEPROM芯片，确定读的模式
 184   1        IIC_WaitAck();//等待EEPROM反馈  
 185   1        
 186   1        while(num--)
 187   1        {
 188   2          *EEPROM_String++ = IIC_RecByte();//将要写入的信息写入
 189   2          if(num) IIC_SendAck(0);//发送应答
 190   2            else IIC_SendAck(1);//不应答
 191   2        }
 192   1        
 193   1        IIC_Stop();//停止发送 
 194   1      }


MODULE INFORMATION:   STATIC OVERLAYABLE
   CODE SIZE        =    367    ----
   CONSTANT SIZE    =   ----    ----
   XDATA SIZE       =   ----    ----
   PDATA SIZE       =   ----    ----
   DATA SIZE        =   ----      10
   IDATA SIZE       =   ----    ----
   BIT SIZE         =   ----       2
END OF MODULE INFORMATION.


C51 COMPILATION COMPLETE.  0 WARNING(S),  0 ERROR(S)
