C51 COMPILER V9.54   KEY                                                                   04/06/2023 12:22:09 PAGE 1   


C51 COMPILER V9.54, COMPILATION OF MODULE KEY
OBJECT MODULE PLACED IN .\Objects\Key.obj
COMPILER INVOKED BY: C:\Keil_v5\C51\BIN\C51.EXE ..\Driver\Key.c OPTIMIZE(8,SPEED) BROWSE INCDIR(..\Driver) DEBUG OBJECTE
                    -XTEND PRINT(.\Listings\Key.lst) TABS(2) OBJECT(.\Objects\Key.obj)

line level    source

   1          #include <Key.h>
   2          
   3          unsigned char Key_Read()
   4          {
   5   1        unsigned char temp = 0;
   6   1        
   7   1        AUXR &= 0xEF; //关闭T2R 即 定时器2 （串口波特率发生所用的定时器）
   8   1        
   9   1        P44 = 0;P42 = 1;P35 = 1;P34 = 1;
  10   1        if(P33 == 0) temp = 4;
  11   1        if(P32 == 0) temp = 5;
  12   1        if(P31 == 0) temp = 6;
  13   1        if(P30 == 0) temp = 7;
  14   1      
  15   1        P44 = 1;P42 = 0;P35 = 1;P34 = 1;
  16   1        if(P33 == 0) temp = 8;
  17   1        if(P32 == 0) temp = 9;
  18   1        if(P31 == 0) temp = 10;
  19   1        if(P30 == 0) temp = 11;
  20   1        
  21   1        P44 = 1;P42 = 1;P35 = 0;P34 = 1;
  22   1        if(P33 == 0) temp = 12;
  23   1        if(P32 == 0) temp = 13;
  24   1        if(P31 == 0) temp = 14;
  25   1        if(P30 == 0) temp = 15;
  26   1        
  27   1        P44 = 1;P42 = 1;P35 = 1;P34 = 0;
  28   1        if(P33 == 0) temp = 16;
  29   1        if(P32 == 0) temp = 17;
  30   1        if(P31 == 0) temp = 18;
  31   1        if(P30 == 0) temp = 19;
  32   1        
  33   1        P3 = 0xff;
  34   1        AUXR |= 0x10; //打开T2R 即 定时器2 （串口波特率发生所用的定时器）
  35   1        
  36   1        return temp;
  37   1      }
  38          
  39          /*
  40          unsigned char Key_Read()
  41          {
  42            unsigned char temp = 0;
  43            if(P33 == 0) temp = 4;
  44            if(P32 == 0) temp = 5;
  45            if(P31 == 0) temp = 6;
  46            if(P30 == 0) temp = 7;
  47            return temp;
  48          }
  49          */


MODULE INFORMATION:   STATIC OVERLAYABLE
   CODE SIZE        =    124    ----
   CONSTANT SIZE    =   ----    ----
C51 COMPILER V9.54   KEY                                                                   04/06/2023 12:22:09 PAGE 2   

   XDATA SIZE       =   ----    ----
   PDATA SIZE       =   ----    ----
   DATA SIZE        =   ----    ----
   IDATA SIZE       =   ----    ----
   BIT SIZE         =   ----    ----
END OF MODULE INFORMATION.


C51 COMPILATION COMPLETE.  0 WARNING(S),  0 ERROR(S)
