C51 COMPILER V9.54   ULTRASOUND                                                            04/06/2023 12:22:10 PAGE 1   


C51 COMPILER V9.54, COMPILATION OF MODULE ULTRASOUND
OBJECT MODULE PLACED IN .\Objects\ultrasound.obj
COMPILER INVOKED BY: C:\Keil_v5\C51\BIN\C51.EXE ..\Driver\ultrasound.c OPTIMIZE(8,SPEED) BROWSE INCDIR(..\Driver) DEBUG 
                    -OBJECTEXTEND PRINT(.\Listings\ultrasound.lst) TABS(2) OBJECT(.\Objects\ultrasound.obj)

line level    source

   1          #include <ultrasound.h>
   2          #include "intrins.h"
   3          
   4          sbit Tx = P1^0;
   5          sbit Rx = P1^1;
   6          
   7          void Delay12us()    //@12.000MHz
   8          {
   9   1        unsigned char i;
  10   1      
  11   1        _nop_();
  12   1        _nop_();
  13   1        i = 33;
  14   1        while (--i);
  15   1      }
  16          
  17          void Ut_Wave_Init() //超声波初始化函数 产生8个40Mhz的方波信号
  18          {
  19   1        unsigned char i;
  20   1        for(i=0;i<8;i++)
  21   1        {
  22   2          Tx = 1;
  23   2          Delay12us();
  24   2          Tx = 0;
  25   2          Delay12us();
  26   2        }
  27   1      }
  28          
  29          unsigned char Ut_Wave_Data() //超声波距离读取函数
  30          {
  31   1        unsigned int time;//时间储存变量
  32   1        TMOD &= 0x0f;//配置定时器1计时模式
  33   1        TH1 = TL1 = 0;//复位计数值 等待超声波信号发出
  34   1        Ut_Wave_Init();//发送超声波信号
  35   1        TR1 = 1;//开始计时
  36   1        while((Rx == 1) && (TF1 == 0));//等待接受返回信号或者定时器溢出
  37   1        TR1 = 0;//停止计时
  38   1        if(TF1 == 0) //定时器没有溢出
  39   1        {
  40   2          time = TH1 << 8 | TL1;//读取当前时间
  41   2          return (time * 0.017);//返回距离值
  42   2        }
  43   1        else
  44   1        {
  45   2          TF1 = 0;//清除溢出标志位
  46   2          return 0;
  47   2        }
  48   1      }


MODULE INFORMATION:   STATIC OVERLAYABLE
   CODE SIZE        =     81    ----
   CONSTANT SIZE    =   ----    ----
   XDATA SIZE       =   ----    ----
C51 COMPILER V9.54   ULTRASOUND                                                            04/06/2023 12:22:10 PAGE 2   

   PDATA SIZE       =   ----    ----
   DATA SIZE        =   ----    ----
   IDATA SIZE       =   ----    ----
   BIT SIZE         =   ----    ----
END OF MODULE INFORMATION.


C51 COMPILATION COMPLETE.  0 WARNING(S),  0 ERROR(S)
