C51 COMPILER V9.54   ONEWIRE                                                               12/20/2017 17:15:11 PAGE 1   


C51 COMPILER V9.54, COMPILATION OF MODULE ONEWIRE
OBJECT MODULE PLACED IN .\Objects\onewire.obj
COMPILER INVOKED BY: C:\keil   55\C51\BIN\C51.EXE onewire.c OPTIMIZE(8,SPEED) BROWSE DEBUG OBJECTEXTEND PRINT(.\Listings
                    -\onewire.lst) TABS(2) OBJECT(.\Objects\onewire.obj)

line level    source

   1          /*
   2            程序说明: 单总线驱动程序
   3            软件环境: Keil uVision 4.10 
   4            硬件环境: CT107单片机综合实训平台
   5            日    期: 2011-8-9
   6          */
   7          
   8          #include "onewire.h"
   9          #include "intrins.h"
  10          void Delay100us()   //@11.0592MHz
  11          {
  12   1        unsigned char i, j;
  13   1      
  14   1        _nop_();
  15   1        _nop_();
  16   1        i = 2;
  17   1        j = 15;
  18   1        do
  19   1        {
  20   2          while (--j);
  21   2        } while (--i);
  22   1      }
  23          
  24          //单总线延时函数
  25          void Delay_OneWire(unsigned int t)
  26          {
  27   1        unsigned i;
  28   1        while(t--)
  29   1        for(i=0;i<12;i++);
  30   1      }
  31          
  32          //DS18B20芯片初始化
  33          bit Init_DS18B20(void)
  34          {
  35   1        bit initflag = 0;
  36   1        DQ = 1;
  37   1        Delay_OneWire(12);
  38   1        DQ = 0;
  39   1        Delay_OneWire(80); 
  40   1        DQ = 1;
  41   1        Delay_OneWire(10); 
  42   1        initflag = DQ;    
  43   1        Delay_OneWire(5);
  44   1        
  45   1        return initflag;
  46   1      }
  47          
  48          //通过单总线向DS18B20写一个字节
  49          void Write_DS18B20(unsigned char dat)
  50          {
  51   1        unsigned char i;
  52   1        for(i=0;i<8;i++)
  53   1        {
  54   2          DQ = 0;
C51 COMPILER V9.54   ONEWIRE                                                               12/20/2017 17:15:11 PAGE 2   

  55   2          DQ = dat&0x01;
  56   2          Delay_OneWire(5);
  57   2          DQ = 1;
  58   2          dat >>= 1;
  59   2        }
  60   1        Delay_OneWire(5);
  61   1      }
  62          
  63          //从DS18B20读取一个字节
  64          unsigned char Read_DS18B20(void)
  65          {
  66   1        unsigned char i;
  67   1        unsigned char dat;
  68   1        
  69   1        for(i=0;i<8;i++)
  70   1        {
  71   2          DQ = 0;
  72   2          dat >>= 1;
  73   2          DQ = 1;
  74   2          if(DQ)
  75   2          {
  76   3            dat |= 0x80;
  77   3          }     
  78   2          Delay_OneWire(5);
  79   2        }
  80   1        return dat;
  81   1      }
  82          
  83          unsigned char readtemp()
  84          {
  85   1        unsigned char temp,high,low;
  86   1        
  87   1        Init_DS18B20();
  88   1        Write_DS18B20(0xcc);
  89   1        Write_DS18B20(0x44);
  90   1        Delay100us();
  91   1        
  92   1        Init_DS18B20();
  93   1        Write_DS18B20(0xcc);
  94   1        Write_DS18B20(0xbe);
  95   1        low=Read_DS18B20();
  96   1        high=Read_DS18B20();
  97   1        temp=high<<4;
  98   1        temp|=(low>>4);
  99   1        return temp;
 100   1      }


MODULE INFORMATION:   STATIC OVERLAYABLE
   CODE SIZE        =    190    ----
   CONSTANT SIZE    =   ----    ----
   XDATA SIZE       =   ----    ----
   PDATA SIZE       =   ----    ----
   DATA SIZE        =   ----       1
   IDATA SIZE       =   ----    ----
   BIT SIZE         =   ----       1
END OF MODULE INFORMATION.


C51 COMPILATION COMPLETE.  0 WARNING(S),  0 ERROR(S)
