C51 COMPILER V9.54   MAIN                                                                  12/18/2017 22:29:53 PAGE 1   


C51 COMPILER V9.54, COMPILATION OF MODULE MAIN
OBJECT MODULE PLACED IN .\Objects\main.obj
COMPILER INVOKED BY: C:\keil   55\C51\BIN\C51.EXE main.c OPTIMIZE(8,SPEED) BROWSE DEBUG OBJECTEXTEND PRINT(.\Listings\ma
                    -in.lst) TABS(2) OBJECT(.\Objects\main.obj)

line level    source

   1          #include <STC15F2K60S2.h>
   2          #include <intrins.h>
   3          #include <ds1302.h>
   4          #include <onewire.h>
   5          
   6          #define uint unsigned int
   7          #define uchar unsigned char
   8          
   9          uchar discount;
  10          uchar code tab[]={0XC0,0XF9,0XA4,0XB0,0X99,0X92,0X82,0XF8,0X80,0X90,0XBF,0XFF};
  11          uchar dsbuff[8]={11,11,11,11,11,11,11,11};
  12          uchar fan=0;
  13          uchar count;
  14          uchar flag1=0,flag2=0;
  15          
  16          void Delay50us()    //@11.0592MHz
  17          {
  18   1        unsigned char i, j;
  19   1      
  20   1        _nop_();
  21   1        i = 1;
  22   1        j = 134;
  23   1        do
  24   1        {
  25   2          while (--j);
  26   2        } while (--i);
  27   1      }
  28          
  29          void delayms(uint xms)
  30          {
  31   1        uint i,j;
  32   1        for(i=xms;i>0;i--)
  33   1        for(j=110;j>0;j--);
  34   1      }
  35          void allinit()
  36          {
  37   1        P2=0XA0;P0=0X00;
  38   1        P2=0X80;P0=0XFF;
  39   1        P2=0XC0;P0=0XFF;
  40   1        P2=0XEF;P0=0XFF;
  41   1      }
  42          
  43          void display()
  44          {
  45   1        P2=0XEF;
  46   1        P0=0XFF;
  47   1        P2=0X1F;
  48   1        
  49   1        P2=0XCF;
  50   1        P0=1<<discount;
  51   1        P2=0X1F;
  52   1        
  53   1        P2=0XEF;
  54   1        P0=tab[dsbuff[discount]];
C51 COMPILER V9.54   MAIN                                                                  12/18/2017 22:29:53 PAGE 2   

  55   1        P2=0X1F;
  56   1        
  57   1        if(++discount==8) discount=0;
  58   1      }
  59          
  60          void Timer0Init(void)   //2毫秒@11.0592MHz
  61          {
  62   1        AUXR |= 0x80;   //定时器时钟1T模式
  63   1        TMOD &= 0xF0;   //设置定时器模式
  64   1        TL0 = 0x9A;   //设置定时初值
  65   1        TH0 = 0xA9;   //设置定时初值
  66   1        TF0 = 0;    //清除TF0标志
  67   1        TR0 = 1;    //定时器0开始计时
  68   1        EA=1;
  69   1        ET0=1;
  70   1      }
  71          
  72          void key()
  73          {
  74   1        if(P30==0)
  75   1          {
  76   2            delayms(10);
  77   2            if(P30==0)
  78   2              {
  79   3                flag1=1;
  80   3                flag2=0;
  81   3              }
  82   2            while(!P30);
  83   2          }
  84   1          if(P31==0)
  85   1          {
  86   2            delayms(10);
  87   2            if(P31==0)
  88   2              {
  89   3                flag2=1;
  90   3                flag1=0;
  91   3              }
  92   2            while(!P31);
  93   2          }
  94   1      }
  95          
  96          uchar read_temperature()
  97          {
  98   1        uchar high,low;
  99   1        char temp;
 100   1        Init_DS18B20();
 101   1        Write_DS18B20(0XCC);
 102   1        Write_DS18B20(0X44);
 103   1        Delay50us();
 104   1        Delay50us();
 105   1        
 106   1        Init_DS18B20();
 107   1        Write_DS18B20(0XCC);
 108   1        Write_DS18B20(0XBE);
 109   1        low=Read_DS18B20();
 110   1        high=Read_DS18B20();
 111   1        temp=high<<4;
 112   1        temp |= (low>>4);
 113   1        return temp;
 114   1      }
 115          
 116          void main()
C51 COMPILER V9.54   MAIN                                                                  12/18/2017 22:29:53 PAGE 3   

 117          {
 118   1        uchar wendu;
 119   1        allinit();
 120   1        Timer0Init();
 121   1        ds_init();
 122   1        while(1)
 123   1        {
 124   2            if(flag1==1)
 125   2              {
 126   3      //          dsbuff[8]={11,11,11,11,11,11,11,11};
 127   3                read_time();
 128   3                dsbuff[0]=shijian[2]/10;
 129   3                dsbuff[1]=shijian[2]%10;
 130   3                dsbuff[3]=shijian[1]/10;
 131   3                dsbuff[4]=shijian[1]%10;
 132   3                dsbuff[6]=shijian[0]/10;
 133   3                dsbuff[7]=shijian[0]%10;
 134   3              }
 135   2          if(flag2==1)
 136   2              {   
 137   3                wendu=read_temperature();
 138   3                dsbuff[7]=wendu%10;
 139   3                dsbuff[6]=wendu/10;
 140   3                dsbuff[5]=11;
 141   3                dsbuff[4]=11;
 142   3                dsbuff[3]=11;
 143   3                dsbuff[2]=11;
 144   3                dsbuff[1]=11;
 145   3                dsbuff[0]=11;
 146   3              }   
 147   2                wendu=read_temperature();
 148   2                dsbuff[7]=wendu%10;
 149   2                dsbuff[6]=wendu/10;
 150   2                key();  
 151   2        }
 152   1      }
 153          
 154          void Timer0() interrupt 1
 155          {
 156   1        display();
 157   1        if(flag1==1)
 158   1        {
 159   2          count++;
 160   2          if(count==250)
 161   2          {
 162   3            count=0;
 163   3            if(fan==0)
 164   3            { 
 165   4              fan=1;
 166   4              dsbuff[2]=11;
 167   4              dsbuff[5]=11;
 168   4            }
 169   3            else
 170   3            {
 171   4              fan=0;
 172   4              dsbuff[2]=10;
 173   4              dsbuff[5]=10;
 174   4            }
 175   3          }
 176   2        }
 177   1      }

C51 COMPILER V9.54   MAIN                                                                  12/18/2017 22:29:53 PAGE 4   


MODULE INFORMATION:   STATIC OVERLAYABLE
   CODE SIZE        =    454    ----
   CONSTANT SIZE    =     12    ----
   XDATA SIZE       =   ----    ----
   PDATA SIZE       =   ----    ----
   DATA SIZE        =     13       2
   IDATA SIZE       =   ----    ----
   BIT SIZE         =   ----    ----
END OF MODULE INFORMATION.


C51 COMPILATION COMPLETE.  0 WARNING(S),  0 ERROR(S)
