C51 COMPILER V9.54   IIC                                                                   02/10/2022 16:35:27 PAGE 1   


C51 COMPILER V9.54, COMPILATION OF MODULE IIC
OBJECT MODULE PLACED IN .\Objects\iic.obj
COMPILER INVOKED BY: C:\Keil_v5\C51\BIN\C51.EXE ..\Driver\iic.c OPTIMIZE(8,SPEED) BROWSE INCDIR(..\Driver) DEBUG OBJECTE
                    -XTEND PRINT(.\Listings\iic.lst) TABS(2) OBJECT(.\Objects\iic.obj)

line level    source

   1          /*
   2            程序说明: IIC总线驱动程序
   3            软件环境: Keil uVision 4.10 
   4            硬件环境: CT107单片机综合实训平台 8051，12MHz
   5            日    期: 2011-8-9
   6          */
   7          
   8          #include "reg52.h"
   9          #include "intrins.h"
  10          #include "iic.h"
  11          
  12          #define DELAY_TIME 5
  13          
  14          #define SlaveAddrW 0xA0
  15          #define SlaveAddrR 0xA1
  16          
  17          //总线引脚定义
  18          sbit SDA = P2^1;  /* 数据线 */
  19          sbit SCL = P2^0;  /* 时钟线 */
  20          
  21          void IIC_Delay(unsigned char i)
  22          {
  23   1          do{_nop_();}
  24   1          while(i--);        
  25   1      }
  26          //总线启动条件
  27          void IIC_Start(void)
  28          {
  29   1          SDA = 1;
  30   1          SCL = 1;
  31   1          IIC_Delay(DELAY_TIME);
  32   1          SDA = 0;
  33   1          IIC_Delay(DELAY_TIME);
  34   1          SCL = 0;  
  35   1      }
  36          
  37          //总线停止条件
  38          void IIC_Stop(void)
  39          {
  40   1          SDA = 0;
  41   1          SCL = 1;
  42   1          IIC_Delay(DELAY_TIME);
  43   1          SDA = 1;
  44   1          IIC_Delay(DELAY_TIME);
  45   1      }
  46          
  47          //发送应答
  48          void IIC_SendAck(bit ackbit)
  49          {
  50   1          SCL = 0;
  51   1          SDA = ackbit;           // 0：应答，1：非应答
  52   1          IIC_Delay(DELAY_TIME);
  53   1          SCL = 1;
  54   1          IIC_Delay(DELAY_TIME);
C51 COMPILER V9.54   IIC                                                                   02/10/2022 16:35:27 PAGE 2   

  55   1          SCL = 0; 
  56   1          SDA = 1;
  57   1          IIC_Delay(DELAY_TIME);
  58   1      }
  59          
  60          //等待应答
  61          bit IIC_WaitAck(void)
  62          {
  63   1          bit ackbit;
  64   1        
  65   1          SCL  = 1;
  66   1          IIC_Delay(DELAY_TIME);
  67   1          ackbit = SDA;
  68   1          SCL = 0;
  69   1          IIC_Delay(DELAY_TIME);
  70   1          return ackbit;
  71   1      }
  72          
  73          //通过I2C总线发送数据
  74          void IIC_SendByte(unsigned char byt)
  75          {
  76   1          unsigned char i;
  77   1      
  78   1          for(i=0; i<8; i++)
  79   1          {
  80   2              SCL  = 0;
  81   2              IIC_Delay(DELAY_TIME);
  82   2              if(byt & 0x80) SDA  = 1;
  83   2              else SDA  = 0;
  84   2              IIC_Delay(DELAY_TIME);
  85   2              SCL = 1;
  86   2              byt <<= 1;
  87   2              IIC_Delay(DELAY_TIME);
  88   2          }
  89   1          SCL  = 0;  
  90   1      }
  91          
  92          //从I2C总线上接收数据
  93          unsigned char IIC_RecByte(void)
  94          {
  95   1          unsigned char i, da;
  96   1          for(i=0; i<8; i++)
  97   1          {   
  98   2            SCL = 1;
  99   2        IIC_Delay(DELAY_TIME);
 100   2        da <<= 1;
 101   2        if(SDA) da |= 1;
 102   2        SCL = 0;
 103   2        IIC_Delay(DELAY_TIME);
 104   2          }
 105   1          return da;    
 106   1      }
 107          
 108          unsigned char Ad_Read(unsigned char addr)
 109          {
 110   1        unsigned char temp;
 111   1        IIC_Start();
 112   1        IIC_SendByte(0x90);
 113   1        IIC_WaitAck();
 114   1        IIC_SendByte(addr);
 115   1        IIC_WaitAck();
 116   1        IIC_Start();
C51 COMPILER V9.54   IIC                                                                   02/10/2022 16:35:27 PAGE 3   

 117   1        IIC_SendByte(0x91);
 118   1        IIC_WaitAck();
 119   1        temp = IIC_RecByte();
 120   1        IIC_SendAck(1);
 121   1        IIC_Stop();
 122   1        return temp;
 123   1      }
 124          
 125          void EEPROM_Read(unsigned char* EEPROM_String,unsigned char addr,num)
 126          {
 127   1        IIC_Start();
 128   1        IIC_SendByte(0xa0);
 129   1        IIC_WaitAck();
 130   1        IIC_SendByte(addr);
 131   1        IIC_WaitAck();
 132   1        IIC_Start();
 133   1        IIC_SendByte(0xa1);
 134   1        IIC_WaitAck();
 135   1        while(num--)
 136   1        {
 137   2          *EEPROM_String++ = IIC_RecByte();
 138   2          if(num) IIC_SendAck(0);
 139   2          else IIC_SendAck(1);
 140   2        }
 141   1        IIC_Stop();
 142   1      }
 143          
 144          void EEPROM_Write(unsigned char* EEPROM_String,unsigned char addr,num)
 145          {
 146   1        IIC_Start();
 147   1        IIC_SendByte(0xa0);
 148   1        IIC_WaitAck();
 149   1        IIC_SendByte(addr);
 150   1        IIC_WaitAck();
 151   1        while(num--)
 152   1        {
 153   2          IIC_SendByte(*EEPROM_String++);
 154   2          IIC_WaitAck();
 155   2          IIC_Delay(200);
 156   2        }
 157   1        IIC_Stop();
 158   1      }


MODULE INFORMATION:   STATIC OVERLAYABLE
   CODE SIZE        =    356    ----
   CONSTANT SIZE    =   ----    ----
   XDATA SIZE       =   ----    ----
   PDATA SIZE       =   ----    ----
   DATA SIZE        =   ----      12
   IDATA SIZE       =   ----    ----
   BIT SIZE         =   ----       2
END OF MODULE INFORMATION.


C51 COMPILATION COMPLETE.  0 WARNING(S),  0 ERROR(S)
