C51 COMPILER V9.54   KEY                                                                   02/10/2022 16:35:27 PAGE 1   


C51 COMPILER V9.54, COMPILATION OF MODULE KEY
OBJECT MODULE PLACED IN .\Objects\key.obj
COMPILER INVOKED BY: C:\Keil_v5\C51\BIN\C51.EXE ..\Driver\key.c OPTIMIZE(8,SPEED) BROWSE INCDIR(..\Driver) DEBUG OBJECTE
                    -XTEND PRINT(.\Listings\key.lst) TABS(2) OBJECT(.\Objects\key.obj)

line level    source

   1          #include "key.h"
   2          
   3          unsigned char Key_Read()
   4          {
   5   1        unsigned char temp = 0;
   6   1        P44 = 0; P42 = 1; P35 = 1; P34 = 1;
   7   1        if(P33 == 0) temp = 4;
   8   1        if(P32 == 0) temp = 5;
   9   1        if(P31 == 0) temp = 6;
  10   1        if(P30 == 0) temp = 7;
  11   1        
  12   1        P44 = 1; P42 = 0; P35 = 1; P34 = 1;
  13   1        if(P33 == 0) temp = 8;
  14   1        if(P32 == 0) temp = 9;
  15   1        if(P31 == 0) temp = 10;
  16   1        if(P30 == 0) temp = 11;
  17   1      
  18   1        P44 = 1; P42 = 1; P35 = 0; P34 = 1;
  19   1        if(P33 == 0) temp = 12;
  20   1        if(P32 == 0) temp = 13;
  21   1        if(P31 == 0) temp = 14;
  22   1        if(P30 == 0) temp = 15;
  23   1      
  24   1        P44 = 1; P42 = 1; P35 = 1; P34 = 0;
  25   1        if(P33 == 0) temp = 16;
  26   1        if(P32 == 0) temp = 17;
  27   1        if(P31 == 0) temp = 18;
  28   1        if(P30 == 0) temp = 19; 
  29   1        
  30   1        return temp;
  31   1      }


MODULE INFORMATION:   STATIC OVERLAYABLE
   CODE SIZE        =    115    ----
   CONSTANT SIZE    =   ----    ----
   XDATA SIZE       =   ----    ----
   PDATA SIZE       =   ----    ----
   DATA SIZE        =   ----    ----
   IDATA SIZE       =   ----    ----
   BIT SIZE         =   ----    ----
END OF MODULE INFORMATION.


C51 COMPILATION COMPLETE.  0 WARNING(S),  0 ERROR(S)
