C51 COMPILER V9.54   SEG                                                                   02/10/2022 16:35:27 PAGE 1   


C51 COMPILER V9.54, COMPILATION OF MODULE SEG
OBJECT MODULE PLACED IN .\Objects\seg.obj
COMPILER INVOKED BY: C:\Keil_v5\C51\BIN\C51.EXE ..\Driver\seg.c OPTIMIZE(8,SPEED) BROWSE INCDIR(..\Driver) DEBUG OBJECTE
                    -XTEND PRINT(.\Listings\seg.lst) TABS(2) OBJECT(.\Objects\seg.obj)

line level    source

   1          #include "seg.h"
   2          
   3          unsigned char seg_dula[] = {0xc0,0xf9,0xa4,0xb0,0x99,0x92,0x82,0xf8,0x80,0x90,0xbf,0xff};
   4          unsigned char seg_wela[] = {0x01,0x02,0x04,0x08,0x10,0x20,0x40,0x80};
   5          
   6          void Seg_Disp(unsigned char dula,wela,point,star,star_flag)
   7          {
   8   1        P0 = 0xff;
   9   1        P2 = P2 & 0x1f | 0xe0;
  10   1        P2 &= 0x1f;
  11   1        
  12   1        if((star & seg_wela[wela]) && (star_flag == 1))
  13   1          P0 = 0;
  14   1        else
  15   1          P0 = seg_wela[wela];
  16   1        P2 = P2 & 0x1f | 0xc0;
  17   1        P2 &= 0x1f;
  18   1      
  19   1        if(point)
  20   1          P0 = seg_dula[dula] & 0x7f;
  21   1        else
  22   1          P0 = seg_dula[dula];
  23   1        P2 = P2 & 0x1f | 0xe0;
  24   1        P2 &= 0x1f; 
  25   1      }


MODULE INFORMATION:   STATIC OVERLAYABLE
   CODE SIZE        =     91    ----
   CONSTANT SIZE    =   ----    ----
   XDATA SIZE       =   ----    ----
   PDATA SIZE       =   ----    ----
   DATA SIZE        =     20       9
   IDATA SIZE       =   ----    ----
   BIT SIZE         =   ----    ----
END OF MODULE INFORMATION.


C51 COMPILATION COMPLETE.  0 WARNING(S),  0 ERROR(S)
