C51 COMPILER V9.60.7.0   MAIN                                                              03/21/2024 20:17:33 PAGE 1   


C51 COMPILER V9.60.7.0, COMPILATION OF MODULE MAIN
OBJECT MODULE PLACED IN .\Objects\main.obj
COMPILER INVOKED BY: E:\Applications\Keil_5\C51\BIN\C51.EXE main.c OPTIMIZE(8,SPEED) BROWSE INCDIR(..\Driver) DEBUG OBJE
                    -CTEXTEND PRINT(.\Listings\main.lst) OBJECT(.\Objects\main.obj)

line level    source

   1          /* 头文件声明区 */
   2          #include <STC15F2K60S2.H>//单片机寄存器专用头文件
   3          #include <Init.h>//初始化底层驱动专用头文件
   4          #include <Led.h>//Led底层驱动专用头文件
   5          #include <Key.h>//按键底层驱动专用头文件
   6          #include <Seg.h>//数码管底层驱动专用头文件
   7          #include <stdio.h>//标准库底层驱动专用头文件
   8          #include "iic.h"
   9          
  10          /* 变量声明区 */
  11          unsigned char Key_Val,Key_Down,Key_Old,Key_Up;//按键专用变量
  12          unsigned char Key_Slow_Down;//按键减速专用变量
  13          unsigned char Seg_Buf[8] = {10,10,10,10,10,10,10,10};//数码管显示数据存放数组
  14          unsigned char Seg_Point[8] = {0,1,0,0,0,0,0,0};//数码管小数点数据存放数组
  15          unsigned char Seg_Pos;//数码管扫描专用变量
  16          unsigned int Seg_Slow_Down;//数码管减速专用变量
  17          unsigned char ucLed[8] = {0,0,0,0,0,0,0,0};//Led显示数据存放数组
  18          unsigned char dat,dat2;
  19          
  20          /* 键盘处理函数 */
  21          void Key_Proc()
  22          {
  23   1              if(Key_Slow_Down) return;
  24   1              Key_Slow_Down = 1;//键盘减速程序
  25   1      
  26   1              Key_Val = Key_Read();//实时读取键码值
  27   1              Key_Down = Key_Val & (Key_Old ^ Key_Val);//捕捉按键下降沿
  28   1              Key_Up = ~Key_Val & (Key_Old ^ Key_Val);//捕捉按键上降沿
  29   1              Key_Old = Key_Val;//辅助扫描变量
  30   1      
  31   1      }
  32          
  33          /* 信息处理函数 */
  34          void Seg_Proc()
  35          {       unsigned char i;
  36   1              if(Seg_Slow_Down) return;
  37   1              Seg_Slow_Down = 1;//数码管减速程序
  38   1              //读取的是上一次的转换结果，所以要调换一下
  39   1              dat2 = Ad_Read(0x41);//通道1,AIN1，光敏电阻
  40   1              dat = Ad_Read(0x43);//通道3,AIN3，滑动变阻器
  41   1              
  42   1              Seg_Buf[0] = dat / 100 % 10;
  43   1              Seg_Buf[1] = dat/ 10 % 10;
  44   1              Seg_Buf[2] = dat % 10;
  45   1                      
  46   1              Seg_Buf[4] = dat2 / 100 % 10;
  47   1              Seg_Buf[5] = dat2 / 10 % 10;
  48   1              Seg_Buf[6] = dat2 % 10; 
  49   1      
  50   1      
  51   1      }
*** WARNING C280 IN LINE 35 OF main.c: 'i': unreferenced local variable
  52          
  53          /* 其他显示函数 */
C51 COMPILER V9.60.7.0   MAIN                                                              03/21/2024 20:17:33 PAGE 2   

  54          void Led_Proc()
  55          {
  56   1              
  57   1      }
  58          
  59          
  60          
  61          /* 定时器0中断初始化函数 */
  62          void Timer0Init(void)           //1毫秒@12.000MHz
  63          {
  64   1              AUXR &= 0x7F;           //定时器时钟12T模式
  65   1              TMOD &= 0xF0;           //设置定时器模式
  66   1              TL0 = 0x18;             //设置定时初始值
  67   1              TH0 = 0xFC;             //设置定时初始值
  68   1              TF0 = 0;                //清除TF0标志
  69   1              TR0 = 1;                //定时器0开始计时
  70   1              ET0 = 1;    //定时器中断0打开
  71   1              EA = 1;     //总中断打开
  72   1      }
  73          
  74          /* 定时器0中断服务函数 */
  75          void Timer0Server() interrupt 1
  76          {  
  77   1              if(++Key_Slow_Down == 10) Key_Slow_Down = 0;//键盘减速专用
  78   1              if(++Seg_Slow_Down == 500) Seg_Slow_Down = 0;//数码管减速专用
  79   1              if(++Seg_Pos == 8) Seg_Pos = 0;//数码管显示专用
  80   1              Seg_Disp(Seg_Pos,Seg_Buf[Seg_Pos],Seg_Point[Seg_Pos]);
  81   1              Led_Disp(Seg_Pos,ucLed[Seg_Pos]);
  82   1      }
  83          
  84          
  85          
  86          /* Main */
  87          void main()
  88          {
  89   1              System_Init();
  90   1              Timer0Init();
  91   1      
  92   1              while (1)
  93   1              {
  94   2                      Key_Proc();
  95   2                      Seg_Proc();
  96   2                      Led_Proc();
  97   2              }
  98   1      }


MODULE INFORMATION:   STATIC OVERLAYABLE
   CODE SIZE        =    302    ----
   CONSTANT SIZE    =   ----    ----
   XDATA SIZE       =   ----    ----
   PDATA SIZE       =   ----    ----
   DATA SIZE        =     34       1
   IDATA SIZE       =   ----    ----
   BIT SIZE         =   ----    ----
END OF MODULE INFORMATION.


C51 COMPILATION COMPLETE.  1 WARNING(S),  0 ERROR(S)
