C51 COMPILER V9.54   KEY                                                                   12/25/2017 19:45:40 PAGE 1   


C51 COMPILER V9.54, COMPILATION OF MODULE KEY
OBJECT MODULE PLACED IN .\Objects\key.obj
COMPILER INVOKED BY: C:\keil   55\C51\BIN\C51.EXE key.c OPTIMIZE(8,SPEED) BROWSE DEBUG OBJECTEXTEND PRINT(.\Listings\key
                    -.lst) TABS(2) OBJECT(.\Objects\key.obj)

line level    source

   1          #include <key.h>
   2          
   3          uchar s4=0,s5=0,s6=0,s7=0,ss=0;
   4          uchar normal=0;
   5          uchar time=0,kongzai=0,guozai=0;
   6          uchar noise_flag=1,he_flag=1;
   7          
   8          void keyscan()
   9          {
  10   1        if(P33==0)
  11   1        {
  12   2          Delay5ms();
  13   2          if(P33==0)
  14   2          {
  15   3            if(normal==1)
  16   3             {
  17   4               s4=1;
  18   4               s6=0;
  19   4               ss=0;
  20   4             }
  21   3          }
  22   2          while(!P33);  
  23   2        }
  24   1        else if(P32==0)
  25   1        {
  26   2          Delay5ms();
  27   2          if(P32==0)
  28   2          {
  29   3            if((time>0)&&(s4==1))
  30   3            {
  31   4              if(s5==0) 
  32   4              {
  33   5                s5=1;
  34   5                fengming(0x00);
  35   5              }
  36   4              else s5=0;
  37   4            }
  38   3          }
  39   2          while(!P32);  
  40   2        }
  41   1        else if(P31==0)
  42   1        {
  43   2          Delay5ms();
  44   2          if(P31==0)
  45   2          {
  46   3            if(kongzai==1)
  47   3            {
  48   4              s6=1;
  49   4              s4=0;
  50   4              if(ss<=3)
  51   4              ss++;
  52   4            }
  53   3          }
  54   2          while(!P31);  
C51 COMPILER V9.54   KEY                                                                   12/25/2017 19:45:40 PAGE 2   

  55   2        }
  56   1        else if(P30==0)
  57   1        {
  58   2          Delay5ms();
  59   2          if(P30==0)
  60   2          { 
  61   3            if((kongzai==1)&&(s6==1)) 
  62   3            s7=1;
  63   3          }
  64   2          while(!P30);  
  65   2        }  
  66   1      }
  67          void fengming(uchar xiang)   //适用于蜂鸣器和继电器不要求同时出现的情况 若要求同时出现 P0口的赋值需要重新考
             -虑
  68          {
  69   1        if((xiang==1)&&(noise_flag==1))
  70   1        {
  71   2          P2=P2&0x1f;
  72   2          P2=0xa0;
  73   2          P0=0x40;
  74   2          P2=P2&0x1f;
  75   2          noise_flag=0;
  76   2        }
  77   1        else if((xiang==0)&&(noise_flag==0))
  78   1        {
  79   2          P2=P2&0x1f;
  80   2          P2=0xa0;
  81   2          P0=0x00;
  82   2          P2=P2&0x1f;
  83   2          noise_flag=1;   
  84   2        } 
  85   1      }
  86          void jidian(uchar he)
  87          {
  88   1        if((he==1)&&(he_flag==1))
  89   1        {
  90   2          P2=P2&0x1f;
  91   2          P2=0xa0;
  92   2          P0=0x10;
  93   2          P2=P2&0x1f;
  94   2          he_flag=0;
  95   2        }
  96   1        else if((he==0)&&(he_flag==0))
  97   1        {
  98   2          P2=P2&0x1f;
  99   2          P2=0xa0;
 100   2          P0=0x00;
 101   2          P2=P2&0x1f;
 102   2          he_flag=1;    
 103   2        } 
 104   1      }


MODULE INFORMATION:   STATIC OVERLAYABLE
   CODE SIZE        =    221    ----
   CONSTANT SIZE    =   ----    ----
   XDATA SIZE       =   ----    ----
   PDATA SIZE       =   ----    ----
   DATA SIZE        =     11    ----
   IDATA SIZE       =   ----    ----
   BIT SIZE         =   ----    ----
END OF MODULE INFORMATION.

C51 COMPILER V9.54   KEY                                                                   12/25/2017 19:45:40 PAGE 3   


C51 COMPILATION COMPLETE.  0 WARNING(S),  0 ERROR(S)
