C51 COMPILER V9.60.7.0   MAIN                                                              03/12/2024 18:49:05 PAGE 1   


C51 COMPILER V9.60.7.0, COMPILATION OF MODULE MAIN
OBJECT MODULE PLACED IN .\Objects\main.obj
COMPILER INVOKED BY: E:\Applications\Keil_5\C51\BIN\C51.EXE main.c OPTIMIZE(8,SPEED) BROWSE INCDIR(..\Driver;..\Sys;..\U
                    -ser) DEBUG OBJECTEXTEND PRINT(.\Listings\main.lst) OBJECT(.\Objects\main.obj)

line level    source

   1          # include "STC15F2K60S2.H"
   2          # include "init.h"
   3          # include "timer.h"
   4          # include "stdio.h"
   5          # include "Key.h"
   6          #include "SEG.h"
   7          
   8          //-----------------------------------------------
   9          /* 函数声明 */
  10          void Key_Proc(void);//按键处理，底层数据变更
  11          void Seg_Proc(void);//显示处理，显示信息生成
  12          
  13          //-----------------------------------------------
  14          /* 全局变量声明 */
  15          
  16          //显示专用，基本上永远不变
  17          unsigned char seg_buf[8];//放置字符串转换后的段码到数组
  18          unsigned char seg_string[18];//放置字符串
  19          unsigned char   pos = 0;//中断显示专用
  20          
  21          //按键专用，基本上永远不变
  22          unsigned char Key_Value;//读取按键的数值存储变量
  23          unsigned char Key_Down, Key_Old;//读取按键的数值存储变量        
  24          
  25          //按键和显示函数减速专用，基本永远不变
  26          unsigned int Key_Slow_Down;//按键减速
  27          unsigned int Seg_Slow_Down;//按键减速
  28          
  29          
  30          
  31          //根据代码需求发生变化
  32          unsigned char h=0,m=0,s=0;//准备显示出来的数值  
  33          unsigned char ms=0;//0.05ms 的计数单位
  34          
  35          /* main */
  36          void main()
  37          {
  38   1              //根据代码需求发生变化
  39   1              init_close();//关闭外设
  40   1              Timer1_Init();//定时器1初始化，并且使能定时器1中断，1ms进入一次
  41   1              Timer0_Init();
  42   1              EA = 1;//打开总中断
  43   1      
  44   1              while(1)
  45   1              {
  46   2                      //永远不变
  47   2                      Key_Proc();//按键处理，底层数据变更
  48   2                      Seg_Proc();//显示处理，显示信息生成
  49   2              }
  50   1      
  51   1      
  52   1      }
  53          
  54          //-----------------------------------------------
C51 COMPILER V9.60.7.0   MAIN                                                              03/12/2024 18:49:05 PAGE 2   

  55          /* Timer1_interrupt routine */
  56          void tm1_isr() interrupt 3
  57          {       
  58   1              
  59   1              //永远不变
  60   1              if(++Key_Slow_Down == 10) Key_Slow_Down = 0;
  61   1              if(++Seg_Slow_Down == 500) Seg_Slow_Down = 0;
  62   1              
  63   1              //永远不变
  64   1              NumShow(seg_buf, pos);//显示刷新
  65   1              if( ++pos == 8 )        pos = 0;
  66   1              
  67   1      }
  68          //-----------------------------------------------
  69          
  70          /* Timer0 interrupt routine */
  71          void tm0_isr() interrupt 1
  72          {       ms++;
  73   1          if(ms==20) {s+=1;ms=0;}                   //50ms
  74   1              if(s==60) {m+=1;s=0;}
  75   1              if(m==60) {h+=1;m=0;}
  76   1              if(h==24) h=0;
  77   1      }
  78          
  79          //-----------------------------------------------
  80          void Key_Proc(void)//按键处理，底层数据变更
  81          {
  82   1              //永远不变
  83   1              if(Key_Slow_Down) return;
  84   1              Key_Slow_Down = 1;//减速程序
  85   1              //下面3行是消抖
  86   1              Key_Value = Key_BIN();//读取按键按下的编号（临时按键值）
  87   1              Key_Down = Key_Value & (Key_Old ^ Key_Value);//按下为按键值，其它（未按下，按下稳定期，抬起过程中）为0  
  88   1              Key_Old = Key_Value;
  89   1              
  90   1              //根据代码需求发生变化
  91   1              if(Key_Down)//如果捕捉到下降沿跳变
  92   1              {       
  93   2                      switch(Key_Down)
  94   2                      {
  95   3                              case 4:TR0=~TR0;break;
  96   3                              case 5:  h=0;m=0;s=0;break;
  97   3                      }
  98   2              }
  99   1      }
 100          
 101          /*seg_proc */
 102          void Seg_Proc(void)//显示处理，显示信息生成
 103          {
 104   1              //永远不变
 105   1              if(Seg_Slow_Down) return;
 106   1              Seg_Slow_Down = 1;//减速程序
 107   1      
 108   1              //根据代码需求发生变化
 109   1              sprintf(seg_string,"%02d-%02d-%02d",(unsigned int)h,(unsigned int)m,(unsigned int)s);//将要显示的数值打印
             -到字符串当中
 110   1              //永远不变
 111   1              NumTran(seg_string, seg_buf);
 112   1      }


MODULE INFORMATION:   STATIC OVERLAYABLE
C51 COMPILER V9.60.7.0   MAIN                                                              03/12/2024 18:49:05 PAGE 3   

   CODE SIZE        =    295    ----
   CONSTANT SIZE    =     15    ----
   XDATA SIZE       =   ----    ----
   PDATA SIZE       =   ----    ----
   DATA SIZE        =     38    ----
   IDATA SIZE       =   ----    ----
   BIT SIZE         =   ----    ----
END OF MODULE INFORMATION.


C51 COMPILATION COMPLETE.  0 WARNING(S),  0 ERROR(S)
