C51 COMPILER V9.60.7.0   MAIN                                                              12/01/2023 21:28:17 PAGE 1   


C51 COMPILER V9.60.7.0, COMPILATION OF MODULE MAIN
OBJECT MODULE PLACED IN .\Objects\main.obj
COMPILER INVOKED BY: E:\Applications\Keil_5\C51\BIN\C51.EXE main.c OPTIMIZE(8,SPEED) BROWSE INCDIR(..\Driver;..\Sys) DEB
                    -UG OBJECTEXTEND PRINT(.\Listings\main.lst) OBJECT(.\Objects\main.obj)

line level    source

   1          # include "bsp_init.h"
   2          # include "bsp_seg.h"
   3          # include "timer.h"
*** WARNING C329 IN LINE 8 OF ..\Sys\timer.h: single-line comment contains line-continuation
*** WARNING C329 IN LINE 9 OF ..\Sys\timer.h: single-line comment contains line-continuation
*** WARNING C329 IN LINE 17 OF ..\Sys\timer.h: single-line comment contains line-continuation
*** WARNING C329 IN LINE 18 OF ..\Sys\timer.h: single-line comment contains line-continuation
   4          # include "bsp_key.h"
   5          # include "stdio.h"
   6          
   7          //-----------------------------------------------
   8          /* 函数声明 */
   9          void Key_Proc(void);//按键处理，底层数据变更
  10          void Seg_Proc(void);//显示处理，显示信息生成
  11          
  12          //-----------------------------------------------
  13          /* 全局变量声明 */
  14          
  15          //显示专用，基本上永远不变
  16          unsigned char seg_buf[8];//放置字符串转换后的段码到数组
  17          unsigned char seg_string[10];//放置字符串
  18          unsigned char   pos = 0;//中断显示专用
  19          
  20          //按键专用，基本上永远不变
  21          unsigned char Key_Value;//读取按键的数值存储变量
  22          unsigned char Key_Down, Key_Old;//读取按键的数值存储变量        
  23          
  24          //按键和显示函数减速专用，基本永远不变
  25          unsigned int Key_Slow_Down;//按键减速
  26          unsigned int Seg_Slow_Down;//按键减速
  27          
  28          
  29          
  30          //根据代码需求发生变化
  31          unsigned char Seg_Show_Num;//准备显示出来的数值 
  32                  
  33          
  34                  
  35                  
  36          //-----------------------------------------------
  37          /* main */
  38          void main()
  39          {
  40   1              //根据代码需求发生变化
  41   1              Cls_Peripheral();//关闭外设
  42   1              Timer1Init();//定时器1初始化，并且使能定时器1中断，1ms进入一次
  43   1              EA = 1;//打开总中断
  44   1      
  45   1              while(1)
  46   1              {
  47   2                      //永远不变
  48   2                      Key_Proc();//按键处理，底层数据变更
  49   2                      Seg_Proc();//显示处理，显示信息生成
  50   2              }
C51 COMPILER V9.60.7.0   MAIN                                                              12/01/2023 21:28:17 PAGE 2   

  51   1      
  52   1      
  53   1      }
  54          
  55          
  56          
  57          //-----------------------------------------------
  58          /* Timer1_interrupt routine */
  59          void tm1_isr() interrupt 3
  60          {       
  61   1              
  62   1              //永远不变
  63   1              if(++Key_Slow_Down == 10) Key_Slow_Down = 0;
  64   1              if(++Seg_Slow_Down == 500) Seg_Slow_Down = 0;
  65   1              
  66   1              //永远不变
  67   1              Seg_Disp(seg_buf, pos);//显示刷新
  68   1              if( ++pos == 8 )        pos = 0;
  69   1              
  70   1      }
  71          
  72          
  73          
  74          //-----------------------------------------------
  75          /*key_proc */
  76          
  77          void Key_Proc(void)//按键处理，底层数据变更
  78          {
  79   1              //永远不变
  80   1              if(Key_Slow_Down) return;
  81   1              Key_Slow_Down = 1;//减速程序
  82   1              
  83   1              Key_Value = Key_Read();//读取按键按下的编号
  84   1              Key_Down = Key_Value & (Key_Old ^ Key_Value);// (0000^0101) = 0101     0101 & 0101 =0101  ,如果按键发生了
             -下降沿的变化，输出结果和本次按键数值相同
  85   1                                                                                                                                                                              // (0101^0101) = 0000       0101&0000 = 0000  如果按键一直保持同样的状态，输出结果为0
  86   1              Key_Old = Key_Value;
  87   1              
  88   1              
  89   1              
  90   1              
  91   1              
  92   1              //根据代码需求发生变化
  93   1              if(Key_Down)//如果捕捉到下降沿跳变
  94   1              {
  95   2                      Seg_Show_Num = Key_Down;
  96   2              }
  97   1              
  98   1      }
  99          
 100          
 101          
 102          //----------------------------------------------
 103          /*seg_proc */
 104          void Seg_Proc(void)//显示处理，显示信息生成
 105          {
 106   1              //永远不变
 107   1              if(Seg_Slow_Down) return;
 108   1              Seg_Slow_Down = 1;//减速程序
 109   1      
 110   1              //根据代码需求发生变化
 111   1              sprintf(seg_string,"      %02d",(unsigned int)Seg_Show_Num);//将要显示的数值打印到字符串当中
C51 COMPILER V9.60.7.0   MAIN                                                              12/01/2023 21:28:17 PAGE 3   

 112   1              
 113   1              //永远不变
 114   1              Seg_Tran(seg_string, seg_buf);
 115   1      }
 116          
 117          
 118          


MODULE INFORMATION:   STATIC OVERLAYABLE
   CODE SIZE        =    218    ----
   CONSTANT SIZE    =     11    ----
   XDATA SIZE       =   ----    ----
   PDATA SIZE       =   ----    ----
   DATA SIZE        =     27    ----
   IDATA SIZE       =   ----    ----
   BIT SIZE         =   ----    ----
END OF MODULE INFORMATION.


C51 COMPILATION COMPLETE.  4 WARNING(S),  0 ERROR(S)
