C51 COMPILER V9.52.0.0   EX6                                                               01/22/2016 21:11:34 PAGE 1   


C51 COMPILER V9.52.0.0, COMPILATION OF MODULE EX6
OBJECT MODULE PLACED IN ex6.OBJ
COMPILER INVOKED BY: D:\3\keil6\C51\BIN\C51.EXE ex6.c BROWSE DEBUG OBJECTEXTEND TABS(2)

line level    source

   1          /*******************************************************************************  
   2          * 文件名称：数码管控制实验
   3          * 实验目的：1.掌握数码管驱动电路的设计方法
   4          *           2.掌握数码管显示的基本原理
   5          * 程序说明：J13配置为MM模式时，通过存储器映射方式编程。
   6          * 硬件环境：IAP15F2K61S2@11.0592MHz
   7          * 日期版本：2012-9-4/V1.0a 
   8          *******************************************************************************/
   9          
  10          #include "reg52.h"  //定义51单片机特殊功能寄存器
  11          #include "absacc.h"
  12          #include "intrins.h"
  13                                 
  14          code unsigned char tab[] = {0xc0,0xf9,0xa4,0xb0,0x99,0x92,0x82,0xf8,0x80,0x90};
  15          
  16          void cls_buzz()
  17          {
  18   1        XBYTE[0xA000] = 0x00;
  19   1      }
  20          
  21          void delay()  //delay 200ms @ 11.0592M
  22          {
  23   1        unsigned char i, j, k;
  24   1      
  25   1        _nop_();
  26   1        _nop_();
  27   1        i = 9;
  28   1        j = 104;
  29   1        k = 139;
  30   1        do
  31   1        {
  32   2          do
  33   2          {
  34   3            while (--k);
  35   3          } while (--j);
  36   2        } while (--i);
  37   1      }
  38          
  39          //主函数
  40          void main(void)
  41          { 
  42   1        unsigned char i  = 10;
  43   1        
  44   1        cls_buzz();
  45   1        
  46   1        
  47   1          while(1)
  48   1        {
  49   2          (i== 10)?(i=0):(i++);
  50   2          XBYTE[0xE000] = tab[i];  //显示数值1
  51   2          XBYTE[0xC000] = 0xff;
  52   2          delay();
  53   2          }
  54   1      }

C51 COMPILER V9.52.0.0   EX6                                                               01/22/2016 21:11:34 PAGE 2   


MODULE INFORMATION:   STATIC OVERLAYABLE
   CODE SIZE        =     54    ----
   CONSTANT SIZE    =     10    ----
   XDATA SIZE       =   ----    ----
   PDATA SIZE       =   ----    ----
   DATA SIZE        =   ----    ----
   IDATA SIZE       =   ----    ----
   BIT SIZE         =   ----    ----
END OF MODULE INFORMATION.


C51 COMPILATION COMPLETE.  0 WARNING(S),  0 ERROR(S)
