C51 COMPILER V9.54   DELAY                                                                 11/22/2023 11:33:34 PAGE 1   


C51 COMPILER V9.54, COMPILATION OF MODULE DELAY
OBJECT MODULE PLACED IN .\Objects\delay.obj
COMPILER INVOKED BY: D:\keil c51\C51\BIN\C51.EXE delay.c OPTIMIZE(8,SPEED) BROWSE DEBUG OBJECTEXTEND PRINT(.\Listings\de
                    -lay.lst) OBJECT(.\Objects\delay.obj)

line level    source

   1          #include "intrins.h"
   2          void delay_ms(unsigned int xms)
   3          {
   4   1              while(xms)
   5   1              {
   6   2              unsigned char i, j;
   7   2      
   8   2              i = 12;
   9   2              j = 169;
  10   2              do
  11   2              {
  12   3                      while (--j);
  13   3              } while (--i);
  14   2              xms--;
  15   2              }
  16   1      }
  17          void delay_us(unsigned int xus)         //@12.000MHz
  18          {
  19   1              while(xus)
  20   1              {
  21   2              _nop_();
  22   2              _nop_();
  23   2              _nop_();
  24   2              _nop_();
  25   2              xus--;
  26   2              }
  27   1      }


MODULE INFORMATION:   STATIC OVERLAYABLE
   CODE SIZE        =     40    ----
   CONSTANT SIZE    =   ----    ----
   XDATA SIZE       =   ----    ----
   PDATA SIZE       =   ----    ----
   DATA SIZE        =   ----       2
   IDATA SIZE       =   ----    ----
   BIT SIZE         =   ----    ----
END OF MODULE INFORMATION.


C51 COMPILATION COMPLETE.  0 WARNING(S),  0 ERROR(S)
