C51 COMPILER V9.60.7.0   LED                                                               04/12/2024 19:59:19 PAGE 1   


C51 COMPILER V9.60.7.0, COMPILATION OF MODULE LED
OBJECT MODULE PLACED IN .\Objects\Led.obj
COMPILER INVOKED BY: E:\Applications\Keil_5\C51\BIN\C51.EXE ..\Driver\Led.c OPTIMIZE(8,SPEED) BROWSE INCDIR(..\Driver) D
                    -EBUG OBJECTEXTEND PRINT(.\Listings\Led.lst) OBJECT(.\Objects\Led.obj)

line level    source

   1          #include <Led.h>
   2          
   3          void Led_Disp(u8 addr,enable)
   4          {
   5   1              static u8 temp=0x00;
   6   1              static u8 temp_old=0xff;
   7   1              
   8   1              if(enable)
   9   1                      temp |=0x01<<addr;
  10   1              else
  11   1                      temp &=~(0x01<<addr);
  12   1              if(temp!=temp_old)
  13   1              {
  14   2                      P0=~temp;
  15   2                      P2=P2&0X1F|0X80;//y4
  16   2                      P2 &=0X1F;
  17   2                      
  18   2                      temp_old=temp;
  19   2              }
  20   1                      
  21   1      }
  22          
  23          void Beep(u8 enable)
  24          {
  25   1              static u8 temp=0x00;
  26   1              static u8 temp_old=0xff;
  27   1              
  28   1              if(enable)
  29   1                      temp |=0x40;
  30   1              else
  31   1                      temp &=~(0x40);
  32   1              if(temp!=temp_old)
  33   1              {
  34   2                      P0=temp;
  35   2                      P2=P2&0X1F|0Xa0;//y5
  36   2                      P2 &=0X1F;
  37   2                      
  38   2                      temp_old=temp;
  39   2              }
  40   1                      
  41   1      }
  42          
  43          void Relay(u8 enable)
  44          {
  45   1              static u8 temp=0x00;
  46   1              static u8 temp_old=0xff;
  47   1              
  48   1              if(enable)
  49   1                      temp |=0x10;
  50   1              else
  51   1                      temp &=~(0x10);
  52   1              if(temp!=temp_old)
  53   1              {
  54   2                      P0=temp;
C51 COMPILER V9.60.7.0   LED                                                               04/12/2024 19:59:19 PAGE 2   

  55   2                      P2=P2&0X1F|0Xa0;//y5
  56   2                      P2 &=0X1F;
  57   2                      
  58   2                      temp_old=temp;
  59   2              }
  60   1                      
  61   1      }


MODULE INFORMATION:   STATIC OVERLAYABLE
   CODE SIZE        =    129    ----
   CONSTANT SIZE    =   ----    ----
   XDATA SIZE       =   ----    ----
   PDATA SIZE       =   ----    ----
   DATA SIZE        =      6    ----
   IDATA SIZE       =   ----    ----
   BIT SIZE         =   ----    ----
END OF MODULE INFORMATION.


C51 COMPILATION COMPLETE.  0 WARNING(S),  0 ERROR(S)
