C51 COMPILER V9.60.7.0   ONEWIRE                                                           04/12/2024 19:59:20 PAGE 1   


C51 COMPILER V9.60.7.0, COMPILATION OF MODULE ONEWIRE
OBJECT MODULE PLACED IN .\Objects\onewire.obj
COMPILER INVOKED BY: E:\Applications\Keil_5\C51\BIN\C51.EXE ..\Driver\onewire.c OPTIMIZE(8,SPEED) BROWSE INCDIR(..\Drive
                    -r) DEBUG OBJECTEXTEND PRINT(.\Listings\onewire.lst) OBJECT(.\Objects\onewire.obj)

line level    source

   1          /*      #       å•æ€»çº¿ä»£ç ç‰‡æ®µè¯´æ˜
   2                  1.      æœ¬æ–‡ä»¶å¤¹ä¸­æä¾›çš„é©±åŠ¨ä»£ç ä¾›å‚èµ›é€‰æ‰‹å®Œæˆç¨‹åºè®¾è®¡å‚è€ƒã€‚
   3                  2.      å‚èµ›é€‰æ‰‹å¯ä»¥è‡ªè¡Œç¼–å†™ç›¸å…³ä»£ç æˆ–ä»¥è¯¥ä»£ç ä¸ºåŸºç¡€ï¼Œæ ¹æ®æ‰€é€‰å•ç‰‡æœºç±»å‹ã€è¿
             -è¡Œé€Ÿåº¦å’Œè¯•é¢˜
   4                          ä¸­å¯¹å•ç‰‡æœºæ—¶é’Ÿé¢‘ç‡çš„è¦æ±‚ï¼Œè¿›è¡Œä»£ç è°ƒè¯•å’Œä¿®æ”¹ã€‚
   5          */
   6          #include <STC15F2K60S2.H>
   7          #include "onewire.h"
   8          sbit DQ=P1^4;
   9          //
  10          void Delay_OneWire(unsigned int t)  
  11          {
  12   1              unsigned char i;
  13   1              while(t--){
  14   2                      for(i=0;i<12;i++);
  15   2              }
  16   1      }
  17          
  18          //
  19          void Write_DS18B20(unsigned char dat)
  20          {
  21   1              unsigned char i;
  22   1              for(i=0;i<8;i++)
  23   1              {
  24   2                      DQ = 0;
  25   2                      DQ = dat&0x01;
  26   2                      Delay_OneWire(5);
  27   2                      DQ = 1;
  28   2                      dat >>= 1;
  29   2              }
  30   1              Delay_OneWire(5);
  31   1      }
  32          
  33          //
  34          unsigned char Read_DS18B20(void)
  35          {
  36   1              unsigned char i;
  37   1              unsigned char dat;
  38   1        
  39   1              for(i=0;i<8;i++)
  40   1              {
  41   2                      DQ = 0;
  42   2                      dat >>= 1;
  43   2                      DQ = 1;
  44   2                      if(DQ)
  45   2                      {
  46   3                              dat |= 0x80;
  47   3                      }           
  48   2                      Delay_OneWire(5);
  49   2              }
  50   1              return dat;
  51   1      }
  52          
  53          //
C51 COMPILER V9.60.7.0   ONEWIRE                                                           04/12/2024 19:59:20 PAGE 2   

  54          bit init_ds18b20(void)
  55          {
  56   1              bit initflag = 0;
  57   1              
  58   1              DQ = 1;
  59   1              Delay_OneWire(12);
  60   1              DQ = 0;
  61   1              Delay_OneWire(80);
  62   1              DQ = 1;
  63   1              Delay_OneWire(10); 
  64   1          initflag = DQ;     
  65   1              Delay_OneWire(5);
  66   1        
  67   1              return initflag;
  68   1      }
  69          
  70          float Rd_temperature()
  71          {       u8 high,low;
  72   1              init_ds18b20();
  73   1              Write_DS18B20(0xcc);
  74   1              Write_DS18B20(0x44);
  75   1              
  76   1              init_ds18b20();
  77   1              Write_DS18B20(0xcc);
  78   1              Write_DS18B20(0xbe);
  79   1              low=Read_DS18B20();
  80   1              high=Read_DS18B20();
  81   1              
  82   1              return (high<<8|low)/16.0;
  83   1              
  84   1      }


MODULE INFORMATION:   STATIC OVERLAYABLE
   CODE SIZE        =    173    ----
   CONSTANT SIZE    =   ----    ----
   XDATA SIZE       =   ----    ----
   PDATA SIZE       =   ----    ----
   DATA SIZE        =   ----    ----
   IDATA SIZE       =   ----    ----
   BIT SIZE         =   ----       1
END OF MODULE INFORMATION.


C51 COMPILATION COMPLETE.  0 WARNING(S),  0 ERROR(S)
