C51 COMPILER V9.60.7.0   MAIN                                                              11/18/2023 21:11:32 PAGE 1   


C51 COMPILER V9.60.7.0, COMPILATION OF MODULE MAIN
OBJECT MODULE PLACED IN .\Objects\main.obj
COMPILER INVOKED BY: E:\Applications\Keil_5\C51\BIN\C51.EXE main.c OPTIMIZE(8,SPEED) BROWSE DEBUG OBJECTEXTEND PRINT(.\L
                    -istings\main.lst) OBJECT(.\Objects\main.obj)

line level    source

   1          #include "STC15F2K60S2.h"
   2          
   3          void Delay200ms()               //@12.000MHz
   4          {
   5   1              unsigned char data i, j, k;
   6   1      
   7   1              i = 10;
   8   1              j = 31;
   9   1              k = 147;
  10   1              do
  11   1              {
  12   2                      do
  13   2                      {
  14   3                              while (--k);
  15   3                      } while (--j);
  16   2              } while (--i);
  17   1      }
  18          
  19          
  20          
  21          
  22          
  23          void main ()
  24          {       unsigned char i;
  25   1              P2= P2 & 0x1F | 0x80; //Y4
  26   1              for(i=1;i<=8;i++)
  27   1              {
  28   2                      P0=~(0x01 <<i);
  29   2                      Delay200ms();
  30   2              }
  31   1              for(i=1;i<=8;i++)
  32   1              {
  33   2                      P0=~(0x80 >>i);
  34   2                      Delay200ms();
  35   2              }
  36   1      }


MODULE INFORMATION:   STATIC OVERLAYABLE
   CODE SIZE        =     68    ----
   CONSTANT SIZE    =   ----    ----
   XDATA SIZE       =   ----    ----
   PDATA SIZE       =   ----    ----
   DATA SIZE        =   ----    ----
   IDATA SIZE       =   ----    ----
   BIT SIZE         =   ----    ----
END OF MODULE INFORMATION.


C51 COMPILATION COMPLETE.  0 WARNING(S),  0 ERROR(S)
