C51 COMPILER V9.60.7.0   DS1302                                                            04/07/2024 22:08:24 PAGE 1   


C51 COMPILER V9.60.7.0, COMPILATION OF MODULE DS1302
OBJECT MODULE PLACED IN .\Objects\ds1302.obj
COMPILER INVOKED BY: E:\Applications\Keil_5\C51\BIN\C51.EXE ..\driver\ds1302.c OPTIMIZE(8,SPEED) BROWSE INCDIR(..\driver
                    -;..\user) DEBUG OBJECTEXTEND PRINT(.\Listings\ds1302.lst) OBJECT(.\Objects\ds1302.obj)

line level    source

   1          /*      #       DS1302ä»£ç ç‰‡æ®µè¯´æ˜
   2                  1.      æœ¬æ–‡ä»¶å¤¹ä¸­æä¾›çš„é©±åŠ¨ä»£ç ä¾›å‚èµ›é€‰æ‰‹å®Œæˆç¨‹åºè®¾è®¡å‚è€ƒã€‚
   3                  2.      å‚èµ›é€‰æ‰‹å¯ä»¥è‡ªè¡Œç¼–å†™ç›¸å…³ä»£ç æˆ–ä»¥è¯¥ä»£ç ä¸ºåŸºç¡€ï¼Œæ ¹æ®æ‰€é€‰å•ç‰‡æœºç±»å‹ã€è¿
             -è¡Œé€Ÿåº¦å’Œè¯•é¢˜
   4                          ä¸­å¯¹å•ç‰‡æœºæ—¶é’Ÿé¢‘ç‡çš„è¦æ±‚ï¼Œè¿›è¡Œä»£ç è°ƒè¯•å’Œä¿®æ”¹ã€‚
   5          */
   6          #include "ds1302.h"
   7          #include "reg52.h"
   8          #include "intrins.h"
   9          
  10          sbit SCK = P1 ^ 7;
  11          sbit SDA = P2 ^ 3;
  12          sbit RST = P1 ^ 3;
  13          //
  14          void Write_Ds1302(unsigned char temp)
  15          {
  16   1              unsigned char i;
  17   1              for (i = 0; i < 8; i++)
  18   1              {
  19   2                      SCK = 0;
  20   2                      SDA = temp & 0x01;
  21   2                      temp >>= 1;
  22   2                      SCK = 1;
  23   2              }
  24   1      }
  25          
  26          //
  27          void Write_Ds1302_Byte(unsigned char address, unsigned char dat)
  28          {
  29   1              RST = 0;
  30   1              _nop_();
  31   1              SCK = 0;
  32   1              _nop_();
  33   1              RST = 1;
  34   1              _nop_();
  35   1              Write_Ds1302(address);
  36   1              Write_Ds1302(dat);
  37   1              RST = 0;
  38   1      }
  39          
  40          //
  41          unsigned char Read_Ds1302_Byte(unsigned char address)
  42          {
  43   1              unsigned char i, temp = 0x00;
  44   1              RST = 0;
  45   1              _nop_();
  46   1              SCK = 0;
  47   1              _nop_();
  48   1              RST = 1;
  49   1              _nop_();
  50   1              Write_Ds1302(address);
  51   1              for (i = 0; i < 8; i++)
  52   1              {
  53   2                      SCK = 0;
C51 COMPILER V9.60.7.0   DS1302                                                            04/07/2024 22:08:24 PAGE 2   

  54   2                      temp >>= 1;
  55   2                      if (SDA)
  56   2                              temp |= 0x80;
  57   2                      SCK = 1;
  58   2              }
  59   1              RST = 0;
  60   1              _nop_();
  61   1              SCK = 0;
  62   1              _nop_();
  63   1              SCK = 1;
  64   1              _nop_();
  65   1              SDA = 0;
  66   1              _nop_();
  67   1              SDA = 1;
  68   1              _nop_();
  69   1              return (temp);
  70   1      }
  71          
  72          void Set_Rtc(unsigned char *ucRtc)
  73          {
  74   1              unsigned char i;
  75   1              Write_Ds1302_Byte(0x8e, 0x00);
  76   1              for (i = 0; i < 3; i++)
  77   1              {
  78   2                      Write_Ds1302_Byte(0x84 - 2 * i, ucRtc[i]);
  79   2              }
  80   1              Write_Ds1302_Byte(0x8e, 0x80);
  81   1      }
  82          
  83          void Read_Rtc(unsigned char *ucRtc)
  84          {
  85   1              unsigned char i;
  86   1              for (i = 0; i < 3; i++)
  87   1              {
  88   2                      ucRtc[i] = Read_Ds1302_Byte(0x85 - 2 * i);
  89   2              }
  90   1      }


MODULE INFORMATION:   STATIC OVERLAYABLE
   CODE SIZE        =    184    ----
   CONSTANT SIZE    =   ----    ----
   XDATA SIZE       =   ----    ----
   PDATA SIZE       =   ----    ----
   DATA SIZE        =   ----       6
   IDATA SIZE       =   ----    ----
   BIT SIZE         =   ----    ----
END OF MODULE INFORMATION.


C51 COMPILATION COMPLETE.  0 WARNING(S),  0 ERROR(S)
