C51 COMPILER V9.60.7.0   KEY                                                               04/07/2024 22:08:24 PAGE 1   


C51 COMPILER V9.60.7.0, COMPILATION OF MODULE KEY
OBJECT MODULE PLACED IN .\Objects\Key.obj
COMPILER INVOKED BY: E:\Applications\Keil_5\C51\BIN\C51.EXE ..\driver\Key.c OPTIMIZE(8,SPEED) BROWSE INCDIR(..\driver;..
                    -\user) DEBUG OBJECTEXTEND PRINT(.\Listings\Key.lst) OBJECT(.\Objects\Key.obj)

line level    source

   1          #include "Key.h"
   2          
   3          unsigned char Key_Read()
   4          {
   5   1      
   6   1          unsigned char temp = 0;
   7   1          ET0 = 0;
   8   1          P44 = 0;
   9   1          P42 = 1;
  10   1          P35 = 1;
  11   1          P34 = 1;
  12   1          if (P33 == 0)
  13   1              temp = 4;
  14   1          if (P32 == 0)
  15   1              temp = 5;
  16   1          if (P31 == 0)
  17   1              temp = 6;
  18   1          if (P30 == 0)
  19   1              temp = 7;
  20   1          P44 = 1;
  21   1          P42 = 0;
  22   1          P35 = 1;
  23   1          P34 = 1;
  24   1          if (P33 == 0)
  25   1              temp = 8;
  26   1          if (P32 == 0)
  27   1              temp = 9;
  28   1          if (P31 == 0)
  29   1              temp = 10;
  30   1          if (P30 == 0)
  31   1              temp = 11;
  32   1          P44 = 1;
  33   1          P42 = 1;
  34   1          P35 = 0;
  35   1          P34 = 1;
  36   1          if (P33 == 0)
  37   1              temp = 12;
  38   1          if (P32 == 0)
  39   1              temp = 13;
  40   1          if (P31 == 0)
  41   1              temp = 14;
  42   1          if (P30 == 0)
  43   1              temp = 15;
  44   1          P44 = 1;
  45   1          P42 = 1;
  46   1          P35 = 1;
  47   1          P34 = 0;
  48   1          if (P33 == 0)
  49   1              temp = 16;
  50   1          if (P32 == 0)
  51   1              temp = 17;
  52   1          if (P31 == 0)
  53   1              temp = 18;
  54   1          if (P30 == 0)
C51 COMPILER V9.60.7.0   KEY                                                               04/07/2024 22:08:24 PAGE 2   

  55   1              temp = 19;
  56   1          ET0 = 1;
  57   1          P3 = 0xff;
  58   1          return temp;
  59   1      }


MODULE INFORMATION:   STATIC OVERLAYABLE
   CODE SIZE        =    122    ----
   CONSTANT SIZE    =   ----    ----
   XDATA SIZE       =   ----    ----
   PDATA SIZE       =   ----    ----
   DATA SIZE        =   ----    ----
   IDATA SIZE       =   ----    ----
   BIT SIZE         =   ----    ----
END OF MODULE INFORMATION.


C51 COMPILATION COMPLETE.  0 WARNING(S),  0 ERROR(S)
