C51 COMPILER V9.60.7.0   SEG                                                               04/07/2024 22:08:24 PAGE 1   


C51 COMPILER V9.60.7.0, COMPILATION OF MODULE SEG
OBJECT MODULE PLACED IN .\Objects\Seg.obj
COMPILER INVOKED BY: E:\Applications\Keil_5\C51\BIN\C51.EXE ..\driver\Seg.c OPTIMIZE(8,SPEED) BROWSE INCDIR(..\driver;..
                    -\user) DEBUG OBJECTEXTEND PRINT(.\Listings\Seg.lst) OBJECT(.\Objects\Seg.obj)

line level    source

   1          #include "Seg.h"
   2          // 段选 0 1 2 3 4 5 6 7 8 9 灭
   3          // - C H F P E A
   4          unsigned char seg_dula[] = {0xc0, 0xf9, 0xa4, 0xb0, 0x99, 0x92, 0x82, 0xf8, 0x80, 0x90, 0xff,
   5                                      0xbf, 0xc6, 0x89, 0x8e, 0x8c, 0x86, 0x88};
   6          // 位选
   7          unsigned char seg_wela[] = {0x01, 0x02, 0x04, 0x08, 0x10, 0x20, 0x40, 0x80};
   8          
   9          void Seg_Disp(unsigned char wela, unsigned char dula, unsigned char point)
  10          {
  11   1          // 手动消抖
  12   1          P0 = 0xff;
  13   1          P2 = P2 & 0x1f | 0xe0;
  14   1      
  15   1          P0 = seg_wela[wela];
  16   1          P2 = P2 & 0x1f | 0xc0;
  17   1          P2 &= 0x1f;
  18   1      
  19   1          P0 = seg_dula[dula];
  20   1          if (point)
  21   1              P0 &= 0x7f; // 0111 1111打开小数点
  22   1          P2 = P2 & 0x1f | 0xe0;
  23   1          P2 &= 0x1f;
  24   1      }


MODULE INFORMATION:   STATIC OVERLAYABLE
   CODE SIZE        =     54    ----
   CONSTANT SIZE    =   ----    ----
   XDATA SIZE       =   ----    ----
   PDATA SIZE       =   ----    ----
   DATA SIZE        =     26    ----
   IDATA SIZE       =   ----    ----
   BIT SIZE         =   ----    ----
END OF MODULE INFORMATION.


C51 COMPILATION COMPLETE.  0 WARNING(S),  0 ERROR(S)
