C51 COMPILER V9.54   IIC                                                                   02/01/2023 15:59:22 PAGE 1   


C51 COMPILER V9.54, COMPILATION OF MODULE IIC
OBJECT MODULE PLACED IN .\Objects\iic.obj
COMPILER INVOKED BY: C:\Keil_v5\C51\BIN\C51.EXE ..\Driver\iic.c OPTIMIZE(8,SPEED) BROWSE INCDIR(..\Driver) DEBUG OBJECTE
                    -XTEND PRINT(.\Listings\iic.lst) TABS(2) OBJECT(.\Objects\iic.obj)

line level    source

   1          #include "iic.h"
   2          
   3          #define DELAY_TIME 5
   4          
   5          
   6          #include "reg52.h"
   7          #include "intrins.h"
   8          
   9          sbit SDA = P2^1;
  10          sbit SCL = P2^0;
  11          
  12          
  13          //I2C总线内部延时函数
  14          void IIC_Delay(unsigned char i)
  15          {
  16   1          do{_nop_();}
  17   1          while(i--);        
  18   1      }
  19          
  20          //I2C总线启动信号
  21          void IIC_Start(void)
  22          {
  23   1          SDA = 1;
  24   1          SCL = 1;
  25   1          IIC_Delay(DELAY_TIME);
  26   1          SDA = 0;
  27   1          IIC_Delay(DELAY_TIME);
  28   1          SCL = 0;  
  29   1      }
  30          
  31          //I2C总线停止信号
  32          void IIC_Stop(void)
  33          {
  34   1          SDA = 0;
  35   1          SCL = 1;
  36   1          IIC_Delay(DELAY_TIME);
  37   1          SDA = 1;
  38   1          IIC_Delay(DELAY_TIME);
  39   1      }
  40          
  41          //发送应答或非应答信号
  42          void IIC_SendAck(bit ackbit)
  43          {
  44   1          SCL = 0;
  45   1          SDA = ackbit;           
  46   1          IIC_Delay(DELAY_TIME);
  47   1          SCL = 1;
  48   1          IIC_Delay(DELAY_TIME);
  49   1          SCL = 0; 
  50   1          SDA = 1;
  51   1          IIC_Delay(DELAY_TIME);
  52   1      }
  53          
  54          //等待应答
C51 COMPILER V9.54   IIC                                                                   02/01/2023 15:59:22 PAGE 2   

  55          bit IIC_WaitAck(void)
  56          {
  57   1          bit ackbit;
  58   1        
  59   1          SCL  = 1;
  60   1          IIC_Delay(DELAY_TIME);
  61   1          ackbit = SDA;
  62   1          SCL = 0;
  63   1          IIC_Delay(DELAY_TIME);
  64   1          return ackbit;
  65   1      }
  66          
  67          //I2C总线发送一个字节数据
  68          void IIC_SendByte(unsigned char byt)
  69          {
  70   1          unsigned char i;
  71   1      
  72   1          for(i=0; i<8; i++)
  73   1          {
  74   2              SCL  = 0;
  75   2              IIC_Delay(DELAY_TIME);
  76   2              if(byt & 0x80) SDA  = 1;
  77   2              else SDA  = 0;
  78   2              IIC_Delay(DELAY_TIME);
  79   2              SCL = 1;
  80   2              byt <<= 1;
  81   2              IIC_Delay(DELAY_TIME);
  82   2          }
  83   1          SCL  = 0;  
  84   1      }
  85          
  86          //I2C总线接收一个字节数据
  87          unsigned char IIC_RecByte(void)
  88          {
  89   1          unsigned char i, da;
  90   1          for(i=0; i<8; i++)
  91   1          {   
  92   2            SCL = 1;
  93   2        IIC_Delay(DELAY_TIME);
  94   2        da <<= 1;
  95   2        if(SDA) da |= 1;
  96   2        SCL = 0;
  97   2        IIC_Delay(DELAY_TIME);
  98   2          }
  99   1          return da;    
 100   1      }
 101          
 102          
 103          unsigned char Ad_Read(unsigned char addr)
 104          {
 105   1        unsigned char temp;
 106   1        IIC_Start();
 107   1        IIC_SendByte(0x90);
 108   1        IIC_WaitAck();
 109   1        IIC_SendByte(addr);
 110   1        IIC_WaitAck();
 111   1        IIC_Start();
 112   1        IIC_SendByte(0x91);
 113   1        IIC_WaitAck();  
 114   1        temp = IIC_RecByte();
 115   1        IIC_SendAck(1);
 116   1        IIC_Stop();
C51 COMPILER V9.54   IIC                                                                   02/01/2023 15:59:22 PAGE 3   

 117   1        return temp;
 118   1      }
 119          
 120          
 121          void Da_Write(unsigned char dat)
 122          {
 123   1        IIC_Start();
 124   1        IIC_SendByte(0x90);
 125   1        IIC_WaitAck();  
 126   1        IIC_SendByte(0x41);
 127   1        IIC_WaitAck();    
 128   1        IIC_SendByte(dat);  
 129   1        IIC_WaitAck();
 130   1        IIC_Stop();
 131   1      }


MODULE INFORMATION:   STATIC OVERLAYABLE
   CODE SIZE        =    222    ----
   CONSTANT SIZE    =   ----    ----
   XDATA SIZE       =   ----    ----
   PDATA SIZE       =   ----    ----
   DATA SIZE        =   ----    ----
   IDATA SIZE       =   ----    ----
   BIT SIZE         =   ----       2
END OF MODULE INFORMATION.


C51 COMPILATION COMPLETE.  0 WARNING(S),  0 ERROR(S)
