C51 COMPILER V9.54   SEG                                                                   02/01/2023 15:59:22 PAGE 1   


C51 COMPILER V9.54, COMPILATION OF MODULE SEG
OBJECT MODULE PLACED IN .\Objects\Seg.obj
COMPILER INVOKED BY: C:\Keil_v5\C51\BIN\C51.EXE ..\Driver\Seg.c OPTIMIZE(8,SPEED) BROWSE INCDIR(..\Driver) DEBUG OBJECTE
                    -XTEND PRINT(.\Listings\Seg.lst) TABS(2) OBJECT(.\Objects\Seg.obj)

line level    source

   1          #include <Seg.h>
   2          
   3          unsigned char seg_dula[] = {0xc0,0xf9,0xa4,0xb0,0x99,0x92,0x82,0xf8,0x80,0x90,0xff,0x8e,0xc1};
   4          unsigned char seg_wela[] = {0x01,0x02,0x04,0x08,0x10,0x20,0x40,0x80};
   5          
   6          void Seg_Disp(unsigned char wela,dula,point)
   7          {
   8   1        P0 = 0xff;
   9   1        P2 = P2 & 0x1f | 0xe0;
  10   1        P2 &= 0x1f;
  11   1      
  12   1        P0 = seg_wela[wela];
  13   1        P2 = P2 & 0x1f | 0xc0;
  14   1        P2 &= 0x1f;
  15   1        
  16   1        P0 = seg_dula[dula];
  17   1        if(point)
  18   1          P0 &= 0x7f;
  19   1        P2 = P2 & 0x1f | 0xe0;
  20   1        P2 &= 0x1f; 
  21   1      }


MODULE INFORMATION:   STATIC OVERLAYABLE
   CODE SIZE        =     58    ----
   CONSTANT SIZE    =   ----    ----
   XDATA SIZE       =   ----    ----
   PDATA SIZE       =   ----    ----
   DATA SIZE        =     21    ----
   IDATA SIZE       =   ----    ----
   BIT SIZE         =   ----    ----
END OF MODULE INFORMATION.


C51 COMPILATION COMPLETE.  0 WARNING(S),  0 ERROR(S)
