C51 COMPILER V9.54   MAIN                                                                  12/19/2017 22:05:09 PAGE 1   


C51 COMPILER V9.54, COMPILATION OF MODULE MAIN
OBJECT MODULE PLACED IN .\Objects\main.obj
COMPILER INVOKED BY: C:\keil   55\C51\BIN\C51.EXE main.c OPTIMIZE(8,SPEED) BROWSE DEBUG OBJECTEXTEND PRINT(.\Listings\ma
                    -in.lst) TABS(2) OBJECT(.\Objects\main.obj)

line level    source

   1          #include <STC15F2K60S2.h>
   2          #include <delay.h>
   3          #include <ds13022.h>
   4          #include <iic.h>
   5          
   6          #define uchar unsigned char 
   7          #define uint unsigned int
   8          
   9          uchar dsbuff[]={11,11,10,11,11,10,11,11};
  10          unsigned char code tab[]={0XC0,0XF9,0XA4,0XB0,0X99,0X92,0X82,0XF8,0X80,0X90,0XBF,0XFF};
  11          uchar discount = 0;
  12          uchar num_1 =0;
  13          
  14          void delayms(uint xms)
  15          {
  16   1        uint i,j;
  17   1        for(i=xms;i>0;i--)
  18   1        for(j=110;j>0;j--);
  19   1      }
  20          void allinit()
  21          {
  22   1        P2=0x80;P0=0xff;
  23   1        P2=0xa0;P0=0x00;
  24   1        P2=0xc0;P0=0xff;
  25   1        P2=0xe0;P0=0xff;
  26   1      }
  27          
  28          void display()
  29          {
  30   1        P2=0xef;
  31   1        P0=0xff;
  32   1        P2=0x1f;
  33   1          
  34   1        P2=0xcf;
  35   1        P0=1<<discount;
  36   1        P2=0x1f;
  37   1      
  38   1        P2=0xef;
  39   1        P0=tab[dsbuff[discount]];
  40   1        P2=0x1f;
  41   1        
  42   1        if(++discount==8) discount=0; 
  43   1      }
  44          
  45          void Timer0Init(void)   //2毫秒@11.0592MHz
  46          {
  47   1        AUXR |= 0x80;   //定时器时钟1T模式
  48   1        TMOD &= 0xF0;   //设置定时器模式
  49   1        TL0 = 0x9A;   //设置定时初值
  50   1        TH0 = 0xA9;   //设置定时初值
  51   1        TF0 = 0;    //清除TF0标志
  52   1        TR0 = 1;    //定时器0开始计时
  53   1        EA=1;
  54   1        ET0=1;
C51 COMPILER V9.54   MAIN                                                                  12/19/2017 22:05:09 PAGE 2   

  55   1      }
  56          
  57          void  main()
  58          {
  59   1        allinit();
  60   1        Timer0Init();
  61   1        ds_write();
  62   1        while(1)
  63   1        {
  64   2           ds_read();
  65   2           num_1 = iic_read(0x03);
  66   2           dsbuff[7]=num_1%10;
  67   2           dsbuff[6]=num_1/10;
  68   2           dsbuff[4]=shijian[1]%10;
  69   2           dsbuff[3]=shijian[1]/10;
  70   2           dsbuff[1]=shijian[2]%10;
  71   2           dsbuff[0]=shijian[2]/10;
  72   2           delayms(100);    
  73   2         }
  74   1      }
  75          
  76          void Time_0() interrupt 1
  77          {
  78   1        display();
  79   1      }
  80          
  81          
  82          
  83          


MODULE INFORMATION:   STATIC OVERLAYABLE
   CODE SIZE        =    245    ----
   CONSTANT SIZE    =     12    ----
   XDATA SIZE       =   ----    ----
   PDATA SIZE       =   ----    ----
   DATA SIZE        =     10    ----
   IDATA SIZE       =   ----    ----
   BIT SIZE         =   ----    ----
END OF MODULE INFORMATION.


C51 COMPILATION COMPLETE.  0 WARNING(S),  0 ERROR(S)
