C51 COMPILER V9.59.0.0   IIC                                                               03/02/2024 11:40:38 PAGE 1   


C51 COMPILER V9.59.0.0, COMPILATION OF MODULE IIC
OBJECT MODULE PLACED IN .\Objects\iic.obj
COMPILER INVOKED BY: D:\Keil_v5\C51\BIN\C51.EXE ..\Driver\iic.c OPTIMIZE(8,SPEED) BROWSE INCDIR(..\Driver) DEBUG OBJECTE
                    -XTEND PRINT(.\Listings\iic.lst) TABS(2) OBJECT(.\Objects\iic.obj)

line level    source

   1          /*  #   I2C代码片段说明
   2              1.  本文件夹中提供的驱动代码供参赛选手完成程序设计参考。
   3              2.  参赛选手可以自行编写相关代码或以该代码为基础，根据所选单片机类型
             -运行速度和试题
   4                  中对单片机时钟频率的要求，进行代码调试和修改。
   5          */
   6          #include "iic.h"
   7          #include "intrins.h"
   8          #define DELAY_TIME 5
   9          sbit scl = P2 ^ 0;
  10          sbit sda = P2 ^ 1;
  11          //
  12          static void I2C_Delay(unsigned char n)
  13          {
  14   1          do
  15   1          {
  16   2              _nop_();
  17   2              _nop_();
  18   2              _nop_();
  19   2              _nop_();
  20   2              _nop_();
  21   2              _nop_();
  22   2              _nop_();
  23   2              _nop_();
  24   2              _nop_();
  25   2              _nop_();
  26   2              _nop_();
  27   2              _nop_();
  28   2              _nop_();
  29   2              _nop_();
  30   2              _nop_();
  31   2          } while (n--);
  32   1      }
  33          
  34          //
  35          void I2CStart(void)
  36          {
  37   1          sda = 1;
  38   1          scl = 1;
  39   1          I2C_Delay(DELAY_TIME);
  40   1          sda = 0;
  41   1          I2C_Delay(DELAY_TIME);
  42   1          scl = 0;
  43   1      }
  44          
  45          //
  46          void I2CStop(void)
  47          {
  48   1          sda = 0;
  49   1          scl = 1;
  50   1          I2C_Delay(DELAY_TIME);
  51   1          sda = 1;
  52   1          I2C_Delay(DELAY_TIME);
  53   1      }
C51 COMPILER V9.59.0.0   IIC                                                               03/02/2024 11:40:38 PAGE 2   

  54          
  55          //
  56          void I2CSendByte(unsigned char byt)
  57          {
  58   1          unsigned char i;
  59   1      
  60   1          for (i = 0; i < 8; i++)
  61   1          {
  62   2              scl = 0;
  63   2              I2C_Delay(DELAY_TIME);
  64   2              if (byt & 0x80)
  65   2              {
  66   3                  sda = 1;
  67   3              }
  68   2              else
  69   2              {
  70   3                  sda = 0;
  71   3              }
  72   2              I2C_Delay(DELAY_TIME);
  73   2              scl = 1;
  74   2              byt <<= 1;
  75   2              I2C_Delay(DELAY_TIME);
  76   2          }
  77   1      
  78   1          scl = 0;
  79   1      }
  80          
  81          //
  82          unsigned char I2CReceiveByte(void)
  83          {
  84   1          unsigned char da;
  85   1          unsigned char i;
  86   1          for (i = 0; i < 8; i++)
  87   1          {
  88   2              scl = 1;
  89   2              I2C_Delay(DELAY_TIME);
  90   2              da <<= 1;
  91   2              if (sda)
  92   2                  da |= 0x01;
  93   2              scl = 0;
  94   2              I2C_Delay(DELAY_TIME);
  95   2          }
  96   1          return da;
  97   1      }
  98          
  99          //
 100          unsigned char I2CWaitAck(void)
 101          {
 102   1          unsigned char ackbit;
 103   1      
 104   1          scl = 1;
 105   1          I2C_Delay(DELAY_TIME);
 106   1          ackbit = sda;
 107   1          scl = 0;
 108   1          I2C_Delay(DELAY_TIME);
 109   1      
 110   1          return ackbit;
 111   1      }
 112          
 113          //
 114          void I2CSendAck(unsigned char ackbit)
 115          {
C51 COMPILER V9.59.0.0   IIC                                                               03/02/2024 11:40:38 PAGE 3   

 116   1          scl = 0;
 117   1          sda = ackbit;
 118   1          I2C_Delay(DELAY_TIME);
 119   1          scl = 1;
 120   1          I2C_Delay(DELAY_TIME);
 121   1          scl = 0;
 122   1          sda = 1;
 123   1          I2C_Delay(DELAY_TIME);
 124   1      }
 125          
 126          unsigned char Ad_Read(unsigned char addr)
 127          {
 128   1          unsigned char temp;
 129   1          // 选择芯片为PCF
 130   1          I2CStart();
 131   1          I2CSendByte(0x90);
 132   1          I2CWaitAck();
 133   1          I2CSendByte(addr);
 134   1          I2CWaitAck();
 135   1          I2CStart();
 136   1          I2CSendByte(0x91);
 137   1          I2CWaitAck();
 138   1          temp = I2CReceiveByte();
 139   1          I2CSendAck(1);
 140   1          I2CStop();
 141   1          return temp;
 142   1      }
 143          // 写入的值是数字值0-255，而不是模拟值
 144          void Da_Write(unsigned char dat)
 145          {
 146   1          // 选择芯片为PCF
 147   1          I2CStart();
 148   1          I2CSendByte(0x90);
 149   1          I2CWaitAck();
 150   1      
 151   1          I2CSendByte(0x41);
 152   1          I2CWaitAck();
 153   1          I2CSendByte(dat);
 154   1          I2CWaitAck();
 155   1          I2CStop();
 156   1      }


MODULE INFORMATION:   STATIC OVERLAYABLE
   CODE SIZE        =    255    ----
   CONSTANT SIZE    =   ----    ----
   XDATA SIZE       =   ----    ----
   PDATA SIZE       =   ----    ----
   DATA SIZE        =   ----    ----
   IDATA SIZE       =   ----    ----
   BIT SIZE         =   ----    ----
END OF MODULE INFORMATION.


C51 COMPILATION COMPLETE.  0 WARNING(S),  0 ERROR(S)
