C51 COMPILER V9.54   SEG                                                                   11/20/2022 17:20:52 PAGE 1   


C51 COMPILER V9.54, COMPILATION OF MODULE SEG
OBJECT MODULE PLACED IN .\Objects\Seg.obj
COMPILER INVOKED BY: C:\Keil_v5\C51\BIN\C51.EXE ..\Driver\Seg.c OPTIMIZE(8,SPEED) BROWSE INCDIR(..\Driver) DEBUG OBJECTE
                    -XTEND PRINT(.\Listings\Seg.lst) TABS(2) OBJECT(.\Objects\Seg.obj)

line level    source

   1          #include "Seg.h"
   2          
   3          unsigned char Seg_Dula[] = {0x3f,0x06,0x5b,0x4f,0x66,0x6d,0x7d,0x07,0x7f,0x6f,0x00,0x77,0x6d,0x3f,0x40};//
             -11 R ,12 S, 13 D, 14 -
   4          unsigned char Seg_Wela[] = {0xfe,0xfd,0xfb,0xf7,0xef,0xdf};
   5          //0x77  R
   6          //0x6d  S
   7          //0x3f  0
   8          //0x40  -
   9          
  10          void Seg_Disp(unsigned char wela,dula)
  11          {
  12   1        P0 = 0x00; //ÏûÓ°
  13   1        P2_6 = 1;
  14   1        P2_6 = 0;
  15   1        
  16   1        P0 = Seg_Wela[wela];
  17   1        P2_7 = 1;
  18   1        P2_7 = 0; 
  19   1      
  20   1        P0 = Seg_Dula[dula];
  21   1        P2_6 = 1;
  22   1        P2_6 = 0; 
  23   1      }


MODULE INFORMATION:   STATIC OVERLAYABLE
   CODE SIZE        =     30    ----
   CONSTANT SIZE    =   ----    ----
   XDATA SIZE       =   ----    ----
   PDATA SIZE       =   ----    ----
   DATA SIZE        =     21    ----
   IDATA SIZE       =   ----    ----
   BIT SIZE         =   ----    ----
END OF MODULE INFORMATION.


C51 COMPILATION COMPLETE.  0 WARNING(S),  0 ERROR(S)
