C51 COMPILER V9.60.7.0   DS1302                                                            04/09/2024 16:11:27 PAGE 1   


C51 COMPILER V9.60.7.0, COMPILATION OF MODULE DS1302
OBJECT MODULE PLACED IN .\Objects\ds1302.obj
COMPILER INVOKED BY: E:\Applications\Keil_5\C51\BIN\C51.EXE ..\Driver\ds1302.c OPTIMIZE(8,SPEED) BROWSE INCDIR(..\Driver
                    -) DEBUG OBJECTEXTEND PRINT(.\Listings\ds1302.lst) OBJECT(.\Objects\ds1302.obj)

line level    source

   1          /*      #       DS1302ä»£ç ç‰‡æ®µè¯´æ˜
   2                  1.      æœ¬æ–‡ä»¶å¤¹ä¸­æä¾›çš„é©±åŠ¨ä»£ç ä¾›å‚èµ›é€‰æ‰‹å®Œæˆç¨‹åºè®¾è®¡å‚è€ƒã€‚
   3                  2.      å‚èµ›é€‰æ‰‹å¯ä»¥è‡ªè¡Œç¼–å†™ç›¸å…³ä»£ç æˆ–ä»¥è¯¥ä»£ç ä¸ºåŸºç¡€ï¼Œæ ¹æ®æ‰€é€‰å•ç‰‡æœºç±»å‹ã€è¿
             -è¡Œé€Ÿåº¦å’Œè¯•é¢˜
   4                          ä¸­å¯¹å•ç‰‡æœºæ—¶é’Ÿé¢‘ç‡çš„è¦æ±‚ï¼Œè¿›è¡Œä»£ç è°ƒè¯•å’Œä¿®æ”¹ã€‚
   5          */                                                              
   6          #include <STC15F2K60S2.H>
   7          #include "ds1302.h"
   8          #include <intrins.h>
   9          sbit SCK=P1^7;
  10          sbit SDA=P2^3;
  11          sbit RST=P1^3;//å¯¹åº”CE
  12          
  13          //
  14          void Write_Ds1302(unsigned  char temp) 
  15          {
  16   1              unsigned char i;
  17   1              for (i=0;i<8;i++)       
  18   1              { 
  19   2                      SCK = 0;
  20   2                      SDA = temp&0x01;
  21   2                      temp>>=1; 
  22   2                      SCK=1;
  23   2              }
  24   1      }   
  25          
  26          //
  27          void Write_Ds1302_Byte( unsigned char address,unsigned char dat )     
  28          {
  29   1              RST=0;  _nop_();
  30   1              SCK=0;  _nop_();
  31   1              RST=1;  _nop_();  
  32   1              Write_Ds1302(address);  
  33   1              Write_Ds1302(dat);              
  34   1              RST=0; 
  35   1      }
  36          
  37          //
  38          unsigned char Read_Ds1302_Byte ( unsigned char address )
  39          {
  40   1              unsigned char i,temp=0x00;
  41   1              RST=0;  _nop_();
  42   1              SCK=0;  _nop_();
  43   1              RST=1;  _nop_();
  44   1              Write_Ds1302(address);
  45   1              for (i=0;i<8;i++)       
  46   1              {               
  47   2                      SCK=0;
  48   2                      temp>>=1;       
  49   2                      if(SDA)
  50   2                      temp|=0x80;     
  51   2                      SCK=1;
  52   2              } 
  53   1              RST=0;  _nop_();
C51 COMPILER V9.60.7.0   DS1302                                                            04/09/2024 16:11:27 PAGE 2   

  54   1              SCK=0;  _nop_();
  55   1              SCK=1;  _nop_();
  56   1              SDA=0;  _nop_();
  57   1              SDA=1;  _nop_();
  58   1              return (temp);                  
  59   1      }
  60          void Set_Rtc(unsigned char *ucRTC)
  61          {
  62   1              unsigned char i;
  63   1              Write_Ds1302_Byte(0x8e,0);//å¼€wp
  64   1              for(i=0;i<3;i++)
  65   1                      Write_Ds1302_Byte(0x84-i*2,ucRTC[i]);
  66   1              Write_Ds1302_Byte(0x8e,1);//å…³wp
  67   1      }
  68          
  69          void Read_Rtc(unsigned char *ucRTC)
  70          {
  71   1              unsigned char i;
  72   1              for(i=0;i<3;i++)
  73   1              ucRTC[i]=Read_Ds1302_Byte(0x85-i*2);
  74   1      }


MODULE INFORMATION:   STATIC OVERLAYABLE
   CODE SIZE        =    184    ----
   CONSTANT SIZE    =   ----    ----
   XDATA SIZE       =   ----    ----
   PDATA SIZE       =   ----    ----
   DATA SIZE        =   ----       6
   IDATA SIZE       =   ----    ----
   BIT SIZE         =   ----    ----
END OF MODULE INFORMATION.


C51 COMPILATION COMPLETE.  0 WARNING(S),  0 ERROR(S)
