C51 COMPILER V9.60.7.0   INIT                                                              04/09/2024 16:11:27 PAGE 1   


C51 COMPILER V9.60.7.0, COMPILATION OF MODULE INIT
OBJECT MODULE PLACED IN .\Objects\init.obj
COMPILER INVOKED BY: E:\Applications\Keil_5\C51\BIN\C51.EXE ..\Driver\init.c OPTIMIZE(8,SPEED) BROWSE INCDIR(..\Driver) 
                    -DEBUG OBJECTEXTEND PRINT(.\Listings\init.lst) OBJECT(.\Objects\init.obj)

line level    source

   1          #include <init.h>
   2          
   3          
   4          void init()
   5          {
   6   1              P0=0xff;
   7   1              P2 =P2 &0X1F | 0X80;//Y4;
   8   1              P2 &=0X1F;
   9   1              
  10   1              P0=0x00;
  11   1              P2 =P2 &0X1F | 0Xa0;//Y5;
  12   1              P2 &=0X1F;
  13   1      }


MODULE INFORMATION:   STATIC OVERLAYABLE
   CODE SIZE        =     29    ----
   CONSTANT SIZE    =   ----    ----
   XDATA SIZE       =   ----    ----
   PDATA SIZE       =   ----    ----
   DATA SIZE        =   ----    ----
   IDATA SIZE       =   ----    ----
   BIT SIZE         =   ----    ----
END OF MODULE INFORMATION.


C51 COMPILATION COMPLETE.  0 WARNING(S),  0 ERROR(S)
