C51 COMPILER V9.60.7.0   LED                                                               04/09/2024 16:11:27 PAGE 1   


C51 COMPILER V9.60.7.0, COMPILATION OF MODULE LED
OBJECT MODULE PLACED IN .\Objects\Led.obj
COMPILER INVOKED BY: E:\Applications\Keil_5\C51\BIN\C51.EXE ..\Driver\Led.c OPTIMIZE(8,SPEED) BROWSE INCDIR(..\Driver) D
                    -EBUG OBJECTEXTEND PRINT(.\Listings\Led.lst) OBJECT(.\Objects\Led.obj)

line level    source

   1          #include <Led.h>
   2          
   3          
   4          void Led_Disp(unsigned char addr,enable)
   5          {
   6   1              static unsigned char temp=0x00;
   7   1              static unsigned char temp_old=0xff;
   8   1                      
   9   1              if(enable)
  10   1                      temp |=0X01<<addr;
  11   1              else
  12   1                      temp &=~(0x01<<addr);
  13   1              if(temp!=temp_old)
  14   1              {
  15   2                      P0 =~temp;
  16   2                      P2 =P2&0x1f |0x80;
  17   2                      P2 &=0x1f;
  18   2                      temp_old=temp;
  19   2              }
  20   1      }
  21          
  22          
  23          void BEEP(unsigned char enable)
  24          {
  25   1              static unsigned char temp=0x00;
  26   1              static unsigned char temp_old=0xff;
  27   1                      
  28   1              if(enable)
  29   1                      temp |=0X40;
  30   1              else
  31   1                      temp &=~0x40;
  32   1              if(temp!=temp_old)
  33   1              {
  34   2                      P0 =temp;
  35   2                      P2 =P2&0x1f |0xa0;
  36   2                      P2 &=0x1f;
  37   2                      temp_old=temp;
  38   2              }
  39   1      }
  40          
  41          
  42          void Relay(unsigned char enable)
  43          {
  44   1              static unsigned char temp=0x00;
  45   1              static unsigned char temp_old=0xff;
  46   1                      
  47   1              if(enable)
  48   1                      temp |=0X10;
  49   1              else
  50   1                      temp &=~0x10;
  51   1              if(temp!=temp_old)
  52   1              {
  53   2                      P0 =temp;
  54   2                      P2 =P2&0x1f |0xa0;
C51 COMPILER V9.60.7.0   LED                                                               04/09/2024 16:11:27 PAGE 2   

  55   2                      P2 &=0x1f;
  56   2                      temp_old=temp;
  57   2              }
  58   1      }


MODULE INFORMATION:   STATIC OVERLAYABLE
   CODE SIZE        =    129    ----
   CONSTANT SIZE    =   ----    ----
   XDATA SIZE       =   ----    ----
   PDATA SIZE       =   ----    ----
   DATA SIZE        =      6    ----
   IDATA SIZE       =   ----    ----
   BIT SIZE         =   ----    ----
END OF MODULE INFORMATION.


C51 COMPILATION COMPLETE.  0 WARNING(S),  0 ERROR(S)
