C51 COMPILER V9.60.7.0   MAIN                                                              04/09/2024 16:11:27 PAGE 1   


C51 COMPILER V9.60.7.0, COMPILATION OF MODULE MAIN
OBJECT MODULE PLACED IN .\Objects\main.obj
COMPILER INVOKED BY: E:\Applications\Keil_5\C51\BIN\C51.EXE main.c OPTIMIZE(8,SPEED) BROWSE INCDIR(..\Driver) DEBUG OBJE
                    -CTEXTEND PRINT(.\Listings\main.lst) OBJECT(.\Objects\main.obj)

line level    source

   1          #include <STC15F2K60S2.H>
   2          #include <Led.h>
   3          #include <init.h>
   4          #include <Key.h>
   5          #include <Seg.h>
   6          
   7          #define u8 unsigned char;
   8          #define u16 unsigned int;
   9          
  10          u8 Seg_Slow_Down;
  11          u8 Seg_Buf[]={10,10,10,10,10,10,10,10};
  12          u8 Seg_Point[]={0,0,0,0,0,0,0,0};
  13          u8 Seg_pos;
  14          
  15          u8 Key_Val,Key_Old,Key_Down,Key_up;
  16          u8 Key_Slow_Down;
  17          
  18          
  19          u8 uLed[]={0,0,0,0,0,0,0,0};
  20          void Key_Proc()
  21          {
  22   1              if(Key_Slow_Down)return;
  23   1               Key_Slow_Down=1;
  24   1              
  25   1              Key_Val=Key_Read();
  26   1              Key_Down=Key_Val&(Key_Val^Key_Old);
  27   1              Key_up=~Key_Val&(Key_Val^Key_Old);
  28   1              Key_Old=Key_Val;
  29   1              
  30   1      }
  31          
  32          void Seg_Proc()
  33          {
  34   1              if(Seg_Slow_Down)return;
  35   1              Seg_Slow_Down=1;
  36   1      }
  37          void Led_Proc()
  38          {
  39   1      
  40   1      }
  41          
  42          void Timer0_Init(void)          //1毫秒@12.000MHz
  43          {
  44   1              AUXR &= 0x7F;                   //定时器时钟12T模式
  45   1              TMOD &= 0xF0;                   //设置定时器模式
  46   1              TL0 = 0x18;                             //设置定时初始值
  47   1              TH0 = 0xFC;                             //设置定时初始值
  48   1              TF0 = 0;                                //清除TF0标志
  49   1              TR0 = 1;                                //定时器0开始计时
  50   1              ET0=1;
  51   1              EA=1;
  52   1      }
  53          
  54          /* Timer0 interrupt routine */
C51 COMPILER V9.60.7.0   MAIN                                                              04/09/2024 16:11:27 PAGE 2   

  55          void tm0_isr() interrupt 1
  56          {       if(++ Key_Slow_Down==10) Key_Slow_Down=0;
  57   1          if(++Seg_Slow_Down==500)Seg_Slow_Down=0;
  58   1              if(++Seg_pos==8)Seg_pos=0;
  59   1              Seg_Disp(Seg_pos,Seg_Buf[Seg_pos],Seg_Point[Seg_pos]);
  60   1              Led_Disp(Seg_pos,uLed[Seg_pos]);
  61   1              
  62   1      }
  63          
  64          //-----------------------------------------------
  65          
  66          void main()
  67          {
  68   1              init();
  69   1              Timer0_Init();
  70   1              while(1)
  71   1              {
  72   2                      Key_Proc();
  73   2                      Seg_Proc();
  74   2                      Led_Proc();
  75   2                      
  76   2              }
  77   1      }


MODULE INFORMATION:   STATIC OVERLAYABLE
   CODE SIZE        =    269    ----
   CONSTANT SIZE    =   ----    ----
   XDATA SIZE       =   ----    ----
   PDATA SIZE       =   ----    ----
   DATA SIZE        =     62    ----
   IDATA SIZE       =   ----    ----
   BIT SIZE         =   ----    ----
END OF MODULE INFORMATION.


C51 COMPILATION COMPLETE.  0 WARNING(S),  0 ERROR(S)
