C51 COMPILER V9.60.7.0   SEG                                                               04/09/2024 16:11:27 PAGE 1   


C51 COMPILER V9.60.7.0, COMPILATION OF MODULE SEG
OBJECT MODULE PLACED IN .\Objects\Seg.obj
COMPILER INVOKED BY: E:\Applications\Keil_5\C51\BIN\C51.EXE ..\Driver\Seg.c OPTIMIZE(8,SPEED) BROWSE INCDIR(..\Driver) D
                    -EBUG OBJECTEXTEND PRINT(.\Listings\Seg.lst) OBJECT(.\Objects\Seg.obj)

line level    source

   1          #include <Seg.h>
   2          code unsigned char Seg_dula[]={0xc0,0xf9,0xa4,0xb0,0x99,0x92,0x82,0xf8,0x80,0x90,0xff,0xbf};
   3          code unsigned char Seg_wela[]={0x01,0x02,0x04,0x08,0x10,0x20,0x40,0x80};
   4          
   5          void Seg_Disp(unsigned char wela,dula,point)
   6          {
   7   1              P0=0xff;
   8   1              P2=P2&0x1f | 0xe0;//Y7
   9   1              P2 &=0x1f;
  10   1              
  11   1              P0=Seg_wela[wela];
  12   1              P2=P2&0x1f | 0xc0;//Y6
  13   1              P2 &=0x1f;
  14   1              
  15   1              P0=Seg_dula[dula];
  16   1              if(point)
  17   1                      P0 |=0x7f;
  18   1              P2=P2&0x1f | 0xe0;//Y7
  19   1              P2 &=0x1f;
  20   1      }


MODULE INFORMATION:   STATIC OVERLAYABLE
   CODE SIZE        =     65    ----
   CONSTANT SIZE    =     20    ----
   XDATA SIZE       =   ----    ----
   PDATA SIZE       =   ----    ----
   DATA SIZE        =   ----    ----
   IDATA SIZE       =   ----    ----
   BIT SIZE         =   ----    ----
END OF MODULE INFORMATION.


C51 COMPILATION COMPLETE.  0 WARNING(S),  0 ERROR(S)
