C51 COMPILER V9.59.0.0   DS1302                                                            02/24/2024 21:37:53 PAGE 1   


C51 COMPILER V9.59.0.0, COMPILATION OF MODULE DS1302
OBJECT MODULE PLACED IN .\Objects\ds1302.obj
COMPILER INVOKED BY: D:\Keil_v5\C51\BIN\C51.EXE ..\Driver\ds1302.c OPTIMIZE(8,SPEED) BROWSE INCDIR(..\Driver) DEBUG OBJE
                    -CTEXTEND PRINT(.\Listings\ds1302.lst) TABS(2) OBJECT(.\Objects\ds1302.obj)

line level    source

   1          /*  #   DS1302ä»£ç ç‰‡æ®µè¯´æ˜
   2            1.  æœ¬æ–‡ä»¶å¤¹ä¸­æä¾›çš„é©±åŠ¨ä»£ç ä¾›å‚èµ›é€‰æ‰‹å®Œæˆç¨‹åºè®¾è®¡å‚è€ƒã€‚
   3            2.  å‚èµ›é€‰æ‰‹å¯ä»¥è‡ªè¡Œç¼–å†™ç›¸å…³ä»£ç æˆ–ä»¥è¯¥ä»£ç ä¸ºåŸºç¡€ï¼Œæ ¹æ®æ‰€é€‰å•ç‰‡æœºç±»å‹ã€è¿
             -è¡Œé€Ÿåº¦å’Œè¯•é¢˜
   4              ä¸­å¯¹å•ç‰‡æœºæ—¶é’Ÿé¢‘ç‡çš„è¦æ±‚ï¼Œè¿›è¡Œä»£ç è°ƒè¯•å’Œä¿®æ”¹ã€‚
   5          */
   6          #include "ds1302.h"
   7          #include "REG52.H"
   8          #include "intrins.h"
   9          sbit SCK = P1 ^ 7;
  10          sbit SDA = P2 ^ 3;
  11          sbit RST = P1 ^ 3;
  12          //
  13          void Write_Ds1302(unsigned char temp)
  14          {
  15   1        unsigned char i;
  16   1        for (i = 0; i < 8; i++)
  17   1        {
  18   2          SCK = 0;
  19   2          SDA = temp & 0x01;
  20   2          temp >>= 1;
  21   2          SCK = 1;
  22   2        }
  23   1      }
  24          
  25          //
  26          void Write_Ds1302_Byte(unsigned char address, unsigned char dat)
  27          {
  28   1        RST = 0;
  29   1        _nop_();
  30   1        SCK = 0;
  31   1        _nop_();
  32   1        RST = 1;
  33   1        _nop_();
  34   1        Write_Ds1302(address);
  35   1        Write_Ds1302(dat);
  36   1        RST = 0;
  37   1      }
  38          
  39          //
  40          unsigned char Read_Ds1302_Byte(unsigned char address)
  41          {
  42   1        unsigned char i, temp = 0x00;
  43   1        RST = 0;
  44   1        _nop_();
  45   1        SCK = 0;
  46   1        _nop_();
  47   1        RST = 1;
  48   1        _nop_();
  49   1        Write_Ds1302(address);
  50   1        for (i = 0; i < 8; i++)
  51   1        {
  52   2          SCK = 0;
  53   2          temp >>= 1;
C51 COMPILER V9.59.0.0   DS1302                                                            02/24/2024 21:37:53 PAGE 2   

  54   2          if (SDA)
  55   2            temp |= 0x80;
  56   2          SCK = 1;
  57   2        }
  58   1        RST = 0;
  59   1        _nop_();
  60   1        SCK = 0;
  61   1        _nop_();
  62   1        SCK = 1;
  63   1        _nop_();
  64   1        SDA = 0;
  65   1        _nop_();
  66   1        SDA = 1;
  67   1        _nop_();
  68   1        return (temp);
  69   1      }
  70          void Set_Rtc(unsigned char *ucRtc)
  71          {
  72   1        unsigned char i;
  73   1        Write_Ds1302_Byte(0x8e, 0x00); // å…³é—­å†™ä¿æŠ¤
  74   1        for (i = 0; i < 3; i++)
  75   1          Write_Ds1302_Byte(0x84 - 2 * i, ucRtc[i]);
  76   1        Write_Ds1302_Byte(0x8e, 0x80); // æ‰“å¼€å†™ä¿æŠ¤
  77   1      }
  78          void Read_Rtc(unsigned char *ucRtc)
  79          {
  80   1        unsigned char i;
  81   1        for (i = 0; i < 3; i++)
  82   1          ucRtc[i] = Read_Ds1302_Byte(0x85 - 2 * i);
  83   1      }


MODULE INFORMATION:   STATIC OVERLAYABLE
   CODE SIZE        =    220    ----
   CONSTANT SIZE    =   ----    ----
   XDATA SIZE       =   ----    ----
   PDATA SIZE       =   ----    ----
   DATA SIZE        =   ----       6
   IDATA SIZE       =   ----    ----
   BIT SIZE         =   ----    ----
END OF MODULE INFORMATION.


C51 COMPILATION COMPLETE.  0 WARNING(S),  0 ERROR(S)
