C51 COMPILER V9.52.0.0   ________                                                          03/05/2018 23:07:05 PAGE 1   


C51 COMPILER V9.52.0.0, COMPILATION OF MODULE ________
OBJECT MODULE PLACED IN 外部中断.OBJ
COMPILER INVOKED BY: C:\Keil_v5\C51\BIN\C51.EXE 外部中断.c BROWSE DEBUG OBJECTEXTEND TABS(2)

line level    source

   1          #include "reg52.h"
   2          
   3          sbit L1 = P0^0;
   4          sbit L8 = P0^7;
   5          
   6          void Delay(unsigned int t)
   7          {
   8   1        while(t--);
   9   1        while(t--);
  10   1        while(t--);
  11   1      }
  12          
  13          void SelectHC573()
  14          {
  15   1        P2 = (P2 & 0x1f) | 0x80; 
  16   1      }
  17          
  18          void Working()
  19          {
  20   1        SelectHC573();
  21   1        L1 = 0;
  22   1        Delay(60000);
  23   1        L1 = 1;
  24   1        Delay(60000);
  25   1      }
  26          
  27          //================================
  28          void Init_INT0()
  29          {
  30   1        IT0 = 1;
  31   1        EX0 = 1;
  32   1        EA = 1;
  33   1      }
  34          
  35          unsigned char stat_int = 0;
  36          void ServiceINT0() interrupt 0
  37          {
  38   1        stat_int = 1;
  39   1      }
  40          
  41          void LEDINT()
  42          {
  43   1        if(stat_int == 1)
  44   1        {
  45   2          L8 = 0;
  46   2          Delay(60000);
  47   2          Delay(60000);
  48   2          Delay(60000);
  49   2          Delay(60000);
  50   2          Delay(60000);
  51   2          Delay(60000);
  52   2          L8 = 1;
  53   2        }
  54   1        stat_int = 0;
  55   1      }
C51 COMPILER V9.52.0.0   ________                                                          03/05/2018 23:07:05 PAGE 2   

  56          //================================
  57          void main()
  58          {
  59   1        Init_INT0();
  60   1        while(1)
  61   1        {
  62   2          Working();
  63   2          LEDINT();
  64   2        }
  65   1      }
  66          


MODULE INFORMATION:   STATIC OVERLAYABLE
   CODE SIZE        =    117    ----
   CONSTANT SIZE    =   ----    ----
   XDATA SIZE       =   ----    ----
   PDATA SIZE       =   ----    ----
   DATA SIZE        =      1    ----
   IDATA SIZE       =   ----    ----
   BIT SIZE         =   ----    ----
END OF MODULE INFORMATION.


C51 COMPILATION COMPLETE.  0 WARNING(S),  0 ERROR(S)
