C51 COMPILER V9.54   ONEWIRE                                                               12/20/2017 19:03:11 PAGE 1   


C51 COMPILER V9.54, COMPILATION OF MODULE ONEWIRE
OBJECT MODULE PLACED IN .\Objects\onewire.obj
COMPILER INVOKED BY: C:\keil   55\C51\BIN\C51.EXE onewire.c OPTIMIZE(8,SPEED) BROWSE DEBUG OBJECTEXTEND PRINT(.\Listings
                    -\onewire.lst) TABS(2) OBJECT(.\Objects\onewire.obj)

line level    source

   1          #include<STC15F2K60S2.H>
   2          #include<onewire.H>
   3          
   4          
   5          sbit DQ = P1^4;  //单总线接口
   6          
   7          //单总线延时函数
   8          void Delay_OneWire(unsigned int t)  
   9          {
  10   1        unsigned char i;
  11   1        while(t--){
  12   2          for(i=0; i<8; i++);
  13   2        }
  14   1      }
  15          
  16          
  17          //通过单总线向DS18B20写一个字节
  18          void Write_DS18B20(unsigned char dat)
  19          {
  20   1        unsigned char i;
  21   1        for(i=0;i<8;i++)
  22   1        {
  23   2          DQ = 0;
  24   2          DQ = dat&0x01;
  25   2          Delay_OneWire(5);
  26   2          DQ = 1;
  27   2          dat >>= 1;
  28   2        }
  29   1        Delay_OneWire(5);
  30   1      }
  31          
  32          //从DS18B20读取一个字节
  33          unsigned char Read_DS18B20(void)
  34          {
  35   1        unsigned char i;
  36   1        unsigned char dat;
  37   1        
  38   1        for(i=0;i<8;i++)
  39   1        {
  40   2          DQ = 0;
  41   2          dat >>= 1;
  42   2          DQ = 1;
  43   2          if(DQ)
  44   2          {
  45   3            dat |= 0x80;
  46   3          }     
  47   2          Delay_OneWire(5);
  48   2        }
  49   1        return dat;
  50   1      }
  51          
  52          //DS18B20设备初始化
  53          bit init_ds18b20(void)
  54          {
C51 COMPILER V9.54   ONEWIRE                                                               12/20/2017 19:03:11 PAGE 2   

  55   1          bit initflag = 0;
  56   1          
  57   1          DQ = 1;
  58   1          Delay_OneWire(12);
  59   1          DQ = 0;
  60   1          Delay_OneWire(80);
  61   1          DQ = 1;
  62   1          Delay_OneWire(10); 
  63   1          initflag = DQ;     
  64   1          Delay_OneWire(5);
  65   1        
  66   1          return initflag;
  67   1      }
  68          
  69          uchar temget(void)
  70          {
  71   1        uchar low,high;
  72   1        char temp;
  73   1        init_ds18b20();
  74   1        Write_DS18B20(0xcc);
  75   1        Write_DS18B20(0x44);
  76   1        Delay_OneWire(200);
  77   1        
  78   1        init_ds18b20();
  79   1        Write_DS18B20(0xcc);
  80   1        Write_DS18B20(0xbe);
  81   1        
  82   1        low=Read_DS18B20();
  83   1        high=Read_DS18B20();
  84   1        
  85   1        temp=high<<4;
  86   1        temp|=(low>>4);
  87   1        
  88   1        return temp;
  89   1      }
  90          
  91          void allinit()
  92          {
  93   1        P2=0XA0;
  94   1        P0=0X00;//关闭蜂鸣器，继电器
  95   1        
  96   1        P2=0X80;
  97   1        P0=0XFF;//关闭LED灯
  98   1        
  99   1        P2=0XC0;
 100   1        P0=0XFF;//选择所有数码管
 101   1        P2=0XFF;
 102   1        P0=0XFF;//关闭所有数码管
 103   1      }
 104          


MODULE INFORMATION:   STATIC OVERLAYABLE
   CODE SIZE        =    199    ----
   CONSTANT SIZE    =   ----    ----
   XDATA SIZE       =   ----    ----
   PDATA SIZE       =   ----    ----
   DATA SIZE        =   ----    ----
   IDATA SIZE       =   ----    ----
   BIT SIZE         =   ----       1
END OF MODULE INFORMATION.


C51 COMPILATION COMPLETE.  0 WARNING(S),  0 ERROR(S)
