C51 COMPILER V9.56.0.0   MAIN                                                              06/29/2019 08:08:32 PAGE 1   


C51 COMPILER V9.56.0.0, COMPILATION OF MODULE MAIN
OBJECT MODULE PLACED IN .\Objects\main.obj
COMPILER INVOKED BY: C:\Keil_C51\C51\BIN\C51.EXE main.c OPTIMIZE(8,SPEED) BROWSE INCDIR(..\Driver) DEBUG OBJECTEXTEND PR
                    -INT(.\Listings\main.lst) TABS(2) OBJECT(.\Objects\main.obj)

line level    source

   1          // 运行程序时，将J13调整为MM模式（1-2脚短接）
   2          #include "tim.h"
   3          #include "seg.h"
   4          #include "stdio.h"
   5          
   6          unsigned char ucSec, ucLed;
   7          unsigned char pucSeg_Buf[9], pucSeg_Code[8], ucSeg_Pos;
   8          unsigned long ulms;
   9          // 注意：sprintf()会在字符串后面添加”\0”，所以pucSeg_Buf[]的长度应为9。
  10          // 如果字符串中包含小数点，pucSeg_Buf[]的长度应为10。
  11          void main(void)
  12          {
  13   1        Cls_Peripheral();
  14   1        Timer1Init();
  15   1      
  16   1        while(1)
  17   1        {
  18   2          sprintf(pucSeg_Buf, "    %04u", (unsigned int)ucSec);
  19   2          Seg_Tran(pucSeg_Buf, pucSeg_Code);
  20   2        }
  21   1      }
  22          
  23          void Time_1(void) interrupt 3
  24          {
  25   1        ulms++;
  26   1        if(!(ulms % 1000))
  27   1        {
  28   2          ucSec++;
  29   2      
  30   2          ucLed ^= 1;
  31   2          Led_Disp(ucLed);
  32   2        }
  33   1        Seg_Disp(pucSeg_Code, ucSeg_Pos); 
  34   1        if(++ucSeg_Pos == 8) ucSeg_Pos = 0;
  35   1      }


MODULE INFORMATION:   STATIC OVERLAYABLE
   CODE SIZE        =    190    ----
   CONSTANT SIZE    =      9    ----
   XDATA SIZE       =   ----    ----
   PDATA SIZE       =   ----    ----
   DATA SIZE        =     24    ----
   IDATA SIZE       =   ----    ----
   BIT SIZE         =   ----    ----
END OF MODULE INFORMATION.


C51 COMPILATION COMPLETE.  0 WARNING(S),  0 ERROR(S)
