C51 COMPILER V9.60.7.0   INIT                                                              03/11/2024 21:11:57 PAGE 1   


C51 COMPILER V9.60.7.0, COMPILATION OF MODULE INIT
OBJECT MODULE PLACED IN .\Objects\init.obj
COMPILER INVOKED BY: E:\Applications\Keil_5\C51\BIN\C51.EXE ..\Driver\init.c OPTIMIZE(8,SPEED) BROWSE INCDIR(..\Driver;.
                    -.\Sys;..\User) DEBUG OBJECTEXTEND PRINT(.\Listings\init.lst) OBJECT(.\Objects\init.obj)

line level    source

   1          #include "init.h"
   2          void init_close()
   3          {       P0 =0XFF;//ledµÍµçÆ½Çý¶¯
   4   1              P2 = P2 & 0X1F | 0X80;//LED
   5   1              P2 &=0X1F;
   6   1              
   7   1              P0 =0X00;
   8   1              P2 = P2 & 0X1F | 0xA0;
   9   1              P2 &=0X1F;
  10   1      }


MODULE INFORMATION:   STATIC OVERLAYABLE
   CODE SIZE        =     29    ----
   CONSTANT SIZE    =   ----    ----
   XDATA SIZE       =   ----    ----
   PDATA SIZE       =   ----    ----
   DATA SIZE        =   ----    ----
   IDATA SIZE       =   ----    ----
   BIT SIZE         =   ----    ----
END OF MODULE INFORMATION.


C51 COMPILATION COMPLETE.  0 WARNING(S),  0 ERROR(S)
