C51 COMPILER V9.60.7.0   MAIN                                                              03/11/2024 21:11:57 PAGE 1   


C51 COMPILER V9.60.7.0, COMPILATION OF MODULE MAIN
OBJECT MODULE PLACED IN .\Objects\main.obj
COMPILER INVOKED BY: E:\Applications\Keil_5\C51\BIN\C51.EXE main.c OPTIMIZE(8,SPEED) BROWSE INCDIR(..\Driver;..\Sys;..\U
                    -ser) DEBUG OBJECTEXTEND PRINT(.\Listings\main.lst) OBJECT(.\Objects\main.obj)

line level    source

   1          # include "STC15F2K60S2.H"
   2          # include "init.h"
   3          # include "timer.h"
   4          # include "stdio.h"
   5          #include "LED.h"
   6          
   7          
   8          //-----------------------------------------------
   9          /* 全局变量声明 */
  10          
  11          
  12          //根据代码需求发生变化
  13          unsigned char count=0;//准备显示出来的数值      
  14          
  15          
  16          /* main */
  17          void main()
  18          {
  19   1              //根据代码需求发生变化
  20   1              init_close();//关闭外设
  21   1              Timer0_Init();//定时器0初始化，并且使能定时器1中断，1ms进入一次
  22   1              EA = 1;//打开总中断
  23   1      
  24   1              while(1)
  25   1              {
  26   2                      
  27   2              }
  28   1      
  29   1      
  30   1      }
  31          
  32          //-----------------------------------------------
  33          /* Timer1_interrupt routine */
  34          void tm1_isr() interrupt 1
  35          {       
  36   1              
  37   1              count++;
  38   1              if(count % 10 == 0)
  39   1              {
  40   2                      LED(0X01);
  41   2              }
  42   1              else
  43   1              {
  44   2                      LED(0X00);
  45   2              }
  46   1              
  47   1              if(count == 100)
  48   1              {
  49   2                      LED(0X80);
  50   2                      count = 0;
  51   2              }
  52   1              else
  53   1              {
  54   2                      LED(0X00);
C51 COMPILER V9.60.7.0   MAIN                                                              03/11/2024 21:11:57 PAGE 2   

  55   2              }
  56   1      
  57   1              
  58   1      }
  59          


MODULE INFORMATION:   STATIC OVERLAYABLE
   CODE SIZE        =    111    ----
   CONSTANT SIZE    =   ----    ----
   XDATA SIZE       =   ----    ----
   PDATA SIZE       =   ----    ----
   DATA SIZE        =      1    ----
   IDATA SIZE       =   ----    ----
   BIT SIZE         =   ----    ----
END OF MODULE INFORMATION.


C51 COMPILATION COMPLETE.  0 WARNING(S),  0 ERROR(S)
