C51 COMPILER V9.60.7.0   TIMER                                                             03/11/2024 21:11:57 PAGE 1   


C51 COMPILER V9.60.7.0, COMPILATION OF MODULE TIMER
OBJECT MODULE PLACED IN .\Objects\timer.obj
COMPILER INVOKED BY: E:\Applications\Keil_5\C51\BIN\C51.EXE ..\Driver\timer.c OPTIMIZE(8,SPEED) BROWSE INCDIR(..\Driver;
                    -..\Sys;..\User) DEBUG OBJECTEXTEND PRINT(.\Listings\timer.lst) OBJECT(.\Objects\timer.obj)

line level    source

   1          #include "timer.h"
   2          #include "STC15F2K60S2.H"
   3          //函数名：定时器1初始化函数
   4          //入口参数：无
   5          //返回值：无
   6          //函数功能：系统频率为 12.000MHz，设置定时时长为 1ms，\
*** WARNING C329 IN LINE 6 OF ..\Driver\timer.c: single-line comment contains line-continuation
   7          选择定时器 1，选择定时器模式为 16 位自动重载（ 15 系列），\
   8          选择定时器时钟为 12T（ FOSC/12）
*** WARNING C329 IN LINE 7 OF ..\Driver\timer.c: single-line comment contains line-continuation
   9          void Timer1_Init(void)//12.000MHZ 1MS
  10          {
  11   1              AUXR &=0xBF;//&不改变其他位 ，12T模式
  12   1              TMOD &=0x0F;//16位自动重装
  13   1              
  14   1              TL1 = 0x18;             //设置定时初值
  15   1              TH1 = 0xFC;             //设置定时初值
  16   1              //TCON控制寄存器中
  17   1              TF1 = 0;                //清除TF1(T1溢出中断标识)标志
  18   1              TR1 = 1;                //定时器1开始计时
  19   1              //IE中断允许寄存器中
  20   1              ET1=1;
  21   1      }
  22          
  23          void Timer0_Init(void)          //50毫秒@11.0592MHz
  24          {
  25   1              AUXR &= 0x7F;                   //定时器时钟12T模式
  26   1              TMOD &= 0xF0;                   //设置定时器模式
  27   1              TL0 = 0x00;                             //设置定时初始值
  28   1              TH0 = 0x4C;                             //设置定时初始值
  29   1              TF0 = 0;                                //清除TF0标志
  30   1              TR0 = 1;                                //定时器0开始计时
  31   1              //IE中断允许寄存器中
  32   1              ET0=1;
  33   1      }
  34          
  35          


MODULE INFORMATION:   STATIC OVERLAYABLE
   CODE SIZE        =     38    ----
   CONSTANT SIZE    =   ----    ----
   XDATA SIZE       =   ----    ----
   PDATA SIZE       =   ----    ----
   DATA SIZE        =   ----    ----
   IDATA SIZE       =   ----    ----
   BIT SIZE         =   ----    ----
END OF MODULE INFORMATION.


C51 COMPILATION COMPLETE.  2 WARNING(S),  0 ERROR(S)
