C51 COMPILER V9.54   DS1302                                                                12/24/2017 19:39:51 PAGE 1   


C51 COMPILER V9.54, COMPILATION OF MODULE DS1302
OBJECT MODULE PLACED IN .\Objects\ds1302.obj
COMPILER INVOKED BY: C:\keil   55\C51\BIN\C51.EXE ds1302.c OPTIMIZE(8,SPEED) BROWSE DEBUG OBJECTEXTEND PRINT(.\Listings\
                    -ds1302.lst) TABS(2) OBJECT(.\Objects\ds1302.obj)

line level    source

   1          /*
   2            程序说明: DS1302驱动程序
   3            软件环境: Keil uVision 4.10 
   4            硬件环境: CT107单片机综合实训平台 8051，12MHz
   5            日    期: 2011-8-9
   6          */
   7          
   8          #include <STC15F2K60S2.h>
   9          #include <intrins.h>
  10          #include <ds1302.h>
  11          
  12          uchar shijian[7]={55,59,23,1,1,1,1};
  13          
  14          
  15          sbit SCK=P1^7;    
  16          sbit SDA=P2^3;    
  17          sbit RST = P1^3;   // DS1302复位
  18          
  19          
  20          void Write_Ds1302_Byte(unsigned  char temp) 
  21          {
  22   1        unsigned char i;
  23   1        for (i=0;i<8;i++)       
  24   1        { 
  25   2          SCK=0;
  26   2          SDA=temp&0x01;
  27   2          temp>>=1; 
  28   2          SCK=1;
  29   2        }
  30   1      }   
  31          
  32          void Write_Ds1302( unsigned char address,unsigned char dat )     
  33          {
  34   1        RST=0;
  35   1        _nop_();
  36   1        SCK=0;
  37   1        _nop_();
  38   1        RST=1;  
  39   1          _nop_();  
  40   1        Write_Ds1302_Byte(address);
  41   1        dat=((dat/10)<<4|(dat%10)); 
  42   1        Write_Ds1302_Byte(dat);   
  43   1        RST=0; 
  44   1      }
  45          
  46          unsigned char Read_Ds1302 ( unsigned char address )
  47          {
  48   1        unsigned char i,temp=0x00;
  49   1        RST=0;
  50   1        _nop_();
  51   1        SCK=0;
  52   1        _nop_();
  53   1        RST=1;
  54   1        _nop_();
C51 COMPILER V9.54   DS1302                                                                12/24/2017 19:39:51 PAGE 2   

  55   1        Write_Ds1302_Byte(address);
  56   1        for (i=0;i<8;i++)   
  57   1        {   
  58   2          SCK=0;
  59   2          temp>>=1; 
  60   2          if(SDA)
  61   2          temp|=0x80; 
  62   2          SCK=1;
  63   2        } 
  64   1        RST=0;
  65   1        _nop_();
  66   1        RST=0;
  67   1        SCK=0;
  68   1        _nop_();
  69   1        SCK=1;
  70   1        _nop_();
  71   1        SDA=0;
  72   1        _nop_();
  73   1        SDA=1;
  74   1        _nop_();
  75   1        temp=temp/16*10+temp%16;
  76   1        return (temp);      
  77   1      }
  78          void dswrite()
  79          {
  80   1        uchar i,add=0x80;
  81   1        Write_Ds1302(0x8e,0x00);
  82   1        for(i=0;i<7;i++)
  83   1        {
  84   2          Write_Ds1302(add,shijian[i]);
  85   2          add+=2; 
  86   2        }
  87   1        Write_Ds1302(0x8e,0x80);  
  88   1      }                       
  89          void dsread()
  90          {
  91   1        uchar i,add=0x81;
  92   1        Write_Ds1302(0x8e,0x00);
  93   1        for(i=0;i<7;i++)
  94   1        {
  95   2          shijian[i]=Read_Ds1302(add);
  96   2          add+=2;
  97   2        }
  98   1        Write_Ds1302(0x8e,0x80);
  99   1      }


MODULE INFORMATION:   STATIC OVERLAYABLE
   CODE SIZE        =    192    ----
   CONSTANT SIZE    =   ----    ----
   XDATA SIZE       =   ----    ----
   PDATA SIZE       =   ----    ----
   DATA SIZE        =      7    ----
   IDATA SIZE       =   ----    ----
   BIT SIZE         =   ----    ----
END OF MODULE INFORMATION.


C51 COMPILATION COMPLETE.  0 WARNING(S),  0 ERROR(S)
