C51 COMPILER V9.60.7.0   DS1302                                                            03/16/2024 00:28:56 PAGE 1   


C51 COMPILER V9.60.7.0, COMPILATION OF MODULE DS1302
OBJECT MODULE PLACED IN .\Objects\ds1302.obj
COMPILER INVOKED BY: C:\Keil_v5\C51\BIN\C51.EXE ..\Driver\ds1302.c OPTIMIZE(8,SPEED) BROWSE INCDIR(..\Driver) DEBUG OBJE
                    -CTEXTEND PRINT(.\Listings\ds1302.lst) OBJECT(.\Objects\ds1302.obj)

line level    source

   1          #include "ds1302.h"                                                                     
   2          
   3          
   4          sbit SCK = P1^7;                
   5          sbit SDA = P2^3;                
   6          sbit RST = P1^3; 
   7          
   8          
   9          //写字节
  10          void Write_Ds1302(unsigned  char temp) 
  11          {
  12   1              unsigned char i;
  13   1              for (i=0;i<8;i++)       
  14   1              { 
  15   2                      SCK = 0;
  16   2                      SDA = temp&0x01;
  17   2                      temp>>=1; 
  18   2                      SCK=1;
  19   2              }
  20   1      }   
  21          
  22          //向DS1302寄存器写入数据
  23          void Write_Ds1302_Byte( unsigned char address,unsigned char dat )     
  24          {
  25   1              RST=0;  _nop_();
  26   1              SCK=0;  _nop_();
  27   1              RST=1;  _nop_();  
  28   1              Write_Ds1302(address);  
  29   1              Write_Ds1302(dat);              
  30   1              RST=0; 
  31   1      }
  32          
  33          //从DS1302寄存器读出数据
  34          unsigned char Read_Ds1302_Byte ( unsigned char address )
  35          {
  36   1              unsigned char i,temp=0x00;
  37   1              RST=0;  _nop_();
  38   1              SCK=0;  _nop_();
  39   1              RST=1;  _nop_();
  40   1              Write_Ds1302(address);
  41   1              for (i=0;i<8;i++)       
  42   1              {               
  43   2                      SCK=0;
  44   2                      temp>>=1;       
  45   2                      if(SDA)
  46   2                      temp|=0x80;     
  47   2                      SCK=1;
  48   2              } 
  49   1              RST=0;  _nop_();
  50   1              SCK=0;  _nop_();
  51   1              SCK=1;  _nop_();
  52   1              SDA=0;  _nop_();
  53   1              SDA=1;  _nop_();
  54   1              return (temp);                  
C51 COMPILER V9.60.7.0   DS1302                                                            03/16/2024 00:28:56 PAGE 2   

  55   1      }
  56          
  57          void Set_Rtc(unsigned char* ucRtc)
  58          {
  59   1              unsigned char i;
  60   1              Write_Ds1302_Byte(0x8e,0x00);
  61   1              for(i=0;i<3;i++)
  62   1              {
  63   2                      ucRtc[i] = (ucRtc[i] / 10 << 4) | (ucRtc[i] % 10);
  64   2                      Write_Ds1302_Byte(0x84-2*i,ucRtc[i]);
  65   2              }
  66   1              Write_Ds1302_Byte(0x8e,0x80);
  67   1      }
  68          
  69          void Read_Rtc(unsigned char* ucRtc)
  70          {
  71   1              unsigned char i;
  72   1              for(i=0;i<3;i++)
  73   1              {
  74   2                      ucRtc[i] = Read_Ds1302_Byte(0x85-2*i);
  75   2                      ucRtc[i] = ((ucRtc[i] / 16) * 10) + (ucRtc[i] % 16);
  76   2              }
  77   1      }


MODULE INFORMATION:   STATIC OVERLAYABLE
   CODE SIZE        =    246    ----
   CONSTANT SIZE    =   ----    ----
   XDATA SIZE       =   ----    ----
   PDATA SIZE       =   ----    ----
   DATA SIZE        =   ----       6
   IDATA SIZE       =   ----    ----
   BIT SIZE         =   ----    ----
END OF MODULE INFORMATION.


C51 COMPILATION COMPLETE.  0 WARNING(S),  0 ERROR(S)
