C51 COMPILER V9.60.7.0   SEG                                                               03/16/2024 00:28:55 PAGE 1   


C51 COMPILER V9.60.7.0, COMPILATION OF MODULE SEG
OBJECT MODULE PLACED IN .\Objects\Seg.obj
COMPILER INVOKED BY: C:\Keil_v5\C51\BIN\C51.EXE ..\Driver\Seg.c OPTIMIZE(8,SPEED) BROWSE INCDIR(..\Driver) DEBUG OBJECTE
                    -XTEND PRINT(.\Listings\Seg.lst) OBJECT(.\Objects\Seg.obj)

line level    source

   1          #include <Seg.h>
   2          
   3          code unsigned char seg_dula[] = {                       //±ê×¼×Ö¿â
   4          //   0    1    2    3    4    5    6    7    8    9    A    B    C    D    E    F
   5          0x3F,0x06,0x5B,0x4F,0x66,0x6D,0x7D,0x07,0x7F,0x6F,0x77,0x7C,0x39,0x5E,0x79,0x71,
   6          //black  -     H    J    K    L    N    o   P    U     t    G    Q    r   M    y
   7          0x00,0x40,0x76,0x1E,0x70,0x38,0x37,0x5C,0x73,0x3E,0x78,0x3d,0x67,0x50,0x37,0x6e,
   8          0xBF,0x86,0xDB,0xCF,0xE6,0xED,0xFD,0x87,0xFF,0xEF,0x46};    //0. 1. 2. 3. 4. 5. 6. 7. 8. 9. -1
   9          
  10          unsigned char seg_wela[] = {0x01,0x02,0x04,0x08,0x10,0x20,0x40,0x80};
  11          
  12          void Seg_Disp(unsigned char wela,dula,point)
  13          {
  14   1              P0 = 0xff;
  15   1              P2 = P2 & 0x1f | 0xe0;
  16   1              P2 &= 0x1f;
  17   1      
  18   1              P0 = seg_wela[wela];
  19   1              P2 = P2 & 0x1f | 0xc0;
  20   1              P2 &= 0x1f;
  21   1              
  22   1              P0 = ~seg_dula[dula];
  23   1              if(point)
  24   1                      P0 &= 0x7f;
  25   1              P2 = P2 & 0x1f | 0xe0;
  26   1              P2 &= 0x1f;     
  27   1      }


MODULE INFORMATION:   STATIC OVERLAYABLE
   CODE SIZE        =     66    ----
   CONSTANT SIZE    =     43    ----
   XDATA SIZE       =   ----    ----
   PDATA SIZE       =   ----    ----
   DATA SIZE        =      8    ----
   IDATA SIZE       =   ----    ----
   BIT SIZE         =   ----    ----
END OF MODULE INFORMATION.


C51 COMPILATION COMPLETE.  0 WARNING(S),  0 ERROR(S)
