C51 COMPILER V9.52.0.0   IO____                                                            03/10/2018 17:33:58 PAGE 1   


C51 COMPILER V9.52.0.0, COMPILATION OF MODULE IO____
OBJECT MODULE PLACED IN IOÀ©Õ¹.OBJ
COMPILER INVOKED BY: C:\Keil_v5\C51\BIN\C51.EXE IOÀ©Õ¹.C BROWSE DEBUG OBJECTEXTEND TABS(2)

line level    source

   1          #include "reg52.h"
   2          
   3          void Delay(unsigned int t)
   4          {
   5   1        while(t--);
   6   1        while(t--);
   7   1      }
   8          
   9          void SelectHC573(unsigned char channel)
  10          {
  11   1        switch(channel)
  12   1        {
  13   2          case 4:
  14   2            P2 = (P2 & 0x1f) | 0x80;
  15   2          break;
  16   2          
  17   2          case 5:
  18   2            P2 = (P2 & 0x1f) | 0xa0;
  19   2          break;
  20   2          
  21   2          case 6:
  22   2            P2 = (P2 & 0x1f) | 0xc0;
  23   2          break;
  24   2          
  25   2          case 7:
  26   2            P2 = (P2 & 0x1f) | 0xe0;
  27   2          break;
  28   2        }
  29   1      }
  30          
  31          void LEDRuning()
  32          {
  33   1        SelectHC573(4);
  34   1        P0 = 0xf0;
  35   1        Delay(60000);
  36   1        Delay(60000);
  37   1        P0 = 0x0f; 
  38   1        Delay(60000);
  39   1        Delay(60000);
  40   1        P0 = 0xff; 
  41   1        Delay(60000);
  42   1        Delay(60000);
  43   1      }
  44          
  45          void SMGRunning()
  46          {
  47   1        unsigned char i;
  48   1        for(i = 0; i < 8; i++)
  49   1        {
  50   2          SelectHC573(6);
  51   2          P0 = 0x01 << i; 
  52   2          SelectHC573(7);
  53   2          P0 = 0x00; 
  54   2          Delay(60000);
  55   2          Delay(60000);
C51 COMPILER V9.52.0.0   IO____                                                            03/10/2018 17:33:58 PAGE 2   

  56   2        }
  57   1        P0 = 0xff; 
  58   1        Delay(60000);
  59   1        Delay(60000);
  60   1      }
  61          
  62          void main()
  63          {
  64   1        while(1)
  65   1        {
  66   2          LEDRuning();
  67   2          SMGRunning();
  68   2        }
  69   1      }


MODULE INFORMATION:   STATIC OVERLAYABLE
   CODE SIZE        =    169    ----
   CONSTANT SIZE    =   ----    ----
   XDATA SIZE       =   ----    ----
   PDATA SIZE       =   ----    ----
   DATA SIZE        =   ----    ----
   IDATA SIZE       =   ----    ----
   BIT SIZE         =   ----    ----
END OF MODULE INFORMATION.


C51 COMPILATION COMPLETE.  0 WARNING(S),  0 ERROR(S)
