C51 COMPILER V9.52.0.0   __________                                                        02/15/2019 22:06:33 PAGE 1   


C51 COMPILER V9.52.0.0, COMPILATION OF MODULE __________
OBJECT MODULE PLACED IN ´æ´¢Æ÷À©Õ¹.OBJ
COMPILER INVOKED BY: C:\Keil_v5\C51\BIN\C51.EXE ´æ´¢Æ÷À©Õ¹.c BROWSE DEBUG OBJECTEXTEND TABS(2)

line level    source

   1          #include "reg52.h"
   2          #include "absacc.h"
   3          
   4          void Delay(unsigned int t)
   5          {
   6   1        while(t--);
   7   1        while(t--);
   8   1      }
   9          
  10          void LEDRuning()
  11          {
  12   1        XBYTE[0x8000] = 0xf0;
  13   1        Delay(60000);
  14   1        Delay(60000);
  15   1        XBYTE[0x8000] = 0x0f; 
  16   1        Delay(60000);
  17   1        Delay(60000);
  18   1        XBYTE[0x8000] = 0xff;
  19   1        Delay(60000);
  20   1        Delay(60000);
  21   1      }
  22          
  23          void SMGRunning()
  24          {
  25   1        unsigned char i;
  26   1        for(i = 0; i < 8; i++)
  27   1        {
  28   2          XBYTE[0xc000] = 0x01 << i;
  29   2          XBYTE[0xe000] = 0x00; 
  30   2          Delay(60000);
  31   2          Delay(60000);
  32   2        }
  33   1        XBYTE[0xe000] = 0xff;
  34   1        Delay(60000);
  35   1        Delay(60000);
  36   1      }
  37          
  38          void main()
  39          {
  40   1        while(1)
  41   1        {
  42   2          LEDRuning();
  43   2          SMGRunning();
  44   2        }
  45   1      }


MODULE INFORMATION:   STATIC OVERLAYABLE
   CODE SIZE        =    111    ----
   CONSTANT SIZE    =   ----    ----
   XDATA SIZE       =   ----    ----
   PDATA SIZE       =   ----    ----
   DATA SIZE        =   ----    ----
   IDATA SIZE       =   ----    ----
   BIT SIZE         =   ----    ----
C51 COMPILER V9.52.0.0   __________                                                        02/15/2019 22:06:33 PAGE 2   

END OF MODULE INFORMATION.


C51 COMPILATION COMPLETE.  0 WARNING(S),  0 ERROR(S)
