C51 COMPILER V9.56.0.0   MAIN                                                              07/04/2019 16:25:16 PAGE 1   


C51 COMPILER V9.56.0.0, COMPILATION OF MODULE MAIN
OBJECT MODULE PLACED IN .\Objects\main.obj
COMPILER INVOKED BY: C:\Keil_C51\C51\BIN\C51.EXE main.c OPTIMIZE(8,SPEED) BROWSE INCDIR(..\Driver) DEFINE(T0_COUNT,PCF85
                    -91_ADC,PCF8591_DAC) DEBUG OBJECTEXTEND PRINT(.\Listings\main.lst) TABS(2) OBJECT(.\Objects\main.obj)

line level    source

   1          #include "tim.h"
   2          #include "key.h"
   3          #include "seg.h"
   4          #include "stdio.h"
   5          #include "iic.h"
   6          
   7          unsigned int  uiFre_Val, uiVol_Val, uiSeg_Dly;
   8          unsigned char ucAdc_Val, ucLed_Ctrl=1, ucSeg_Ctrl=1;
   9          unsigned char ucState, ucLed, ucDac_Flag=1;
  10          unsigned char pucSeg_Buf[10], pucSeg_Code[8], ucSeg_Pos;
  11          unsigned char ucKey_Dly, ucKey_Old;
  12          unsigned long ulms;
  13          
  14          void Timer0Init(void)     // 16位计数器模式
  15          {
  16   1        AUXR &= 0x7F;           // 定时器时钟12T模式
  17   1        TMOD |= 5;            // 设置16位计数器模式
  18   1        TL0 = 0;              // 设置计数初值
  19   1        TH0 = 0;              // 设置计数初值
  20   1        TF0 = 0;              // 清除TF0标志
  21   1        TR0 = 1;              // 开始计数
  22   1      }
  23          
  24          void Key_Proc(void);
  25          void Seg_Proc(void);
  26          void Led_Proc(void);
  27          
  28          void main(void)
  29          { 
  30   1        Cls_Peripheral();
  31   1        Timer1Init();
  32   1        Timer0Init();
  33   1      
  34   1        while(1)
  35   1        {
  36   2          Key_Proc();
  37   2          Seg_Proc();
  38   2          Led_Proc();
  39   2        }
  40   1      }
  41          
  42          void Time_1(void) interrupt 3
  43          {
  44   1        ulms++;
  45   1        if(++ucKey_Dly == 10) ucKey_Dly = 0;
  46   1        if(++uiSeg_Dly == 500) uiSeg_Dly = 0;
  47   1        if(!(ulms % 1000))
  48   1        {
  49   2          uiFre_Val = (TH0<<8)+TL0;
  50   2          TH0 = 0;
  51   2          TL0 = 0;
  52   2        }
  53   1        Led_Disp(ucLed);
  54   1        Seg_Disp(pucSeg_Code, ucSeg_Pos);
C51 COMPILER V9.56.0.0   MAIN                                                              07/04/2019 16:25:16 PAGE 2   

  55   1        if(++ucSeg_Pos == 8) ucSeg_Pos = 0;
  56   1      }
  57          
  58          void Key_Proc(void)
  59          {
  60   1        unsigned char ucKey_Val, ucKey_Down;
  61   1      
  62   1        if(ucKey_Dly) return;
  63   1        ucKey_Dly = 1;
  64   1        
  65   1        ucKey_Val = Key_Read();
  66   1        ucKey_Down = ucKey_Val & (ucKey_Old ^ ucKey_Val);
  67   1        ucKey_Old = ucKey_Val;
  68   1      
  69   1        switch(ucKey_Down)
  70   1        {
  71   2          case 4:             // S4
  72   2            ucState ^= 1; break;
  73   2          case 5:             // S5
  74   2            ucDac_Flag ^= 1; break;
  75   2          case 8:             // S8
  76   2            ucLed_Ctrl ^= 1; break;
  77   2          case 9:             // S9
  78   2            ucSeg_Ctrl ^= 1;
  79   2        }
  80   1      }
  81          
  82          void Seg_Proc(void)
  83          {
  84   1        if(uiSeg_Dly) return;
  85   1        uiSeg_Dly = 1;
  86   1      
  87   1        ucAdc_Val = PCF8591_Adc();
  88   1        if(ucDac_Flag) PCF8591_Dac(102);  // 255*2/5
  89   1        else PCF8591_Dac(ucAdc_Val);
  90   1      
  91   1        if(ucSeg_Ctrl)
  92   1        {
  93   2          if(!ucState)
  94   2            sprintf(pucSeg_Buf, "U    %03.2f", (float)ucAdc_Val/51.0);  // 5/255
  95   2          else
  96   2            sprintf(pucSeg_Buf, "F  %5u", (unsigned int)uiFre_Val);
  97   2        }
  98   1        else
  99   1          sprintf(pucSeg_Buf, "        ");
 100   1        Seg_Tran(pucSeg_Buf, pucSeg_Code);
 101   1      }
 102          
 103          void Led_Proc(void)
 104          {
 105   1        if(ucLed_Ctrl)
 106   1        {
 107   2          if(!ucState)
 108   2          {
 109   3            ucLed |= 1; ucLed &= ~2;
 110   3          }
 111   2          else
 112   2          {
 113   3            ucLed |= 2; ucLed &= ~1;
 114   3          }
 115   2      
 116   2          uiVol_Val = ucAdc_Val*100/51; // 500/255
C51 COMPILER V9.56.0.0   MAIN                                                              07/04/2019 16:25:16 PAGE 3   

 117   2          if((uiVol_Val < 150) || ((uiVol_Val >= 250) && (uiVol_Val < 350)))
 118   2            ucLed &= ~4;
 119   2          else
 120   2            ucLed |= 4;
 121   2      
 122   2          if((uiFre_Val < 1000) || ((uiFre_Val >= 5000) && (uiFre_Val < 10000)))
 123   2            ucLed &= ~8;
 124   2          else
 125   2            ucLed |= 8;
 126   2      
 127   2          if(ucDac_Flag) ucLed &= ~0x10;
 128   2          else ucLed |= 0x10;
 129   2        }
 130   1        else
 131   1          ucLed = 0;
 132   1      }


MODULE INFORMATION:   STATIC OVERLAYABLE
   CODE SIZE        =    538    ----
   CONSTANT SIZE    =     28    ----
   XDATA SIZE       =   ----    ----
   PDATA SIZE       =   ----    ----
   DATA SIZE        =     37    ----
   IDATA SIZE       =   ----    ----
   BIT SIZE         =   ----    ----
END OF MODULE INFORMATION.


C51 COMPILATION COMPLETE.  0 WARNING(S),  0 ERROR(S)
