C51 COMPILER V9.54   DELAY                                                                 12/24/2017 17:08:20 PAGE 1   


C51 COMPILER V9.54, COMPILATION OF MODULE DELAY
OBJECT MODULE PLACED IN .\Objects\delay.obj
COMPILER INVOKED BY: C:\keil   55\C51\BIN\C51.EXE delay.c OPTIMIZE(8,SPEED) BROWSE DEBUG OBJECTEXTEND PRINT(.\Listings\d
                    -elay.lst) TABS(2) OBJECT(.\Objects\delay.obj)

line level    source

   1          #include <delay.h>
   2          
   3          void Delay5ms()   //@11.0592MHz
   4          {
   5   1        unsigned char i, j;
   6   1      
   7   1        i = 54;
   8   1        j = 199;
   9   1        do
  10   1        {
  11   2          while (--j);
  12   2        } while (--i);
  13   1      }
  14          //void Delay2ms()   //@11.0592MHz
  15          //{
  16          //  unsigned char i, j;
  17          
  18          //  _nop_();
  19          //  _nop_();
  20          //  i = 22;
  21          //  j = 128;
  22          //  do
  23          //  {
  24          //    while (--j);
  25          //  } while (--i);
  26          //}
  27          


MODULE INFORMATION:   STATIC OVERLAYABLE
   CODE SIZE        =      9    ----
   CONSTANT SIZE    =   ----    ----
   XDATA SIZE       =   ----    ----
   PDATA SIZE       =   ----    ----
   DATA SIZE        =   ----    ----
   IDATA SIZE       =   ----    ----
   BIT SIZE         =   ----    ----
END OF MODULE INFORMATION.


C51 COMPILATION COMPLETE.  0 WARNING(S),  0 ERROR(S)
