C51 COMPILER V9.60.7.0   IIC                                                               04/12/2024 18:13:57 PAGE 1   


C51 COMPILER V9.60.7.0, COMPILATION OF MODULE IIC
OBJECT MODULE PLACED IN .\Objects\iic.obj
COMPILER INVOKED BY: E:\Applications\Keil_5\C51\BIN\C51.EXE ..\Driver\iic.c OPTIMIZE(8,SPEED) BROWSE INCDIR(..\Driver) D
                    -EBUG OBJECTEXTEND PRINT(.\Listings\iic.lst) OBJECT(.\Objects\iic.obj)

line level    source

   1          /*      #   I2Cä»£ç ç‰‡æ®µè¯´æ˜
   2                  1.      æœ¬æ–‡ä»¶å¤¹ä¸­æä¾›çš„é©±åŠ¨ä»£ç ä¾›å‚èµ›é€‰æ‰‹å®Œæˆç¨‹åºè®¾è®¡å‚è€ƒã€‚
   3                  2.      å‚èµ›é€‰æ‰‹å¯ä»¥è‡ªè¡Œç¼–å†™ç›¸å…³ä»£ç æˆ–ä»¥è¯¥ä»£ç ä¸ºåŸºç¡€ï¼Œæ ¹æ®æ‰€é€‰å•ç‰‡æœºç±»å‹ã€è¿
             -è¡Œé€Ÿåº¦å’Œè¯•é¢˜
   4                          ä¸­å¯¹å•ç‰‡æœºæ—¶é’Ÿé¢‘ç‡çš„è¦æ±‚ï¼Œè¿›è¡Œä»£ç è°ƒè¯•å’Œä¿®æ”¹ã€‚
   5          */
   6          #include <STC15F2K60S2.H>
   7          #include <intrins.h>
   8          #include "iic.h"
   9          sbit scl=P2^0;
  10          sbit sda=P2^1;
  11          
  12          #define DELAY_TIME      10
  13          
  14          //
  15          static void I2C_Delay(unsigned char n)
  16          {
  17   1          do
  18   1          {
  19   2              _nop_();_nop_();_nop_();_nop_();_nop_();
  20   2              _nop_();_nop_();_nop_();_nop_();_nop_();
  21   2              _nop_();_nop_();_nop_();_nop_();_nop_();                
  22   2          }
  23   1          while(n--);         
  24   1      }
  25          
  26          //
  27          void I2CStart(void)
  28          {
  29   1          sda = 1;
  30   1          scl = 1;
  31   1              I2C_Delay(DELAY_TIME);
  32   1          sda = 0;
  33   1              I2C_Delay(DELAY_TIME);
  34   1          scl = 0;    
  35   1      }
  36          
  37          //
  38          void I2CStop(void)
  39          {
  40   1          sda = 0;
  41   1          scl = 1;
  42   1              I2C_Delay(DELAY_TIME);
  43   1          sda = 1;
  44   1              I2C_Delay(DELAY_TIME);
  45   1      }
  46          
  47          //
  48          void I2CSendByte(unsigned char byt)
  49          {
  50   1          unsigned char i;
  51   1              
  52   1          for(i=0; i<8; i++){
  53   2              scl = 0;
C51 COMPILER V9.60.7.0   IIC                                                               04/12/2024 18:13:57 PAGE 2   

  54   2                      I2C_Delay(DELAY_TIME);
  55   2              if(byt & 0x80){
  56   3                  sda = 1;
  57   3              }
  58   2              else{
  59   3                  sda = 0;
  60   3              }
  61   2                      I2C_Delay(DELAY_TIME);
  62   2              scl = 1;
  63   2              byt <<= 1;
  64   2                      I2C_Delay(DELAY_TIME);
  65   2          }
  66   1              
  67   1          scl = 0;  
  68   1      }
  69          
  70          //
  71          unsigned char I2CReceiveByte(void)
  72          {
  73   1              unsigned char da;
  74   1              unsigned char i;
  75   1              for(i=0;i<8;i++){   
  76   2                      scl = 1;
  77   2                      I2C_Delay(DELAY_TIME);
  78   2                      da <<= 1;
  79   2                      if(sda) 
  80   2                              da |= 0x01;
  81   2                      scl = 0;
  82   2                      I2C_Delay(DELAY_TIME);
  83   2              }
  84   1              return da;    
  85   1      }
  86          
  87          //
  88          unsigned char I2CWaitAck(void)
  89          {
  90   1              unsigned char ackbit;
  91   1              
  92   1          scl = 1;
  93   1              I2C_Delay(DELAY_TIME);
  94   1          ackbit = sda; 
  95   1          scl = 0;
  96   1              I2C_Delay(DELAY_TIME);
  97   1              
  98   1              return ackbit;
  99   1      }
 100          
 101          //
 102          void I2CSendAck(unsigned char ackbit)
 103          {
 104   1          scl = 0;
 105   1          sda = ackbit; 
 106   1              I2C_Delay(DELAY_TIME);
 107   1          scl = 1;
 108   1              I2C_Delay(DELAY_TIME);
 109   1          scl = 0; 
 110   1              sda = 1;
 111   1              I2C_Delay(DELAY_TIME);
 112   1      }
 113          
 114          u8 Ad_read(u8 addr)
 115          {       u8 temp;
C51 COMPILER V9.60.7.0   IIC                                                               04/12/2024 18:13:57 PAGE 3   

 116   1              I2CStart();
 117   1              I2CSendByte(0x90);
 118   1              I2CWaitAck();
 119   1              
 120   1              I2CSendByte(addr);
 121   1              I2CWaitAck();
 122   1              
 123   1              I2CStart();
 124   1              I2CSendByte(0x91);
 125   1              I2CWaitAck();
 126   1              
 127   1              temp=I2CReceiveByte();
 128   1              I2CWaitAck();
 129   1              
 130   1              I2CSendAck(1);
 131   1              I2CStop();
 132   1              
 133   1              return temp;
 134   1      
 135   1      }
 136          
 137          void DA_Send(u8 val)
 138          {
 139   1              I2CStart();
 140   1              I2CSendByte(0x90);
 141   1              I2CWaitAck();
 142   1              I2CSendByte(0x41);
 143   1              I2CWaitAck();
 144   1              I2CSendByte(val);
 145   1              I2CWaitAck();
 146   1              I2CStop();
 147   1              //?
 148   1      }
 149          
 150          void EEPROM_Write(u8 *EEPROM_String,u8 addr,u8 num)
 151          {
 152   1              I2CStart();
 153   1              I2CSendByte(0xA0);
 154   1              I2CWaitAck();
 155   1              
 156   1              I2CSendByte(addr);
 157   1              I2CWaitAck();
 158   1              
 159   1              
 160   1              while(num--)
 161   1              {
 162   2                      I2CSendByte(*EEPROM_String++);
 163   2                      I2CWaitAck();//?
 164   2                      I2C_Delay(200);//!
 165   2              }
 166   1              I2CStop();
 167   1      }
 168          
 169          void EEPROM_Read(u8 *EEPROM_String,u8 addr,u8 num)
 170          {
 171   1              I2CStart();
 172   1              I2CSendByte(0xA0);
 173   1              I2CWaitAck();
 174   1              
 175   1              I2CSendByte(addr);
 176   1              I2CWaitAck();
 177   1              
C51 COMPILER V9.60.7.0   IIC                                                               04/12/2024 18:13:57 PAGE 4   

 178   1              I2CStart();
 179   1              I2CSendByte(0xA1);
 180   1              I2CWaitAck();
 181   1              
 182   1              while(num--)
 183   1              {
 184   2                      *EEPROM_String++=I2CReceiveByte();
 185   2                      I2CWaitAck();//?
 186   2                      I2C_Delay(200);//!
 187   2                      if(num)I2CSendAck(0);
 188   2                      else I2CSendAck(1);
 189   2              }
 190   1              //      I2CStop();ä¸éœ€è¦
 191   1      }


MODULE INFORMATION:   STATIC OVERLAYABLE
   CODE SIZE        =    369    ----
   CONSTANT SIZE    =   ----    ----
   XDATA SIZE       =   ----    ----
   PDATA SIZE       =   ----    ----
   DATA SIZE        =   ----      10
   IDATA SIZE       =   ----    ----
   BIT SIZE         =   ----    ----
END OF MODULE INFORMATION.


C51 COMPILATION COMPLETE.  0 WARNING(S),  0 ERROR(S)
