C51 COMPILER V9.60.7.0   LED                                                               04/12/2024 18:13:57 PAGE 1   


C51 COMPILER V9.60.7.0, COMPILATION OF MODULE LED
OBJECT MODULE PLACED IN .\Objects\Led.obj
COMPILER INVOKED BY: E:\Applications\Keil_5\C51\BIN\C51.EXE ..\Driver\Led.c OPTIMIZE(8,SPEED) BROWSE INCDIR(..\Driver) D
                    -EBUG OBJECTEXTEND PRINT(.\Listings\Led.lst) OBJECT(.\Objects\Led.obj)

line level    source

   1          #include <Led.h>
   2          
   3          void Led_Disp(u8 addr,enable)
   4          {
   5   1              static u8 temp=0x00;
   6   1              static u8 temp_old=0xff;
   7   1              if(enable)
   8   1                      temp |=0x01<<addr;
   9   1              else
  10   1                      temp &=~(0x01<<addr);
  11   1              if(temp != temp_old)
  12   1              {
  13   2                      P0=~temp;
  14   2                      P2=P2 &0x1f |0x80;//Y4
  15   2                      P2&=0x1f;
  16   2                      temp_old=temp;
  17   2              }
  18   1              //?
  19   1      }
  20          
  21          void Beep(u8 enable)
  22          {
  23   1              static u8 temp=0x00;
  24   1              static u8 temp_old=0x00;
  25   1              if(enable)
  26   1                      temp |=0x40;
  27   1              else
  28   1                      temp &=~(0x40);
  29   1              if(temp != temp_old)
  30   1              {
  31   2                      P0=temp;
  32   2                      P2=P2 &0x1f |0xa0;//Y5
  33   2                      P2&=0x1f;
  34   2                      temp_old=temp;
  35   2              }
  36   1              //?
  37   1      }
  38          
  39          void Relay(u8 enable)
  40          {
  41   1              static u8 temp=0x00;
  42   1              static u8 temp_old=0x00;
  43   1              if(enable)
  44   1                      temp |=0x10;
  45   1              else
  46   1                      temp &=~(0x10);
  47   1              if(temp != temp_old)
  48   1              {
  49   2                      P0=temp;
  50   2                      P2=P2 &0x1f |0xa0;//Y5
  51   2                      P2&=0x1f;
  52   2                      temp_old=temp;
  53   2              }
  54   1              //?
C51 COMPILER V9.60.7.0   LED                                                               04/12/2024 18:13:57 PAGE 2   

  55   1      }


MODULE INFORMATION:   STATIC OVERLAYABLE
   CODE SIZE        =    129    ----
   CONSTANT SIZE    =   ----    ----
   XDATA SIZE       =   ----    ----
   PDATA SIZE       =   ----    ----
   DATA SIZE        =      6    ----
   IDATA SIZE       =   ----    ----
   BIT SIZE         =   ----    ----
END OF MODULE INFORMATION.


C51 COMPILATION COMPLETE.  0 WARNING(S),  0 ERROR(S)
