C51 COMPILER V9.60.7.0   MAIN                                                              04/12/2024 18:13:57 PAGE 1   


C51 COMPILER V9.60.7.0, COMPILATION OF MODULE MAIN
OBJECT MODULE PLACED IN .\Objects\main.obj
COMPILER INVOKED BY: E:\Applications\Keil_5\C51\BIN\C51.EXE main.c OPTIMIZE(8,SPEED) BROWSE INCDIR(..\Driver) DEBUG OBJE
                    -CTEXTEND PRINT(.\Listings\main.lst) OBJECT(.\Objects\main.obj)

line level    source

   1          #include <STC15F2K60S2.H>
   2          #include <Led.h>
   3          #include <Key.h>
   4          #include <init.h>
   5          #include <Seg.h>
   6          
   7          
   8          u8 Seg_Buf[8]={10,10,10,10,10,10,10,10};
   9          u8 Seg_Point[8]={0,0,0,0,0,0,0,0};
  10          u8 Seg_Slow_Down;
  11          u8 Seg_Pos;
  12          
  13          u8 ucLed[8]={0,0,0,0,0,0,0,0};
  14          
  15          u8 Key_Down,Key_Up,Key_Val,Key_Old;
  16          u8 Key_Slow_Down;
  17          
  18          void Key_Proc()
  19          {       
  20   1              if(Key_Slow_Down)return;
  21   1              Key_Slow_Down=1;
  22   1              
  23   1              Key_Val=Key_Read();
  24   1              Key_Down=Key_Val&(Key_Val^Key_Old);
  25   1              Key_Up=~Key_Val&(Key_Val^Key_Old);
  26   1              Key_Old=Key_Val;
  27   1              
  28   1              
  29   1      }
  30          
  31          void Seg_Proc()
  32          {
  33   1              if(Seg_Slow_Down)return;
  34   1              Seg_Slow_Down=1;
  35   1      }
  36          void Led_Proc()
  37          {
  38   1      
  39   1      }
  40          
  41          void Timer0_Init(void)          //1毫秒@12.000MHz
  42          {
  43   1              AUXR &= 0x7F;                   //定时器时钟12T模式
  44   1              TMOD &= 0xF0;                   //设置定时器模式
  45   1              TL0 = 0x18;                             //设置定时初始值
  46   1              TH0 = 0xFC;                             //设置定时初始值
  47   1              TF0 = 0;                                //清除TF0标志
  48   1              TR0 = 1;                                //定时器0开始计时
  49   1              ET0=1;
  50   1              EA=1;
  51   1      }
  52          
  53          
  54          //-----------------------------------------------
C51 COMPILER V9.60.7.0   MAIN                                                              04/12/2024 18:13:57 PAGE 2   

  55          
  56          /* Timer0 interrupt routine */
  57          void tm0_isr() interrupt 1
  58          {       
  59   1              if(++Key_Slow_Down==10)Key_Slow_Down=0;
  60   1          if(++Seg_Slow_Down==500)Seg_Slow_Down=0;
  61   1              if(++Seg_Pos==8)Seg_Pos=0;
  62   1              Seg_Disp(Seg_Pos,Seg_Buf[Seg_Pos],Seg_Point[Seg_Pos]);
  63   1              Led_Disp(Seg_Pos,ucLed[Seg_Pos]);
  64   1              
  65   1      }
  66          
  67          //-----------------------------------------------
  68          
  69          
  70          void main()
  71          {
  72   1              System_init();
  73   1              Timer0_Init();
  74   1              
  75   1              while(1)
  76   1              {
  77   2                      Seg_Proc();
  78   2                      Key_Proc();
  79   2                      Led_Proc();
  80   2              }
  81   1      }


MODULE INFORMATION:   STATIC OVERLAYABLE
   CODE SIZE        =    206    ----
   CONSTANT SIZE    =   ----    ----
   XDATA SIZE       =   ----    ----
   PDATA SIZE       =   ----    ----
   DATA SIZE        =     31    ----
   IDATA SIZE       =   ----    ----
   BIT SIZE         =   ----    ----
END OF MODULE INFORMATION.


C51 COMPILATION COMPLETE.  0 WARNING(S),  0 ERROR(S)
