C51 COMPILER V9.60.7.0   SEG                                                               04/12/2024 18:13:57 PAGE 1   


C51 COMPILER V9.60.7.0, COMPILATION OF MODULE SEG
OBJECT MODULE PLACED IN .\Objects\Seg.obj
COMPILER INVOKED BY: E:\Applications\Keil_5\C51\BIN\C51.EXE ..\Driver\Seg.c OPTIMIZE(8,SPEED) BROWSE INCDIR(..\Driver) D
                    -EBUG OBJECTEXTEND PRINT(.\Listings\Seg.lst) OBJECT(.\Objects\Seg.obj)

line level    source

   1          //0x80 0xa0 0xc0 0xe0 -4 5 6 7
   2          #include <Seg.h>
   3          
   4          code u8 Seg_dula[]={0xc0,0xf9,0xa4,0xb0,0x99,0x92,0x82,0xf8,0x80,0x90,0xff,0xbf};//-
   5          u8 Seg_wela[]={0x01,0x02,0x04,0x08,0x10,0x20,0x40,0x80};
   6          
   7          void Seg_Disp(u8 wela,dula,point)
   8          {
   9   1              P0=0XFF;
  10   1              P2=P2 &0x1f |0xe0;//Y7
  11   1              P2&=0x1f;
  12   1              
  13   1              P0=Seg_wela[wela];
  14   1              P2=P2 &0x1f |0xc0;//Y6
  15   1              P2&=0x1f;
  16   1              
  17   1              
  18   1              P0=Seg_dula[dula];
  19   1              if(point)
  20   1                      P0|=0x80;//?
  21   1              P2=P2 &0x1f |0xe0;//Y7
  22   1              P2&=0x1f;
  23   1      }


MODULE INFORMATION:   STATIC OVERLAYABLE
   CODE SIZE        =     65    ----
   CONSTANT SIZE    =     12    ----
   XDATA SIZE       =   ----    ----
   PDATA SIZE       =   ----    ----
   DATA SIZE        =      8    ----
   IDATA SIZE       =   ----    ----
   BIT SIZE         =   ----    ----
END OF MODULE INFORMATION.


C51 COMPILATION COMPLETE.  0 WARNING(S),  0 ERROR(S)
