C51 COMPILER V9.54   MAIN                                                                  12/27/2017 20:22:27 PAGE 1   


C51 COMPILER V9.54, COMPILATION OF MODULE MAIN
OBJECT MODULE PLACED IN .\Objects\main.obj
COMPILER INVOKED BY: C:\keil   55\C51\BIN\C51.EXE main.c OPTIMIZE(8,SPEED) BROWSE DEBUG OBJECTEXTEND PRINT(.\Listings\ma
                    -in.lst) TABS(2) OBJECT(.\Objects\main.obj)

line level    source

   1          #include "STC15F2K60S2.H"
   2          #include "onewire.h"
   3          
   4          #define uint unsigned int
   5          #define uchar unsigned char
   6          
   7          uchar code tab[13]={0xc0,0xf9,0xa4,0xb0,0x99,0x92,0x82,0xf8,0x80,0x90,0xbf,0xff,0xc6};
   8          uchar dsbuff[8]={11,11,11,11,11,11,11,11};
   9          uchar discount;
  10          uchar wendu;
  11          
  12          void allinit()
  13          {
  14   1        P2=0XA0;P0=0X00;
  15   1        P2=0X80;P0=0XFF;
  16   1        P2=0XE0;P0=0XFF;
  17   1        P2=0XC0;P0=0XFF;
  18   1      }
  19          void display()
  20          {
  21   1        P2=0XEF;
  22   1        P0=0XFF;
  23   1        P2=0X1F;
  24   1        
  25   1        P2=0XCF;
  26   1        P0=1<<discount;
  27   1        P2=0X1F;
  28   1        
  29   1        P2=0XEF;
  30   1        P0=tab[dsbuff[discount]];
  31   1        P2=0X1F;
  32   1        
  33   1        if(++discount==8) discount=0;
  34   1      }
  35          
  36          void Timer0Init(void)   //2毫秒@11.0592MHz
  37          {
  38   1        AUXR |= 0x80;   //定时器时钟1T模式
  39   1        TMOD &= 0xF0;   //设置定时器模式
  40   1        TL0 = 0x9A;   //设置定时初值
  41   1        TH0 = 0xA9;   //设置定时初值
  42   1        TF0 = 0;    //清除TF0标志
  43   1        TR0 = 1;    //定时器0开始计时
  44   1        EA=1;
  45   1        ET0=1;
  46   1      }
  47          
  48          void main()
  49          {
  50   1        Timer0Init();
  51   1        allinit();
  52   1        while(1)
  53   1        {
  54   2          wendu=read_temp();
C51 COMPILER V9.54   MAIN                                                                  12/27/2017 20:22:27 PAGE 2   

  55   2          dsbuff[7]=wendu%10;
  56   2          dsbuff[6]=wendu/10;
  57   2        }
  58   1      }
  59          
  60          void Tmer0() interrupt 1
  61          {
  62   1        display();
  63   1      }


MODULE INFORMATION:   STATIC OVERLAYABLE
   CODE SIZE        =    166    ----
   CONSTANT SIZE    =     13    ----
   XDATA SIZE       =   ----    ----
   PDATA SIZE       =   ----    ----
   DATA SIZE        =     10    ----
   IDATA SIZE       =   ----    ----
   BIT SIZE         =   ----    ----
END OF MODULE INFORMATION.


C51 COMPILATION COMPLETE.  0 WARNING(S),  0 ERROR(S)
