C51 COMPILER V9.60.7.0   DS1302                                                            04/04/2024 16:06:14 PAGE 1   


C51 COMPILER V9.60.7.0, COMPILATION OF MODULE DS1302
OBJECT MODULE PLACED IN .\Objects\ds1302.obj
COMPILER INVOKED BY: E:\Applications\Keil_5\C51\BIN\C51.EXE ..\..\µÚ6½ìÊ¡Èü\Driver\ds1302.c OPTIMIZE(8,SPEED) BROWSE INC
                    -DIR(..\Driver) DEBUG OBJECTEXTEND PRINT(.\Listings\ds1302.lst) OBJECT(.\Objects\ds1302.obj)

line level    source

   1          /*      #       DS1302ä»£ç ç‰‡æ®µè¯´æ˜
   2                  1.      æœ¬æ–‡ä»¶å¤¹ä¸­æä¾›çš„é©±åŠ¨ä»£ç ä¾›å‚èµ›é€‰æ‰‹å®Œæˆç¨‹åºè®¾è®¡å‚è€ƒã€‚
   3                  2.      å‚èµ›é€‰æ‰‹å¯ä»¥è‡ªè¡Œç¼–å†™ç›¸å…³ä»£ç æˆ–ä»¥è¯¥ä»£ç ä¸ºåŸºç¡€ï¼Œæ ¹æ®æ‰€é€‰å•ç‰‡æœºç±»å‹ã€è¿
             -è¡Œé€Ÿåº¦å’Œè¯•é¢˜
   4                          ä¸­å¯¹å•ç‰‡æœºæ—¶é’Ÿé¢‘ç‡çš„è¦æ±‚ï¼Œè¿›è¡Œä»£ç è°ƒè¯•å’Œä¿®æ”¹ã€‚
   5          */
   6          /*<intrins.h>ï¼›sbitçœ‹åŸç†å›¾ï¼›
   7          è®¾ç½®RTCé¡ºåºæ˜¯åœ¨0x8eåœ°å€0å¼€wpï¼Œ0x84-i*2è¯»h->m->såˆ°è¾“å…¥æ•°ç»„ï¼Œ1å…³wp
   8          è¯»å–æ˜¯ç›´æ¥è¯»0x85-i*2è¯»åˆ°h->m->s
   9          */
  10          #include <STC15F2K60S2.H>
  11          #include "ds1302.h" 
  12          #include <intrins.h>
  13          
  14          sbit SCK =P1^7;
  15          sbit SDA =P2^3;//å¯¹åº”åŸç†å›¾é‡Œçš„DS1302_IO
  16          sbit RST =P1^3;//å¯¹åº”åŸç†å›¾é‡Œçš„DS1302_CE
  17          //
  18          void Write_Ds1302(unsigned  char temp) 
  19          {
  20   1              unsigned char i;
  21   1              for (i=0;i<8;i++)       
  22   1              { 
  23   2                      SCK = 0;
  24   2                      SDA = temp&0x01;
  25   2                      temp>>=1; 
  26   2                      SCK=1;
  27   2              }
  28   1      }   
  29          
  30          //
  31          void Write_Ds1302_Byte( unsigned char address,unsigned char dat )     
  32          {
  33   1              RST=0;  _nop_();
  34   1              SCK=0;  _nop_();
  35   1              RST=1;  _nop_();  
  36   1              Write_Ds1302(address);  
  37   1              Write_Ds1302(dat);              
  38   1              RST=0; 
  39   1      }
  40          
  41          //
  42          unsigned char Read_Ds1302_Byte ( unsigned char address )
  43          {
  44   1              unsigned char i,temp=0x00;
  45   1              RST=0;  _nop_();
  46   1              SCK=0;  _nop_();
  47   1              RST=1;  _nop_();
  48   1              Write_Ds1302(address);
  49   1              for (i=0;i<8;i++)       
  50   1              {               
  51   2                      SCK=0;
  52   2                      temp>>=1;       
  53   2                      if(SDA)
C51 COMPILER V9.60.7.0   DS1302                                                            04/04/2024 16:06:14 PAGE 2   

  54   2                      temp|=0x80;     
  55   2                      SCK=1;
  56   2              } 
  57   1              RST=0;  _nop_();
  58   1              SCK=0;  _nop_();
  59   1              SCK=1;  _nop_();
  60   1              SDA=0;  _nop_();
  61   1              SDA=1;  _nop_();
  62   1              return (temp);                  
  63   1      }
  64          
  65          void Set_Rtc(unsigned char* ucRTC)
  66          {
  67   1              unsigned char i;
  68   1              Write_Ds1302_Byte(0x8e,0);//å¼€wp(å†™å…¥å…è®¸)
  69   1              for(i=0;i<3;i++)
  70   1                      Write_Ds1302_Byte(0x84-i*2,ucRTC[i]);//h->m->s
  71   1              Write_Ds1302_Byte(0x8e,1);//å…³wp(å†™å…¥ç¦æ­¢)
  72   1      }
  73          
  74          void Read_Rtc(unsigned char* ucRTC)
  75          {
  76   1              unsigned char i;
  77   1              for(i=0;i<3;i++)
  78   1                      ucRTC[i] =Read_Ds1302_Byte(0x85-i*2);//h->m->s
  79   1      }


MODULE INFORMATION:   STATIC OVERLAYABLE
   CODE SIZE        =    184    ----
   CONSTANT SIZE    =   ----    ----
   XDATA SIZE       =   ----    ----
   PDATA SIZE       =   ----    ----
   DATA SIZE        =   ----       6
   IDATA SIZE       =   ----    ----
   BIT SIZE         =   ----    ----
END OF MODULE INFORMATION.


C51 COMPILATION COMPLETE.  0 WARNING(S),  0 ERROR(S)
