C51 COMPILER V9.60.7.0   ONEWIRE                                                           04/04/2024 16:06:14 PAGE 1   


C51 COMPILER V9.60.7.0, COMPILATION OF MODULE ONEWIRE
OBJECT MODULE PLACED IN .\Objects\onewire.obj
COMPILER INVOKED BY: E:\Applications\Keil_5\C51\BIN\C51.EXE ..\..\µÚ6½ìÊ¡Èü\Driver\onewire.c OPTIMIZE(8,SPEED) BROWSE IN
                    -CDIR(..\Driver) DEBUG OBJECTEXTEND PRINT(.\Listings\onewire.lst) OBJECT(.\Objects\onewire.obj)

line level    source

   1          /*      #       å•æ€»çº¿ä»£ç ç‰‡æ®µè¯´æ˜
   2                  1.      æœ¬æ–‡ä»¶å¤¹ä¸­æä¾›çš„é©±åŠ¨ä»£ç ä¾›å‚èµ›é€‰æ‰‹å®Œæˆç¨‹åºè®¾è®¡å‚è€ƒã€‚
   3                  2.      å‚èµ›é€‰æ‰‹å¯ä»¥è‡ªè¡Œç¼–å†™ç›¸å…³ä»£ç æˆ–ä»¥è¯¥ä»£ç ä¸ºåŸºç¡€ï¼Œæ ¹æ®æ‰€é€‰å•ç‰‡æœºç±»å‹ã€è¿
             -è¡Œé€Ÿåº¦å’Œè¯•é¢˜
   4                          ä¸­å¯¹å•ç‰‡æœºæ—¶é’Ÿé¢‘ç‡çš„è¦æ±‚ï¼Œè¿›è¡Œä»£ç è°ƒè¯•å’Œä¿®æ”¹ã€‚
   5          */
   6          
   7          /*
   8          åˆå§‹åŒ–ï¼›0xccè·³è¿‡romï¼›0x44æ¸©åº¦è½¬æ¢ï¼›
   9          åˆå§‹åŒ–ï¼›0xccè·³è¿‡ROMï¼›0xbeè¯»å–æ¸©åº¦
  10          å…ˆè¯»çš„æ˜¯ä½ä½ï¼Œå†è¯»çš„æ˜¯é«˜ä½
  11          é«˜å…«ä½ä¸Šç§»ï¼Œä½å…«ä½åŠ ä¸Šå†é™¤ä»¥16.0ï¼ˆ*0.0625ç²¾åº¦ï¼‰
  12          */
  13          
  14          #include "onewire.h"
  15          #include <STC15F2K60S2.H>
  16          sbit DQ =P1^4;//å¯¹åº”åŸç†å›¾1-wire
  17          void Delay_OneWire(unsigned int t)  
  18          {
  19   1              unsigned char i;
  20   1              while(t--){
  21   2                      for(i=0;i<12;i++);
  22   2              }
  23   1      }
  24          
  25          //
  26          void Write_DS18B20(unsigned char dat)
  27          {
  28   1              unsigned char i;
  29   1              for(i=0;i<8;i++)
  30   1              {
  31   2                      DQ = 0;
  32   2                      DQ = dat&0x01;
  33   2                      Delay_OneWire(5);
  34   2                      DQ = 1;
  35   2                      dat >>= 1;
  36   2              }
  37   1              Delay_OneWire(5);
  38   1      }
  39          
  40          //
  41          unsigned char Read_DS18B20(void)
  42          {
  43   1              unsigned char i;
  44   1              unsigned char dat;
  45   1        
  46   1              for(i=0;i<8;i++)
  47   1              {
  48   2                      DQ = 0;
  49   2                      dat >>= 1;
  50   2                      DQ = 1;
  51   2                      if(DQ)
  52   2                      {
  53   3                              dat |= 0x80;
C51 COMPILER V9.60.7.0   ONEWIRE                                                           04/04/2024 16:06:14 PAGE 2   

  54   3                      }           
  55   2                      Delay_OneWire(5);
  56   2              }
  57   1              return dat;
  58   1      }
  59          
  60          //
  61          bit init_ds18b20(void)
  62          {
  63   1              bit initflag = 0;
  64   1              
  65   1              DQ = 1;
  66   1              Delay_OneWire(12);
  67   1              DQ = 0;
  68   1              Delay_OneWire(80);
  69   1              DQ = 1;
  70   1              Delay_OneWire(10); 
  71   1          initflag = DQ;     
  72   1              Delay_OneWire(5);
  73   1        
  74   1              return initflag;
  75   1      }
  76          
  77          float rd_temperature()
  78          {       unsigned char low,high;
  79   1              init_ds18b20();
  80   1              Write_DS18B20(0xcc);//è·³è¿‡ROM
  81   1              Write_DS18B20(0x44);//è¿›è¡Œæ¸©åº¦è½¬æ¢
  82   1              
  83   1              init_ds18b20();
  84   1              Write_DS18B20(0xcc);//è·³è¿‡ROM
  85   1              Write_DS18B20(0xbe);//è¯»å–æ¸©åº¦
  86   1              low = Read_DS18B20();//è¯»ä½ä½
  87   1              high = Read_DS18B20();//è¯»é«˜ä½
  88   1              return ((high<<8) | low) / 16.0;//*ç²¾åº¦ä¹˜0.0625
  89   1      }


MODULE INFORMATION:   STATIC OVERLAYABLE
   CODE SIZE        =    173    ----
   CONSTANT SIZE    =   ----    ----
   XDATA SIZE       =   ----    ----
   PDATA SIZE       =   ----    ----
   DATA SIZE        =   ----    ----
   IDATA SIZE       =   ----    ----
   BIT SIZE         =   ----       1
END OF MODULE INFORMATION.


C51 COMPILATION COMPLETE.  0 WARNING(S),  0 ERROR(S)
