C51 COMPILER V9.60.7.0   KEY                                                               03/09/2024 20:16:28 PAGE 1   


C51 COMPILER V9.60.7.0, COMPILATION OF MODULE KEY
OBJECT MODULE PLACED IN .\Objects\key.obj
COMPILER INVOKED BY: E:\Applications\Keil_5\C51\BIN\C51.EXE ..\Driver\key.c OPTIMIZE(8,SPEED) BROWSE INCDIR(..\Driver;..
                    -\Sys;..\User) DEBUG OBJECTEXTEND PRINT(.\Listings\key.lst) OBJECT(.\Objects\key.obj)

line level    source

   1          #include "key.h"
   2          #include "STC15F2K60S2.H"
   3          //函数名：按键码值读取函数-独立按键
   4          //入口参数：无
   5          //返回值：按键的码值
   6          //函数功能：返回按键码。
   7          unsigned char Key_BIN(void)
   8          {
   9   1              unsigned char Key_Value;
  10   1              
  11   1              if(P30 ==0) Key_Value=7 ;
  12   1              else if(P31 ==0) Key_Value=6;
  13   1              else if(P32 ==0) Key_Value=5;
  14   1              else if(P33 ==0) Key_Value=4;
  15   1              else Key_Value = 0;
  16   1              
  17   1              return Key_Value;
  18   1      }


MODULE INFORMATION:   STATIC OVERLAYABLE
   CODE SIZE        =     27    ----
   CONSTANT SIZE    =   ----    ----
   XDATA SIZE       =   ----    ----
   PDATA SIZE       =   ----    ----
   DATA SIZE        =   ----    ----
   IDATA SIZE       =   ----    ----
   BIT SIZE         =   ----    ----
END OF MODULE INFORMATION.


C51 COMPILATION COMPLETE.  0 WARNING(S),  0 ERROR(S)
