C51 COMPILER V9.54   MAIN                                                                  12/30/2022 19:47:25 PAGE 1   


C51 COMPILER V9.54, COMPILATION OF MODULE MAIN
OBJECT MODULE PLACED IN .\Objects\main.obj
COMPILER INVOKED BY: C:\Keil_v5\C51\BIN\C51.EXE main.c OPTIMIZE(8,SPEED) BROWSE INCDIR(..\Driver) DEBUG OBJECTEXTEND PRI
                    -NT(.\Listings\main.lst) TABS(2) OBJECT(.\Objects\main.obj)

line level    source

   1          /* 头文件声明区 */
   2          #include <STC15F2K60S2.H>//单片机寄存器专用头文件
   3          #include <Init.h>//初始化底层驱动专用头文件
   4          #include <Led.h>//Led底层驱动专用头文件
   5          #include <Key.h>//按键底层驱动专用头文件
   6          #include <Seg.h>//数码管底层驱动专用头文件
   7          #include "onewire.h"
   8          
   9          /* 变量声明区 */
  10          unsigned char Key_Val,Key_Down,Key_Old,Key_Up;//按键专用变量
  11          unsigned char Key_Slow_Down;//按键减速专用变量
  12          unsigned char Seg_Buf[8] = {10,10,10,10,10,10,10,10};//数码管显示数据存放数组
  13          unsigned char Seg_Point[8] = {0,0,0,0,0,0,0,0};//数码管小数点数据存放数组
  14          unsigned char Seg_Pos;//数码管扫描专用变量
  15          unsigned int Seg_Slow_Down;//数码管减速专用变量
  16          unsigned char ucLed[8] = {0,0,0,0,0,0,0,0};//Led显示数据存放数组
  17          float t;
  18          
  19          /* 键盘处理函数 */
  20          void Key_Proc()
  21          {
  22   1        if(Key_Slow_Down) return;
  23   1        Key_Slow_Down = 1;//键盘减速程序
  24   1      
  25   1        Key_Val = Key_Read();//实时读取键码值
  26   1        Key_Down = Key_Val & (Key_Old ^ Key_Val);//捕捉按键下降沿
  27   1        Key_Up = ~Key_Val & (Key_Old ^ Key_Val);//捕捉按键上降沿
  28   1        Key_Old = Key_Val;//辅助扫描变量
  29   1      
  30   1      }
  31          
  32          /* 信息处理函数 */
  33          void Seg_Proc()
  34          {
  35   1        if(Seg_Slow_Down) return;
  36   1        Seg_Slow_Down = 1;//数码管减速程序
  37   1      
  38   1        t = read_t();
  39   1        
  40   1        Seg_Buf[0] = (unsigned char)t / 10 % 10;
  41   1        Seg_Buf[1] = (unsigned char)t % 10;
  42   1        Seg_Buf[2] = (unsigned int)(t * 10) % 10;
  43   1      }
  44          
  45          /* 其他显示函数 */
  46          void Led_Proc()
  47          {
  48   1        
  49   1      }
  50          
  51          /* 定时器0中断初始化函数 */
  52          void Timer0Init(void)   //1毫秒@12.000MHz
  53          {
  54   1        AUXR &= 0x7F;   //定时器时钟12T模式
C51 COMPILER V9.54   MAIN                                                                  12/30/2022 19:47:25 PAGE 2   

  55   1        TMOD &= 0xF0;   //设置定时器模式
  56   1        TL0 = 0x18;   //设置定时初始值
  57   1        TH0 = 0xFC;   //设置定时初始值
  58   1        TF0 = 0;    //清除TF0标志
  59   1        TR0 = 1;    //定时器0开始计时
  60   1        ET0 = 1;    //定时器中断0打开
  61   1        EA = 1;     //总中断打开
  62   1      }
  63          
  64          /* 定时器0中断服务函数 */
  65          void Timer0Server() interrupt 1
  66          {  
  67   1        if(++Key_Slow_Down == 10) Key_Slow_Down = 0;//键盘减速专用
  68   1        if(++Seg_Slow_Down == 500) Seg_Slow_Down = 0;//数码管减速专用
  69   1        if(++Seg_Pos == 8) Seg_Pos = 0;//数码管显示专用
  70   1        Seg_Disp(Seg_Pos,Seg_Buf[Seg_Pos],Seg_Point[Seg_Pos]);
  71   1        Led_Disp(Seg_Pos,ucLed[Seg_Pos]);
  72   1      }
  73          void Delay750ms()   //@12.000MHz
  74          {
  75   1        unsigned char i, j, k;
  76   1        i = 35;
  77   1        j = 51;
  78   1        k = 182;
  79   1        do
  80   1        {
  81   2          do
  82   2          {
  83   3            while (--k);
  84   3          } while (--j);
  85   2        } while (--i);
  86   1      }
  87          
  88          /* Main */
  89          void main()
  90          {
  91   1        read_t();
  92   1        Delay750ms();
  93   1        System_Init();
  94   1        Timer0Init();
  95   1        while (1)
  96   1        {
  97   2          Key_Proc();
  98   2          Seg_Proc();
  99   2          Led_Proc();
 100   2        }
 101   1      }


MODULE INFORMATION:   STATIC OVERLAYABLE
   CODE SIZE        =    302    ----
   CONSTANT SIZE    =   ----    ----
   XDATA SIZE       =   ----    ----
   PDATA SIZE       =   ----    ----
   DATA SIZE        =     36    ----
   IDATA SIZE       =   ----    ----
   BIT SIZE         =   ----    ----
END OF MODULE INFORMATION.


C51 COMPILATION COMPLETE.  0 WARNING(S),  0 ERROR(S)
