C51 COMPILER V9.52.0.0   __________________                                                03/07/2018 11:33:13 PAGE 1   


C51 COMPILER V9.52.0.0, COMPILATION OF MODULE __________________
OBJECT MODULE PLACED IN 定时器实现秒闪功能.OBJ
COMPILER INVOKED BY: C:\Keil_v5\C51\BIN\C51.EXE 定时器实现秒闪功能.c BROWSE DEBUG OBJECTEXTEND TABS(2)

line level    source

   1          #include "reg52.h"
   2          
   3          sbit L1 = P0^0;
   4          sbit L8 = P0^7;
   5          
   6          void SelectHC573()
   7          {
   8   1        P2 = (P2 & 0x1f) | 0x80;
   9   1      }
  10          
  11          //=================================
  12          void InitTimer0()
  13          {
  14   1        TMOD = 0x01;
  15   1        TH0 = (65535 - 50000) / 256;
  16   1        TL0 = (65535 - 50000) % 256;
  17   1        
  18   1        ET0 = 1;
  19   1        EA = 1;
  20   1        TR0 = 1;
  21   1      }
  22          
  23          unsigned char count = 0;
  24          void ServiceTimer0() interrupt 1
  25          {
  26   1        TH0 = (65535 - 50000) / 256;
  27   1        TL0 = (65535 - 50000) % 256;
  28   1        
  29   1        count++;
  30   1        if(count % 10 == 0)
  31   1        {
  32   2          L1 = ~L1;
  33   2        }
  34   1        if(count == 100)
  35   1        {
  36   2          L8 = ~L8;
  37   2          count = 0;
  38   2        }
  39   1      }
  40          //================================
  41          void main()
  42          {
  43   1        SelectHC573();
  44   1        InitTimer0();
  45   1        while(1)
  46   1        { 
  47   2        }
  48   1      }


MODULE INFORMATION:   STATIC OVERLAYABLE
   CODE SIZE        =     76    ----
   CONSTANT SIZE    =   ----    ----
   XDATA SIZE       =   ----    ----
   PDATA SIZE       =   ----    ----
C51 COMPILER V9.52.0.0   __________________                                                03/07/2018 11:33:13 PAGE 2   

   DATA SIZE        =      1    ----
   IDATA SIZE       =   ----    ----
   BIT SIZE         =   ----    ----
END OF MODULE INFORMATION.


C51 COMPILATION COMPLETE.  0 WARNING(S),  0 ERROR(S)
