C51 COMPILER V9.60.7.0   MAIN                                                              03/03/2024 20:19:22 PAGE 1   


C51 COMPILER V9.60.7.0, COMPILATION OF MODULE MAIN
OBJECT MODULE PLACED IN .\Objects\main.obj
COMPILER INVOKED BY: E:\Applications\Keil_5\C51\BIN\C51.EXE main.c OPTIMIZE(8,SPEED) BROWSE INCDIR(..\Driver;..\Sys;..\U
                    -ser) DEBUG OBJECTEXTEND PRINT(.\Listings\main.lst) OBJECT(.\Objects\main.obj)

line level    source

   1          #include "STC15F2K60S2.h"
   2          #include "init.h"
   3          #include "Delay.h"
   4          #include "LED.h"
   5          
   6          
   7          void main()
   8          {
   9   1              unsigned char i=0;
  10   1              init_close();
  11   1              while(1){
  12   2              for(i = 0; i < 3; i++)
  13   2              {
  14   3                      LED(0XFF);
  15   3                      Delay(1000);
  16   3                      LED(0X00);
  17   3                      Delay(1000);
  18   3              }
  19   2              
  20   2              for(i =1;i<=8;i++)
  21   2              {
  22   3                      LED(~(0xFF<<i));
  23   3                      Delay(100);
  24   3              }
  25   2              for(i =1;i<=8;i++)
  26   2              {
  27   3                      LED(0xFF<<i);
  28   3                      Delay(100);
  29   3              }
  30   2              }
  31   1      }


MODULE INFORMATION:   STATIC OVERLAYABLE
   CODE SIZE        =    121    ----
   CONSTANT SIZE    =   ----    ----
   XDATA SIZE       =   ----    ----
   PDATA SIZE       =   ----    ----
   DATA SIZE        =   ----       1
   IDATA SIZE       =   ----    ----
   BIT SIZE         =   ----    ----
END OF MODULE INFORMATION.


C51 COMPILATION COMPLETE.  0 WARNING(S),  0 ERROR(S)
