C51 COMPILER V9.54   SEG                                                                   02/02/2023 20:32:46 PAGE 1   


C51 COMPILER V9.54, COMPILATION OF MODULE SEG
OBJECT MODULE PLACED IN .\Objects\Seg.obj
COMPILER INVOKED BY: D:\Keil5\C51\BIN\C51.EXE ..\Driver\Seg.c OPTIMIZE(8,SPEED) BROWSE INCDIR(..\Driver) DEBUG OBJECTEXT
                    -END PRINT(.\Listings\Seg.lst) TABS(2) OBJECT(.\Objects\Seg.obj)

line level    source

   1          #include <Seg.h>
   2          unsigned char Seg_Wela[]={0x01,0x02,0x04,0x08,0x10,0x20,0x40,0x80};
   3          unsigned char Seg_Dula[]={0xc0,0xf9,0xa4,0xb0,0x99,0x92,0x82,0xf8,0x80,0x90,0xff,0xbf};
   4          void Seg_Disp(unsigned char wela,dula)
   5          {
   6   1        P0=0xff;
   7   1        P2=P2&0x1f|0xe0;
   8   1        P2&=0x1f;
   9   1        P0=Seg_Wela[wela];
  10   1        P2=P2&0x1f|0xc0;
  11   1        P2&=0x1f;
  12   1        P0=Seg_Dula[dula];
  13   1        P2=P2&0x1f|0xe0;
  14   1        P2&=0x1f;
  15   1      }


MODULE INFORMATION:   STATIC OVERLAYABLE
   CODE SIZE        =     51    ----
   CONSTANT SIZE    =   ----    ----
   XDATA SIZE       =   ----    ----
   PDATA SIZE       =   ----    ----
   DATA SIZE        =     20    ----
   IDATA SIZE       =   ----    ----
   BIT SIZE         =   ----    ----
END OF MODULE INFORMATION.


C51 COMPILATION COMPLETE.  0 WARNING(S),  0 ERROR(S)
