C51 COMPILER V9.56.0.0   IIC                                                               06/29/2019 09:19:22 PAGE 1   


C51 COMPILER V9.56.0.0, COMPILATION OF MODULE IIC
OBJECT MODULE PLACED IN .\Objects\iic.obj
COMPILER INVOKED BY: C:\Keil_C51\C51\BIN\C51.EXE ..\Driver\iic.c OPTIMIZE(8,SPEED) BROWSE INCDIR(..\Driver) DEFINE(T0_CO
                    -UNT,EEPROM_AT24C02,PCF8591_ADC) DEBUG OBJECTEXTEND PRINT(.\Listings\iic.lst) TABS(2) OBJECT(.\Objects\iic.obj)

line level    source

   1          /*
   2            程序说明: IIC总线驱动程序
   3            软件环境: Keil uVision 4.10 
   4            硬件环境: CT107单片机综合实训平台 8051，12MHz
   5            日    期: 2011-8-9
   6          */
   7          
   8          #include "reg52.h"
   9          #include "intrins.h"
  10          
  11          #define DELAY_TIME 5
  12          
  13          #define SlaveAddrW 0xA0
  14          #define SlaveAddrR 0xA1
  15          
  16          //总线引脚定义
  17          sbit SDA = P2^1;  /* 数据线 */
  18          sbit SCL = P2^0;  /* 时钟线 */
  19          
  20          void IIC_Delay(unsigned char i)
  21          {
  22   1          do{_nop_();}
  23   1          while(i--);        
  24   1      }
  25          //总线启动条件
  26          void IIC_Start(void)
  27          {
  28   1        SDA = 1;
  29   1        SCL = 1;
  30   1          IIC_Delay(DELAY_TIME);
  31   1        SDA = 0;
  32   1          IIC_Delay(DELAY_TIME);
  33   1      }
  34          
  35          //总线停止条件
  36          void IIC_Stop(void)
  37          {
  38   1        SDA = 0;
  39   1        SCL = 1;
  40   1          IIC_Delay(DELAY_TIME);
  41   1        SDA = 1;
  42   1          IIC_Delay(DELAY_TIME);
  43   1      }
  44          
  45          //应答位控制
  46          void IIC_SendAck(bit ackbit)
  47          {
  48   1          SCL = 0;
  49   1          SDA = ackbit;           // 0：应答，1：非应答
  50   1          IIC_Delay(DELAY_TIME);
  51   1          SCL = 1;
  52   1          IIC_Delay(DELAY_TIME);
  53   1          SCL = 0; 
  54   1          SDA = 1;
C51 COMPILER V9.56.0.0   IIC                                                               06/29/2019 09:19:22 PAGE 2   

  55   1          IIC_Delay(DELAY_TIME);
  56   1      }
  57          
  58          //等待应答
  59          bit IIC_WaitAck(void)
  60          {
  61   1        bit ackbit;
  62   1        
  63   1          SCL  = 1;
  64   1          IIC_Delay(DELAY_TIME);
  65   1          ackbit = SDA;
  66   1          SCL = 0;
  67   1          IIC_Delay(DELAY_TIME);
  68   1          return ackbit;
  69   1      }
  70          
  71          //通过I2C总线发送数据
  72          void IIC_SendByte(unsigned char byt)
  73          {
  74   1          unsigned char i;
  75   1      
  76   1      for(i=0; i<8; i++)
  77   1      {
  78   2              SCL  = 0;
  79   2              IIC_Delay(DELAY_TIME);
  80   2              if(byt & 0x80) SDA  = 1;
  81   2              else SDA  = 0;
  82   2              IIC_Delay(DELAY_TIME);
  83   2              SCL = 1;
  84   2              byt <<= 1;
  85   2              IIC_Delay(DELAY_TIME);
  86   2          }
  87   1          SCL  = 0;  
  88   1      }
  89          
  90          //从I2C总线上接收数据
  91          unsigned char IIC_RecByte(void)
  92          {
  93   1        unsigned char i, da;
  94   1        for(i=0; i<8; i++)
  95   1      {   
  96   2          SCL = 1;
  97   2          IIC_Delay(DELAY_TIME);
  98   2          da <<= 1;
  99   2          if(SDA) da |= 1;
 100   2          SCL = 0;
 101   2          IIC_Delay(DELAY_TIME);
 102   2        }
 103   1        return da;    
 104   1      }
 105          
 106          #ifdef PCF8591_ADC  /**  ADC芯片PCF8591操作函数  */
 107          // 通过I2C总线读取ADC结果
 108          unsigned char PCF8591_Adc(void)
 109          {
 110   1        unsigned char temp;
 111   1      
 112   1        IIC_Start();
 113   1        IIC_SendByte(0x90);
 114   1        IIC_WaitAck();
 115   1      
 116   1        IIC_SendByte(0x43);         // 允许DAC，ADC通道3
C51 COMPILER V9.56.0.0   IIC                                                               06/29/2019 09:19:22 PAGE 3   

 117   1        IIC_WaitAck();
 118   1      
 119   1        IIC_Start();
 120   1        IIC_SendByte(0x91);
 121   1        IIC_WaitAck();
 122   1      
 123   1        temp = IIC_RecByte();
 124   1        IIC_SendAck(1);
 125   1        IIC_Stop();
 126   1        return temp;
 127   1      }
 128          #endif
 129          #ifdef PCF8591_DAC
              // DAC输出
              void PCF8591_Dac(unsigned char dat)
              {
                IIC_Start();
                IIC_SendByte(0x90);
                IIC_WaitAck();
              
                IIC_SendByte(0x43);       // 允许DAC，ADC通道3
                IIC_WaitAck();
              
                IIC_SendByte(dat);          // dat-输出数模转换的数据
                IIC_WaitAck();
                IIC_Stop();
              }
              #endif
 145          
 146          #ifdef EEPROM_AT24C02 /** EEPROM AT24C02操作函数 */
 147          
 148          /**
 149          * @brief 从AT24C02(add)中读出数据da
 150          *
 151          * @param[in] add - AT24C02存储地址
 152          * @param[out] da - 从AT24C02相应地址中读取到的数据
 153          * @return - da
 154          */
 155          void EEPROM_Read(unsigned char* pucBuf, unsigned char addr, unsigned char num)
 156          {
 157   1          IIC_Start();
 158   1          IIC_SendByte(0xa0);
 159   1          IIC_WaitAck();
 160   1      
 161   1          IIC_SendByte(addr);
 162   1          IIC_WaitAck();
 163   1      
 164   1          IIC_Start();
 165   1          IIC_SendByte(0xa1);
 166   1          IIC_WaitAck();
 167   1      
 168   1          while(num--)
 169   1          {
 170   2              *pucBuf++ = IIC_RecByte();
 171   2              if(num) IIC_SendAck(0);
 172   2              else IIC_SendAck(1);
 173   2          }
 174   1          IIC_Stop();
 175   1      }
 176          /**
 177          * @brief 向AT24C02(add)中写入数据val
 178          *
C51 COMPILER V9.56.0.0   IIC                                                               06/29/2019 09:19:22 PAGE 4   

 179          * @param[in] add - AT24C02存储地址
 180          * @param[in] val - 待写入AT24C02相应地址的数据
 181          * @return - none
 182          */
 183          void EEPROM_Write(unsigned char* pucBuf, unsigned char addr, unsigned char num)
 184          {
 185   1          IIC_Start();
 186   1          IIC_SendByte(0xa0);
 187   1          IIC_WaitAck();
 188   1      
 189   1          IIC_SendByte(addr);
 190   1          IIC_WaitAck();
 191   1      
 192   1          while(num--)
 193   1          {
 194   2              IIC_SendByte(*pucBuf++); 
 195   2              IIC_WaitAck();
 196   2              IIC_Delay(200);
 197   2      }
 198   1          IIC_Stop();
 199   1      }
 200          #endif


MODULE INFORMATION:   STATIC OVERLAYABLE
   CODE SIZE        =    337    ----
   CONSTANT SIZE    =   ----    ----
   XDATA SIZE       =   ----    ----
   PDATA SIZE       =   ----    ----
   DATA SIZE        =   ----      10
   IDATA SIZE       =   ----    ----
   BIT SIZE         =   ----       2
END OF MODULE INFORMATION.


C51 COMPILATION COMPLETE.  0 WARNING(S),  0 ERROR(S)
