C51 COMPILER V9.56.0.0   MAIN                                                              02/05/2021 13:42:36 PAGE 1   


C51 COMPILER V9.56.0.0, COMPILATION OF MODULE MAIN
OBJECT MODULE PLACED IN .\Objects\main.obj
COMPILER INVOKED BY: D:\10.1 keil51\C51\BIN\C51.EXE main.c OPTIMIZE(8,SPEED) BROWSE DEBUG OBJECTEXTEND PRINT(.\Listings\
                    -main.lst) TABS(2) OBJECT(.\Objects\main.obj)

line level    source

   1          // 使用程序前，将J13调整为IO模式（2-3脚短接）
   2          #include "reg52.h"
   3          // #include "absacc.h"
   4          // 关闭外设
   5          void Cls_Peripheral(void)
   6          { // IO模式（J13-2和J13-3相连）
   7   1        P0 = 0xFF;
   8   1        P2 = P2 & 0x1F | 0x80;      // P27~P25清零，再定位Y4C
   9   1        P2 &= 0x1F;           // P27~P25清零
  10   1        P0 = 0;
  11   1        P2 = P2 & 0x1F | 0xA0;      // P27~P25清零，再定位Y5C
  12   1        P2 &= 0x1F;           // P27~P25清零
  13   1      //XBYTE[0x8000] = 0xFF;       // MM模式（J13-2和J13-1相连）
  14   1      //XBYTE[0xA000] = 0;
  15   1      }
  16          // LED显示
  17          void Led_Disp(unsigned char ucLed)
  18          { // IO模式（J13-2和J13-3相连）
  19   1        P0 = ~ucLed;
  20   1        P2 = P2 & 0x1F | 0x80;      // P27~P25清零，再定位Y4C
  21   1        P2 &= 0x1F;           // P27~P25清零
  22   1      //XBYTE[0x8000] = ~ucLed;     // MM模式（J13-2和J13-1相连）
  23   1      }
  24          // 延时函数（最小约1ms@12MHz）
  25          void Delay(unsigned int num)
  26          {
  27   1        unsigned int i;
  28   1        while(num--)
  29   1          for(i=0; i<628; i++);
  30   1      }
  31          // 主函数
  32          void main(void)
  33          {
  34   1        unsigned char i, j;
  35   1      
  36   1        Cls_Peripheral();
  37   1      
  38   1        while(1)
  39   1        { // 4个亮度等级
  40   2          for(i=0; i<4; i++)
  41   2            for(j=0; j<100; j++)
  42   2            {
  43   3              Led_Disp(0xff);
  44   3              Delay(i+1);
  45   3              Led_Disp(0);
  46   3              Delay(4-i);
  47   3            }
  48   2        }
  49   1      }


MODULE INFORMATION:   STATIC OVERLAYABLE
   CODE SIZE        =    126    ----
   CONSTANT SIZE    =   ----    ----
C51 COMPILER V9.56.0.0   MAIN                                                              02/05/2021 13:42:36 PAGE 2   

   XDATA SIZE       =   ----    ----
   PDATA SIZE       =   ----    ----
   DATA SIZE        =   ----    ----
   IDATA SIZE       =   ----    ----
   BIT SIZE         =   ----    ----
END OF MODULE INFORMATION.


C51 COMPILATION COMPLETE.  0 WARNING(S),  0 ERROR(S)
