C51 COMPILER V9.52.0.0   EX4                                                               01/22/2016 00:55:30 PAGE 1   


C51 COMPILER V9.52.0.0, COMPILATION OF MODULE EX4
OBJECT MODULE PLACED IN ex4.OBJ
COMPILER INVOKED BY: D:\3\keil6\C51\BIN\C51.EXE ex4.c BROWSE DEBUG OBJECTEXTEND TABS(2)

line level    source

   1          /*******************************************************************************  
   2          * 文件名称：按键控制实验
   3          * 实验目的：1.掌握单片机IO口操作的基本方法
   4          *           2.掌握C51关键字"sbit"的用法
   5          *           2.掌握单片机常见外围驱动电路的设计方法 
   6          * 程序说明：使用程序前，将跳线J2调整为BTN模式
   7          * 硬件环境：IAP15F2K61S2@11.0592MHz
   8          * 日期版本：2012-9-3/V1.0a 
   9          *******************************************************************************/
  10          
  11          #include "reg52.h"  //定义51单片机特殊功能寄存器
  12          
  13          /** 独立按键接口 */
  14          sbit S7  = P3^0;
  15          sbit S6  = P3^1;
  16          sbit S5  = P3^2;
  17          sbit S4  = P3^3;
  18          sbit K=P3^7;
  19          sbit buzz  = P0^6;
  20          
  21          //
  22          void cls_buzz(void)
  23          {
  24   1        P2 = (P2&0x1F|0xA0);
  25   1        P0 = 0x00;
  26   1        P2 &= 0x1F;
  27   1      }
  28          
  29          //主函数
  30          void main(void)
  31          {    
  32   1        cls_buzz();
  33   1        K=0;
  34   1          while(1)
  35   1          {
  36   2              if(S7 == 0)
  37   2              {
  38   3                  P2 = ((P2&0x1f)|0x80);
  39   3            P0 = 0xff;  //关闭所有LED
  40   3            P2 &= 0x1f;
  41   3              }
  42   2              if(S6 == 0)
  43   2              {
  44   3                  P2 = ((P2&0x1f)|0x80);
  45   3                  P0 = 0x00;  //打开所有LED
  46   3            P2 &= 0x1f;
  47   3              }
  48   2              if(S5 == 0)
  49   2              {
  50   3                  P2 = ((P2&0x1f)|0xa0);
  51   3            P0 = 0x00;
  52   3            buzz = 1; //打开蜂鸣器
  53   3            P2 &= 0x1f;
  54   3              }
  55   2              if(S4 == 0)
C51 COMPILER V9.52.0.0   EX4                                                               01/22/2016 00:55:30 PAGE 2   

  56   2              {
  57   3                  P2 = ((P2&0x1f)|0xa0);
  58   3            P0 = 0x00;
  59   3            buzz = 0; //关闭蜂鸣器
  60   3            P2 &= 0x1f;
  61   3              }
  62   2      
  63   2          }
  64   1      }


MODULE INFORMATION:   STATIC OVERLAYABLE
   CODE SIZE        =     94    ----
   CONSTANT SIZE    =   ----    ----
   XDATA SIZE       =   ----    ----
   PDATA SIZE       =   ----    ----
   DATA SIZE        =   ----    ----
   IDATA SIZE       =   ----    ----
   BIT SIZE         =   ----    ----
END OF MODULE INFORMATION.


C51 COMPILATION COMPLETE.  0 WARNING(S),  0 ERROR(S)
