C51 COMPILER V9.60.7.0   IIC                                                               03/23/2024 18:18:44 PAGE 1   


C51 COMPILER V9.60.7.0, COMPILATION OF MODULE IIC
OBJECT MODULE PLACED IN .\Objects\iic.obj
COMPILER INVOKED BY: E:\Applications\Keil_5\C51\BIN\C51.EXE ..\Driver\iic.c OPTIMIZE(8,SPEED) BROWSE INCDIR(..\Driver) D
                    -EBUG OBJECTEXTEND PRINT(.\Listings\iic.lst) OBJECT(.\Objects\iic.obj)

line level    source

   1          /*
   2            程序说明: IIC总线驱动程序
   3            软件环境: Keil uVision 4.10 
   4            硬件环境: CT107单片机综合实训平台 8051，12MHz
   5            日    期: 2011-8-9
   6          */
   7          
   8          #include "iic.h"
   9          
  10          
  11          #include "intrins.h"
  12          
  13          #define DELAY_TIME 5
  14          
  15          #define Photo_Res_Channel 0x41
  16          #define Adj_Res_Channel 0x43
  17          
  18          
  19          //总线引脚定义
  20          sbit SDA = P2^1;  /* 数据线 */
  21          sbit SCL = P2^0;  /* 时钟线 */
  22          
  23          void IIC_Delay(unsigned char i)
  24          {
  25   1          do{_nop_();}
  26   1          while(i--);        
  27   1      }
  28          
  29          //总线启动条件
  30          void IIC_Start(void)
  31          {
  32   1          SDA = 1;
  33   1          SCL = 1;
  34   1          IIC_Delay(DELAY_TIME);
  35   1          SDA = 0;
  36   1          IIC_Delay(DELAY_TIME);
  37   1          SCL = 0;    
  38   1      }
  39          
  40          //总线停止条件
  41          void IIC_Stop(void)
  42          {
  43   1          SDA = 0;
  44   1          SCL = 1;
  45   1          IIC_Delay(DELAY_TIME);
  46   1          SDA = 1;
  47   1          IIC_Delay(DELAY_TIME);
  48   1      }
  49          
  50          //发送应答
  51          void IIC_SendAck(bit ackbit)
  52          {
  53   1          SCL = 0;
  54   1          SDA = ackbit;                                       // 0：应答，1：非应答
C51 COMPILER V9.60.7.0   IIC                                                               03/23/2024 18:18:44 PAGE 2   

  55   1          IIC_Delay(DELAY_TIME);
  56   1          SCL = 1;
  57   1          IIC_Delay(DELAY_TIME);
  58   1          SCL = 0; 
  59   1          SDA = 1;
  60   1          IIC_Delay(DELAY_TIME);
  61   1      }
  62          
  63          //等待应答
  64          bit IIC_WaitAck(void)
  65          {
  66   1          bit ackbit;
  67   1              
  68   1          SCL  = 1;
  69   1          IIC_Delay(DELAY_TIME);
  70   1          ackbit = SDA;
  71   1          SCL = 0;
  72   1          IIC_Delay(DELAY_TIME);
  73   1          return ackbit;
  74   1      }
  75          
  76          //通过I2C总线发送数据
  77          void IIC_SendByte(unsigned char byt)
  78          {
  79   1          unsigned char i;
  80   1      
  81   1          for(i=0; i<8; i++)
  82   1          {
  83   2              SCL  = 0;
  84   2              IIC_Delay(DELAY_TIME);
  85   2              if(byt & 0x80) SDA  = 1;
  86   2              else SDA  = 0;
  87   2              IIC_Delay(DELAY_TIME);
  88   2              SCL = 1;
  89   2              byt <<= 1;
  90   2              IIC_Delay(DELAY_TIME);
  91   2          }
  92   1          SCL  = 0;  
  93   1      }
  94          
  95          //从I2C总线上接收数据
  96          unsigned char IIC_RecByte(void)
  97          {
  98   1          unsigned char i, da;
  99   1          for(i=0; i<8; i++)
 100   1          {   
 101   2              SCL = 1;
 102   2              IIC_Delay(DELAY_TIME);
 103   2              da <<= 1;
 104   2              if(SDA) da |= 1;
 105   2              SCL = 0;
 106   2              IIC_Delay(DELAY_TIME);
 107   2          }
 108   1          return da;    
 109   1      }
 110          
 111          /*----------------------------*/
 112          void Da_Write(unsigned char dat)
 113          {
 114   1              IIC_Start();
 115   1              IIC_SendByte(0x90);//D6=1开，选择PCF，确认写
 116   1              IIC_WaitAck();//等待PCF8591反馈
C51 COMPILER V9.60.7.0   IIC                                                               03/23/2024 18:18:44 PAGE 3   

 117   1              
 118   1              IIC_SendByte(0x41);//使能DA转换（随便写通道编号，不影响，主要的功能是使能DA）
 119   1              IIC_WaitAck();//等待PCF8591反馈 
 120   1              
 121   1              IIC_SendByte(dat);//将待转换的数据发送出去
 122   1              IIC_WaitAck();//等待PCF8591反馈 
 123   1              IIC_Stop();//停止发送   
 124   1      }
 125          
 126          
 127          


MODULE INFORMATION:   STATIC OVERLAYABLE
   CODE SIZE        =    181    ----
   CONSTANT SIZE    =   ----    ----
   XDATA SIZE       =   ----    ----
   PDATA SIZE       =   ----    ----
   DATA SIZE        =   ----    ----
   IDATA SIZE       =   ----    ----
   BIT SIZE         =   ----       2
END OF MODULE INFORMATION.


C51 COMPILATION COMPLETE.  0 WARNING(S),  0 ERROR(S)
