C51 COMPILER V9.60.7.0   MAIN                                                              03/23/2024 18:18:44 PAGE 1   


C51 COMPILER V9.60.7.0, COMPILATION OF MODULE MAIN
OBJECT MODULE PLACED IN .\Objects\main.obj
COMPILER INVOKED BY: E:\Applications\Keil_5\C51\BIN\C51.EXE main.c OPTIMIZE(8,SPEED) BROWSE INCDIR(..\Driver) DEBUG OBJE
                    -CTEXTEND PRINT(.\Listings\main.lst) OBJECT(.\Objects\main.obj)

line level    source

   1          /* 头文件声明区 */
   2          #include <STC15F2K60S2.H>//单片机寄存器专用头文件
   3          #include <Init.h>//初始化底层驱动专用头文件
   4          #include <Led.h>//Led底层驱动专用头文件
   5          #include <Key.h>//按键底层驱动专用头文件
   6          #include <Seg.h>//数码管底层驱动专用头文件
   7          #include <stdio.h>//标准库底层驱动专用头文件
   8          #include <onewire.h>
   9          #include <iic.h>
  10          
  11          /* 变量声明区 */
  12          unsigned char Key_Val,Key_Down,Key_Old,Key_Up;//按键专用变量
  13          unsigned char Key_Slow_Down;//按键减速专用变量
  14          unsigned char Seg_Buf[8] = {10,10,10,10,10,10,10,10};//数码管显示数据存放数组
  15          unsigned char Seg_Point[8] = {0,0,0,0,0,0,0,0};//数码管小数点数据存放数组
  16          unsigned char Seg_Pos;//数码管扫描专用变量
  17          unsigned int Seg_Slow_Down;//数码管减速专用变量
  18          unsigned char ucLed[8] = {0,0,0,0,0,0,0,0};//Led显示数据存放数组
  19          unsigned char Seg_Disp_Mode;//显示模式参数 0-温度显示 1-参数设置 2-DAC输出
  20          float temperature;
  21          unsigned char temp_disp=25;//暂存显示
  22          unsigned char temp_ctrl=25;//暂存控制
  23          float Voltage_Output;//输出电压
  24          bit Output_Mode;//电压输出模式切换
  25          /* 键盘处理函数 */
  26          void Key_Proc()
  27          {
  28   1              if(Key_Slow_Down) return;
  29   1              Key_Slow_Down = 1;//键盘减速程序
  30   1      
  31   1              Key_Val = Key_Read();//实时读取键码值
  32   1              Key_Down = Key_Val & (Key_Old ^ Key_Val);//捕捉按键下降沿
  33   1              Key_Up = ~Key_Val & (Key_Old ^ Key_Val);//捕捉按键上降沿
  34   1              Key_Old = Key_Val;//辅助扫描变量
  35   1              switch(Key_Down)
  36   1              {
  37   2                      case 4:
  38   2                              if(++Seg_Disp_Mode==3) Seg_Disp_Mode=0;
  39   2                              if(Seg_Disp_Mode==1) temp_disp=temp_ctrl;//初始显示
  40   2                              if(Seg_Disp_Mode==2) temp_ctrl=temp_disp;//保存显示
  41   2                      break;
  42   2                      case 8:
  43   2                              if(Seg_Disp_Mode==1){
  44   3                              if(--temp_disp==255) temp_disp=0;
  45   3                              }
  46   2                      break;
  47   2                      case 9:
  48   2                              if(Seg_Disp_Mode==1){
  49   3                              if(++temp_disp==100) temp_disp=99;
  50   3                              }
  51   2                      break;
  52   2                      case 5:
  53   2                              Output_Mode ^=1;
  54   2                      break;          
C51 COMPILER V9.60.7.0   MAIN                                                              03/23/2024 18:18:44 PAGE 2   

  55   2              }
  56   1      }
  57          
  58          /* 信息处理函数 */
  59          void Seg_Proc()
  60          {
  61   1              if(Seg_Slow_Down) return;
  62   1              Seg_Slow_Down = 1;//数码管减速程序
  63   1              temperature=rd_temperature();
  64   1              switch(Seg_Disp_Mode)
  65   1              {
  66   2                      case 0://温度
  67   2                              Seg_Buf[0]=12;//C
  68   2                              Seg_Buf[4]=(unsigned char)temperature /10 %10;
  69   2                              Seg_Buf[5]=(unsigned char)temperature %10;
  70   2                              Seg_Buf[6]=(unsigned int)(temperature*100) /10%10;
  71   2                              Seg_Buf[7]=(unsigned int)(temperature*100) %10;
  72   2                              Seg_Point[5]=1;
  73   2                      break;
  74   2                      case 1://设置
  75   2                              Seg_Buf[0]=13;//P
  76   2                              Seg_Buf[4]=10;
  77   2                              Seg_Buf[5]=10;
  78   2                              Seg_Point[5]=0;
  79   2                              Seg_Buf[6]=temp_disp /10%10;
  80   2                              Seg_Buf[7]=temp_disp %10;
  81   2                              
  82   2                      break;
  83   2                      case 2://DAC
  84   2                              Seg_Buf[0]=11;//A
  85   2                              Seg_Buf[5]=(unsigned char)Voltage_Output %10;
  86   2                              Seg_Buf[6]=(unsigned int)(Voltage_Output*100) /10%10;
  87   2                              Seg_Buf[7]=(unsigned int)(Voltage_Output*100) %10;
  88   2                              Seg_Point[5]=1;
  89   2                      break;
  90   2              }
  91   1      }
  92          
  93          /* 其他显示函数 */
  94          void Led_Proc()
  95          {       unsigned char i;
  96   1              /*--DAC--*/
  97   1              if(Output_Mode==0)
  98   1              {
  99   2                      if(temperature<temp_ctrl)
 100   2                      {
 101   3                              Voltage_Output=0;
 102   3                      }
 103   2                      else{
 104   3                              Voltage_Output=5;
 105   3                      }
 106   2              }
 107   1              if(Output_Mode==1)
 108   1              {
 109   2                      if(temperature<20)
 110   2                      {
 111   3                              Voltage_Output=1;
 112   3                      }else if(temperature>40)
 113   2                      {
 114   3                              Voltage_Output=4;
 115   3                      }
 116   2                      else
C51 COMPILER V9.60.7.0   MAIN                                                              03/23/2024 18:18:44 PAGE 3   

 117   2                      {
 118   3                              Voltage_Output=temperature*0.15-2;
 119   3                      }
 120   2              }
 121   1              Da_Write(Voltage_Output*51);
 122   1              
 123   1              /*--Led--*/
 124   1              ucLed[0]=!Output_Mode;
 125   1              for(i=0;i<3;i++)
 126   1              {
 127   2                      ucLed[i+1]=(i==Seg_Disp_Mode);
 128   2              }
 129   1              
 130   1      }
 131          
 132          
 133          /* 定时器0中断初始化函数 */
 134          void Timer0Init(void)           //1毫秒@12.000MHz
 135          {
 136   1              AUXR &= 0x7F;           //定时器时钟12T模式
 137   1              TMOD &= 0xF0;           //设置定时器模式
 138   1              TL0 = 0x18;             //设置定时初始值
 139   1              TH0 = 0xFC;             //设置定时初始值
 140   1              TF0 = 0;                //清除TF0标志
 141   1              TR0 = 1;                //定时器0开始计时
 142   1              ET0 = 1;    //定时器中断0打开
 143   1              EA = 1;     //总中断打开
 144   1      }
 145          
 146          /* 定时器0中断服务函数 */
 147          void Timer0Server() interrupt 1
 148          {  
 149   1              if(++Key_Slow_Down == 10) Key_Slow_Down = 0;//键盘减速专用
 150   1              if(++Seg_Slow_Down == 500) Seg_Slow_Down = 0;//数码管减速专用
 151   1              if(++Seg_Pos == 8) Seg_Pos = 0;//数码管显示专用
 152   1              Seg_Disp(Seg_Pos,Seg_Buf[Seg_Pos],Seg_Point[Seg_Pos]);
 153   1              Led_Disp(Seg_Pos,ucLed[Seg_Pos]);
 154   1      }
 155          
 156          void Delay750ms(void)   //@12.000MHz
 157          {
 158   1              unsigned char data i, j, k;
 159   1      
 160   1              i = 35;
 161   1              j = 51;
 162   1              k = 182;
 163   1              do
 164   1              {
 165   2                      do
 166   2                      {
 167   3                              while (--k);
 168   3                      } while (--j);
 169   2              } while (--i);
 170   1      }
 171          
 172          /* Main */
 173          void main()
 174          {       rd_temperature();
 175   1              Delay750ms();
 176   1              System_Init();
 177   1              Timer0Init();
 178   1              
C51 COMPILER V9.60.7.0   MAIN                                                              03/23/2024 18:18:44 PAGE 4   

 179   1              while (1)
 180   1              {
 181   2                      Key_Proc();
 182   2                      Seg_Proc();
 183   2                      Led_Proc();
 184   2                      
 185   2              }
 186   1      }


MODULE INFORMATION:   STATIC OVERLAYABLE
   CODE SIZE        =    721    ----
   CONSTANT SIZE    =   ----    ----
   XDATA SIZE       =   ----    ----
   PDATA SIZE       =   ----    ----
   DATA SIZE        =     43    ----
   IDATA SIZE       =   ----    ----
   BIT SIZE         =      1    ----
END OF MODULE INFORMATION.


C51 COMPILATION COMPLETE.  0 WARNING(S),  0 ERROR(S)
