C51 COMPILER V9.60.7.0   ONEWIRE                                                           03/23/2024 18:18:44 PAGE 1   


C51 COMPILER V9.60.7.0, COMPILATION OF MODULE ONEWIRE
OBJECT MODULE PLACED IN .\Objects\onewire.obj
COMPILER INVOKED BY: E:\Applications\Keil_5\C51\BIN\C51.EXE ..\Driver\onewire.c OPTIMIZE(8,SPEED) BROWSE INCDIR(..\Drive
                    -r) DEBUG OBJECTEXTEND PRINT(.\Listings\onewire.lst) OBJECT(.\Objects\onewire.obj)

line level    source

   1          #include "onewire.h"
   2          #include <STC15F2K60S2.H>
   3          sbit DQ = P1^4;  
   4          //单总线内部延时函数
   5          void Delay_OneWire(unsigned int t)  
   6          {       t*=12;
   7   1              while(t--);
   8   1      }
   9          
  10          //单总线写操作
  11          void Write_DS18B20(unsigned char dat)
  12          {
  13   1              unsigned char i;
  14   1              for(i=0;i<8;i++)
  15   1              {
  16   2                      DQ = 0;
  17   2                      DQ = dat&0x01;
  18   2                      Delay_OneWire(5);
  19   2                      DQ = 1;
  20   2                      dat >>= 1;
  21   2              }
  22   1              Delay_OneWire(5);
  23   1      }
  24          
  25          //单总线读操作
  26          unsigned char Read_DS18B20(void)
  27          {
  28   1              unsigned char i;
  29   1              unsigned char dat;
  30   1        
  31   1              for(i=0;i<8;i++)
  32   1              {
  33   2                      DQ = 0;
  34   2                      dat >>= 1;
  35   2                      DQ = 1;
  36   2                      if(DQ)
  37   2                      {
  38   3                              dat |= 0x80;
  39   3                      }           
  40   2                      Delay_OneWire(5);
  41   2              }
  42   1              return dat;
  43   1      }
  44          
  45          //DS18B20初始化
  46          bit init_ds18b20(void)
  47          {
  48   1              bit initflag = 0;
  49   1              
  50   1              DQ = 1;
  51   1              Delay_OneWire(12);
  52   1              DQ = 0;
  53   1              Delay_OneWire(80);
  54   1              DQ = 1;
C51 COMPILER V9.60.7.0   ONEWIRE                                                           03/23/2024 18:18:44 PAGE 2   

  55   1              Delay_OneWire(10); 
  56   1          initflag = DQ;     
  57   1              Delay_OneWire(5);
  58   1        
  59   1              return initflag;
  60   1      }
  61          /*---------------------*/
  62          float rd_temperature(void)
  63          {
  64   1              unsigned char high,low;
  65   1              init_ds18b20();
  66   1              Write_DS18B20(0xcc);
  67   1              Write_DS18B20(0x44);
  68   1              init_ds18b20();
  69   1              Write_DS18B20(0xcc);
  70   1              Write_DS18B20(0xbe);
  71   1              low =Read_DS18B20();
  72   1              high = Read_DS18B20();//读高位
  73   1              return ((high<<8)|low)/16.0;//0.0625的精度
  74   1      }


MODULE INFORMATION:   STATIC OVERLAYABLE
   CODE SIZE        =    169    ----
   CONSTANT SIZE    =   ----    ----
   XDATA SIZE       =   ----    ----
   PDATA SIZE       =   ----    ----
   DATA SIZE        =   ----    ----
   IDATA SIZE       =   ----    ----
   BIT SIZE         =   ----       1
END OF MODULE INFORMATION.


C51 COMPILATION COMPLETE.  0 WARNING(S),  0 ERROR(S)
