C51 COMPILER V9.54   DS1302                                                                12/21/2017 19:40:21 PAGE 1   


C51 COMPILER V9.54, COMPILATION OF MODULE DS1302
OBJECT MODULE PLACED IN .\Objects\ds1302.obj
COMPILER INVOKED BY: C:\keil   55\C51\BIN\C51.EXE ds1302.c OPTIMIZE(8,SPEED) BROWSE DEBUG OBJECTEXTEND PRINT(.\Listings\
                    -ds1302.lst) TABS(2) OBJECT(.\Objects\ds1302.obj)

line level    source

   1          #include "ds1302.h"
   2          
   3          unsigned char shijian[8];
   4          unsigned char ds[7]={30,30,8,10,11,2,20};
   5          /********************************************************************/ 
   6          /*单字节写入一字节数据*/
   7          void Write_Ds1302_Byte(unsigned char dat) 
   8          {
   9   1        unsigned char i;
  10   1        SCK = 0;
  11   1        for (i=0;i<8;i++) 
  12   1        { 
  13   2          if (dat & 0x01)   // 等价于if((addr & 0x01) ==1) 
  14   2          {
  15   3            SDA_SET;    //#define SDA_SET SDA=1 /*电平置高*/
  16   3          }
  17   2          else 
  18   2          {
  19   3            SDA_CLR;    //#define SDA_CLR SDA=0 /*电平置低*/
  20   3          }    
  21   2          SCK_SET;
  22   2          SCK_CLR;    
  23   2          dat = dat >> 1; 
  24   2        } 
  25   1      }
  26          /********************************************************************/ 
  27          /*单字节读出一字节数据*/
  28          unsigned char Read_Ds1302_Byte(void) 
  29          {
  30   1        unsigned char i, dat=0; 
  31   1        for (i=0;i<8;i++)
  32   1        { 
  33   2          dat = dat >> 1;
  34   2          if (SDA_R)    //等价于if(SDA_R==1)    #define SDA_R SDA /*电平读取*/  
  35   2          {
  36   3            dat |= 0x80;
  37   3          }
  38   2          else 
  39   2          {
  40   3            dat &= 0x7F;
  41   3          }
  42   2          SCK_SET;
  43   2          SCK_CLR;
  44   2        }
  45   1        return dat;
  46   1      }
  47          
  48          /********************************************************************/ 
  49          /*向DS1302 单字节写入一字节数据*/
  50          void Ds1302_Single_Byte_Write(unsigned char addr, unsigned char dat)
  51          { 
  52   1        unsigned char num;
  53   1        RST_CLR;      /*RST脚置低，实现DS1302的初始化*/
  54   1        SCK_CLR;      /*SCK脚置低，实现DS1302的初始化*/
C51 COMPILER V9.54   DS1302                                                                12/21/2017 19:40:21 PAGE 2   

  55   1      
  56   1        RST_SET;      /*启动DS1302总线,RST=1电平置高 */
  57   1        addr = addr & 0xFE;  
  58   1        Write_Ds1302_Byte(addr); /*写入目标地址：addr,保证是写操作,写之前将最低位置零*/ 
  59   1        num=(dat/10<<4)|(dat%10);
  60   1        Write_Ds1302_Byte(num);  /*写入数据：dat*/
  61   1        RST_CLR;         /*停止DS1302总线*/
  62   1        SDA_CLR;
  63   1      }
  64          
  65          /********************************************************************/ 
  66          /*从DS1302单字节读出一字节数据*/
  67          unsigned char Ds1302_Single_Byte_Read(unsigned char addr) 
  68          { 
  69   1        unsigned char temp,dat1,dat2;
  70   1        RST_CLR;      /*RST脚置低，实现DS1302的初始化*/
  71   1        SCK_CLR;      /*SCK脚置低，实现DS1302的初始化*/
  72   1      
  73   1        RST_SET;  /*启动DS1302总线,RST=1电平置高 */ 
  74   1        addr = addr | 0x01;  
  75   1        Write_Ds1302_Byte(addr); /*写入目标地址：addr,保证是读操作,写之前将最低位置高*/
  76   1        temp=Read_Ds1302_Byte(); /*从DS1302中读出一个字节的数据*/   
  77   1        dat1=temp/16;
  78   1        dat2=temp%16;
  79   1        temp=dat1*10+dat2;
  80   1        RST_CLR;  /*停止DS1302总线*/
  81   1        SDA_CLR;
  82   1        return temp;
  83   1      }
  84          
  85          void ds_write()
  86          {
  87   1        unsigned char i;
  88   1        unsigned char add=0x80;
  89   1        Ds1302_Single_Byte_Write(0x8e,0x00);
  90   1        for(i=0;i<7;i++)
  91   1        {
  92   2          Ds1302_Single_Byte_Write(add,ds[i]);
  93   2          add=add+2;
  94   2        }
  95   1        Ds1302_Single_Byte_Write(0x8e,0x80);
  96   1      }
  97          
  98          void ds_read()
  99          {
 100   1        unsigned char i;
 101   1        unsigned char add=0x81;
 102   1        Ds1302_Single_Byte_Write(0x8e,0x00);
 103   1        for(i=0;i<7;i++)
 104   1        {
 105   2          shijian[i]=Ds1302_Single_Byte_Read(add);
 106   2          add=add+2;
 107   2        }
 108   1        Ds1302_Single_Byte_Write(0x8e,0x80);
 109   1      }


MODULE INFORMATION:   STATIC OVERLAYABLE
   CODE SIZE        =    196    ----
   CONSTANT SIZE    =   ----    ----
   XDATA SIZE       =   ----    ----
   PDATA SIZE       =   ----    ----
C51 COMPILER V9.54   DS1302                                                                12/21/2017 19:40:21 PAGE 3   

   DATA SIZE        =     15    ----
   IDATA SIZE       =   ----    ----
   BIT SIZE         =   ----    ----
END OF MODULE INFORMATION.


C51 COMPILATION COMPLETE.  0 WARNING(S),  0 ERROR(S)
