C51 COMPILER V9.54   MAIN                                                                  12/21/2017 21:01:17 PAGE 1   


C51 COMPILER V9.54, COMPILATION OF MODULE MAIN
OBJECT MODULE PLACED IN .\Objects\main.obj
COMPILER INVOKED BY: C:\keil   55\C51\BIN\C51.EXE main.c OPTIMIZE(8,SPEED) BROWSE DEBUG OBJECTEXTEND PRINT(.\Listings\ma
                    -in.lst) TABS(2) OBJECT(.\Objects\main.obj)

line level    source

   1          #include <STC15F2K60S2.h>
   2          #include <intrins.h>
   3          #include <ds1302.h>
   4          #include <onewire.h>
   5          
   6          #define uint unsigned int
   7          #define uchar unsigned char
   8          
   9          uchar code tab[]={0XC0,0XF9,0XA4,0XB0,0X99,0X92,0X82,0XF8,0X80,0X90,0XBF,0XFF};
  10          uchar dsbuff[8]={11,11,11,11,11,11,11,11};
  11          uchar discount;
  12          
  13          void allinit()
  14          {
  15   1        P2=0xa0;P0=0x00;
  16   1        P2=0x80;P0=0xff;
  17   1        P2=0xc0;P0=0xff;
  18   1        P2=0xe0;P0=0xff;
  19   1      }
  20          
  21          void display()
  22          {
  23   1        P2=0xef;
  24   1        P0=0xff;
  25   1        P2=0x1f;
  26   1        
  27   1        P2=0xcf;
  28   1        P0=01<<discount;
  29   1        P2=0x1f;
  30   1        
  31   1        P2=0xef;
  32   1        P0=tab[dsbuff[discount]];
  33   1        P2=0x1f;
  34   1        
  35   1        if(++discount==8) discount=0;
  36   1      }
  37          
  38          void Timer0Init(void)   //2毫秒@11.0592MHz
  39          {
  40   1        AUXR |= 0x80;         //定时器时钟1T模式
  41   1        TMOD &= 0xF0;         //设置定时器模式
  42   1        TL0 = 0x9A;           //设置定时初值
  43   1        TH0 = 0xA9;           //设置定时初值
  44   1        TF0 = 0;              //清除TF0标志
  45   1        TR0 = 1;              //定时器0开始计时
  46   1        EA=1;
  47   1        ET0=1;
  48   1      }
  49          
  50          void key()
  51          {
  52   1          if(P30==0)
  53   1            {
  54   2              Delay5ms();
C51 COMPILER V9.54   MAIN                                                                  12/21/2017 21:01:17 PAGE 2   

  55   2              if(P30==0)
  56   2                {
  57   3                  
  58   3                }
  59   2              while(!P30);
  60   2            }
  61   1          
  62   1          if(P31==0)
  63   1            {
  64   2              Delay5ms();
  65   2              if(P31==0)
  66   2                {
  67   3                  
  68   3                }
  69   2              while(!P31);
  70   2            }
  71   1          if(P32==0)
  72   1            {
  73   2              Delay5ms();
  74   2              if(P32==0)
  75   2                {
  76   3                  
  77   3                }
  78   2              while(!P32);
  79   2            }
  80   1          if(P33==0)
  81   1            {
  82   2              Delay5ms();
  83   2              if(P33==0)
  84   2                {
  85   3                  
  86   3                }
  87   2              while(!P33);
  88   2            }
  89   1      }
  90          
  91          void main()
  92          {
  93   1        uchar temp;
  94   1        allinit();
  95   1        Timer0Init();
  96   1        ds_write();
  97   1        while(1)
  98   1        {
  99   2          temp=wendu();
 100   2          ds_read();
 101   2          dsbuff[7]=shijian[0]%10;
 102   2          dsbuff[6]=shijian[0]/10;
 103   2          dsbuff[5]=10;
 104   2          dsbuff[4]=shijian[1]%10;
 105   2          dsbuff[3]=shijian[1]/10;
 106   2          dsbuff[2]=10;
 107   2          dsbuff[1]=shijian[2]%10;
 108   2          dsbuff[0]=shijian[2]/10;
 109   2        }
 110   1      }
 111          
 112          void Timer0() interrupt 1
 113          {
 114   1        display();
 115   1      }

C51 COMPILER V9.54   MAIN                                                                  12/21/2017 21:01:17 PAGE 3   


MODULE INFORMATION:   STATIC OVERLAYABLE
   CODE SIZE        =    249    ----
   CONSTANT SIZE    =     12    ----
   XDATA SIZE       =   ----    ----
   PDATA SIZE       =   ----    ----
   DATA SIZE        =      9       1
   IDATA SIZE       =   ----    ----
   BIT SIZE         =   ----    ----
END OF MODULE INFORMATION.


C51 COMPILATION COMPLETE.  0 WARNING(S),  0 ERROR(S)
