C51 COMPILER V9.54   ONEWIRE                                                               12/21/2017 20:53:29 PAGE 1   


C51 COMPILER V9.54, COMPILATION OF MODULE ONEWIRE
OBJECT MODULE PLACED IN .\Objects\onewire.obj
COMPILER INVOKED BY: C:\keil   55\C51\BIN\C51.EXE onewire.c OPTIMIZE(8,SPEED) BROWSE DEBUG OBJECTEXTEND PRINT(.\Listings
                    -\onewire.lst) TABS(2) OBJECT(.\Objects\onewire.obj)

line level    source

   1          /*
   2            程序说明: 单总线驱动程序
   3            软件环境: Keil uVision 4.10 
   4            硬件环境: CT107单片机综合实训平台
   5            日    期: 2011-8-9
   6          */
   7          
   8          #include "onewire.h"
*** WARNING C318 IN LINE 5 OF onewire.h: can't open file 'delay.h'
   9          
  10          
  11          void Delay_OneWire(unsigned int t);
  12          void Write_DS18B20(unsigned char dat);
  13          bit Init_DS18B20(void);
  14          unsigned char Read_DS18B20(void);
  15          
  16          unsigned char wendu()
  17          {
  18   1        uchar dat,low,high;
  19   1        Init_DS18B20();           
  20   1        Write_DS18B20(0xcc);
  21   1        Write_DS18B20(0x44);
  22   1        Delay1ms();
*** WARNING C206 IN LINE 22 OF onewire.c: 'Delay1ms': missing function-prototype
  23   1        Delay1ms();
  24   1      
  25   1        Init_DS18B20();
  26   1        Write_DS18B20(0xcc);
  27   1        Write_DS18B20(0xbe);
  28   1      
  29   1        low= Read_DS18B20();
  30   1        high= Read_DS18B20();
  31   1      
  32   1        dat=high<<4;
  33   1        dat|=(low>>4);
  34   1      
  35   1        return dat;
  36   1        
  37   1      }
  38            
  39          
  40          
  41          //单总线延时函数
  42          void Delay_OneWire(unsigned int t)
  43          {
  44   1        unsigned char i =0;
  45   1          while(t--)
  46   1            for(i=0;i<12;i++);
  47   1      }
  48          
  49          //DS18B20芯片初始化
  50          bit Init_DS18B20(void)
  51          {
  52   1        bit initflag = 0;
C51 COMPILER V9.54   ONEWIRE                                                               12/21/2017 20:53:29 PAGE 2   

  53   1        DQ = 1;
  54   1        Delay_OneWire(12);
  55   1        DQ = 0;
  56   1        Delay_OneWire(80); 
  57   1        DQ = 1;
  58   1        Delay_OneWire(10); 
  59   1        initflag = DQ;    
  60   1        Delay_OneWire(5);
  61   1        
  62   1        return initflag;
  63   1      }
  64          
  65          //通过单总线向DS18B20写一个字节
  66          void Write_DS18B20(unsigned char dat)
  67          {
  68   1        unsigned char i;
  69   1        for(i=0;i<8;i++)
  70   1        {
  71   2          DQ = 0;
  72   2          DQ = dat&0x01;
  73   2          Delay_OneWire(5);
  74   2          DQ = 1;
  75   2          dat >>= 1;
  76   2        }
  77   1        Delay_OneWire(5);
  78   1      }
  79          
  80          //从DS18B20读取一个字节
  81          unsigned char Read_DS18B20(void)
  82          {
  83   1        unsigned char i;
  84   1        unsigned char dat;
  85   1        
  86   1        for(i=0;i<8;i++)
  87   1        {
  88   2          DQ = 0;
  89   2          dat >>= 1;
  90   2          DQ = 1;
  91   2          if(DQ)
  92   2          {
  93   3            dat |= 0x80;
  94   3          }     
  95   2          Delay_OneWire(5);
  96   2        }
  97   1        return dat;
  98   1      }


MODULE INFORMATION:   STATIC OVERLAYABLE
   CODE SIZE        =    174    ----
   CONSTANT SIZE    =   ----    ----
   XDATA SIZE       =   ----    ----
   PDATA SIZE       =   ----    ----
   DATA SIZE        =   ----       1
   IDATA SIZE       =   ----    ----
   BIT SIZE         =   ----       1
END OF MODULE INFORMATION.


C51 COMPILATION COMPLETE.  2 WARNING(S),  0 ERROR(S)
