C51 COMPILER V9.52.0.0   __________________                                                02/15/2019 22:00:58 PAGE 1   


C51 COMPILER V9.52.0.0, COMPILATION OF MODULE __________________
OBJECT MODULE PLACED IN 矩阵键盘的基本操作.OBJ
COMPILER INVOKED BY: C:\Keil_v5\C51\BIN\C51.EXE 矩阵键盘的基本操作.c BROWSE DEBUG OBJECTEXTEND TABS(2)

line level    source

   1          #include "reg52.h"
   2          
   3          sfr P4    = 0xC0;
   4          
   5          sbit R1 = P3^0;
   6          sbit R2 = P3^1;
   7          sbit R3 = P3^2;
   8          sbit R4 = P3^3;
   9          
  10          sbit C4 = P3^4;
  11          sbit C3 = P3^5;
  12          sbit C2 = P4^2;
  13          sbit C1 = P4^4;
  14          
  15          unsigned char code SMG_duanma[18]=
  16              {0xc0,0xf9,0xa4,0xb0,0x99,0x92,0x82,0xf8,
  17               0x80,0x90,0x88,0x80,0xc6,0xc0,0x86,0x8e,
  18               0xbf,0x7f};
  19               
  20          void SelectHC573(unsigned char channel)
  21          {
  22   1        switch(channel)
  23   1        {
  24   2          case 4:
  25   2            P2 = (P2 & 0x1f) | 0x80;
  26   2          break;
  27   2          case 5:
  28   2            P2 = (P2 & 0x1f) | 0xa0;
  29   2          break;
  30   2          case 6:
  31   2            P2 = (P2 & 0x1f) | 0xc0;
  32   2          break;
  33   2          case 7:
  34   2            P2 = (P2 & 0x1f) | 0xe0;
  35   2          break;
  36   2        }
  37   1      }
  38          
  39          void DisplayKeyNum(unsigned char value)
  40          {
  41   1        P0 = 0xff;
  42   1        SelectHC573(6);
  43   1        P0 = 0x01;
  44   1        SelectHC573(7);
  45   1        P0 = value;
  46   1      }
  47          
  48          unsigned char key_num;
  49          void ScanKeysMulti()
  50          {
  51   1        R1 = 0;
  52   1        R2 = R3 = R4 = 1;
  53   1        C1 = C2 = C3 = C4 =1;
  54   1        if(C1 == 0)
  55   1        {
C51 COMPILER V9.52.0.0   __________________                                                02/15/2019 22:00:58 PAGE 2   

  56   2          while(C1 == 0);
  57   2          key_num = 0;
  58   2          DisplayKeyNum(SMG_duanma[key_num]);
  59   2        }
  60   1        else if(C2 == 0)
  61   1        {
  62   2          while(C2 == 0);
  63   2          key_num = 1;
  64   2          DisplayKeyNum(SMG_duanma[key_num]);
  65   2        }
  66   1        else if(C3 == 0)
  67   1        {
  68   2          while(C3 == 0);
  69   2          key_num = 2;
  70   2          DisplayKeyNum(SMG_duanma[key_num]);
  71   2        }
  72   1        else if(C4 == 0)
  73   1        {
  74   2          while(C4 == 0);
  75   2          key_num = 3;
  76   2          DisplayKeyNum(SMG_duanma[key_num]);
  77   2        }
  78   1        
  79   1        R2 = 0;
  80   1        R1 = R3 = R4 = 1;
  81   1        C1 = C2 = C3 = C4 =1;
  82   1        if(C1 == 0)
  83   1        {
  84   2          while(C1 == 0);
  85   2          key_num = 4;
  86   2          DisplayKeyNum(SMG_duanma[key_num]);
  87   2        }
  88   1        else if(C2 == 0)
  89   1        {
  90   2          while(C2 == 0);
  91   2          key_num = 5;
  92   2          DisplayKeyNum(SMG_duanma[key_num]);
  93   2        }
  94   1        else if(C3 == 0)
  95   1        {
  96   2          while(C3 == 0);
  97   2          key_num = 6;
  98   2          DisplayKeyNum(SMG_duanma[key_num]);
  99   2        }
 100   1        else if(C4 == 0)
 101   1        {
 102   2          while(C4 == 0);
 103   2          key_num = 7;
 104   2          DisplayKeyNum(SMG_duanma[key_num]);
 105   2        }
 106   1        
 107   1        R3 = 0;
 108   1        R2 = R1 = R4 = 1;
 109   1        C1 = C2 = C3 = C4 =1;
 110   1        if(C1 == 0)
 111   1        {
 112   2          while(C1 == 0);
 113   2          key_num = 8;
 114   2          DisplayKeyNum(SMG_duanma[key_num]);
 115   2        }
 116   1        else if(C2 == 0)
 117   1        {
C51 COMPILER V9.52.0.0   __________________                                                02/15/2019 22:00:58 PAGE 3   

 118   2          while(C2 == 0);
 119   2          key_num = 9;
 120   2          DisplayKeyNum(SMG_duanma[key_num]);
 121   2        }
 122   1        else if(C3 == 0)
 123   1        {
 124   2          while(C3 == 0);
 125   2          key_num = 10;
 126   2          DisplayKeyNum(SMG_duanma[key_num]);
 127   2        }
 128   1        else if(C4 == 0)
 129   1        {
 130   2          while(C4 == 0);
 131   2          key_num = 11;
 132   2          DisplayKeyNum(SMG_duanma[key_num]);
 133   2        }
 134   1        
 135   1        R4 = 0;
 136   1        R2 = R3 = R1 = 1;
 137   1        C1 = C2 = C3 = C4 =1;
 138   1        if(C1 == 0)
 139   1        {
 140   2          while(C1 == 0);
 141   2          key_num = 12;
 142   2          DisplayKeyNum(SMG_duanma[key_num]);
 143   2        }
 144   1        else if(C2 == 0)
 145   1        {
 146   2          while(C2 == 0);
 147   2          key_num = 13;
 148   2          DisplayKeyNum(SMG_duanma[key_num]);
 149   2        }
 150   1        else if(C3 == 0)
 151   1        {
 152   2          while(C3 == 0);
 153   2          key_num = 14;
 154   2          DisplayKeyNum(SMG_duanma[key_num]);
 155   2        }
 156   1        else if(C4 == 0)
 157   1        {
 158   2          while(C4 == 0);
 159   2          key_num = 15;
 160   2          DisplayKeyNum(SMG_duanma[key_num]);
 161   2        }
 162   1      }
 163          
 164          void main()
 165          {
 166   1        while(1)
 167   1        {
 168   2          ScanKeysMulti();
 169   2        }
 170   1      }


MODULE INFORMATION:   STATIC OVERLAYABLE
   CODE SIZE        =    328    ----
   CONSTANT SIZE    =     18    ----
   XDATA SIZE       =   ----    ----
   PDATA SIZE       =   ----    ----
   DATA SIZE        =      1    ----
   IDATA SIZE       =   ----    ----
C51 COMPILER V9.52.0.0   __________________                                                02/15/2019 22:00:58 PAGE 4   

   BIT SIZE         =   ----    ----
END OF MODULE INFORMATION.


C51 COMPILATION COMPLETE.  0 WARNING(S),  0 ERROR(S)
