C51 COMPILER V9.60.7.0   UART                                                              08/29/2023 21:07:07 PAGE 1   


C51 COMPILER V9.60.7.0, COMPILATION OF MODULE UART
OBJECT MODULE PLACED IN .\Objects\UART.obj
COMPILER INVOKED BY: E:\Applications\Keil_5\C51\BIN\C51.EXE UART.c OPTIMIZE(8,SPEED) BROWSE DEBUG OBJECTEXTEND PRINT(.\L
                    -istings\UART.lst) OBJECT(.\Objects\UART.obj)

line level    source

   1          #include "reg52.h"
   2          void UART_Init() //4800bps@11.0592MHz
   3          {
   4   1              SCON=0x40;          //串口通信接口
   5   1              PCON &= 0x7F;           //波特率不倍速
   6   1              TMOD &= 0x0F;       //清空定时器1模式位
   7   1              TMOD |= 0x20;       //设定定时器1为8位自动重装
   8   1              TL1 = 0xFA;                     //设置定时初始值
   9   1              TH1 = 0xFA;                     //设置定时重载值
  10   1              ET1 = 0;                        //禁止定时器中断
  11   1              TR1 = 1;                        //定时器1开始计时
  12   1      }
  13          
  14          void UART_SendByte(unsigned     char Byte)
  15          {
  16   1              SBUF=Byte;
  17   1              while(TI==0);
  18   1              TI=0; //重新复位
  19   1      }


MODULE INFORMATION:   STATIC OVERLAYABLE
   CODE SIZE        =     31    ----
   CONSTANT SIZE    =   ----    ----
   XDATA SIZE       =   ----    ----
   PDATA SIZE       =   ----    ----
   DATA SIZE        =   ----    ----
   IDATA SIZE       =   ----    ----
   BIT SIZE         =   ----    ----
END OF MODULE INFORMATION.


C51 COMPILATION COMPLETE.  0 WARNING(S),  0 ERROR(S)
