C51 COMPILER V9.54   INIT                                                                  01/06/2023 20:24:00 PAGE 1   


C51 COMPILER V9.54, COMPILATION OF MODULE INIT
OBJECT MODULE PLACED IN .\Objects\Init.obj
COMPILER INVOKED BY: C:\Keil_v5\C51\BIN\C51.EXE ..\Driver\Init.c OPTIMIZE(8,SPEED) BROWSE INCDIR(..\Driver) DEBUG OBJECT
                    -EXTEND PRINT(.\Listings\Init.lst) TABS(2) OBJECT(.\Objects\Init.obj)

line level    source

   1          #include <Init.h>
   2          
   3          void Sys_Init()//关闭外设子函数
   4          {
   5   1        P0 = 0xff;//Led全灭
   6   1        P2 = P2 & 0x1f | 0x80;//选中Led通道
   7   1        P2 &= 0x1f;//关闭通道
   8   1        
   9   1        P0 = 0x00;//关闭继电器、蜂鸣器
  10   1        P2 = P2 & 0x1f | 0xA0;//选中外设通道
  11   1        P2 &= 0x1f;//关闭通道
  12   1      }


MODULE INFORMATION:   STATIC OVERLAYABLE
   CODE SIZE        =     29    ----
   CONSTANT SIZE    =   ----    ----
   XDATA SIZE       =   ----    ----
   PDATA SIZE       =   ----    ----
   DATA SIZE        =   ----    ----
   IDATA SIZE       =   ----    ----
   BIT SIZE         =   ----    ----
END OF MODULE INFORMATION.


C51 COMPILATION COMPLETE.  0 WARNING(S),  0 ERROR(S)
