C51 COMPILER V9.54   KEY                                                                   01/06/2023 20:24:00 PAGE 1   


C51 COMPILER V9.54, COMPILATION OF MODULE KEY
OBJECT MODULE PLACED IN .\Objects\Key.obj
COMPILER INVOKED BY: C:\Keil_v5\C51\BIN\C51.EXE ..\Driver\Key.c OPTIMIZE(8,SPEED) BROWSE INCDIR(..\Driver) DEBUG OBJECTE
                    -XTEND PRINT(.\Listings\Key.lst) TABS(2) OBJECT(.\Objects\Key.obj)

line level    source

   1          #include <Key.h>
   2          
   3          unsigned char Key_Read()
   4          {
   5   1        unsigned char temp = 0;//局部变量必须初始化数据
   6   1        P37 = 0;P36 = 1;P35 = 1;P34 = 1;//仿真没有P4引脚 需要改动
   7   1        if(P33 == 0) temp = 4;
   8   1        if(P32 == 0) temp = 5;
   9   1        if(P31 == 0) temp = 6;
  10   1        if(P30 == 0) temp = 7;
  11   1        P37 = 1;P36 = 0;P35 = 1;P34 = 1;//仿真没有P4引脚 需要改动
  12   1        if(P33 == 0) temp = 8;
  13   1        if(P32 == 0) temp = 9;
  14   1        if(P31 == 0) temp = 10;
  15   1        if(P30 == 0) temp = 11;
  16   1        P37 = 1;P36 = 1;P35 = 0;P34 = 1;//仿真没有P4引脚 需要改动
  17   1        if(P33 == 0) temp = 12;
  18   1        if(P32 == 0) temp = 13;
  19   1        if(P31 == 0) temp = 14;
  20   1        if(P30 == 0) temp = 15;
  21   1        P37 = 1;P36 = 1;P35 = 1;P34 = 0;//仿真没有P4引脚 需要改动
  22   1        if(P33 == 0) temp = 16;
  23   1        if(P32 == 0) temp = 17;
  24   1        if(P31 == 0) temp = 18;
  25   1        if(P30 == 0) temp = 19;
  26   1        return temp;
  27   1      }


MODULE INFORMATION:   STATIC OVERLAYABLE
   CODE SIZE        =    115    ----
   CONSTANT SIZE    =   ----    ----
   XDATA SIZE       =   ----    ----
   PDATA SIZE       =   ----    ----
   DATA SIZE        =   ----    ----
   IDATA SIZE       =   ----    ----
   BIT SIZE         =   ----    ----
END OF MODULE INFORMATION.


C51 COMPILATION COMPLETE.  0 WARNING(S),  0 ERROR(S)
