C51 COMPILER V9.54   LED                                                                   01/06/2023 20:24:00 PAGE 1   


C51 COMPILER V9.54, COMPILATION OF MODULE LED
OBJECT MODULE PLACED IN .\Objects\Led.obj
COMPILER INVOKED BY: C:\Keil_v5\C51\BIN\C51.EXE ..\Driver\Led.c OPTIMIZE(8,SPEED) BROWSE INCDIR(..\Driver) DEBUG OBJECTE
                    -XTEND PRINT(.\Listings\Led.lst) TABS(2) OBJECT(.\Objects\Led.obj)

line level    source

   1          #include <Led.h>
   2          
   3          void Led_Disp(unsigned char addr,enable)
   4          {
   5   1        static unsigned char temp = 0x00;
   6   1        static unsigned char temp_old = 0xff;
   7   1        
   8   1        if(enable)
   9   1          temp |= 0x01 << addr;
  10   1        else
  11   1          temp &= ~(0x01 << addr);
  12   1        
  13   1        if(temp != temp_old)
  14   1        {
  15   2          P0 = ~temp;//点亮对应Led
  16   2          P2 = P2 & 0x1f | 0x80;//选中Led通道
  17   2          P2 &= 0x1f;//关闭通道   
  18   2          temp_old = temp;//避免出现电流声
  19   2        }
  20   1      }


MODULE INFORMATION:   STATIC OVERLAYABLE
   CODE SIZE        =     59    ----
   CONSTANT SIZE    =   ----    ----
   XDATA SIZE       =   ----    ----
   PDATA SIZE       =   ----    ----
   DATA SIZE        =      2    ----
   IDATA SIZE       =   ----    ----
   BIT SIZE         =   ----    ----
END OF MODULE INFORMATION.


C51 COMPILATION COMPLETE.  0 WARNING(S),  0 ERROR(S)
