C51 COMPILER V9.54   SEG                                                                   01/06/2023 20:24:00 PAGE 1   


C51 COMPILER V9.54, COMPILATION OF MODULE SEG
OBJECT MODULE PLACED IN .\Objects\Seg.obj
COMPILER INVOKED BY: C:\Keil_v5\C51\BIN\C51.EXE ..\Driver\Seg.c OPTIMIZE(8,SPEED) BROWSE INCDIR(..\Driver) DEBUG OBJECTE
                    -XTEND PRINT(.\Listings\Seg.lst) TABS(2) OBJECT(.\Objects\Seg.obj)

line level    source

   1          #include <Seg.h>
   2          
   3          unsigned char Seg_Dula[] = {0xc0,0xf9,0xa4,0xb0,0x99,0x92,0x82,0xf8,0x80,0x90,0xff,0xc6,0x8c,0xbf};//0-9 1
             -0-熄灭
   4          unsigned char Seg_Wela[] = {0x01,0x02,0x04,0x08,0x10,0x20,0x40,0x80};
   5          
   6          void Seg_Disp(unsigned char wela,dula,point)
   7          {
   8   1        P0 = 0xff;//消影
   9   1        P2 = P2 & 0x1f | 0xe0;
  10   1        P2 &= 0x1f;
  11   1        P0 = Seg_Wela[wela];
  12   1        P2 = P2 & 0x1f | 0xc0;
  13   1        P2 &= 0x1f; 
  14   1        if(point)
  15   1          P0 = Seg_Dula[dula] & 0x7f;
  16   1        else
  17   1          P0 = Seg_Dula[dula];
  18   1        P2 = P2 & 0x1f | 0xe0;
  19   1        P2 &= 0x1f; 
  20   1      }


MODULE INFORMATION:   STATIC OVERLAYABLE
   CODE SIZE        =     66    ----
   CONSTANT SIZE    =   ----    ----
   XDATA SIZE       =   ----    ----
   PDATA SIZE       =   ----    ----
   DATA SIZE        =     22    ----
   IDATA SIZE       =   ----    ----
   BIT SIZE         =   ----    ----
END OF MODULE INFORMATION.


C51 COMPILATION COMPLETE.  0 WARNING(S),  0 ERROR(S)
