C51 COMPILER V9.54   DS13022                                                               12/17/2017 18:43:44 PAGE 1   


C51 COMPILER V9.54, COMPILATION OF MODULE DS13022
OBJECT MODULE PLACED IN .\Objects\ds13022.obj
COMPILER INVOKED BY: C:\keil   55\C51\BIN\C51.EXE ds13022.c OPTIMIZE(8,SPEED) BROWSE DEBUG OBJECTEXTEND PRINT(.\Listings
                    -\ds13022.lst) TABS(2) OBJECT(.\Objects\ds13022.obj)

line level    source

   1          #include "ds13022.h"
   2          #define uchar unsigned char
   3          
   4          uchar shijian[7]={50,59,23,1,1,1,12};
   5          uchar clk[7];
   6          
   7          void ds_write()
   8          {
   9   1        uchar i;
  10   1        uchar add=0x80;
  11   1        Ds1302_Single_Byte_Write(0x8e,0x00);
  12   1        for(i=0;i<7;i++)
  13   1        {
  14   2          Ds1302_Single_Byte_Write(add,shijian[i]);
  15   2          add+=2; 
  16   2        }
  17   1        Ds1302_Single_Byte_Write(0x8e,0x80);
  18   1      }
  19          void ds_read()
  20          {
  21   1        uchar i;
  22   1        uchar add=0x81;
  23   1        Ds1302_Single_Byte_Write(0x8e,0x00);
  24   1        for(i=0;i<7;i++)
  25   1        {
  26   2          clk[i]=Ds1302_Single_Byte_Read(add) ;
  27   2          add+=2; 
  28   2        }
  29   1        Ds1302_Single_Byte_Write(0x8e,0x80);
  30   1      
  31   1      }
  32          
  33          
  34          /********************************************************************/ 
  35          /*单字节写入一字节数据*/
  36          void Write_Ds1302_Byte(unsigned char dat) 
  37          {
  38   1        unsigned char i;
  39   1        SCK = 0;
  40   1        for (i=0;i<8;i++) 
  41   1        { 
  42   2          if (dat & 0x01)   // 等价于if((addr & 0x01) ==1) 
  43   2          {
  44   3            SDA_SET;    //#define SDA_SET SDA=1 /*电平置高*/
  45   3          }
  46   2          else 
  47   2          {
  48   3            SDA_CLR;    //#define SDA_CLR SDA=0 /*电平置低*/
  49   3          }    
  50   2          SCK_SET;
  51   2          SCK_CLR;    
  52   2          dat = dat >> 1; 
  53   2        }
  54   1      }
C51 COMPILER V9.54   DS13022                                                               12/17/2017 18:43:44 PAGE 2   

  55          /********************************************************************/ 
  56          /*单字节读出一字节数据*/
  57          unsigned char Read_Ds1302_Byte(void) 
  58          {
  59   1        unsigned char i, dat=0; 
  60   1        for (i=0;i<8;i++)
  61   1        { 
  62   2          dat = dat >> 1;
  63   2          if (SDA_R)    //等价于if(SDA_R==1)    #define SDA_R SDA /*电平读取*/  
  64   2          {
  65   3            dat |= 0x80;
  66   3          }
  67   2          else 
  68   2          {
  69   3            dat &= 0x7F;
  70   3          }
  71   2          SCK_SET;
  72   2          SCK_CLR;
  73   2        }
  74   1        
  75   1        return dat;
  76   1      }
  77          
  78          /********************************************************************/ 
  79          /*向DS1302 单字节写入一字节数据*/
  80          void Ds1302_Single_Byte_Write(unsigned char addr, unsigned char dat)
  81          { 
  82   1          uchar num;
  83   1        RST_CLR;      /*RST脚置低，实现DS1302的初始化*/
  84   1        SCK_CLR;      /*SCK脚置低，实现DS1302的初始化*/
  85   1      
  86   1        RST_SET;      /*启动DS1302总线,RST=1电平置高 */
  87   1        addr = addr & 0xFE;  
  88   1        Write_Ds1302_Byte(addr); /*写入目标地址：addr,保证是写操作,写之前将最低位置零*/
  89   1        num=(dat/10<<4)|(dat%10); 
  90   1        Write_Ds1302_Byte(num);  /*写入数据：dat*/
  91   1        RST_CLR;         /*停止DS1302总线*/
  92   1        SDA_CLR; 
  93   1      }
  94          
  95          /********************************************************************/ 
  96          /*从DS1302单字节读出一字节数据*/
  97          unsigned char Ds1302_Single_Byte_Read(unsigned char addr) 
  98          { 
  99   1        unsigned char temp,temp_l,temp_h;
 100   1        RST_CLR;      /*RST脚置低，实现DS1302的初始化*/
 101   1        SCK_CLR;      /*SCK脚置低，实现DS1302的初始化*/
 102   1      
 103   1        RST_SET;  /*启动DS1302总线,RST=1电平置高 */ 
 104   1        addr = addr | 0x01;  
 105   1        Write_Ds1302_Byte(addr); /*写入目标地址：addr,保证是读操作,写之前将最低位置高*/
 106   1        temp=Read_Ds1302_Byte(); /*从DS1302中读出一个字节的数据*/
 107   1        temp_h=temp/16;
 108   1        temp_l=temp%16;
 109   1        temp=temp_h*10+temp_l;    
 110   1        RST_CLR;  /*停止DS1302总线*/
 111   1        SDA_CLR; 
 112   1        return temp;
 113   1      }


MODULE INFORMATION:   STATIC OVERLAYABLE
C51 COMPILER V9.54   DS13022                                                               12/17/2017 18:43:44 PAGE 3   

   CODE SIZE        =    218    ----
   CONSTANT SIZE    =   ----    ----
   XDATA SIZE       =   ----    ----
   PDATA SIZE       =   ----    ----
   DATA SIZE        =     14       4
   IDATA SIZE       =   ----    ----
   BIT SIZE         =   ----    ----
END OF MODULE INFORMATION.


C51 COMPILATION COMPLETE.  0 WARNING(S),  0 ERROR(S)
