C51 COMPILER V9.54   ONEWIRE                                                               12/17/2017 18:24:52 PAGE 1   


C51 COMPILER V9.54, COMPILATION OF MODULE ONEWIRE
OBJECT MODULE PLACED IN .\Objects\onewire.obj
COMPILER INVOKED BY: C:\keil   55\C51\BIN\C51.EXE onewire.c OPTIMIZE(8,SPEED) BROWSE DEBUG OBJECTEXTEND PRINT(.\Listings
                    -\onewire.lst) TABS(2) OBJECT(.\Objects\onewire.obj)

line level    source

   1          /*
   2            程序说明: 单总线驱动程序
   3            软件环境: Keil uVision 4.10 
   4            硬件环境: CT107单片机综合实训平台
   5            日    期: 2011-8-9
   6          */
   7          
   8          #include "onewire.h"
   9          
  10          void Delay_OneWire(unsigned int t);
  11          void Write_DS18B20(unsigned char dat);
  12          bit Init_DS18B20(void);
  13          unsigned char Read_DS18B20(void);
  14          
  15          unsigned char wendu()
  16          {
  17   1        uchar dat;
  18   1        uchar low,high;
  19   1        Init_DS18B20();           
  20   1        Write_DS18B20(0xcc);
  21   1        Write_DS18B20(0x44);
  22   1        Delay1ms();
  23   1      
  24   1        Init_DS18B20();
  25   1        Write_DS18B20(0xcc);
  26   1        Write_DS18B20(0xbe);
  27   1        
  28   1        low=Read_DS18B20();
  29   1        high=Read_DS18B20();
  30   1      
  31   1        dat = (high<<4)|(low>>4);
  32   1        return dat;
  33   1      }
  34          
  35          
  36          
  37          //单总线延时函数
  38          void Delay_OneWire(unsigned int t)
  39          {
  40   1        unsigned char i =0;
  41   1          while(t--)
  42   1          for(i=0;i<12;i++);
  43   1      }
  44          
  45          //DS18B20芯片初始化
  46          bit Init_DS18B20(void)
  47          {
  48   1        bit initflag = 0;
  49   1        DQ = 1;
  50   1        Delay_OneWire(12);
  51   1        DQ = 0;
  52   1        Delay_OneWire(80); 
  53   1        DQ = 1;
  54   1        Delay_OneWire(10); 
C51 COMPILER V9.54   ONEWIRE                                                               12/17/2017 18:24:52 PAGE 2   

  55   1        initflag = DQ;    
  56   1        Delay_OneWire(5);
  57   1        
  58   1        return initflag;
  59   1      }
  60          
  61          //通过单总线向DS18B20写一个字节
  62          void Write_DS18B20(unsigned char dat)
  63          {
  64   1        unsigned char i;
  65   1        for(i=0;i<8;i++)
  66   1        {
  67   2          DQ = 0;
  68   2          DQ = dat&0x01;
  69   2          Delay_OneWire(5);
  70   2          DQ = 1;
  71   2          dat >>= 1;
  72   2        }
  73   1        Delay_OneWire(5);
  74   1      }
  75          
  76          //从DS18B20读取一个字节
  77          unsigned char Read_DS18B20(void)
  78          {
  79   1        unsigned char i;
  80   1        unsigned char dat;
  81   1        
  82   1        for(i=0;i<8;i++)
  83   1        {
  84   2          DQ = 0;
  85   2          dat >>= 1;
  86   2          DQ = 1;
  87   2          if(DQ)
  88   2          {
  89   3            dat |= 0x80;
  90   3          }     
  91   2          Delay_OneWire(5);
  92   2        }
  93   1        return dat;
  94   1      }


MODULE INFORMATION:   STATIC OVERLAYABLE
   CODE SIZE        =    171    ----
   CONSTANT SIZE    =   ----    ----
   XDATA SIZE       =   ----    ----
   PDATA SIZE       =   ----    ----
   DATA SIZE        =   ----       1
   IDATA SIZE       =   ----    ----
   BIT SIZE         =   ----       1
END OF MODULE INFORMATION.


C51 COMPILATION COMPLETE.  0 WARNING(S),  0 ERROR(S)
