C51 COMPILER V9.54   MAIN                                                                  12/18/2017 22:11:31 PAGE 1   


C51 COMPILER V9.54, COMPILATION OF MODULE MAIN
OBJECT MODULE PLACED IN .\Objects\main.obj
COMPILER INVOKED BY: C:\keil   55\C51\BIN\C51.EXE main.c OPTIMIZE(8,SPEED) BROWSE DEBUG OBJECTEXTEND PRINT(.\Listings\ma
                    -in.lst) TABS(2) OBJECT(.\Objects\main.obj)

line level    source

   1          #include <STC15F2K60S2.h>
   2          #include <intrins.h>
   3          #include <ds1302.h>
   4          
   5          #define uint unsigned int
   6          #define uchar unsigned char
   7          
   8          uchar discount;
   9          uchar code tab[]={0XC0,0XF9,0XA4,0XB0,0X99,0X92,0X82,0XF8,0X80,0X90,0XBF,0XFF};
  10          uchar dsbuff[8]={11,11,10,11,11,10,11,11};
  11          uchar fan=0;
  12          uint count;
  13          void allinit()
  14          {
  15   1        P2=0XA0;P0=0X00;
  16   1        P2=0X80;P0=0XFF;
  17   1        P2=0XC0;P0=0XFF;
  18   1        P2=0XEF;P0=0XFF;
  19   1      }
  20          
  21          void display()
  22          {
  23   1        P2=0XEF;
  24   1        P0=0XFF;
  25   1        P2=0X1F;
  26   1        
  27   1        P2=0XCF;
  28   1        P0=1<<discount;
  29   1        P2=0X1F;
  30   1        
  31   1        P2=0XEF;
  32   1        P0=tab[dsbuff[discount]];
  33   1        P2=0X1F;
  34   1        
  35   1        if(++discount==8) discount=0;
  36   1      }
  37          
  38          void Timer0Init(void)   //2毫秒@11.0592MHz
  39          {
  40   1        AUXR |= 0x80;   //定时器时钟1T模式
  41   1        TMOD &= 0xF0;   //设置定时器模式
  42   1        TL0 = 0x9A;   //设置定时初值
  43   1        TH0 = 0xA9;   //设置定时初值
  44   1        TF0 = 0;    //清除TF0标志
  45   1        TR0 = 1;    //定时器0开始计时
  46   1        EA=1;
  47   1        ET0=1;
  48   1      }
  49          
  50          void main()
  51          {
  52   1        allinit();
  53   1        Timer0Init();
  54   1        ds_init();
C51 COMPILER V9.54   MAIN                                                                  12/18/2017 22:11:31 PAGE 2   

  55   1        while(1)
  56   1        {
  57   2          read_time();
  58   2          dsbuff[0]=shijian[2]/10;
  59   2          dsbuff[1]=shijian[2]%10;
  60   2          dsbuff[3]=shijian[1]/10;
  61   2          dsbuff[4]=shijian[1]%10;
  62   2          dsbuff[6]=shijian[0]/10;
  63   2          dsbuff[7]=shijian[0]%10;
  64   2        }
  65   1      }
  66          
  67          void Timer0() interrupt 1
  68          {
  69   1        display();  
  70   1        count++;
  71   1        if(count==250)
  72   1        {
  73   2          count=0;
  74   2          if(fan==0)
  75   2          { 
  76   3            fan=1;
  77   3            dsbuff[2]=11;
  78   3            dsbuff[5]=11;
  79   3          }
  80   2          else
  81   2          {
  82   3            fan=0;
  83   3            dsbuff[2]=10;
  84   3            dsbuff[5]=10;
  85   3          }
  86   2        }
  87   1      }


MODULE INFORMATION:   STATIC OVERLAYABLE
   CODE SIZE        =    243    ----
   CONSTANT SIZE    =     12    ----
   XDATA SIZE       =   ----    ----
   PDATA SIZE       =   ----    ----
   DATA SIZE        =     12    ----
   IDATA SIZE       =   ----    ----
   BIT SIZE         =   ----    ----
END OF MODULE INFORMATION.


C51 COMPILATION COMPLETE.  0 WARNING(S),  0 ERROR(S)
