C51 COMPILER V9.56.0.0   KEY                                                               05/20/2019 20:08:21 PAGE 1   


C51 COMPILER V9.56.0.0, COMPILATION OF MODULE KEY
OBJECT MODULE PLACED IN .\Objects\key.obj
COMPILER INVOKED BY: C:\Keil_C51\C51\BIN\C51.EXE ..\key.c OPTIMIZE(8,SPEED) BROWSE INCDIR(..\) DEBUG OBJECTEXTEND PRINT(
                    -.\Listings\key.lst) TABS(2) OBJECT(.\Objects\key.obj)

line level    source

   1          #include "key.h"
   2          
   3          unsigned char Key_Read(void)
   4          {
   5   1        unsigned char Key_New, Key_Val = 0;
   6   1      
   7   1        P44 = 0; P42 = 1;
   8   1        Key_New = P3;
   9   1        P44 = 1; P42 = 0;
  10   1        Key_New = (Key_New<<4) | (P3&0x0f);
  11   1        P44 = 1; P42 = 1;
  12   1      
  13   1        switch(Key_New) 
  14   1        {
  15   2          case ~0x80: Key_Val = 4; break;   // S4
  16   2          case ~0x40: Key_Val = 5; break;   // S5
  17   2          case ~0x20: Key_Val = 6; break;   // S6
  18   2          case ~0x10: Key_Val = 7; break;   // S7
  19   2          case ~0x08: Key_Val = 8; break;   // S8
  20   2          case ~0x04: Key_Val = 9; break;   // S9
  21   2          case ~0x02: Key_Val = 10; break;  // S10
  22   2          case ~0x01: Key_Val = 11; break;  // S11
  23   2        }
  24   1      
  25   1        return Key_Val;
  26   1      }


MODULE INFORMATION:   STATIC OVERLAYABLE
   CODE SIZE        =     99    ----
   CONSTANT SIZE    =   ----    ----
   XDATA SIZE       =   ----    ----
   PDATA SIZE       =   ----    ----
   DATA SIZE        =   ----       1
   IDATA SIZE       =   ----    ----
   BIT SIZE         =   ----    ----
END OF MODULE INFORMATION.


C51 COMPILATION COMPLETE.  0 WARNING(S),  0 ERROR(S)
