C51 COMPILER V9.60.7.0   MAIN                                                              11/16/2023 21:17:24 PAGE 1   


C51 COMPILER V9.60.7.0, COMPILATION OF MODULE MAIN
OBJECT MODULE PLACED IN .\Objects\main.obj
COMPILER INVOKED BY: E:\Applications\Keil_5\C51\BIN\C51.EXE main.c OPTIMIZE(8,SPEED) BROWSE INCDIR(..\Driver;..\Sys) DEB
                    -UG OBJECTEXTEND PRINT(.\Listings\main.lst) OBJECT(.\Objects\main.obj)

line level    source

   1          # include "bsp_init.h"
   2          # include "bsp_led.h"
   3          # include "delay.h"
   4          
   5          void main()
   6          {
   7   1              unsigned char i,j;//为循环变量做准备
   8   1              
   9   1              Cls_Peripheral();//关闭外设
  10   1              
  11   1              while(1)
  12   1              {
  13   2                      for(i=0;i<9;i++)//控制亮度等级
  14   2                      {
  15   3                              for(j=0;j<50;j++)//控制当前亮度等级的循环次数
  16   3                              {
  17   4                               Led_Disp(0xff);//全亮
  18   4                                 Delay(i+1);//亮的时间
  19   4                                       Led_Disp(0x00);//全灭
  20   4                                 Delay(9-i);//灭的时间                                                
  21   4                              }
  22   3                      }
  23   2              }
  24   1      }       
  25          
  26          
  27          
  28          
  29          
  30          
  31          
  32          
  33          
  34          
  35          


MODULE INFORMATION:   STATIC OVERLAYABLE
   CODE SIZE        =     63    ----
   CONSTANT SIZE    =   ----    ----
   XDATA SIZE       =   ----    ----
   PDATA SIZE       =   ----    ----
   DATA SIZE        =   ----       2
   IDATA SIZE       =   ----    ----
   BIT SIZE         =   ----    ----
END OF MODULE INFORMATION.


C51 COMPILATION COMPLETE.  0 WARNING(S),  0 ERROR(S)
