C51 COMPILER V9.60.7.0   LED______                                                         11/08/2023 19:35:31 PAGE 1   


C51 COMPILER V9.60.7.0, COMPILATION OF MODULE LED______
OBJECT MODULE PLACED IN LED≈‹¬Ìµ∆.OBJ
COMPILER INVOKED BY: E:\Applications\Keil_5\C51\BIN\C51.EXE LED≈‹¬Ìµ∆.C OPTIMIZE(8,SPEED) BROWSE DEBUG OBJECTEXTEND

line level    source

   1          #include "reg52.h"
   2          
   3          sbit HC138_A = P2^5;
   4          sbit HC138_B = P2^6;
   5          sbit HC138_C = P2^7;
   6          
   7          void Delay(unsigned int t)
   8          {
   9   1              while(t--);
  10   1              while(t--);
  11   1      }
  12          
  13          void LEDRunning()
  14          {
  15   1              unsigned char i;
  16   1              HC138_C = 1;
  17   1              HC138_B = 0;
  18   1              HC138_A = 0;
  19   1              
  20   1              for(i = 0; i < 3; i++)
  21   1              {
  22   2                      P0 = 0x00;
  23   2                      Delay(60000);
  24   2                      Delay(60000);
  25   2                      P0 = 0xff;
  26   2                      Delay(60000);
  27   2                      Delay(60000);
  28   2              }
  29   1              
  30   1              for(i = 1; i <= 8; i++)
  31   1              {
  32   2                      P0 = 0xff << i;
  33   2                      Delay(60000);
  34   2                      Delay(60000);
  35   2              }
  36   1              
  37   1              for(i = 1; i <= 8; i++)
  38   1              {
  39   2                      P0 = ~(0xff << i);
  40   2                      Delay(60000);
  41   2                      Delay(60000);
  42   2              }
  43   1              
  44   1      }
  45          
  46          void main()
  47          {
  48   1              while(1)
  49   1              {
  50   2                      LEDRunning();
  51   2              }
  52   1      }
  53          
  54          

C51 COMPILER V9.60.7.0   LED______                                                         11/08/2023 19:35:31 PAGE 2   


MODULE INFORMATION:   STATIC OVERLAYABLE
   CODE SIZE        =    103    ----
   CONSTANT SIZE    =   ----    ----
   XDATA SIZE       =   ----    ----
   PDATA SIZE       =   ----    ----
   DATA SIZE        =   ----    ----
   IDATA SIZE       =   ----    ----
   BIT SIZE         =   ----    ----
END OF MODULE INFORMATION.


C51 COMPILATION COMPLETE.  0 WARNING(S),  0 ERROR(S)
