C51 COMPILER V9.54   ULTRASOUND                                                            06/01/2023 22:14:52 PAGE 1   


C51 COMPILER V9.54, COMPILATION OF MODULE ULTRASOUND
OBJECT MODULE PLACED IN .\Objects\ultrasound.obj
COMPILER INVOKED BY: C:\Keil_v5\C51\BIN\C51.EXE ..\Driver\ultrasound.c OPTIMIZE(8,SPEED) BROWSE INCDIR(..\Driver) DEBUG 
                    -OBJECTEXTEND PRINT(.\Listings\ultrasound.lst) TABS(2) OBJECT(.\Objects\ultrasound.obj)

line level    source

   1          #include <ultrasound.h>
   2          #include "intrins.h"
   3          
   4          sbit Tx = P1^0;
   5          sbit Rx = P1^1;
   6          
   7          void Delay12us()    //@12.000MHz
   8          {
   9   1        unsigned char i;
  10   1      
  11   1        _nop_();
  12   1        _nop_();
  13   1        i = 38;
  14   1        while (--i);
  15   1      }
  16          
  17          void Ut_Wave_Init() //ï¿½ï¿½ï¿½ï¿½ï¿½ï¿½ï¿½ï¿½Ê¼ï¿½ï¿½ï¿½ï¿½ï¿½ï¿½ ï¿½ï¿½ï¿½ï¿½8ï¿½ï¿½40Mhzï¿½Ä·ï¿½ï¿½ï¿½ï
             -¿½Åºï¿½
  18          {
  19   1        unsigned char i;
  20   1        for(i=0;i<8;i++)
  21   1        {
  22   2          Tx = 1;
  23   2          Delay12us();
  24   2          Tx = 0;
  25   2          Delay12us();
  26   2        }
  27   1      }
  28          
  29          unsigned char Ut_Wave_Data() //è¶…å£°æ³¢è·ç¦»è¯»å–å‡½æ•°
  30          {
  31   1          unsigned int time;//æ—¶é—´å‚¨å­˜å˜é‡
  32   1          CMOD =  0x00;//é…ç½®PCAå·¥ä½œæ¨¡å¼
  33   1          CH = CL = 0;//å¤ä½è®¡æ•°å€¼ ç­‰å¾…è¶…å£°æ³¢ä¿¡å·å‘å‡º
  34   1          Ut_Wave_Init();//å‘é€è¶…å£°æ³¢ä¿¡å·
  35   1          CR = 1;//å¼€å§‹è®¡æ—¶
  36   1          while((Rx == 1) && (CF == 0));//ç­‰å¾…æŽ¥å—è¿”å›žä¿¡å·æˆ–è€…å®šæ—¶å™¨æº¢å‡º
  37   1          CR = 0;//åœæ­¢è®¡æ—¶
  38   1          if(CF == 0) //å®šæ—¶å™¨æ²¡æœ‰æº¢å‡º
  39   1          {
  40   2              time = CH << 8 | CL;//è¯»å–å½“å‰æ—¶é—´
  41   2              return (time * 0.017);//è¿”å›žè·ç¦»å€¼
  42   2          }
  43   1          else
  44   1          {
  45   2              CF = 0;//æ¸…é™¤æº¢å‡ºæ ‡å¿—ä½
  46   2              return 0;
  47   2          }
  48   1      }


MODULE INFORMATION:   STATIC OVERLAYABLE
   CODE SIZE        =     80    ----
   CONSTANT SIZE    =   ----    ----
C51 COMPILER V9.54   ULTRASOUND                                                            06/01/2023 22:14:52 PAGE 2   

   XDATA SIZE       =   ----    ----
   PDATA SIZE       =   ----    ----
   DATA SIZE        =   ----    ----
   IDATA SIZE       =   ----    ----
   BIT SIZE         =   ----    ----
END OF MODULE INFORMATION.


C51 COMPILATION COMPLETE.  0 WARNING(S),  0 ERROR(S)
