C51 COMPILER V9.57.0.0   DS1302                                                            02/10/2020 15:14:16 PAGE 1   


C51 COMPILER V9.57.0.0, COMPILATION OF MODULE DS1302
OBJECT MODULE PLACED IN .\Objects\ds1302.obj
COMPILER INVOKED BY: E:\keil~5\C51\BIN\C51.EXE ds1302.c OPTIMIZE(8,SPEED) BROWSE DEBUG OBJECTEXTEND PRINT(.\Listings\ds1
                    -302.lst) TABS(2) OBJECT(.\Objects\ds1302.obj)

line level    source

   1          #include "ds1302.h"
   2          
   3          #include <STC15F2K60S2.h>
   4          #include <intrins.h>
   5          
   6          sbit SCK=P1^7;    
   7          sbit SDA=P2^3;    
   8          sbit RST = P1^3;   // DS1302¸´Î»          
   9          
  10          unsigned char Write_addr[] = {0x84, 0x82, 0x80};
  11          unsigned char Read_addr[] = {0x85, 0x83, 0x81};
  12          unsigned char InitTime[] = {0x23, 0x59, 0x50};
  13          unsigned char DisplayTime[] = {0x00, 0x00, 0x00};
  14          
  15          void Write_Ds1302(unsigned  char temp) 
  16          {
  17   1        unsigned char i;
  18   1        for (i=0;i<8;i++)       
  19   1        { 
  20   2          SCK=0;
  21   2          SDA=temp&0x01;
  22   2          temp>>=1; 
  23   2          SCK=1;
  24   2        }
  25   1      }   
  26          
  27          void Write_Ds1302_Byte( unsigned char address,unsigned char dat )     
  28          {
  29   1        RST=0;  _nop_();
  30   1        SCK=0;  _nop_();
  31   1        RST=1;  _nop_();  
  32   1        Write_Ds1302(address);  
  33   1        Write_Ds1302(dat);    
  34   1        RST=0; 
  35   1      }
  36          
  37          unsigned char Read_Ds1302_Byte ( unsigned char address )
  38          {
  39   1        unsigned char i,temp=0x00;
  40   1        RST=0;  _nop_();
  41   1        SCK=0;  _nop_();
  42   1        RST=1;  _nop_();
  43   1        Write_Ds1302(address);
  44   1        for (i=0;i<8;i++)   
  45   1        {   
  46   2          SCK=0;
  47   2          temp>>=1; 
  48   2          if(SDA)
  49   2          temp|=0x80; 
  50   2          SCK=1;
  51   2        } 
  52   1        RST=0;  _nop_();
  53   1        SCK=0;  _nop_();
  54   1        SCK=1;  _nop_();
C51 COMPILER V9.57.0.0   DS1302                                                            02/10/2020 15:14:16 PAGE 2   

  55   1        SDA=0;  _nop_();
  56   1        SDA=1;  _nop_();
  57   1        return (temp);      
  58   1      }
  59          
  60          void Init_DS1302()
  61          {
  62   1        unsigned char i;
  63   1        for(i=0; i<3; i++)
  64   1        {
  65   2          Write_Ds1302_Byte(Write_addr[i], InitTime[i]);
  66   2        }
  67   1      }
  68          
  69          void Read_DS1302()
  70          {
  71   1        unsigned char i;
  72   1        for(i=0; i<3; i++)
  73   1        {
  74   2          DisplayTime[i] = Read_Ds1302_Byte(Read_addr[i]);
  75   2        }
  76   1      }


MODULE INFORMATION:   STATIC OVERLAYABLE
   CODE SIZE        =    135    ----
   CONSTANT SIZE    =   ----    ----
   XDATA SIZE       =   ----    ----
   PDATA SIZE       =   ----    ----
   DATA SIZE        =     12    ----
   IDATA SIZE       =   ----    ----
   BIT SIZE         =   ----    ----
END OF MODULE INFORMATION.


C51 COMPILATION COMPLETE.  0 WARNING(S),  0 ERROR(S)
