C51 COMPILER V9.57.0.0   DS18B20                                                           02/08/2020 11:17:08 PAGE 1   


C51 COMPILER V9.57.0.0, COMPILATION OF MODULE DS18B20
OBJECT MODULE PLACED IN .\Objects\DS18B20.obj
COMPILER INVOKED BY: E:\keil~5\C51\BIN\C51.EXE DS18B20.c OPTIMIZE(8,SPEED) BROWSE DEBUG OBJECTEXTEND PRINT(.\Listings\DS
                    -18B20.lst) TABS(2) OBJECT(.\Objects\DS18B20.obj)

line level    source

   1          #include "DS18B20.h"
   2          
   3          
   4          // SKIP ROM [CCh]  CONVERT T [44h] READ SCRATCHPAD [BEh]
   5          
   6          sbit DQ = P1^4;
   7          
   8          void Delay_OneWire(unsigned int t)  //STC89C52RC
   9          {
  10   1        unsigned char i;
  11   1        while(t--)
  12   1        {
  13   2          for(i=12; i>0; i--);
  14   2        }
  15   1      }
  16          
  17          //通过单总线向DS18B20写一个字节
  18          void Write_DS18B20_byte(unsigned char dat)
  19          {
  20   1        unsigned char i;
  21   1        for(i=0;i<8;i++)
  22   1        {
  23   2          DQ = 0;
  24   2          DQ = dat&0x01;
  25   2          Delay_OneWire(5);
  26   2          DQ = 1;
  27   2          dat >>= 1;
  28   2        }
  29   1        Delay_OneWire(5);
  30   1      }
  31          
  32          //从DS18B20读取一个字节
  33          unsigned char Read_DS18B20_byte(void)
  34          {
  35   1        unsigned char i;
  36   1        unsigned char dat;
  37   1        
  38   1        for(i=0;i<8;i++)
  39   1        {
  40   2          DQ = 0;
  41   2          dat >>= 1;
  42   2          DQ = 1;
  43   2          if(DQ)
  44   2          {
  45   3            dat |= 0x80;
  46   3          }     
  47   2          Delay_OneWire(5);
  48   2        }
  49   1        return dat;
  50   1      }
  51          
  52          //DS18B20设备初始化
  53          bit init_ds18b20(void)
  54          {
C51 COMPILER V9.57.0.0   DS18B20                                                           02/08/2020 11:17:08 PAGE 2   

  55   1          bit initflag = 0;
  56   1          
  57   1          DQ = 1;
  58   1          Delay_OneWire(12);
  59   1          DQ = 0;
  60   1          Delay_OneWire(80);
  61   1          DQ = 1;
  62   1          Delay_OneWire(10); 
  63   1          initflag = DQ;     
  64   1          Delay_OneWire(5);
  65   1        
  66   1          return initflag;
  67   1      }
  68          
  69          void write_DS18B20(unsigned char dat)
  70          {
  71   1        init_ds18b20();
  72   1        Write_DS18B20_byte(0xCC);
  73   1        Write_DS18B20_byte(dat);
  74   1      }
  75          
  76          int Read_DS18B20()
  77          {
  78   1        int temp;
  79   1        unsigned char TH,TL;
  80   1        init_ds18b20();
  81   1        Write_DS18B20_byte(0xCC);
  82   1        Write_DS18B20_byte(0xBE);
  83   1        TL = Read_DS18B20_byte();
  84   1        TH = Read_DS18B20_byte();
  85   1        temp = TH&0x0f;
  86   1        temp <<= 8;
  87   1        temp |= TL;
  88   1        temp = temp * 0.0625;
  89   1        return temp;
  90   1      }


MODULE INFORMATION:   STATIC OVERLAYABLE
   CODE SIZE        =    184    ----
   CONSTANT SIZE    =   ----    ----
   XDATA SIZE       =   ----    ----
   PDATA SIZE       =   ----    ----
   DATA SIZE        =   ----    ----
   IDATA SIZE       =   ----    ----
   BIT SIZE         =   ----       1
END OF MODULE INFORMATION.


C51 COMPILATION COMPLETE.  0 WARNING(S),  0 ERROR(S)
