C51 COMPILER V9.60.7.0   INT                                                               03/11/2024 20:23:03 PAGE 1   


C51 COMPILER V9.60.7.0, COMPILATION OF MODULE INT
OBJECT MODULE PLACED IN .\Objects\INT.obj
COMPILER INVOKED BY: E:\Applications\Keil_5\C51\BIN\C51.EXE ..\Sys\INT.c OPTIMIZE(8,SPEED) BROWSE INCDIR(..\User;..\Sys;
                    -..\Driver) DEBUG OBJECTEXTEND PRINT(.\Listings\INT.lst) OBJECT(.\Objects\INT.obj)

line level    source

   1          #include "STC15F2K60S2.H"
   2          #include "INT.h"
   3          
   4          void INT0_init()
   5          {
   6   1              IT0=1;//下降沿触发
   7   1              EX0=1;//配置外中断0使能
   8   1              
   9   1              EA=1;//打开总中断
  10   1      }
  11          
  12          void INT1_init()
  13          {
  14   1              IT1=1;//下降沿触发
  15   1              EX1=1;//配置外中断1使能
  16   1              
  17   1              EA=1;//打开总中断
  18   1      }


MODULE INFORMATION:   STATIC OVERLAYABLE
   CODE SIZE        =     14    ----
   CONSTANT SIZE    =   ----    ----
   XDATA SIZE       =   ----    ----
   PDATA SIZE       =   ----    ----
   DATA SIZE        =   ----    ----
   IDATA SIZE       =   ----    ----
   BIT SIZE         =   ----    ----
END OF MODULE INFORMATION.


C51 COMPILATION COMPLETE.  0 WARNING(S),  0 ERROR(S)
