C51 COMPILER V9.60.7.0   MAIN                                                              03/11/2024 20:23:03 PAGE 1   


C51 COMPILER V9.60.7.0, COMPILATION OF MODULE MAIN
OBJECT MODULE PLACED IN .\Objects\main.obj
COMPILER INVOKED BY: E:\Applications\Keil_5\C51\BIN\C51.EXE main.c OPTIMIZE(8,SPEED) BROWSE INCDIR(..\User;..\Sys;..\Dri
                    -ver) DEBUG OBJECTEXTEND PRINT(.\Listings\main.lst) OBJECT(.\Objects\main.obj)

line level    source

   1          #include "STC15F2K60S2.H"
   2          #include "LED.h"
   3          #include "init.h"
   4          #include "INT.h"
   5          #include "Delay.h"
   6          
   7          /* 函数声明 */
   8          void LED_Proc(void);
   9          void INT(void);
  10          
  11          
  12          unsigned char stat_int = 0;
  13          
  14          void main()
  15          {
  16   1              init_close();
  17   1              INT0_init();
  18   1              EA=1;
  19   1              while(1)
  20   1              {       
  21   2                      LED_Proc();
  22   2                      INT();
  23   2              }
  24   1      }
  25          
  26          //-----------------------------------------
  27          //中断服务程序
  28          void exint0() interrupt 0       //INT0中断入口与P32复用
  29          {
  30   1         stat_int = 1;                 
  31   1      }
  32          
  33          //-----------------------------------------------
  34          void LED_Proc(void)
  35          {       
  36   1              LED(0x01);
  37   1              Delay(200);
  38   1              LED(0x00);
  39   1              Delay(200);
  40   1      }
  41          void INT(void)
  42          {
  43   1              if(stat_int == 1)
  44   1              {
  45   2                      LED(0x80);
  46   2                      Delay(1000);
  47   2                      LED(0x00);
  48   2              }
  49   1              stat_int = 0;
  50   1      }


MODULE INFORMATION:   STATIC OVERLAYABLE
   CODE SIZE        =     70    ----
C51 COMPILER V9.60.7.0   MAIN                                                              03/11/2024 20:23:03 PAGE 2   

   CONSTANT SIZE    =   ----    ----
   XDATA SIZE       =   ----    ----
   PDATA SIZE       =   ----    ----
   DATA SIZE        =      1    ----
   IDATA SIZE       =   ----    ----
   BIT SIZE         =   ----    ----
END OF MODULE INFORMATION.


C51 COMPILATION COMPLETE.  0 WARNING(S),  0 ERROR(S)
