C51 COMPILER V9.60.7.0   MAIN                                                              08/29/2023 21:34:37 PAGE 1   


C51 COMPILER V9.60.7.0, COMPILATION OF MODULE MAIN
OBJECT MODULE PLACED IN .\Objects\main.obj
COMPILER INVOKED BY: E:\Applications\Keil_5\C51\BIN\C51.EXE main.c OPTIMIZE(8,SPEED) BROWSE DEBUG OBJECTEXTEND PRINT(.\L
                    -istings\main.lst) OBJECT(.\Objects\main.obj)

line level    source

   1          #include "reg52.h"
   2          #include "Delay.h"
   3          #include "UART.h"
   4          
   5          
   6          void main()
   7          {       
   8   1              UART_Init();
   9   1              while (1)
  10   1              {
  11   2                      
  12   2                      
  13   2              }
  14   1      }
  15          
  16          void UART_Routine() interrupt 4 //UART中断
  17          {
  18   1              if(RI==1)//接受中断请求标志位，用于区分发送和接受
  19   1              {
  20   2                      P2=~SBUF;//读数据
  21   2                      UART_SendByte(SBUF);
  22   2                      RI=0; //清0
  23   2              }
  24   1      }
  25                  


MODULE INFORMATION:   STATIC OVERLAYABLE
   CODE SIZE        =     76    ----
   CONSTANT SIZE    =   ----    ----
   XDATA SIZE       =   ----    ----
   PDATA SIZE       =   ----    ----
   DATA SIZE        =   ----    ----
   IDATA SIZE       =   ----    ----
   BIT SIZE         =   ----    ----
END OF MODULE INFORMATION.


C51 COMPILATION COMPLETE.  0 WARNING(S),  0 ERROR(S)
