C51 COMPILER V9.60.7.0   UART                                                              08/29/2023 21:22:09 PAGE 1   


C51 COMPILER V9.60.7.0, COMPILATION OF MODULE UART
OBJECT MODULE PLACED IN .\Objects\UART.obj
COMPILER INVOKED BY: E:\Applications\Keil_5\C51\BIN\C51.EXE UART.c OPTIMIZE(8,SPEED) BROWSE DEBUG OBJECTEXTEND PRINT(.\L
                    -istings\UART.lst) OBJECT(.\Objects\UART.obj)

line level    source

   1          #include "reg52.h"
   2          
   3          /**
   4            * @brief 串口初始化，4800bps@12.000MHz
   5            * @param  无
   6            * @retval 无
   7            */
   8          void UART_Init() //4800bps@11.0592MHz
   9          {
  10   1              SCON=0x50;          //串口通信接口
  11   1              PCON &= 0x7F;           //波特率不倍速
  12   1              TMOD &= 0x0F;       //清空定时器1模式位
  13   1              TMOD |= 0x20;       //设定定时器1为8位自动重装
  14   1              TL1 = 0xFA;                     //设置定时初始值
  15   1              TH1 = 0xFA;                     //设置定时重载值
  16   1              ET1 = 0;                        //禁止定时器中断
  17   1              TR1 = 1;                        //定时器1开始计时
  18   1              EA=1;                           //启动总中断
  19   1              ES=1;                           //启动串口中断
  20   1      }
  21          /**
  22            * @brief 串口发数据
  23            * @param  Byte：16进制数据
  24            * @retval 无
  25            */
  26          void UART_SendByte(unsigned     char Byte)
  27          {
  28   1              SBUF=Byte;
  29   1              while(TI==0);
  30   1              TI=0; //重新复位
  31   1      }


MODULE INFORMATION:   STATIC OVERLAYABLE
   CODE SIZE        =     35    ----
   CONSTANT SIZE    =   ----    ----
   XDATA SIZE       =   ----    ----
   PDATA SIZE       =   ----    ----
   DATA SIZE        =   ----    ----
   IDATA SIZE       =   ----    ----
   BIT SIZE         =   ----    ----
END OF MODULE INFORMATION.


C51 COMPILATION COMPLETE.  0 WARNING(S),  0 ERROR(S)
