C51 COMPILER V9.56.0.0   MAIN                                                              06/29/2019 08:16:42 PAGE 1   


C51 COMPILER V9.56.0.0, COMPILATION OF MODULE MAIN
OBJECT MODULE PLACED IN .\Objects\main.obj
COMPILER INVOKED BY: C:\Keil_C51\C51\BIN\C51.EXE main.c OPTIMIZE(8,SPEED) BROWSE INCDIR(..\Driver) DEBUG OBJECTEXTEND PR
                    -INT(.\Listings\main.lst) TABS(2) OBJECT(.\Objects\main.obj)

line level    source

   1          #include "tim.h"
   2          #include "key.h"
   3          #include "seg.h"
   4          #include "stdio.h"
   5          #include "ds1302.h"
   6          
   7          unsigned int  uiSeg_Dly;
   8          unsigned char ucState=1, ucSec, ucLed;
   9          unsigned char ucKey_Dly, ucKey_Old;
  10          unsigned char pucSeg_Buf[9], pucSeg_Code[8], ucSeg_Pos;
  11          unsigned char pucRtc[3] = {23, 59, 50};
  12          unsigned long ulms;
  13          
  14          void Key_Proc(void);
  15          void Seg_Proc(void);
  16          
  17          void main(void)
  18          {
  19   1        Cls_Peripheral();
  20   1        Timer1Init();
  21   1        Set_RTC(pucRtc);
  22   1      
  23   1        while(1)
  24   1        {
  25   2          Key_Proc();
  26   2          Seg_Proc();
  27   2        }
  28   1      }
  29          
  30          void Time_1(void) interrupt 3
  31          {
  32   1        ulms++;
  33   1        if(++ucKey_Dly == 10)
  34   1          ucKey_Dly = 0;
  35   1        if(++uiSeg_Dly == 500)
  36   1          uiSeg_Dly = 0;
  37   1        if(!(ulms % 1000))
  38   1          ucSec++;
  39   1        Seg_Disp(pucSeg_Code, ucSeg_Pos);
  40   1        if(++ucSeg_Pos == 8) ucSeg_Pos = 0;
  41   1      }
  42          
  43          void Key_Proc(void)
  44          {
  45   1        unsigned char ucKey_Val, ucKey_Down;
  46   1      
  47   1        if(ucKey_Dly) return;
  48   1        ucKey_Dly = 1;
  49   1      
  50   1        ucKey_Val = Key_Read();
  51   1        ucKey_Down = ucKey_Val & (ucKey_Old ^ ucKey_Val);
  52   1        ucKey_Old = ucKey_Val;
  53   1      
  54   1        if(ucKey_Down == 4)
C51 COMPILER V9.56.0.0   MAIN                                                              06/29/2019 08:16:42 PAGE 2   

  55   1          if(++ucState == 2)
  56   1            ucState = 0;
  57   1      
  58   1        Led_Disp(ucState+1);
  59   1      }
  60          
  61          void Seg_Proc(void)
  62          {
  63   1        if(ucKey_Dly) return;
  64   1        ucKey_Dly = 1;
  65   1      
  66   1        switch(ucState)
  67   1        {
  68   2          case 0:
  69   2            sprintf(pucSeg_Buf, "1 %06u", (unsigned int)ucSec);
  70   2            break;
  71   2          case 1:
  72   2            Read_RTC(pucRtc);
  73   2            sprintf(pucSeg_Buf, "2 %02d%02d%02d", (unsigned int)pucRtc[0],\
  74   2              (unsigned int)pucRtc[1], (unsigned int)pucRtc[2]);
  75   2        }
  76   1        Seg_Tran(pucSeg_Buf, pucSeg_Code);
  77   1      }


MODULE INFORMATION:   STATIC OVERLAYABLE
   CODE SIZE        =    322    ----
   CONSTANT SIZE    =     22    ----
   XDATA SIZE       =   ----    ----
   PDATA SIZE       =   ----    ----
   DATA SIZE        =     32    ----
   IDATA SIZE       =   ----    ----
   BIT SIZE         =   ----    ----
END OF MODULE INFORMATION.


C51 COMPILATION COMPLETE.  0 WARNING(S),  0 ERROR(S)
